[ 2019-08-19T16:56:16+08:00 ] ::1 /index.php?s=/Manage/Zc/get_region_jsdata
INFO: [ app_init ] --START--
INFO: Run Behavior\BuildLiteBehavior [ RunTime:0.000075s ]
INFO: [ app_init ] --END-- [ RunTime:0.000406s ]
SQL: SHOW COLUMNS FROM `bestop_payment` [ RunTime:0.0014s ]
NOTIC: [2] Missing argument 1 for Think\Model::where(), called in C:\wamp64\www\gift\trunk\App\Common\Common\other.php on line 552 and defined C:\wamp64\www\gift\trunk\Include\Library\Think\Model.class.php 第 1785 行.
NOTIC: [8] Undefined variable: where C:\wamp64\www\gift\trunk\Include\Library\Think\Model.class.php 第 1793 行.
NOTIC: [8] Undefined variable: where C:\wamp64\www\gift\trunk\Include\Library\Think\Model.class.php 第 1796 行.
NOTIC: [8] Undefined variable: where C:\wamp64\www\gift\trunk\Include\Library\Think\Model.class.php 第 1804 行.
SQL: SELECT `payment_id`,`payment_name`,`payment_type`,`payment_desc`,`payment_config`,`payment_state` FROM `bestop_payment` ORDER BY `payment_order` asc, `payment_id` asc  [ RunTime:0.0007s ]
SQL: SHOW COLUMNS FROM `bestop_config` [ RunTime:0.0010s ]
SQL: SELECT * FROM `bestop_config` WHERE ( name = 'CFG_MOBILE_AUTO' ) LIMIT 1   [ RunTime:0.0010s ]
INFO: [ app_begin ] --START--
INFO: Run Behavior\ReadHtmlCacheBehavior [ RunTime:0.002663s ]
INFO: [ app_begin ] --END-- [ RunTime:0.002930s ]
SQL: SHOW COLUMNS FROM `bestop_region` [ RunTime:0.0011s ]
SQL: SELECT * FROM `bestop_region` WHERE `parent_id` = 1 AND `region_type` = 1 ORDER BY sort asc,region_id asc  [ RunTime:0.0006s ]
SQL: SELECT * FROM `bestop_region` WHERE `parent_id` = 16 AND `region_type` = 2 ORDER BY sort asc,region_id asc  [ RunTime:0.0007s ]
SQL: SELECT * FROM `bestop_region` WHERE `parent_id` = 220 AND `region_type` = 3 ORDER BY sort asc,region_id asc  [ RunTime:0.0006s ]
SQL: SELECT * FROM `bestop_region` WHERE `parent_id` = 221 AND `region_type` = 3 ORDER BY sort asc,region_id asc  [ RunTime:0.0005s ]
SQL: SELECT * FROM `bestop_region` WHERE `parent_id` = 222 AND `region_type` = 3 ORDER BY sort asc,region_id asc  [ RunTime:0.0005s ]
SQL: SELECT * FROM `bestop_region` WHERE `parent_id` = 223 AND `region_type` = 3 ORDER BY sort asc,region_id asc  [ RunTime:0.0004s ]
SQL: SELECT * FROM `bestop_region` WHERE `parent_id` = 224 AND `region_type` = 3 ORDER BY sort asc,region_id asc  [ RunTime:0.0004s ]
SQL: SELECT * FROM `bestop_region` WHERE `parent_id` = 225 AND `region_type` = 3 ORDER BY sort asc,region_id asc  [ RunTime:0.0005s ]
SQL: SELECT * FROM `bestop_region` WHERE `parent_id` = 226 AND `region_type` = 3 ORDER BY sort asc,region_id asc  [ RunTime:0.0004s ]
SQL: SELECT * FROM `bestop_region` WHERE `parent_id` = 227 AND `region_type` = 3 ORDER BY sort asc,region_id asc  [ RunTime:0.0004s ]
SQL: SELECT * FROM `bestop_region` WHERE `parent_id` = 228 AND `region_type` = 3 ORDER BY sort asc,region_id asc  [ RunTime:0.0004s ]
SQL: SELECT * FROM `bestop_region` WHERE `parent_id` = 229 AND `region_type` = 3 ORDER BY sort asc,region_id asc  [ RunTime:0.0005s ]
SQL: SELECT * FROM `bestop_region` WHERE `parent_id` = 230 AND `region_type` = 3 ORDER BY sort asc,region_id asc  [ RunTime:0.0004s ]
SQL: SELECT * FROM `bestop_region` WHERE `parent_id` = 231 AND `region_type` = 3 ORDER BY sort asc,region_id asc  [ RunTime:0.0006s ]
SQL: SELECT * FROM `bestop_region` WHERE `parent_id` = 232 AND `region_type` = 3 ORDER BY sort asc,region_id asc  [ RunTime:0.0004s ]

[ 2019-08-19T16:56:22+08:00 ] ::1 /index.php?s=/Manage/Qrcode/index
INFO: [ app_init ] --START--
INFO: Run Behavior\BuildLiteBehavior [ RunTime:0.000062s ]
INFO: [ app_init ] --END-- [ RunTime:0.000376s ]
SQL: SHOW COLUMNS FROM `bestop_payment` [ RunTime:0.0015s ]
NOTIC: [2] Missing argument 1 for Think\Model::where(), called in C:\wamp64\www\gift\trunk\App\Common\Common\other.php on line 552 and defined C:\wamp64\www\gift\trunk\Include\Library\Think\Model.class.php 第 1785 行.
NOTIC: [8] Undefined variable: where C:\wamp64\www\gift\trunk\Include\Library\Think\Model.class.php 第 1793 行.
NOTIC: [8] Undefined variable: where C:\wamp64\www\gift\trunk\Include\Library\Think\Model.class.php 第 1796 行.
NOTIC: [8] Undefined variable: where C:\wamp64\www\gift\trunk\Include\Library\Think\Model.class.php 第 1804 行.
SQL: SELECT `payment_id`,`payment_name`,`payment_type`,`payment_desc`,`payment_config`,`payment_state` FROM `bestop_payment` ORDER BY `payment_order` asc, `payment_id` asc  [ RunTime:0.0006s ]
SQL: SHOW COLUMNS FROM `bestop_config` [ RunTime:0.0011s ]
SQL: SELECT * FROM `bestop_config` WHERE ( name = 'CFG_MOBILE_AUTO' ) LIMIT 1   [ RunTime:0.0005s ]
INFO: [ app_begin ] --START--
INFO: Run Behavior\ReadHtmlCacheBehavior [ RunTime:0.001138s ]
INFO: [ app_begin ] --END-- [ RunTime:0.001442s ]
INFO: [ app_end ] --START--
INFO: Run Behavior\ShowPageTraceBehavior [ RunTime:0.016118s ]
INFO: [ app_end ] --END-- [ RunTime:0.016455s ]

[ 2019-08-19T16:56:23+08:00 ] ::1 /index.php?s=/Manage/Event/index
INFO: [ app_init ] --START--
INFO: Run Behavior\BuildLiteBehavior [ RunTime:0.000063s ]
INFO: [ app_init ] --END-- [ RunTime:0.000369s ]
SQL: SHOW COLUMNS FROM `bestop_payment` [ RunTime:0.0012s ]
NOTIC: [2] Missing argument 1 for Think\Model::where(), called in C:\wamp64\www\gift\trunk\App\Common\Common\other.php on line 552 and defined C:\wamp64\www\gift\trunk\Include\Library\Think\Model.class.php 第 1785 行.
NOTIC: [8] Undefined variable: where C:\wamp64\www\gift\trunk\Include\Library\Think\Model.class.php 第 1793 行.
NOTIC: [8] Undefined variable: where C:\wamp64\www\gift\trunk\Include\Library\Think\Model.class.php 第 1796 行.
NOTIC: [8] Undefined variable: where C:\wamp64\www\gift\trunk\Include\Library\Think\Model.class.php 第 1804 行.
SQL: SELECT `payment_id`,`payment_name`,`payment_type`,`payment_desc`,`payment_config`,`payment_state` FROM `bestop_payment` ORDER BY `payment_order` asc, `payment_id` asc  [ RunTime:0.0006s ]
SQL: SHOW COLUMNS FROM `bestop_config` [ RunTime:0.0010s ]
SQL: SELECT * FROM `bestop_config` WHERE ( name = 'CFG_MOBILE_AUTO' ) LIMIT 1   [ RunTime:0.0005s ]
INFO: [ app_begin ] --START--
INFO: Run Behavior\ReadHtmlCacheBehavior [ RunTime:0.001051s ]
INFO: [ app_begin ] --END-- [ RunTime:0.001350s ]
SQL: SHOW COLUMNS FROM `bestop_event` [ RunTime:0.0014s ]
SQL: SELECT COUNT(*) AS tp_count FROM `bestop_event` WHERE ( 1=1 ) LIMIT 1   [ RunTime:0.0003s ]
SQL: SELECT * FROM `bestop_event` WHERE ( 1=1 ) ORDER BY addtime desc,id desc LIMIT 0,18   [ RunTime:0.0007s ]
SQL: SHOW COLUMNS FROM `bestop_event_info` [ RunTime:0.0019s ]
SQL: SELECT COUNT(*) AS tp_count FROM `bestop_event_info` WHERE `event_id` = '7' LIMIT 1   [ RunTime:0.0004s ]
SQL: SELECT COUNT(*) AS tp_count FROM `bestop_event_info` WHERE `event_id` = '5' LIMIT 1   [ RunTime:0.0003s ]
SQL: SELECT COUNT(*) AS tp_count FROM `bestop_event_info` WHERE `event_id` = '4' LIMIT 1   [ RunTime:0.0003s ]
SQL: SELECT COUNT(*) AS tp_count FROM `bestop_event_info` WHERE `event_id` = '3' LIMIT 1   [ RunTime:0.0003s ]
SQL: SELECT COUNT(*) AS tp_count FROM `bestop_event_info` WHERE `event_id` = '2' LIMIT 1   [ RunTime:0.0003s ]
INFO: [ view_parse ] --START--
INFO: [ template_filter ] --START--
INFO: Run Behavior\ContentReplaceBehavior [ RunTime:0.000278s ]
INFO: [ template_filter ] --END-- [ RunTime:0.000584s ]
INFO: Run Behavior\ParseTemplateBehavior [ RunTime:0.290894s ]
INFO: [ view_parse ] --END-- [ RunTime:0.291200s ]
INFO: [ view_filter ] --START--
INFO: Run Behavior\WriteHtmlCacheBehavior [ RunTime:0.005100s ]
INFO: [ view_filter ] --END-- [ RunTime:0.005413s ]
INFO: [ app_end ] --START--
INFO: Run Behavior\ShowPageTraceBehavior [ RunTime:0.002008s ]
INFO: [ app_end ] --END-- [ RunTime:0.002528s ]

[ 2019-08-19T16:56:23+08:00 ] ::1 /index.php?s=/Manage/Index/getParentCate&pid=0&rnd=52187
INFO: [ app_init ] --START--
INFO: Run Behavior\BuildLiteBehavior [ RunTime:0.000068s ]
INFO: [ app_init ] --END-- [ RunTime:0.000379s ]
SQL: SHOW COLUMNS FROM `bestop_payment` [ RunTime:0.0012s ]
NOTIC: [2] Missing argument 1 for Think\Model::where(), called in C:\wamp64\www\gift\trunk\App\Common\Common\other.php on line 552 and defined C:\wamp64\www\gift\trunk\Include\Library\Think\Model.class.php 第 1785 行.
NOTIC: [8] Undefined variable: where C:\wamp64\www\gift\trunk\Include\Library\Think\Model.class.php 第 1793 行.
NOTIC: [8] Undefined variable: where C:\wamp64\www\gift\trunk\Include\Library\Think\Model.class.php 第 1796 行.
NOTIC: [8] Undefined variable: where C:\wamp64\www\gift\trunk\Include\Library\Think\Model.class.php 第 1804 行.
SQL: SELECT `payment_id`,`payment_name`,`payment_type`,`payment_desc`,`payment_config`,`payment_state` FROM `bestop_payment` ORDER BY `payment_order` asc, `payment_id` asc  [ RunTime:0.0006s ]
SQL: SHOW COLUMNS FROM `bestop_config` [ RunTime:0.0010s ]
SQL: SELECT * FROM `bestop_config` WHERE ( name = 'CFG_MOBILE_AUTO' ) LIMIT 1   [ RunTime:0.0005s ]
INFO: [ app_begin ] --START--
INFO: Run Behavior\ReadHtmlCacheBehavior [ RunTime:0.001609s ]
INFO: [ app_begin ] --END-- [ RunTime:0.001882s ]
SQL: SHOW COLUMNS FROM `bestop_category` [ RunTime:0.0083s ]
SQL: SHOW COLUMNS FROM `bestop_model` [ RunTime:0.0077s ]
SQL: SHOW COLUMNS FROM bestop_category [ RunTime:0.0011s ]
SQL: SHOW COLUMNS FROM bestop_category [ RunTime:0.0010s ]
SQL: SELECT COUNT(*) AS tp_count FROM bestop_category category LEFT JOIN bestop_model model ON category.modelid = model.id WHERE category.pid = 0 LIMIT 1   [ RunTime:0.0006s ]
SQL: SHOW COLUMNS FROM bestop_category [ RunTime:0.0010s ]
SQL: SHOW COLUMNS FROM bestop_category [ RunTime:0.0010s ]
SQL: SHOW COLUMNS FROM bestop_category [ RunTime:0.0009s ]
SQL: SHOW COLUMNS FROM bestop_category [ RunTime:0.0010s ]
SQL: SELECT category.id AS id,category.name AS name,category.ename AS ename,category.catpic AS catpic,category.links AS links,category.pid AS pid,category.modelid AS modelid,category.type AS type,category.seotitle AS seotitle,category.keywords AS keywords,category.description AS description,category.template_category AS template_category,category.template_list AS template_list,category.template_show AS template_show,category.status AS status,category.sort AS sort,model.name AS modelname,model.tablename AS tablename FROM bestop_category category LEFT JOIN bestop_model model ON category.modelid = model.id WHERE category.pid = 0 ORDER BY category.sort ASC,category.id ASC  [ RunTime:0.0009s ]
SQL: SHOW COLUMNS FROM bestop_category [ RunTime:0.0010s ]
SQL: SHOW COLUMNS FROM bestop_category [ RunTime:0.0010s ]
SQL: SELECT category.id AS id,category.name AS name,category.ename AS ename,category.catpic AS catpic,category.links AS links,category.pid AS pid,category.modelid AS modelid,category.type AS type,category.seotitle AS seotitle,category.keywords AS keywords,category.description AS description,category.template_category AS template_category,category.template_list AS template_list,category.template_show AS template_show,category.content AS content,category.status AS status,category.sort AS sort,model.name AS modelname,model.tablename AS tablename FROM bestop_category category LEFT JOIN bestop_model model ON category.modelid = model.id WHERE ( pid = 7 )  [ RunTime:0.0007s ]
SQL: SHOW COLUMNS FROM bestop_category [ RunTime:0.0010s ]
SQL: SHOW COLUMNS FROM bestop_category [ RunTime:0.0009s ]
SQL: SELECT category.id AS id,category.name AS name,category.ename AS ename,category.catpic AS catpic,category.links AS links,category.pid AS pid,category.modelid AS modelid,category.type AS type,category.seotitle AS seotitle,category.keywords AS keywords,category.description AS description,category.template_category AS template_category,category.template_list AS template_list,category.template_show AS template_show,category.content AS content,category.status AS status,category.sort AS sort,model.name AS modelname,model.tablename AS tablename FROM bestop_category category LEFT JOIN bestop_model model ON category.modelid = model.id WHERE ( pid = 9 )  [ RunTime:0.0006s ]
SQL: SHOW COLUMNS FROM bestop_category [ RunTime:0.0010s ]
SQL: SHOW COLUMNS FROM bestop_category [ RunTime:0.0010s ]
SQL: SELECT category.id AS id,category.name AS name,category.ename AS ename,category.catpic AS catpic,category.links AS links,category.pid AS pid,category.modelid AS modelid,category.type AS type,category.seotitle AS seotitle,category.keywords AS keywords,category.description AS description,category.template_category AS template_category,category.template_list AS template_list,category.template_show AS template_show,category.content AS content,category.status AS status,category.sort AS sort,model.name AS modelname,model.tablename AS tablename FROM bestop_category category LEFT JOIN bestop_model model ON category.modelid = model.id WHERE ( pid = 8 )  [ RunTime:0.0006s ]

