[ 2019-07-30T21:06:45+08:00 ] ::1 /index.php?s=/Manage/Check/index/e_id/7
INFO: [ app_init ] --START--
INFO: Run Behavior\BuildLiteBehavior [ RunTime:0.000046s ]
INFO: [ app_init ] --END-- [ RunTime:0.000238s ]
SQL: SHOW COLUMNS FROM `bestop_payment` [ RunTime:0.0010s ]
NOTIC: [2] Missing argument 1 for Think\Model::where(), called in C:\wamp64\www\gift\trunk\App\Common\Common\other.php on line 552 and defined C:\wamp64\www\gift\trunk\Include\Library\Think\Model.class.php 第 1785 行.
NOTIC: [8] Undefined variable: where C:\wamp64\www\gift\trunk\Include\Library\Think\Model.class.php 第 1793 行.
NOTIC: [8] Undefined variable: where C:\wamp64\www\gift\trunk\Include\Library\Think\Model.class.php 第 1796 行.
NOTIC: [8] Undefined variable: where C:\wamp64\www\gift\trunk\Include\Library\Think\Model.class.php 第 1804 行.
SQL: SELECT `payment_id`,`payment_name`,`payment_type`,`payment_desc`,`payment_config`,`payment_state` FROM `bestop_payment` ORDER BY `payment_order` asc, `payment_id` asc  [ RunTime:0.0006s ]
SQL: SHOW COLUMNS FROM `bestop_config` [ RunTime:0.0010s ]
SQL: SELECT * FROM `bestop_config` WHERE ( name = 'CFG_MOBILE_AUTO' ) LIMIT 1   [ RunTime:0.0005s ]
INFO: [ app_begin ] --START--
INFO: Run Behavior\ReadHtmlCacheBehavior [ RunTime:0.001417s ]
INFO: [ app_begin ] --END-- [ RunTime:0.001718s ]
NOTIC: [8] Undefined index: 7e47307418cc7250ebf00ac44329d5a7 C:\wamp64\www\gift\trunk\Include\Library\Org\Util\Rbac.class.php 第 170 行.
NOTIC: [8] Undefined index: _ACCESS_LIST C:\wamp64\www\gift\trunk\Include\Library\Org\Util\Rbac.class.php 第 174 行.
INFO: [ view_parse ] --START--
INFO: [ template_filter ] --START--
INFO: Run Behavior\ContentReplaceBehavior [ RunTime:0.000134s ]
INFO: [ template_filter ] --END-- [ RunTime:0.000315s ]
INFO: Run Behavior\ParseTemplateBehavior [ RunTime:0.041138s ]
INFO: [ view_parse ] --END-- [ RunTime:0.041351s ]
INFO: [ view_filter ] --START--
INFO: Run Behavior\WriteHtmlCacheBehavior [ RunTime:0.000905s ]
INFO: [ view_filter ] --END-- [ RunTime:0.001146s ]

[ 2019-07-30T21:06:56+08:00 ] ::1 /?s=manage
INFO: [ app_init ] --START--
INFO: Run Behavior\BuildLiteBehavior [ RunTime:0.000066s ]
INFO: [ app_init ] --END-- [ RunTime:0.000397s ]
SQL: SHOW COLUMNS FROM `bestop_payment` [ RunTime:0.0018s ]
NOTIC: [2] Missing argument 1 for Think\Model::where(), called in C:\wamp64\www\gift\trunk\App\Common\Common\other.php on line 552 and defined C:\wamp64\www\gift\trunk\Include\Library\Think\Model.class.php 第 1785 行.
NOTIC: [8] Undefined variable: where C:\wamp64\www\gift\trunk\Include\Library\Think\Model.class.php 第 1793 行.
NOTIC: [8] Undefined variable: where C:\wamp64\www\gift\trunk\Include\Library\Think\Model.class.php 第 1796 行.
NOTIC: [8] Undefined variable: where C:\wamp64\www\gift\trunk\Include\Library\Think\Model.class.php 第 1804 行.
SQL: SELECT `payment_id`,`payment_name`,`payment_type`,`payment_desc`,`payment_config`,`payment_state` FROM `bestop_payment` ORDER BY `payment_order` asc, `payment_id` asc  [ RunTime:0.0006s ]
SQL: SHOW COLUMNS FROM `bestop_config` [ RunTime:0.0010s ]
SQL: SELECT * FROM `bestop_config` WHERE ( name = 'CFG_MOBILE_AUTO' ) LIMIT 1   [ RunTime:0.0009s ]
INFO: [ app_begin ] --START--
INFO: Run Behavior\ReadHtmlCacheBehavior [ RunTime:0.007832s ]
INFO: [ app_begin ] --END-- [ RunTime:0.008099s ]
SQL: SHOW COLUMNS FROM `bestop_menu` [ RunTime:0.0010s ]
SQL: SELECT * FROM `bestop_menu` WHERE `status` = 1 ORDER BY sort,id  [ RunTime:0.0016s ]
SQL: SELECT * FROM `bestop_menu` WHERE `status` = 1 AND `quick` = 1 ORDER BY sort,id  [ RunTime:0.0004s ]
NOTIC: [8] Undefined index: _ACCESS_LIST C:\wamp64\www\gift\trunk\App\Manage\Controller\IndexController.class.php 第 24 行.
SQL: SHOW COLUMNS FROM `bestop_meta` [ RunTime:0.0010s ]
SQL: SELECT * FROM `bestop_meta` WHERE ( name = 'HOME_HTML_CACHE_ON' ) LIMIT 1   [ RunTime:0.0007s ]
SQL: SELECT * FROM `bestop_meta` WHERE ( name = 'MOBILE_HTML_CACHE_ON' ) LIMIT 1   [ RunTime:0.0004s ]
INFO: [ view_parse ] --START--
INFO: [ template_filter ] --START--
INFO: Run Behavior\ContentReplaceBehavior [ RunTime:0.000183s ]
INFO: [ template_filter ] --END-- [ RunTime:0.000349s ]
NOTIC: [8] Undefined index: ADMIN_AUTH_KEY C:\wamp64\www\gift\trunk\App\Runtime\Cache\Manage\68f715bab1cf6587892bdf9c173d4e9e.php 第 133 行.
NOTIC: [8] Undefined index: ADMIN_AUTH_KEY C:\wamp64\www\gift\trunk\App\Runtime\Cache\Manage\68f715bab1cf6587892bdf9c173d4e9e.php 第 155 行.
NOTIC: [8] Undefined index: ADMIN_AUTH_KEY C:\wamp64\www\gift\trunk\App\Runtime\Cache\Manage\68f715bab1cf6587892bdf9c173d4e9e.php 第 155 行.
NOTIC: [8] Undefined index: ADMIN_AUTH_KEY C:\wamp64\www\gift\trunk\App\Runtime\Cache\Manage\68f715bab1cf6587892bdf9c173d4e9e.php 第 155 行.
NOTIC: [8] Undefined index: ADMIN_AUTH_KEY C:\wamp64\www\gift\trunk\App\Runtime\Cache\Manage\68f715bab1cf6587892bdf9c173d4e9e.php 第 155 行.
NOTIC: [8] Undefined index: ADMIN_AUTH_KEY C:\wamp64\www\gift\trunk\App\Runtime\Cache\Manage\68f715bab1cf6587892bdf9c173d4e9e.php 第 155 行.
NOTIC: [8] Undefined index: ADMIN_AUTH_KEY C:\wamp64\www\gift\trunk\App\Runtime\Cache\Manage\68f715bab1cf6587892bdf9c173d4e9e.php 第 155 行.
NOTIC: [8] Undefined index: ADMIN_AUTH_KEY C:\wamp64\www\gift\trunk\App\Runtime\Cache\Manage\68f715bab1cf6587892bdf9c173d4e9e.php 第 155 行.
NOTIC: [8] Undefined index: ADMIN_AUTH_KEY C:\wamp64\www\gift\trunk\App\Runtime\Cache\Manage\68f715bab1cf6587892bdf9c173d4e9e.php 第 155 行.
NOTIC: [8] Undefined index: ADMIN_AUTH_KEY C:\wamp64\www\gift\trunk\App\Runtime\Cache\Manage\68f715bab1cf6587892bdf9c173d4e9e.php 第 155 行.
NOTIC: [8] Undefined index: ADMIN_AUTH_KEY C:\wamp64\www\gift\trunk\App\Runtime\Cache\Manage\68f715bab1cf6587892bdf9c173d4e9e.php 第 155 行.
NOTIC: [8] Undefined index: ADMIN_AUTH_KEY C:\wamp64\www\gift\trunk\App\Runtime\Cache\Manage\68f715bab1cf6587892bdf9c173d4e9e.php 第 155 行.
NOTIC: [8] Undefined index: ADMIN_AUTH_KEY C:\wamp64\www\gift\trunk\App\Runtime\Cache\Manage\68f715bab1cf6587892bdf9c173d4e9e.php 第 155 行.
INFO: Run Behavior\ParseTemplateBehavior [ RunTime:0.126039s ]
INFO: [ view_parse ] --END-- [ RunTime:0.126259s ]
INFO: [ view_filter ] --START--
INFO: Run Behavior\WriteHtmlCacheBehavior [ RunTime:0.001071s ]
INFO: [ view_filter ] --END-- [ RunTime:0.001311s ]
INFO: [ app_end ] --START--
INFO: Run Behavior\ShowPageTraceBehavior [ RunTime:0.001341s ]
INFO: [ app_end ] --END-- [ RunTime:0.001574s ]

[ 2019-07-30T21:06:57+08:00 ] ::1 /index.php?s=/Manage/Public/main
INFO: [ app_init ] --START--
INFO: Run Behavior\BuildLiteBehavior [ RunTime:0.000062s ]
INFO: [ app_init ] --END-- [ RunTime:0.000364s ]
SQL: SHOW COLUMNS FROM `bestop_payment` [ RunTime:0.0011s ]
NOTIC: [2] Missing argument 1 for Think\Model::where(), called in C:\wamp64\www\gift\trunk\App\Common\Common\other.php on line 552 and defined C:\wamp64\www\gift\trunk\Include\Library\Think\Model.class.php 第 1785 行.
NOTIC: [8] Undefined variable: where C:\wamp64\www\gift\trunk\Include\Library\Think\Model.class.php 第 1793 行.
NOTIC: [8] Undefined variable: where C:\wamp64\www\gift\trunk\Include\Library\Think\Model.class.php 第 1796 行.
NOTIC: [8] Undefined variable: where C:\wamp64\www\gift\trunk\Include\Library\Think\Model.class.php 第 1804 行.
SQL: SELECT `payment_id`,`payment_name`,`payment_type`,`payment_desc`,`payment_config`,`payment_state` FROM `bestop_payment` ORDER BY `payment_order` asc, `payment_id` asc  [ RunTime:0.0005s ]
SQL: SHOW COLUMNS FROM `bestop_config` [ RunTime:0.0011s ]
SQL: SELECT * FROM `bestop_config` WHERE ( name = 'CFG_MOBILE_AUTO' ) LIMIT 1   [ RunTime:0.0004s ]
INFO: [ app_begin ] --START--
INFO: Run Behavior\ReadHtmlCacheBehavior [ RunTime:0.000849s ]
INFO: [ app_begin ] --END-- [ RunTime:0.001061s ]
INFO: [ view_parse ] --START--
INFO: [ template_filter ] --START--
INFO: Run Behavior\ContentReplaceBehavior [ RunTime:0.000221s ]
INFO: [ template_filter ] --END-- [ RunTime:0.000492s ]
INFO: Run Behavior\ParseTemplateBehavior [ RunTime:0.093105s ]
INFO: [ view_parse ] --END-- [ RunTime:0.093356s ]
INFO: [ view_filter ] --START--
INFO: Run Behavior\WriteHtmlCacheBehavior [ RunTime:0.000627s ]
INFO: [ view_filter ] --END-- [ RunTime:0.000957s ]
INFO: [ app_end ] --START--
INFO: Run Behavior\ShowPageTraceBehavior [ RunTime:0.000788s ]
INFO: [ app_end ] --END-- [ RunTime:0.001034s ]

[ 2019-07-30T21:06:57+08:00 ] ::1 /index.php?s=/Manage/Index/getParentCate&pid=0&rnd=24495
INFO: [ app_init ] --START--
INFO: Run Behavior\BuildLiteBehavior [ RunTime:0.000068s ]
INFO: [ app_init ] --END-- [ RunTime:0.000395s ]
SQL: SHOW COLUMNS FROM `bestop_payment` [ RunTime:0.0011s ]
NOTIC: [2] Missing argument 1 for Think\Model::where(), called in C:\wamp64\www\gift\trunk\App\Common\Common\other.php on line 552 and defined C:\wamp64\www\gift\trunk\Include\Library\Think\Model.class.php 第 1785 行.
NOTIC: [8] Undefined variable: where C:\wamp64\www\gift\trunk\Include\Library\Think\Model.class.php 第 1793 行.
NOTIC: [8] Undefined variable: where C:\wamp64\www\gift\trunk\Include\Library\Think\Model.class.php 第 1796 行.
NOTIC: [8] Undefined variable: where C:\wamp64\www\gift\trunk\Include\Library\Think\Model.class.php 第 1804 行.
SQL: SELECT `payment_id`,`payment_name`,`payment_type`,`payment_desc`,`payment_config`,`payment_state` FROM `bestop_payment` ORDER BY `payment_order` asc, `payment_id` asc  [ RunTime:0.0016s ]
SQL: SHOW COLUMNS FROM `bestop_config` [ RunTime:0.0009s ]
SQL: SELECT * FROM `bestop_config` WHERE ( name = 'CFG_MOBILE_AUTO' ) LIMIT 1   [ RunTime:0.0004s ]
INFO: [ app_begin ] --START--
INFO: Run Behavior\ReadHtmlCacheBehavior [ RunTime:0.001357s ]
INFO: [ app_begin ] --END-- [ RunTime:0.001595s ]
SQL: SHOW COLUMNS FROM `bestop_category` [ RunTime:0.0015s ]
SQL: SHOW COLUMNS FROM `bestop_model` [ RunTime:0.0010s ]
SQL: SHOW COLUMNS FROM bestop_category [ RunTime:0.0010s ]
SQL: SHOW COLUMNS FROM bestop_category [ RunTime:0.0009s ]
SQL: SELECT COUNT(*) AS tp_count FROM bestop_category category LEFT JOIN bestop_model model ON category.modelid = model.id WHERE category.pid = 0 LIMIT 1   [ RunTime:0.0005s ]
SQL: SHOW COLUMNS FROM bestop_category [ RunTime:0.0007s ]
SQL: SHOW COLUMNS FROM bestop_category [ RunTime:0.0007s ]
SQL: SHOW COLUMNS FROM bestop_category [ RunTime:0.0010s ]
SQL: SHOW COLUMNS FROM bestop_category [ RunTime:0.0010s ]
SQL: SELECT category.id AS id,category.name AS name,category.ename AS ename,category.catpic AS catpic,category.links AS links,category.pid AS pid,category.modelid AS modelid,category.type AS type,category.seotitle AS seotitle,category.keywords AS keywords,category.description AS description,category.template_category AS template_category,category.template_list AS template_list,category.template_show AS template_show,category.status AS status,category.sort AS sort,model.name AS modelname,model.tablename AS tablename FROM bestop_category category LEFT JOIN bestop_model model ON category.modelid = model.id WHERE category.pid = 0 ORDER BY category.sort ASC,category.id ASC  [ RunTime:0.0007s ]
SQL: SHOW COLUMNS FROM `bestop_category_access` [ RunTime:0.0014s ]
NOTIC: [8] Undefined index: yang_adm_roleid C:\wamp64\www\gift\trunk\App\Manage\Controller\IndexController.class.php 第 75 行.
SQL: SELECT DISTINCT  `catid` FROM `bestop_category_access` WHERE `flag` = 1 AND `roleid` = 0  [ RunTime:0.0007s ]
NOTIC: [8] Undefined index: list C:\wamp64\www\gift\trunk\App\Manage\Controller\IndexController.class.php 第 97 行.
NOTIC: [2] Invalid argument supplied for foreach() C:\wamp64\www\gift\trunk\App\Manage\Controller\IndexController.class.php 第 97 行.
NOTIC: [8] Undefined index: list C:\wamp64\www\gift\trunk\App\Manage\Controller\IndexController.class.php 第 110 行.
NOTIC: [2] Invalid argument supplied for foreach() C:\wamp64\www\gift\trunk\App\Manage\Controller\IndexController.class.php 第 110 行.

[ 2019-07-30T21:06:57+08:00 ] ::1 /index.php?s=/Manage/Login/index
INFO: [ app_init ] --START--
INFO: Run Behavior\BuildLiteBehavior [ RunTime:0.000038s ]
INFO: [ app_init ] --END-- [ RunTime:0.000219s ]
SQL: SHOW COLUMNS FROM `bestop_payment` [ RunTime:0.0010s ]
NOTIC: [2] Missing argument 1 for Think\Model::where(), called in C:\wamp64\www\gift\trunk\App\Common\Common\other.php on line 552 and defined C:\wamp64\www\gift\trunk\Include\Library\Think\Model.class.php 第 1785 行.
NOTIC: [8] Undefined variable: where C:\wamp64\www\gift\trunk\Include\Library\Think\Model.class.php 第 1793 行.
NOTIC: [8] Undefined variable: where C:\wamp64\www\gift\trunk\Include\Library\Think\Model.class.php 第 1796 行.
NOTIC: [8] Undefined variable: where C:\wamp64\www\gift\trunk\Include\Library\Think\Model.class.php 第 1804 行.
SQL: SELECT `payment_id`,`payment_name`,`payment_type`,`payment_desc`,`payment_config`,`payment_state` FROM `bestop_payment` ORDER BY `payment_order` asc, `payment_id` asc  [ RunTime:0.0008s ]
SQL: SHOW COLUMNS FROM `bestop_config` [ RunTime:0.0012s ]
SQL: SELECT * FROM `bestop_config` WHERE ( name = 'CFG_MOBILE_AUTO' ) LIMIT 1   [ RunTime:0.0005s ]
INFO: [ app_begin ] --START--
INFO: Run Behavior\ReadHtmlCacheBehavior [ RunTime:0.000885s ]
INFO: [ app_begin ] --END-- [ RunTime:0.001134s ]
INFO: [ view_parse ] --START--
INFO: [ template_filter ] --START--
INFO: Run Behavior\ContentReplaceBehavior [ RunTime:0.000129s ]
INFO: [ template_filter ] --END-- [ RunTime:0.000317s ]
INFO: Run Behavior\ParseTemplateBehavior [ RunTime:0.039129s ]
INFO: [ view_parse ] --END-- [ RunTime:0.039323s ]
INFO: [ view_filter ] --START--
INFO: Run Behavior\WriteHtmlCacheBehavior [ RunTime:0.000648s ]
INFO: [ view_filter ] --END-- [ RunTime:0.000839s ]
INFO: [ app_end ] --START--
INFO: Run Behavior\ShowPageTraceBehavior [ RunTime:0.000792s ]
INFO: [ app_end ] --END-- [ RunTime:0.000970s ]

[ 2019-07-30T21:06:57+08:00 ] ::1 /index.php?s=/Manage/Login/index
INFO: [ app_init ] --START--
INFO: Run Behavior\BuildLiteBehavior [ RunTime:0.000080s ]
INFO: [ app_init ] --END-- [ RunTime:0.000420s ]
SQL: SHOW COLUMNS FROM `bestop_payment` [ RunTime:0.0010s ]
NOTIC: [2] Missing argument 1 for Think\Model::where(), called in C:\wamp64\www\gift\trunk\App\Common\Common\other.php on line 552 and defined C:\wamp64\www\gift\trunk\Include\Library\Think\Model.class.php 第 1785 行.
NOTIC: [8] Undefined variable: where C:\wamp64\www\gift\trunk\Include\Library\Think\Model.class.php 第 1793 行.
NOTIC: [8] Undefined variable: where C:\wamp64\www\gift\trunk\Include\Library\Think\Model.class.php 第 1796 行.
NOTIC: [8] Undefined variable: where C:\wamp64\www\gift\trunk\Include\Library\Think\Model.class.php 第 1804 行.
SQL: SELECT `payment_id`,`payment_name`,`payment_type`,`payment_desc`,`payment_config`,`payment_state` FROM `bestop_payment` ORDER BY `payment_order` asc, `payment_id` asc  [ RunTime:0.0007s ]
SQL: SHOW COLUMNS FROM `bestop_config` [ RunTime:0.0010s ]
SQL: SELECT * FROM `bestop_config` WHERE ( name = 'CFG_MOBILE_AUTO' ) LIMIT 1   [ RunTime:0.0005s ]
INFO: [ app_begin ] --START--
INFO: Run Behavior\ReadHtmlCacheBehavior [ RunTime:0.001524s ]
INFO: [ app_begin ] --END-- [ RunTime:0.001863s ]
INFO: [ view_parse ] --START--
INFO: [ template_filter ] --START--
INFO: Run Behavior\ContentReplaceBehavior [ RunTime:0.000223s ]
INFO: [ template_filter ] --END-- [ RunTime:0.000565s ]
INFO: Run Behavior\ParseTemplateBehavior [ RunTime:0.019448s ]
INFO: [ view_parse ] --END-- [ RunTime:0.019919s ]
INFO: [ view_filter ] --START--
INFO: Run Behavior\WriteHtmlCacheBehavior [ RunTime:0.001376s ]
INFO: [ view_filter ] --END-- [ RunTime:0.001787s ]
INFO: [ app_end ] --START--
INFO: Run Behavior\ShowPageTraceBehavior [ RunTime:0.001337s ]
INFO: [ app_end ] --END-- [ RunTime:0.001662s ]

[ 2019-07-30T21:07:01+08:00 ] ::1 /index.php?s=/Manage/Login/login
INFO: [ app_init ] --START--
INFO: Run Behavior\BuildLiteBehavior [ RunTime:0.000041s ]
INFO: [ app_init ] --END-- [ RunTime:0.000237s ]
SQL: SHOW COLUMNS FROM `bestop_payment` [ RunTime:0.0008s ]
NOTIC: [2] Missing argument 1 for Think\Model::where(), called in C:\wamp64\www\gift\trunk\App\Common\Common\other.php on line 552 and defined C:\wamp64\www\gift\trunk\Include\Library\Think\Model.class.php 第 1785 行.
NOTIC: [8] Undefined variable: where C:\wamp64\www\gift\trunk\Include\Library\Think\Model.class.php 第 1793 行.
NOTIC: [8] Undefined variable: where C:\wamp64\www\gift\trunk\Include\Library\Think\Model.class.php 第 1796 行.
NOTIC: [8] Undefined variable: where C:\wamp64\www\gift\trunk\Include\Library\Think\Model.class.php 第 1804 行.
SQL: SELECT `payment_id`,`payment_name`,`payment_type`,`payment_desc`,`payment_config`,`payment_state` FROM `bestop_payment` ORDER BY `payment_order` asc, `payment_id` asc  [ RunTime:0.0004s ]
SQL: SHOW COLUMNS FROM `bestop_config` [ RunTime:0.0007s ]
SQL: SELECT * FROM `bestop_config` WHERE ( name = 'CFG_MOBILE_AUTO' ) LIMIT 1   [ RunTime:0.0003s ]
INFO: [ app_begin ] --START--
INFO: Run Behavior\ReadHtmlCacheBehavior [ RunTime:0.000673s ]
INFO: [ app_begin ] --END-- [ RunTime:0.000821s ]
SQL: SHOW COLUMNS FROM `bestop_admin` [ RunTime:0.0011s ]
SQL: SELECT * FROM `bestop_admin` WHERE `username` = 'admin' LIMIT 1   [ RunTime:0.0009s ]
SQL: UPDATE `bestop_admin` SET `logintime`='1564492021',`loginip`='0.0.0.0' WHERE `id` = 1 [ RunTime:0.0008s ]
SQL: SHOW COLUMNS FROM `bestop_role_user` [ RunTime:0.0008s ]
SQL: SELECT `role_id` FROM `bestop_role_user` WHERE `user_id` = '1' LIMIT 1   [ RunTime:0.0003s ]

[ 2019-07-30T21:07:01+08:00 ] ::1 /index.php?s=/Manage/Index/index
INFO: [ app_init ] --START--
INFO: Run Behavior\BuildLiteBehavior [ RunTime:0.000033s ]
INFO: [ app_init ] --END-- [ RunTime:0.000201s ]
SQL: SHOW COLUMNS FROM `bestop_payment` [ RunTime:0.0008s ]
NOTIC: [2] Missing argument 1 for Think\Model::where(), called in C:\wamp64\www\gift\trunk\App\Common\Common\other.php on line 552 and defined C:\wamp64\www\gift\trunk\Include\Library\Think\Model.class.php 第 1785 行.
NOTIC: [8] Undefined variable: where C:\wamp64\www\gift\trunk\Include\Library\Think\Model.class.php 第 1793 行.
NOTIC: [8] Undefined variable: where C:\wamp64\www\gift\trunk\Include\Library\Think\Model.class.php 第 1796 行.
NOTIC: [8] Undefined variable: where C:\wamp64\www\gift\trunk\Include\Library\Think\Model.class.php 第 1804 行.
SQL: SELECT `payment_id`,`payment_name`,`payment_type`,`payment_desc`,`payment_config`,`payment_state` FROM `bestop_payment` ORDER BY `payment_order` asc, `payment_id` asc  [ RunTime:0.0004s ]
SQL: SHOW COLUMNS FROM `bestop_config` [ RunTime:0.0006s ]
SQL: SELECT * FROM `bestop_config` WHERE ( name = 'CFG_MOBILE_AUTO' ) LIMIT 1   [ RunTime:0.0003s ]
INFO: [ app_begin ] --START--
INFO: Run Behavior\ReadHtmlCacheBehavior [ RunTime:0.000699s ]
INFO: [ app_begin ] --END-- [ RunTime:0.000854s ]
SQL: SHOW COLUMNS FROM `bestop_menu` [ RunTime:0.0010s ]
SQL: SELECT * FROM `bestop_menu` WHERE `status` = 1 ORDER BY sort,id  [ RunTime:0.0010s ]
SQL: SELECT * FROM `bestop_menu` WHERE `status` = 1 AND `quick` = 1 ORDER BY sort,id  [ RunTime:0.0004s ]
SQL: SHOW COLUMNS FROM `bestop_meta` [ RunTime:0.0006s ]
SQL: SELECT * FROM `bestop_meta` WHERE ( name = 'HOME_HTML_CACHE_ON' ) LIMIT 1   [ RunTime:0.0003s ]
SQL: SELECT * FROM `bestop_meta` WHERE ( name = 'MOBILE_HTML_CACHE_ON' ) LIMIT 1   [ RunTime:0.0002s ]
INFO: [ view_parse ] --START--
INFO: [ template_filter ] --START--
INFO: Run Behavior\ContentReplaceBehavior [ RunTime:0.000172s ]
INFO: [ template_filter ] --END-- [ RunTime:0.000334s ]
INFO: Run Behavior\ParseTemplateBehavior [ RunTime:0.034082s ]
INFO: [ view_parse ] --END-- [ RunTime:0.034244s ]
INFO: [ view_filter ] --START--
INFO: Run Behavior\WriteHtmlCacheBehavior [ RunTime:0.000739s ]
INFO: [ view_filter ] --END-- [ RunTime:0.000882s ]
INFO: [ app_end ] --START--
INFO: Run Behavior\ShowPageTraceBehavior [ RunTime:0.001125s ]
INFO: [ app_end ] --END-- [ RunTime:0.001421s ]

[ 2019-07-30T21:07:02+08:00 ] ::1 /index.php?s=/Manage/Qrcode/index
INFO: [ app_init ] --START--
INFO: Run Behavior\BuildLiteBehavior [ RunTime:0.000074s ]
INFO: [ app_init ] --END-- [ RunTime:0.000378s ]
SQL: SHOW COLUMNS FROM `bestop_payment` [ RunTime:0.0009s ]
NOTIC: [2] Missing argument 1 for Think\Model::where(), called in C:\wamp64\www\gift\trunk\App\Common\Common\other.php on line 552 and defined C:\wamp64\www\gift\trunk\Include\Library\Think\Model.class.php 第 1785 行.
NOTIC: [8] Undefined variable: where C:\wamp64\www\gift\trunk\Include\Library\Think\Model.class.php 第 1793 行.
NOTIC: [8] Undefined variable: where C:\wamp64\www\gift\trunk\Include\Library\Think\Model.class.php 第 1796 行.
NOTIC: [8] Undefined variable: where C:\wamp64\www\gift\trunk\Include\Library\Think\Model.class.php 第 1804 行.
SQL: SELECT `payment_id`,`payment_name`,`payment_type`,`payment_desc`,`payment_config`,`payment_state` FROM `bestop_payment` ORDER BY `payment_order` asc, `payment_id` asc  [ RunTime:0.0005s ]
SQL: SHOW COLUMNS FROM `bestop_config` [ RunTime:0.0008s ]
SQL: SELECT * FROM `bestop_config` WHERE ( name = 'CFG_MOBILE_AUTO' ) LIMIT 1   [ RunTime:0.0004s ]
INFO: [ app_begin ] --START--
INFO: Run Behavior\ReadHtmlCacheBehavior [ RunTime:0.003780s ]
INFO: [ app_begin ] --END-- [ RunTime:0.004117s ]
INFO: [ app_end ] --START--
INFO: Run Behavior\ShowPageTraceBehavior [ RunTime:0.001795s ]
INFO: [ app_end ] --END-- [ RunTime:0.001970s ]

[ 2019-07-30T21:07:02+08:00 ] ::1 /index.php?s=/Manage/Public/main
INFO: [ app_init ] --START--
INFO: Run Behavior\BuildLiteBehavior [ RunTime:0.000074s ]
INFO: [ app_init ] --END-- [ RunTime:0.000392s ]
SQL: SHOW COLUMNS FROM `bestop_payment` [ RunTime:0.0011s ]
NOTIC: [2] Missing argument 1 for Think\Model::where(), called in C:\wamp64\www\gift\trunk\App\Common\Common\other.php on line 552 and defined C:\wamp64\www\gift\trunk\Include\Library\Think\Model.class.php 第 1785 行.
NOTIC: [8] Undefined variable: where C:\wamp64\www\gift\trunk\Include\Library\Think\Model.class.php 第 1793 行.
NOTIC: [8] Undefined variable: where C:\wamp64\www\gift\trunk\Include\Library\Think\Model.class.php 第 1796 行.
NOTIC: [8] Undefined variable: where C:\wamp64\www\gift\trunk\Include\Library\Think\Model.class.php 第 1804 行.
SQL: SELECT `payment_id`,`payment_name`,`payment_type`,`payment_desc`,`payment_config`,`payment_state` FROM `bestop_payment` ORDER BY `payment_order` asc, `payment_id` asc  [ RunTime:0.0006s ]
SQL: SHOW COLUMNS FROM `bestop_config` [ RunTime:0.0010s ]
SQL: SELECT * FROM `bestop_config` WHERE ( name = 'CFG_MOBILE_AUTO' ) LIMIT 1   [ RunTime:0.0006s ]
INFO: [ app_begin ] --START--
INFO: Run Behavior\ReadHtmlCacheBehavior [ RunTime:0.001211s ]
INFO: [ app_begin ] --END-- [ RunTime:0.001503s ]
INFO: [ view_parse ] --START--
INFO: [ template_filter ] --START--
INFO: Run Behavior\ContentReplaceBehavior [ RunTime:0.000156s ]
INFO: [ template_filter ] --END-- [ RunTime:0.000319s ]
INFO: Run Behavior\ParseTemplateBehavior [ RunTime:0.014718s ]
INFO: [ view_parse ] --END-- [ RunTime:0.014905s ]
INFO: [ view_filter ] --START--
INFO: Run Behavior\WriteHtmlCacheBehavior [ RunTime:0.000986s ]
INFO: [ view_filter ] --END-- [ RunTime:0.001217s ]
INFO: [ app_end ] --START--
INFO: Run Behavior\ShowPageTraceBehavior [ RunTime:0.000634s ]
INFO: [ app_end ] --END-- [ RunTime:0.000776s ]

[ 2019-07-30T21:07:02+08:00 ] ::1 /index.php?s=/Manage/Index/getParentCate&pid=0&rnd=47463
INFO: [ app_init ] --START--
INFO: Run Behavior\BuildLiteBehavior [ RunTime:0.000059s ]
INFO: [ app_init ] --END-- [ RunTime:0.000328s ]
SQL: SHOW COLUMNS FROM `bestop_payment` [ RunTime:0.0010s ]
NOTIC: [2] Missing argument 1 for Think\Model::where(), called in C:\wamp64\www\gift\trunk\App\Common\Common\other.php on line 552 and defined C:\wamp64\www\gift\trunk\Include\Library\Think\Model.class.php 第 1785 行.
NOTIC: [8] Undefined variable: where C:\wamp64\www\gift\trunk\Include\Library\Think\Model.class.php 第 1793 行.
NOTIC: [8] Undefined variable: where C:\wamp64\www\gift\trunk\Include\Library\Think\Model.class.php 第 1796 行.
NOTIC: [8] Undefined variable: where C:\wamp64\www\gift\trunk\Include\Library\Think\Model.class.php 第 1804 行.
SQL: SELECT `payment_id`,`payment_name`,`payment_type`,`payment_desc`,`payment_config`,`payment_state` FROM `bestop_payment` ORDER BY `payment_order` asc, `payment_id` asc  [ RunTime:0.0006s ]
SQL: SHOW COLUMNS FROM `bestop_config` [ RunTime:0.0007s ]
SQL: SELECT * FROM `bestop_config` WHERE ( name = 'CFG_MOBILE_AUTO' ) LIMIT 1   [ RunTime:0.0003s ]
INFO: [ app_begin ] --START--
INFO: Run Behavior\ReadHtmlCacheBehavior [ RunTime:0.001008s ]
INFO: [ app_begin ] --END-- [ RunTime:0.001215s ]
SQL: SHOW COLUMNS FROM `bestop_category` [ RunTime:0.0015s ]
SQL: SHOW COLUMNS FROM `bestop_model` [ RunTime:0.0012s ]
SQL: SHOW COLUMNS FROM bestop_category [ RunTime:0.0011s ]
SQL: SHOW COLUMNS FROM bestop_category [ RunTime:0.0011s ]
SQL: SELECT COUNT(*) AS tp_count FROM bestop_category category LEFT JOIN bestop_model model ON category.modelid = model.id WHERE category.pid = 0 LIMIT 1   [ RunTime:0.0006s ]
SQL: SHOW COLUMNS FROM bestop_category [ RunTime:0.0012s ]
SQL: SHOW COLUMNS FROM bestop_category [ RunTime:0.0013s ]
SQL: SHOW COLUMNS FROM bestop_category [ RunTime:0.0012s ]
SQL: SHOW COLUMNS FROM bestop_category [ RunTime:0.0011s ]
SQL: SELECT category.id AS id,category.name AS name,category.ename AS ename,category.catpic AS catpic,category.links AS links,category.pid AS pid,category.modelid AS modelid,category.type AS type,category.seotitle AS seotitle,category.keywords AS keywords,category.description AS description,category.template_category AS template_category,category.template_list AS template_list,category.template_show AS template_show,category.status AS status,category.sort AS sort,model.name AS modelname,model.tablename AS tablename FROM bestop_category category LEFT JOIN bestop_model model ON category.modelid = model.id WHERE category.pid = 0 ORDER BY category.sort ASC,category.id ASC  [ RunTime:0.0007s ]
SQL: SHOW COLUMNS FROM bestop_category [ RunTime:0.0008s ]
SQL: SHOW COLUMNS FROM bestop_category [ RunTime:0.0007s ]
SQL: SELECT category.id AS id,category.name AS name,category.ename AS ename,category.catpic AS catpic,category.links AS links,category.pid AS pid,category.modelid AS modelid,category.type AS type,category.seotitle AS seotitle,category.keywords AS keywords,category.description AS description,category.template_category AS template_category,category.template_list AS template_list,category.template_show AS template_show,category.content AS content,category.status AS status,category.sort AS sort,model.name AS modelname,model.tablename AS tablename FROM bestop_category category LEFT JOIN bestop_model model ON category.modelid = model.id WHERE ( pid = 7 )  [ RunTime:0.0007s ]
SQL: SHOW COLUMNS FROM bestop_category [ RunTime:0.0011s ]
SQL: SHOW COLUMNS FROM bestop_category [ RunTime:0.0010s ]
SQL: SELECT category.id AS id,category.name AS name,category.ename AS ename,category.catpic AS catpic,category.links AS links,category.pid AS pid,category.modelid AS modelid,category.type AS type,category.seotitle AS seotitle,category.keywords AS keywords,category.description AS description,category.template_category AS template_category,category.template_list AS template_list,category.template_show AS template_show,category.content AS content,category.status AS status,category.sort AS sort,model.name AS modelname,model.tablename AS tablename FROM bestop_category category LEFT JOIN bestop_model model ON category.modelid = model.id WHERE ( pid = 9 )  [ RunTime:0.0008s ]
SQL: SHOW COLUMNS FROM bestop_category [ RunTime:0.0011s ]
SQL: SHOW COLUMNS FROM bestop_category [ RunTime:0.0011s ]
SQL: SELECT category.id AS id,category.name AS name,category.ename AS ename,category.catpic AS catpic,category.links AS links,category.pid AS pid,category.modelid AS modelid,category.type AS type,category.seotitle AS seotitle,category.keywords AS keywords,category.description AS description,category.template_category AS template_category,category.template_list AS template_list,category.template_show AS template_show,category.content AS content,category.status AS status,category.sort AS sort,model.name AS modelname,model.tablename AS tablename FROM bestop_category category LEFT JOIN bestop_model model ON category.modelid = model.id WHERE ( pid = 8 )  [ RunTime:0.0007s ]

[ 2019-07-30T21:07:10+08:00 ] ::1 /index.php?s=/Manage/Event/index
INFO: [ app_init ] --START--
INFO: Run Behavior\BuildLiteBehavior [ RunTime:0.000038s ]
INFO: [ app_init ] --END-- [ RunTime:0.000220s ]
SQL: SHOW COLUMNS FROM `bestop_payment` [ RunTime:0.0008s ]
NOTIC: [2] Missing argument 1 for Think\Model::where(), called in C:\wamp64\www\gift\trunk\App\Common\Common\other.php on line 552 and defined C:\wamp64\www\gift\trunk\Include\Library\Think\Model.class.php 第 1785 行.
NOTIC: [8] Undefined variable: where C:\wamp64\www\gift\trunk\Include\Library\Think\Model.class.php 第 1793 行.
NOTIC: [8] Undefined variable: where C:\wamp64\www\gift\trunk\Include\Library\Think\Model.class.php 第 1796 行.
NOTIC: [8] Undefined variable: where C:\wamp64\www\gift\trunk\Include\Library\Think\Model.class.php 第 1804 行.
SQL: SELECT `payment_id`,`payment_name`,`payment_type`,`payment_desc`,`payment_config`,`payment_state` FROM `bestop_payment` ORDER BY `payment_order` asc, `payment_id` asc  [ RunTime:0.0005s ]
SQL: SHOW COLUMNS FROM `bestop_config` [ RunTime:0.0010s ]
SQL: SELECT * FROM `bestop_config` WHERE ( name = 'CFG_MOBILE_AUTO' ) LIMIT 1   [ RunTime:0.0005s ]
INFO: [ app_begin ] --START--
INFO: Run Behavior\ReadHtmlCacheBehavior [ RunTime:0.005835s ]
INFO: [ app_begin ] --END-- [ RunTime:0.006216s ]
SQL: SHOW COLUMNS FROM `bestop_event` [ RunTime:0.0010s ]
SQL: SELECT COUNT(*) AS tp_count FROM `bestop_event` WHERE ( 1=1 ) LIMIT 1   [ RunTime:0.0003s ]
SQL: SELECT * FROM `bestop_event` WHERE ( 1=1 ) ORDER BY addtime desc,id desc LIMIT 0,18   [ RunTime:0.0007s ]
SQL: SHOW COLUMNS FROM `bestop_event_info` [ RunTime:0.0009s ]
SQL: SELECT COUNT(*) AS tp_count FROM `bestop_event_info` WHERE `event_id` = '9' LIMIT 1   [ RunTime:0.0004s ]
SQL: SELECT COUNT(*) AS tp_count FROM `bestop_event_info` WHERE `event_id` = '8' LIMIT 1   [ RunTime:0.0003s ]
SQL: SELECT COUNT(*) AS tp_count FROM `bestop_event_info` WHERE `event_id` = '7' LIMIT 1   [ RunTime:0.0005s ]
SQL: SELECT COUNT(*) AS tp_count FROM `bestop_event_info` WHERE `event_id` = '5' LIMIT 1   [ RunTime:0.0003s ]
SQL: SELECT COUNT(*) AS tp_count FROM `bestop_event_info` WHERE `event_id` = '4' LIMIT 1   [ RunTime:0.0003s ]
SQL: SELECT COUNT(*) AS tp_count FROM `bestop_event_info` WHERE `event_id` = '3' LIMIT 1   [ RunTime:0.0003s ]
SQL: SELECT COUNT(*) AS tp_count FROM `bestop_event_info` WHERE `event_id` = '2' LIMIT 1   [ RunTime:0.0003s ]
INFO: [ view_parse ] --START--
INFO: [ template_filter ] --START--
INFO: Run Behavior\ContentReplaceBehavior [ RunTime:0.000170s ]
INFO: [ template_filter ] --END-- [ RunTime:0.000341s ]
INFO: Run Behavior\ParseTemplateBehavior [ RunTime:0.135846s ]
INFO: [ view_parse ] --END-- [ RunTime:0.136071s ]
INFO: [ view_filter ] --START--
INFO: Run Behavior\WriteHtmlCacheBehavior [ RunTime:0.000820s ]
INFO: [ view_filter ] --END-- [ RunTime:0.000982s ]
INFO: [ app_end ] --START--
INFO: Run Behavior\ShowPageTraceBehavior [ RunTime:0.000849s ]
INFO: [ app_end ] --END-- [ RunTime:0.001027s ]

[ 2019-07-30T21:07:10+08:00 ] ::1 /index.php?s=/Manage/Event/index
INFO: [ app_init ] --START--
INFO: Run Behavior\BuildLiteBehavior [ RunTime:0.000076s ]
INFO: [ app_init ] --END-- [ RunTime:0.000409s ]
SQL: SHOW COLUMNS FROM `bestop_payment` [ RunTime:0.0010s ]
NOTIC: [2] Missing argument 1 for Think\Model::where(), called in C:\wamp64\www\gift\trunk\App\Common\Common\other.php on line 552 and defined C:\wamp64\www\gift\trunk\Include\Library\Think\Model.class.php 第 1785 行.
NOTIC: [8] Undefined variable: where C:\wamp64\www\gift\trunk\Include\Library\Think\Model.class.php 第 1793 行.
NOTIC: [8] Undefined variable: where C:\wamp64\www\gift\trunk\Include\Library\Think\Model.class.php 第 1796 行.
NOTIC: [8] Undefined variable: where C:\wamp64\www\gift\trunk\Include\Library\Think\Model.class.php 第 1804 行.
SQL: SELECT `payment_id`,`payment_name`,`payment_type`,`payment_desc`,`payment_config`,`payment_state` FROM `bestop_payment` ORDER BY `payment_order` asc, `payment_id` asc  [ RunTime:0.0004s ]
SQL: SHOW COLUMNS FROM `bestop_config` [ RunTime:0.0009s ]
SQL: SELECT * FROM `bestop_config` WHERE ( name = 'CFG_MOBILE_AUTO' ) LIMIT 1   [ RunTime:0.0005s ]
INFO: [ app_begin ] --START--
INFO: Run Behavior\ReadHtmlCacheBehavior [ RunTime:0.000996s ]
INFO: [ app_begin ] --END-- [ RunTime:0.001289s ]
SQL: SHOW COLUMNS FROM `bestop_event` [ RunTime:0.0011s ]
SQL: SELECT COUNT(*) AS tp_count FROM `bestop_event` WHERE ( 1=1 ) LIMIT 1   [ RunTime:0.0003s ]
SQL: SELECT * FROM `bestop_event` WHERE ( 1=1 ) ORDER BY addtime desc,id desc LIMIT 0,18   [ RunTime:0.0007s ]
SQL: SHOW COLUMNS FROM `bestop_event_info` [ RunTime:0.0012s ]
SQL: SELECT COUNT(*) AS tp_count FROM `bestop_event_info` WHERE `event_id` = '9' LIMIT 1   [ RunTime:0.0005s ]
SQL: SELECT COUNT(*) AS tp_count FROM `bestop_event_info` WHERE `event_id` = '8' LIMIT 1   [ RunTime:0.0003s ]
SQL: SELECT COUNT(*) AS tp_count FROM `bestop_event_info` WHERE `event_id` = '7' LIMIT 1   [ RunTime:0.0003s ]
SQL: SELECT COUNT(*) AS tp_count FROM `bestop_event_info` WHERE `event_id` = '5' LIMIT 1   [ RunTime:0.0003s ]
SQL: SELECT COUNT(*) AS tp_count FROM `bestop_event_info` WHERE `event_id` = '4' LIMIT 1   [ RunTime:0.0003s ]
SQL: SELECT COUNT(*) AS tp_count FROM `bestop_event_info` WHERE `event_id` = '3' LIMIT 1   [ RunTime:0.0003s ]
SQL: SELECT COUNT(*) AS tp_count FROM `bestop_event_info` WHERE `event_id` = '2' LIMIT 1   [ RunTime:0.0003s ]
INFO: [ view_parse ] --START--
INFO: [ template_filter ] --START--
INFO: Run Behavior\ContentReplaceBehavior [ RunTime:0.000176s ]
INFO: [ template_filter ] --END-- [ RunTime:0.000350s ]
INFO: Run Behavior\ParseTemplateBehavior [ RunTime:0.047990s ]
INFO: [ view_parse ] --END-- [ RunTime:0.048255s ]
INFO: [ view_filter ] --START--
INFO: Run Behavior\WriteHtmlCacheBehavior [ RunTime:0.000912s ]
INFO: [ view_filter ] --END-- [ RunTime:0.001089s ]
INFO: [ app_end ] --START--
INFO: Run Behavior\ShowPageTraceBehavior [ RunTime:0.001141s ]
INFO: [ app_end ] --END-- [ RunTime:0.001479s ]

[ 2019-07-30T21:07:17+08:00 ] ::1 /index.php?s=/Manage/Appointment/index/e_id/7
INFO: [ app_init ] --START--
INFO: Run Behavior\BuildLiteBehavior [ RunTime:0.000040s ]
INFO: [ app_init ] --END-- [ RunTime:0.000348s ]
SQL: SHOW COLUMNS FROM `bestop_payment` [ RunTime:0.0009s ]
NOTIC: [2] Missing argument 1 for Think\Model::where(), called in C:\wamp64\www\gift\trunk\App\Common\Common\other.php on line 552 and defined C:\wamp64\www\gift\trunk\Include\Library\Think\Model.class.php 第 1785 行.
NOTIC: [8] Undefined variable: where C:\wamp64\www\gift\trunk\Include\Library\Think\Model.class.php 第 1793 行.
NOTIC: [8] Undefined variable: where C:\wamp64\www\gift\trunk\Include\Library\Think\Model.class.php 第 1796 行.
NOTIC: [8] Undefined variable: where C:\wamp64\www\gift\trunk\Include\Library\Think\Model.class.php 第 1804 行.
SQL: SELECT `payment_id`,`payment_name`,`payment_type`,`payment_desc`,`payment_config`,`payment_state` FROM `bestop_payment` ORDER BY `payment_order` asc, `payment_id` asc  [ RunTime:0.0004s ]
SQL: SHOW COLUMNS FROM `bestop_config` [ RunTime:0.0007s ]
SQL: SELECT * FROM `bestop_config` WHERE ( name = 'CFG_MOBILE_AUTO' ) LIMIT 1   [ RunTime:0.0003s ]
INFO: [ app_begin ] --START--
INFO: Run Behavior\ReadHtmlCacheBehavior [ RunTime:0.000697s ]
INFO: [ app_begin ] --END-- [ RunTime:0.000851s ]
SQL: SHOW COLUMNS FROM `bestop_event` [ RunTime:0.0010s ]
SQL: SELECT * FROM `bestop_event` WHERE `id` = '7' LIMIT 1   [ RunTime:0.0004s ]
SQL: SHOW COLUMNS FROM `bestop_appointment` [ RunTime:0.0007s ]
SQL: SELECT COUNT(*) AS tp_count FROM bestop_appointment a LEFT JOIN bestop_member bm ON bm.id=a.member_id  WHERE (  a.e_id = 7  ) LIMIT 1   [ RunTime:0.0006s ]
SQL: SELECT a.*,bm.name as member FROM bestop_appointment a LEFT JOIN bestop_member bm ON bm.id=a.member_id  WHERE (  a.e_id = 7  ) ORDER BY a.id desc LIMIT 0,18   [ RunTime:0.0004s ]
INFO: [ view_parse ] --START--
INFO: [ template_filter ] --START--
INFO: Run Behavior\ContentReplaceBehavior [ RunTime:0.000246s ]
INFO: [ template_filter ] --END-- [ RunTime:0.000401s ]
INFO: Run Behavior\ParseTemplateBehavior [ RunTime:0.074908s ]
INFO: [ view_parse ] --END-- [ RunTime:0.075089s ]
INFO: [ view_filter ] --START--
INFO: Run Behavior\WriteHtmlCacheBehavior [ RunTime:0.000652s ]
INFO: [ view_filter ] --END-- [ RunTime:0.000806s ]
INFO: [ app_end ] --START--
INFO: Run Behavior\ShowPageTraceBehavior [ RunTime:0.001630s ]
INFO: [ app_end ] --END-- [ RunTime:0.001929s ]

[ 2019-07-30T21:07:23+08:00 ] ::1 /index.php?s=/Manage/Appointment/index/e_id/7
INFO: [ app_init ] --START--
INFO: Run Behavior\BuildLiteBehavior [ RunTime:0.000058s ]
INFO: [ app_init ] --END-- [ RunTime:0.000399s ]
SQL: SHOW COLUMNS FROM `bestop_payment` [ RunTime:0.0012s ]
NOTIC: [2] Missing argument 1 for Think\Model::where(), called in C:\wamp64\www\gift\trunk\App\Common\Common\other.php on line 552 and defined C:\wamp64\www\gift\trunk\Include\Library\Think\Model.class.php 第 1785 行.
NOTIC: [8] Undefined variable: where C:\wamp64\www\gift\trunk\Include\Library\Think\Model.class.php 第 1793 行.
NOTIC: [8] Undefined variable: where C:\wamp64\www\gift\trunk\Include\Library\Think\Model.class.php 第 1796 行.
NOTIC: [8] Undefined variable: where C:\wamp64\www\gift\trunk\Include\Library\Think\Model.class.php 第 1804 行.
SQL: SELECT `payment_id`,`payment_name`,`payment_type`,`payment_desc`,`payment_config`,`payment_state` FROM `bestop_payment` ORDER BY `payment_order` asc, `payment_id` asc  [ RunTime:0.0006s ]
SQL: SHOW COLUMNS FROM `bestop_config` [ RunTime:0.0008s ]
SQL: SELECT * FROM `bestop_config` WHERE ( name = 'CFG_MOBILE_AUTO' ) LIMIT 1   [ RunTime:0.0004s ]
INFO: [ app_begin ] --START--
INFO: Run Behavior\ReadHtmlCacheBehavior [ RunTime:0.000826s ]
INFO: [ app_begin ] --END-- [ RunTime:0.001003s ]
SQL: SHOW COLUMNS FROM `bestop_event` [ RunTime:0.0010s ]
SQL: SELECT * FROM `bestop_event` WHERE `id` = '7' LIMIT 1   [ RunTime:0.0006s ]
SQL: SHOW COLUMNS FROM `bestop_appointment` [ RunTime:0.0010s ]
SQL: SELECT COUNT(*) AS tp_count FROM bestop_appointment a LEFT JOIN bestop_member bm ON bm.id=a.member_id  WHERE (  a.e_id = 7  ) LIMIT 1   [ RunTime:0.0007s ]
SQL: SELECT a.*,bm.name as member FROM bestop_appointment a LEFT JOIN bestop_member bm ON bm.id=a.member_id  WHERE (  a.e_id = 7  ) ORDER BY a.id desc LIMIT 0,18   [ RunTime:0.0005s ]
INFO: [ view_parse ] --START--
INFO: [ template_filter ] --START--
INFO: Run Behavior\ContentReplaceBehavior [ RunTime:0.000360s ]
INFO: [ template_filter ] --END-- [ RunTime:0.000693s ]
INFO: Run Behavior\ParseTemplateBehavior [ RunTime:0.072326s ]
INFO: [ view_parse ] --END-- [ RunTime:0.072499s ]
INFO: [ view_filter ] --START--
INFO: Run Behavior\WriteHtmlCacheBehavior [ RunTime:0.000650s ]
INFO: [ view_filter ] --END-- [ RunTime:0.000796s ]
INFO: [ app_end ] --START--
INFO: Run Behavior\ShowPageTraceBehavior [ RunTime:0.000753s ]
INFO: [ app_end ] --END-- [ RunTime:0.000952s ]

[ 2019-07-30T21:15:02+08:00 ] ::1 /index.php?s=/Manage/Event/index
INFO: [ app_init ] --START--
INFO: Run Behavior\BuildLiteBehavior [ RunTime:0.000071s ]
INFO: [ app_init ] --END-- [ RunTime:0.000425s ]
SQL: SHOW COLUMNS FROM `bestop_payment` [ RunTime:0.0008s ]
NOTIC: [2] Missing argument 1 for Think\Model::where(), called in C:\wamp64\www\gift\trunk\App\Common\Common\other.php on line 552 and defined C:\wamp64\www\gift\trunk\Include\Library\Think\Model.class.php 第 1785 行.
NOTIC: [8] Undefined variable: where C:\wamp64\www\gift\trunk\Include\Library\Think\Model.class.php 第 1793 行.
NOTIC: [8] Undefined variable: where C:\wamp64\www\gift\trunk\Include\Library\Think\Model.class.php 第 1796 行.
NOTIC: [8] Undefined variable: where C:\wamp64\www\gift\trunk\Include\Library\Think\Model.class.php 第 1804 行.
SQL: SELECT `payment_id`,`payment_name`,`payment_type`,`payment_desc`,`payment_config`,`payment_state` FROM `bestop_payment` ORDER BY `payment_order` asc, `payment_id` asc  [ RunTime:0.0004s ]
SQL: SHOW COLUMNS FROM `bestop_config` [ RunTime:0.0007s ]
SQL: SELECT * FROM `bestop_config` WHERE ( name = 'CFG_MOBILE_AUTO' ) LIMIT 1   [ RunTime:0.0003s ]
INFO: [ app_begin ] --START--
INFO: Run Behavior\ReadHtmlCacheBehavior [ RunTime:0.001074s ]
INFO: [ app_begin ] --END-- [ RunTime:0.001276s ]
SQL: SHOW COLUMNS FROM `bestop_event` [ RunTime:0.0008s ]
SQL: SELECT COUNT(*) AS tp_count FROM `bestop_event` WHERE ( 1=1 ) LIMIT 1   [ RunTime:0.0003s ]
SQL: SELECT * FROM `bestop_event` WHERE ( 1=1 ) ORDER BY addtime desc,id desc LIMIT 0,18   [ RunTime:0.0005s ]
SQL: SHOW COLUMNS FROM `bestop_event_info` [ RunTime:0.0007s ]
SQL: SELECT COUNT(*) AS tp_count FROM `bestop_event_info` WHERE `event_id` = '9' LIMIT 1   [ RunTime:0.0003s ]
SQL: SELECT COUNT(*) AS tp_count FROM `bestop_event_info` WHERE `event_id` = '8' LIMIT 1   [ RunTime:0.0002s ]
SQL: SELECT COUNT(*) AS tp_count FROM `bestop_event_info` WHERE `event_id` = '7' LIMIT 1   [ RunTime:0.0002s ]
SQL: SELECT COUNT(*) AS tp_count FROM `bestop_event_info` WHERE `event_id` = '5' LIMIT 1   [ RunTime:0.0002s ]
SQL: SELECT COUNT(*) AS tp_count FROM `bestop_event_info` WHERE `event_id` = '4' LIMIT 1   [ RunTime:0.0002s ]
SQL: SELECT COUNT(*) AS tp_count FROM `bestop_event_info` WHERE `event_id` = '3' LIMIT 1   [ RunTime:0.0002s ]
SQL: SELECT COUNT(*) AS tp_count FROM `bestop_event_info` WHERE `event_id` = '2' LIMIT 1   [ RunTime:0.0002s ]
INFO: [ view_parse ] --START--
INFO: [ template_filter ] --START--
INFO: Run Behavior\ContentReplaceBehavior [ RunTime:0.000153s ]
INFO: [ template_filter ] --END-- [ RunTime:0.000304s ]
INFO: Run Behavior\ParseTemplateBehavior [ RunTime:0.095372s ]
INFO: [ view_parse ] --END-- [ RunTime:0.095573s ]
INFO: [ view_filter ] --START--
INFO: Run Behavior\WriteHtmlCacheBehavior [ RunTime:0.000885s ]
INFO: [ view_filter ] --END-- [ RunTime:0.001161s ]
INFO: [ app_end ] --START--
INFO: Run Behavior\ShowPageTraceBehavior [ RunTime:0.000701s ]
INFO: [ app_end ] --END-- [ RunTime:0.000869s ]

[ 2019-07-30T21:15:02+08:00 ] ::1 /index.php?s=/Manage/Event/index
INFO: [ app_init ] --START--
INFO: Run Behavior\BuildLiteBehavior [ RunTime:0.000036s ]
INFO: [ app_init ] --END-- [ RunTime:0.000260s ]
SQL: SHOW COLUMNS FROM `bestop_payment` [ RunTime:0.0009s ]
NOTIC: [2] Missing argument 1 for Think\Model::where(), called in C:\wamp64\www\gift\trunk\App\Common\Common\other.php on line 552 and defined C:\wamp64\www\gift\trunk\Include\Library\Think\Model.class.php 第 1785 行.
NOTIC: [8] Undefined variable: where C:\wamp64\www\gift\trunk\Include\Library\Think\Model.class.php 第 1793 行.
NOTIC: [8] Undefined variable: where C:\wamp64\www\gift\trunk\Include\Library\Think\Model.class.php 第 1796 行.
NOTIC: [8] Undefined variable: where C:\wamp64\www\gift\trunk\Include\Library\Think\Model.class.php 第 1804 行.
SQL: SELECT `payment_id`,`payment_name`,`payment_type`,`payment_desc`,`payment_config`,`payment_state` FROM `bestop_payment` ORDER BY `payment_order` asc, `payment_id` asc  [ RunTime:0.0005s ]
SQL: SHOW COLUMNS FROM `bestop_config` [ RunTime:0.0007s ]
SQL: SELECT * FROM `bestop_config` WHERE ( name = 'CFG_MOBILE_AUTO' ) LIMIT 1   [ RunTime:0.0004s ]
INFO: [ app_begin ] --START--
INFO: Run Behavior\ReadHtmlCacheBehavior [ RunTime:0.000755s ]
INFO: [ app_begin ] --END-- [ RunTime:0.000939s ]
SQL: SHOW COLUMNS FROM `bestop_event` [ RunTime:0.0008s ]
SQL: SELECT COUNT(*) AS tp_count FROM `bestop_event` WHERE ( 1=1 ) LIMIT 1   [ RunTime:0.0003s ]
SQL: SELECT * FROM `bestop_event` WHERE ( 1=1 ) ORDER BY addtime desc,id desc LIMIT 0,18   [ RunTime:0.0006s ]
SQL: SHOW COLUMNS FROM `bestop_event_info` [ RunTime:0.0010s ]
SQL: SELECT COUNT(*) AS tp_count FROM `bestop_event_info` WHERE `event_id` = '9' LIMIT 1   [ RunTime:0.0004s ]
SQL: SELECT COUNT(*) AS tp_count FROM `bestop_event_info` WHERE `event_id` = '8' LIMIT 1   [ RunTime:0.0003s ]
SQL: SELECT COUNT(*) AS tp_count FROM `bestop_event_info` WHERE `event_id` = '7' LIMIT 1   [ RunTime:0.0003s ]
SQL: SELECT COUNT(*) AS tp_count FROM `bestop_event_info` WHERE `event_id` = '5' LIMIT 1   [ RunTime:0.0003s ]
SQL: SELECT COUNT(*) AS tp_count FROM `bestop_event_info` WHERE `event_id` = '4' LIMIT 1   [ RunTime:0.0002s ]
SQL: SELECT COUNT(*) AS tp_count FROM `bestop_event_info` WHERE `event_id` = '3' LIMIT 1   [ RunTime:0.0002s ]
SQL: SELECT COUNT(*) AS tp_count FROM `bestop_event_info` WHERE `event_id` = '2' LIMIT 1   [ RunTime:0.0002s ]
INFO: [ view_parse ] --START--
INFO: [ template_filter ] --START--
INFO: Run Behavior\ContentReplaceBehavior [ RunTime:0.000150s ]
INFO: [ template_filter ] --END-- [ RunTime:0.000316s ]
INFO: Run Behavior\ParseTemplateBehavior [ RunTime:0.034903s ]
INFO: [ view_parse ] --END-- [ RunTime:0.035077s ]
INFO: [ view_filter ] --START--
INFO: Run Behavior\WriteHtmlCacheBehavior [ RunTime:0.000765s ]
INFO: [ view_filter ] --END-- [ RunTime:0.000917s ]
INFO: [ app_end ] --START--
INFO: Run Behavior\ShowPageTraceBehavior [ RunTime:0.000958s ]
INFO: [ app_end ] --END-- [ RunTime:0.001197s ]

[ 2019-07-30T21:15:05+08:00 ] ::1 /index.php?s=/Manage/Appointment/index/e_id/9
INFO: [ app_init ] --START--
INFO: Run Behavior\BuildLiteBehavior [ RunTime:0.000032s ]
INFO: [ app_init ] --END-- [ RunTime:0.000179s ]
SQL: SHOW COLUMNS FROM `bestop_payment` [ RunTime:0.0008s ]
NOTIC: [2] Missing argument 1 for Think\Model::where(), called in C:\wamp64\www\gift\trunk\App\Common\Common\other.php on line 552 and defined C:\wamp64\www\gift\trunk\Include\Library\Think\Model.class.php 第 1785 行.
NOTIC: [8] Undefined variable: where C:\wamp64\www\gift\trunk\Include\Library\Think\Model.class.php 第 1793 行.
NOTIC: [8] Undefined variable: where C:\wamp64\www\gift\trunk\Include\Library\Think\Model.class.php 第 1796 行.
NOTIC: [8] Undefined variable: where C:\wamp64\www\gift\trunk\Include\Library\Think\Model.class.php 第 1804 行.
SQL: SELECT `payment_id`,`payment_name`,`payment_type`,`payment_desc`,`payment_config`,`payment_state` FROM `bestop_payment` ORDER BY `payment_order` asc, `payment_id` asc  [ RunTime:0.0004s ]
SQL: SHOW COLUMNS FROM `bestop_config` [ RunTime:0.0007s ]
SQL: SELECT * FROM `bestop_config` WHERE ( name = 'CFG_MOBILE_AUTO' ) LIMIT 1   [ RunTime:0.0004s ]
INFO: [ app_begin ] --START--
INFO: Run Behavior\ReadHtmlCacheBehavior [ RunTime:0.000908s ]
INFO: [ app_begin ] --END-- [ RunTime:0.001104s ]
SQL: SHOW COLUMNS FROM `bestop_event` [ RunTime:0.0008s ]
SQL: SELECT * FROM `bestop_event` WHERE `id` = '9' LIMIT 1   [ RunTime:0.0004s ]
SQL: SHOW COLUMNS FROM `bestop_appointment` [ RunTime:0.0007s ]
SQL: SELECT COUNT(*) AS tp_count FROM bestop_appointment a LEFT JOIN bestop_member bm ON bm.id=a.member_id  WHERE (  a.e_id = 9  ) LIMIT 1   [ RunTime:0.0004s ]
SQL: SELECT a.*,bm.name as member FROM bestop_appointment a LEFT JOIN bestop_member bm ON bm.id=a.member_id  WHERE (  a.e_id = 9  ) ORDER BY a.id desc LIMIT 0,18   [ RunTime:0.0007s ]
INFO: [ view_parse ] --START--
INFO: [ template_filter ] --START--
INFO: Run Behavior\ContentReplaceBehavior [ RunTime:0.000239s ]
INFO: [ template_filter ] --END-- [ RunTime:0.000397s ]
INFO: Run Behavior\ParseTemplateBehavior [ RunTime:0.068209s ]
INFO: [ view_parse ] --END-- [ RunTime:0.068408s ]
INFO: [ view_filter ] --START--
INFO: Run Behavior\WriteHtmlCacheBehavior [ RunTime:0.000783s ]
INFO: [ view_filter ] --END-- [ RunTime:0.000941s ]
INFO: [ app_end ] --START--
INFO: Run Behavior\ShowPageTraceBehavior [ RunTime:0.000736s ]
INFO: [ app_end ] --END-- [ RunTime:0.000941s ]

