[ 2019-08-13T16:57:37+08:00 ] ::1 /index.php?s=/Manage/Zc/get_region_jsdata_new
INFO: [ app_init ] --START--
INFO: Run Behavior\BuildLiteBehavior [ RunTime:0.001986s ]
INFO: [ app_init ] --END-- [ RunTime:0.002970s ]
SQL: SHOW COLUMNS FROM `bestop_payment` [ RunTime:0.0038s ]
NOTIC: [2] Missing argument 1 for Think\Model::where(), called in C:\wamp64\www\gift\trunk\App\Common\Common\other.php on line 552 and defined C:\wamp64\www\gift\trunk\Include\Library\Think\Model.class.php 第 1785 行.
NOTIC: [8] Undefined variable: where C:\wamp64\www\gift\trunk\Include\Library\Think\Model.class.php 第 1793 行.
NOTIC: [8] Undefined variable: where C:\wamp64\www\gift\trunk\Include\Library\Think\Model.class.php 第 1796 行.
NOTIC: [8] Undefined variable: where C:\wamp64\www\gift\trunk\Include\Library\Think\Model.class.php 第 1804 行.
SQL: SELECT `payment_id`,`payment_name`,`payment_type`,`payment_desc`,`payment_config`,`payment_state` FROM `bestop_payment` ORDER BY `payment_order` asc, `payment_id` asc  [ RunTime:0.0009s ]
SQL: SHOW COLUMNS FROM `bestop_config` [ RunTime:0.0010s ]
SQL: SELECT * FROM `bestop_config` WHERE ( name = 'CFG_MOBILE_AUTO' ) LIMIT 1   [ RunTime:0.0005s ]
INFO: [ app_begin ] --START--
INFO: Run Behavior\ReadHtmlCacheBehavior [ RunTime:0.023955s ]
INFO: [ app_begin ] --END-- [ RunTime:0.024216s ]
SQL: SHOW COLUMNS FROM `bestop_region` [ RunTime:0.0010s ]
SQL: SELECT * FROM `bestop_region` WHERE `parent_id` = 1 AND `region_type` = 1 ORDER BY sort asc,region_id asc  [ RunTime:0.0008s ]
SQL: SELECT * FROM `bestop_region` WHERE `parent_id` = 16 AND `region_type` = 2 ORDER BY sort asc,region_id asc  [ RunTime:0.0006s ]
SQL: SELECT * FROM `bestop_region` WHERE `parent_id` = 220 AND `region_type` = 3 ORDER BY sort asc,region_id asc  [ RunTime:0.0004s ]
SQL: SHOW COLUMNS FROM `bestop_event_tongji` [ RunTime:0.0011s ]
SQL: select e.name
                from bestop_event_tongji as t 
                left join bestop_event as e on e.id=t.e_id
                left join bestop_zc as zc on zc.id=t.zc_id
                where zc.area='国寿高淳支公司' [ RunTime:0.0012s ]
SQL: select e.name
                from bestop_event_tongji as t 
                left join bestop_event as e on e.id=t.e_id
                left join bestop_zc as zc on zc.id=t.zc_id
                where zc.area='国寿南京银保营业部' [ RunTime:0.0004s ]
SQL: SELECT * FROM `bestop_region` WHERE `parent_id` = 221 AND `region_type` = 3 ORDER BY sort asc,region_id asc  [ RunTime:0.0003s ]
SQL: SELECT * FROM `bestop_region` WHERE `parent_id` = 222 AND `region_type` = 3 ORDER BY sort asc,region_id asc  [ RunTime:0.0004s ]
SQL: select e.name
                from bestop_event_tongji as t 
                left join bestop_event as e on e.id=t.e_id
                left join bestop_zc as zc on zc.id=t.zc_id
                where zc.area='国寿惠山支公司' [ RunTime:0.0005s ]
SQL: SELECT * FROM `bestop_region` WHERE `parent_id` = 223 AND `region_type` = 3 ORDER BY sort asc,region_id asc  [ RunTime:0.0003s ]
SQL: SELECT * FROM `bestop_region` WHERE `parent_id` = 224 AND `region_type` = 3 ORDER BY sort asc,region_id asc  [ RunTime:0.0003s ]
SQL: SELECT * FROM `bestop_region` WHERE `parent_id` = 225 AND `region_type` = 3 ORDER BY sort asc,region_id asc  [ RunTime:0.0004s ]
SQL: SELECT * FROM `bestop_region` WHERE `parent_id` = 226 AND `region_type` = 3 ORDER BY sort asc,region_id asc  [ RunTime:0.0003s ]
SQL: SELECT * FROM `bestop_region` WHERE `parent_id` = 227 AND `region_type` = 3 ORDER BY sort asc,region_id asc  [ RunTime:0.0003s ]
SQL: SELECT * FROM `bestop_region` WHERE `parent_id` = 228 AND `region_type` = 3 ORDER BY sort asc,region_id asc  [ RunTime:0.0003s ]
SQL: SELECT * FROM `bestop_region` WHERE `parent_id` = 229 AND `region_type` = 3 ORDER BY sort asc,region_id asc  [ RunTime:0.0003s ]
SQL: SELECT * FROM `bestop_region` WHERE `parent_id` = 230 AND `region_type` = 3 ORDER BY sort asc,region_id asc  [ RunTime:0.0004s ]
SQL: SELECT * FROM `bestop_region` WHERE `parent_id` = 231 AND `region_type` = 3 ORDER BY sort asc,region_id asc  [ RunTime:0.0005s ]
SQL: SELECT * FROM `bestop_region` WHERE `parent_id` = 232 AND `region_type` = 3 ORDER BY sort asc,region_id asc  [ RunTime:0.0005s ]

[ 2019-08-13T16:57:42+08:00 ] ::1 /index.php?s=/Manage/Qrcode/index
INFO: [ app_init ] --START--
INFO: Run Behavior\BuildLiteBehavior [ RunTime:0.000066s ]
INFO: [ app_init ] --END-- [ RunTime:0.000415s ]
SQL: SHOW COLUMNS FROM `bestop_payment` [ RunTime:0.0019s ]
NOTIC: [2] Missing argument 1 for Think\Model::where(), called in C:\wamp64\www\gift\trunk\App\Common\Common\other.php on line 552 and defined C:\wamp64\www\gift\trunk\Include\Library\Think\Model.class.php 第 1785 行.
NOTIC: [8] Undefined variable: where C:\wamp64\www\gift\trunk\Include\Library\Think\Model.class.php 第 1793 行.
NOTIC: [8] Undefined variable: where C:\wamp64\www\gift\trunk\Include\Library\Think\Model.class.php 第 1796 行.
NOTIC: [8] Undefined variable: where C:\wamp64\www\gift\trunk\Include\Library\Think\Model.class.php 第 1804 行.
SQL: SELECT `payment_id`,`payment_name`,`payment_type`,`payment_desc`,`payment_config`,`payment_state` FROM `bestop_payment` ORDER BY `payment_order` asc, `payment_id` asc  [ RunTime:0.0006s ]
SQL: SHOW COLUMNS FROM `bestop_config` [ RunTime:0.0011s ]
SQL: SELECT * FROM `bestop_config` WHERE ( name = 'CFG_MOBILE_AUTO' ) LIMIT 1   [ RunTime:0.0005s ]
INFO: [ app_begin ] --START--
INFO: Run Behavior\ReadHtmlCacheBehavior [ RunTime:0.000996s ]
INFO: [ app_begin ] --END-- [ RunTime:0.001273s ]
INFO: [ app_end ] --START--
INFO: Run Behavior\ShowPageTraceBehavior [ RunTime:0.014833s ]
INFO: [ app_end ] --END-- [ RunTime:0.015165s ]

[ 2019-08-13T16:57:42+08:00 ] ::1 /index.php?s=/Manage/Zc/get_region_jsdata
INFO: [ app_init ] --START--
INFO: Run Behavior\BuildLiteBehavior [ RunTime:0.000063s ]
INFO: [ app_init ] --END-- [ RunTime:0.000372s ]
SQL: SHOW COLUMNS FROM `bestop_payment` [ RunTime:0.0010s ]
NOTIC: [2] Missing argument 1 for Think\Model::where(), called in C:\wamp64\www\gift\trunk\App\Common\Common\other.php on line 552 and defined C:\wamp64\www\gift\trunk\Include\Library\Think\Model.class.php 第 1785 行.
NOTIC: [8] Undefined variable: where C:\wamp64\www\gift\trunk\Include\Library\Think\Model.class.php 第 1793 行.
NOTIC: [8] Undefined variable: where C:\wamp64\www\gift\trunk\Include\Library\Think\Model.class.php 第 1796 行.
NOTIC: [8] Undefined variable: where C:\wamp64\www\gift\trunk\Include\Library\Think\Model.class.php 第 1804 行.
SQL: SELECT `payment_id`,`payment_name`,`payment_type`,`payment_desc`,`payment_config`,`payment_state` FROM `bestop_payment` ORDER BY `payment_order` asc, `payment_id` asc  [ RunTime:0.0006s ]
SQL: SHOW COLUMNS FROM `bestop_config` [ RunTime:0.0009s ]
SQL: SELECT * FROM `bestop_config` WHERE ( name = 'CFG_MOBILE_AUTO' ) LIMIT 1   [ RunTime:0.0005s ]
INFO: [ app_begin ] --START--
INFO: Run Behavior\ReadHtmlCacheBehavior [ RunTime:0.001323s ]
INFO: [ app_begin ] --END-- [ RunTime:0.001590s ]
SQL: SHOW COLUMNS FROM `bestop_region` [ RunTime:0.0010s ]
SQL: SELECT * FROM `bestop_region` WHERE `parent_id` = 1 AND `region_type` = 1 ORDER BY sort asc,region_id asc  [ RunTime:0.0007s ]
SQL: SELECT * FROM `bestop_region` WHERE `parent_id` = 16 AND `region_type` = 2 ORDER BY sort asc,region_id asc  [ RunTime:0.0007s ]
SQL: SELECT * FROM `bestop_region` WHERE `parent_id` = 220 AND `region_type` = 3 ORDER BY sort asc,region_id asc  [ RunTime:0.0006s ]
SQL: SELECT * FROM `bestop_region` WHERE `parent_id` = 221 AND `region_type` = 3 ORDER BY sort asc,region_id asc  [ RunTime:0.0005s ]
SQL: SELECT * FROM `bestop_region` WHERE `parent_id` = 222 AND `region_type` = 3 ORDER BY sort asc,region_id asc  [ RunTime:0.0006s ]
SQL: SELECT * FROM `bestop_region` WHERE `parent_id` = 223 AND `region_type` = 3 ORDER BY sort asc,region_id asc  [ RunTime:0.0005s ]
SQL: SELECT * FROM `bestop_region` WHERE `parent_id` = 224 AND `region_type` = 3 ORDER BY sort asc,region_id asc  [ RunTime:0.0005s ]
SQL: SELECT * FROM `bestop_region` WHERE `parent_id` = 225 AND `region_type` = 3 ORDER BY sort asc,region_id asc  [ RunTime:0.0005s ]
SQL: SELECT * FROM `bestop_region` WHERE `parent_id` = 226 AND `region_type` = 3 ORDER BY sort asc,region_id asc  [ RunTime:0.0005s ]
SQL: SELECT * FROM `bestop_region` WHERE `parent_id` = 227 AND `region_type` = 3 ORDER BY sort asc,region_id asc  [ RunTime:0.0005s ]
SQL: SELECT * FROM `bestop_region` WHERE `parent_id` = 228 AND `region_type` = 3 ORDER BY sort asc,region_id asc  [ RunTime:0.0005s ]
SQL: SELECT * FROM `bestop_region` WHERE `parent_id` = 229 AND `region_type` = 3 ORDER BY sort asc,region_id asc  [ RunTime:0.0005s ]
SQL: SELECT * FROM `bestop_region` WHERE `parent_id` = 230 AND `region_type` = 3 ORDER BY sort asc,region_id asc  [ RunTime:0.0005s ]
SQL: SELECT * FROM `bestop_region` WHERE `parent_id` = 231 AND `region_type` = 3 ORDER BY sort asc,region_id asc  [ RunTime:0.0005s ]
SQL: SELECT * FROM `bestop_region` WHERE `parent_id` = 232 AND `region_type` = 3 ORDER BY sort asc,region_id asc  [ RunTime:0.0005s ]

[ 2019-08-13T16:57:42+08:00 ] ::1 /index.php?s=/Manage/Member/index
INFO: [ app_init ] --START--
INFO: Run Behavior\BuildLiteBehavior [ RunTime:0.000073s ]
INFO: [ app_init ] --END-- [ RunTime:0.000361s ]
SQL: SHOW COLUMNS FROM `bestop_payment` [ RunTime:0.0014s ]
NOTIC: [2] Missing argument 1 for Think\Model::where(), called in C:\wamp64\www\gift\trunk\App\Common\Common\other.php on line 552 and defined C:\wamp64\www\gift\trunk\Include\Library\Think\Model.class.php 第 1785 行.
NOTIC: [8] Undefined variable: where C:\wamp64\www\gift\trunk\Include\Library\Think\Model.class.php 第 1793 行.
NOTIC: [8] Undefined variable: where C:\wamp64\www\gift\trunk\Include\Library\Think\Model.class.php 第 1796 行.
NOTIC: [8] Undefined variable: where C:\wamp64\www\gift\trunk\Include\Library\Think\Model.class.php 第 1804 行.
SQL: SELECT `payment_id`,`payment_name`,`payment_type`,`payment_desc`,`payment_config`,`payment_state` FROM `bestop_payment` ORDER BY `payment_order` asc, `payment_id` asc  [ RunTime:0.0006s ]
SQL: SHOW COLUMNS FROM `bestop_config` [ RunTime:0.0010s ]
SQL: SELECT * FROM `bestop_config` WHERE ( name = 'CFG_MOBILE_AUTO' ) LIMIT 1   [ RunTime:0.0005s ]
INFO: [ app_begin ] --START--
INFO: Run Behavior\ReadHtmlCacheBehavior [ RunTime:0.001372s ]
INFO: [ app_begin ] --END-- [ RunTime:0.001731s ]
SQL: SHOW COLUMNS FROM `bestop_member` [ RunTime:0.0014s ]
SQL: SELECT COUNT(*) AS tp_count FROM `bestop_member` WHERE (  1=1  ) LIMIT 1   [ RunTime:0.0004s ]
SQL: SHOW COLUMNS FROM `bestop_member` [ RunTime:0.0011s ]
SQL: SELECT * FROM `bestop_member` WHERE (  1=1  ) ORDER BY id desc LIMIT 0,10   [ RunTime:0.0008s ]
SQL: SELECT COUNT(*) AS tp_count FROM `bestop_member` LIMIT 1   [ RunTime:0.0003s ]
SQL: SELECT COUNT(*) AS tp_count FROM `bestop_member` WHERE ( islock=1  ) LIMIT 1   [ RunTime:0.0018s ]
SQL: SELECT COUNT(*) AS tp_count FROM `bestop_member` WHERE (   islock!=1  ) LIMIT 1   [ RunTime:0.0014s ]
SQL: SELECT COUNT(*) AS tp_count FROM `bestop_member` WHERE ( (zc_id is null) ) LIMIT 1   [ RunTime:0.0012s ]
INFO: [ view_parse ] --START--
INFO: [ template_filter ] --START--
INFO: Run Behavior\ContentReplaceBehavior [ RunTime:0.000325s ]
INFO: [ template_filter ] --END-- [ RunTime:0.000637s ]
SQL: SHOW COLUMNS FROM `bestop_zc` [ RunTime:0.0011s ]
SQL: SELECT * FROM `bestop_zc` WHERE `id` = '73' LIMIT 1   [ RunTime:0.0006s ]
INFO: Run Behavior\ParseTemplateBehavior [ RunTime:0.268797s ]
INFO: [ view_parse ] --END-- [ RunTime:0.269111s ]
INFO: [ view_filter ] --START--
INFO: Run Behavior\WriteHtmlCacheBehavior [ RunTime:0.002496s ]
INFO: [ view_filter ] --END-- [ RunTime:0.002797s ]
INFO: [ app_end ] --START--
INFO: Run Behavior\ShowPageTraceBehavior [ RunTime:0.001448s ]
INFO: [ app_end ] --END-- [ RunTime:0.001748s ]

[ 2019-08-13T16:57:42+08:00 ] ::1 /index.php?s=/Manage/Member/index
INFO: [ app_init ] --START--
INFO: Run Behavior\BuildLiteBehavior [ RunTime:0.000063s ]
INFO: [ app_init ] --END-- [ RunTime:0.000370s ]
SQL: SHOW COLUMNS FROM `bestop_payment` [ RunTime:0.0017s ]
NOTIC: [2] Missing argument 1 for Think\Model::where(), called in C:\wamp64\www\gift\trunk\App\Common\Common\other.php on line 552 and defined C:\wamp64\www\gift\trunk\Include\Library\Think\Model.class.php 第 1785 行.
NOTIC: [8] Undefined variable: where C:\wamp64\www\gift\trunk\Include\Library\Think\Model.class.php 第 1793 行.
NOTIC: [8] Undefined variable: where C:\wamp64\www\gift\trunk\Include\Library\Think\Model.class.php 第 1796 行.
NOTIC: [8] Undefined variable: where C:\wamp64\www\gift\trunk\Include\Library\Think\Model.class.php 第 1804 行.
SQL: SELECT `payment_id`,`payment_name`,`payment_type`,`payment_desc`,`payment_config`,`payment_state` FROM `bestop_payment` ORDER BY `payment_order` asc, `payment_id` asc  [ RunTime:0.0006s ]
SQL: SHOW COLUMNS FROM `bestop_config` [ RunTime:0.0009s ]
SQL: SELECT * FROM `bestop_config` WHERE ( name = 'CFG_MOBILE_AUTO' ) LIMIT 1   [ RunTime:0.0004s ]
INFO: [ app_begin ] --START--
INFO: Run Behavior\ReadHtmlCacheBehavior [ RunTime:0.000995s ]
INFO: [ app_begin ] --END-- [ RunTime:0.001318s ]
SQL: SHOW COLUMNS FROM `bestop_member` [ RunTime:0.0016s ]
SQL: SELECT COUNT(*) AS tp_count FROM `bestop_member` WHERE (  1=1  ) LIMIT 1   [ RunTime:0.0004s ]
SQL: SHOW COLUMNS FROM `bestop_member` [ RunTime:0.0012s ]
SQL: SELECT * FROM `bestop_member` WHERE (  1=1  ) ORDER BY id desc LIMIT 0,10   [ RunTime:0.0008s ]
SQL: SELECT COUNT(*) AS tp_count FROM `bestop_member` LIMIT 1   [ RunTime:0.0003s ]
SQL: SELECT COUNT(*) AS tp_count FROM `bestop_member` WHERE ( islock=1  ) LIMIT 1   [ RunTime:0.0014s ]
SQL: SELECT COUNT(*) AS tp_count FROM `bestop_member` WHERE (   islock!=1  ) LIMIT 1   [ RunTime:0.0014s ]
SQL: SELECT COUNT(*) AS tp_count FROM `bestop_member` WHERE ( (zc_id is null) ) LIMIT 1   [ RunTime:0.0013s ]
INFO: [ view_parse ] --START--
INFO: [ template_filter ] --START--
INFO: Run Behavior\ContentReplaceBehavior [ RunTime:0.000372s ]
INFO: [ template_filter ] --END-- [ RunTime:0.000695s ]
SQL: SHOW COLUMNS FROM `bestop_zc` [ RunTime:0.0013s ]
SQL: SELECT * FROM `bestop_zc` WHERE `id` = '73' LIMIT 1   [ RunTime:0.0006s ]
INFO: Run Behavior\ParseTemplateBehavior [ RunTime:0.148456s ]
INFO: [ view_parse ] --END-- [ RunTime:0.148749s ]
INFO: [ view_filter ] --START--
INFO: Run Behavior\WriteHtmlCacheBehavior [ RunTime:0.001104s ]
INFO: [ view_filter ] --END-- [ RunTime:0.001399s ]
INFO: [ app_end ] --START--
INFO: Run Behavior\ShowPageTraceBehavior [ RunTime:0.001430s ]
INFO: [ app_end ] --END-- [ RunTime:0.001738s ]

[ 2019-08-13T16:57:43+08:00 ] ::1 /index.php?s=/Manage/Index/getParentCate&pid=0&rnd=11553
INFO: [ app_init ] --START--
INFO: Run Behavior\BuildLiteBehavior [ RunTime:0.000062s ]
INFO: [ app_init ] --END-- [ RunTime:0.000371s ]
SQL: SHOW COLUMNS FROM `bestop_payment` [ RunTime:0.0013s ]
NOTIC: [2] Missing argument 1 for Think\Model::where(), called in C:\wamp64\www\gift\trunk\App\Common\Common\other.php on line 552 and defined C:\wamp64\www\gift\trunk\Include\Library\Think\Model.class.php 第 1785 行.
NOTIC: [8] Undefined variable: where C:\wamp64\www\gift\trunk\Include\Library\Think\Model.class.php 第 1793 行.
NOTIC: [8] Undefined variable: where C:\wamp64\www\gift\trunk\Include\Library\Think\Model.class.php 第 1796 行.
NOTIC: [8] Undefined variable: where C:\wamp64\www\gift\trunk\Include\Library\Think\Model.class.php 第 1804 行.
SQL: SELECT `payment_id`,`payment_name`,`payment_type`,`payment_desc`,`payment_config`,`payment_state` FROM `bestop_payment` ORDER BY `payment_order` asc, `payment_id` asc  [ RunTime:0.0005s ]
SQL: SHOW COLUMNS FROM `bestop_config` [ RunTime:0.0010s ]
SQL: SELECT * FROM `bestop_config` WHERE ( name = 'CFG_MOBILE_AUTO' ) LIMIT 1   [ RunTime:0.0005s ]
INFO: [ app_begin ] --START--
INFO: Run Behavior\ReadHtmlCacheBehavior [ RunTime:0.001215s ]
INFO: [ app_begin ] --END-- [ RunTime:0.001470s ]
SQL: SHOW COLUMNS FROM `bestop_category` [ RunTime:0.0015s ]
SQL: SHOW COLUMNS FROM `bestop_model` [ RunTime:0.0012s ]
SQL: SHOW COLUMNS FROM bestop_category [ RunTime:0.0010s ]
SQL: SHOW COLUMNS FROM bestop_category [ RunTime:0.0010s ]
SQL: SELECT COUNT(*) AS tp_count FROM bestop_category category LEFT JOIN bestop_model model ON category.modelid = model.id WHERE category.pid = 0 LIMIT 1   [ RunTime:0.0007s ]
SQL: SHOW COLUMNS FROM bestop_category [ RunTime:0.0009s ]
SQL: SHOW COLUMNS FROM bestop_category [ RunTime:0.0011s ]
SQL: SHOW COLUMNS FROM bestop_category [ RunTime:0.0011s ]
SQL: SHOW COLUMNS FROM bestop_category [ RunTime:0.0011s ]
SQL: SELECT category.id AS id,category.name AS name,category.ename AS ename,category.catpic AS catpic,category.links AS links,category.pid AS pid,category.modelid AS modelid,category.type AS type,category.seotitle AS seotitle,category.keywords AS keywords,category.description AS description,category.template_category AS template_category,category.template_list AS template_list,category.template_show AS template_show,category.status AS status,category.sort AS sort,model.name AS modelname,model.tablename AS tablename FROM bestop_category category LEFT JOIN bestop_model model ON category.modelid = model.id WHERE category.pid = 0 ORDER BY category.sort ASC,category.id ASC  [ RunTime:0.0008s ]
SQL: SHOW COLUMNS FROM bestop_category [ RunTime:0.0010s ]
SQL: SHOW COLUMNS FROM bestop_category [ RunTime:0.0010s ]
SQL: SELECT category.id AS id,category.name AS name,category.ename AS ename,category.catpic AS catpic,category.links AS links,category.pid AS pid,category.modelid AS modelid,category.type AS type,category.seotitle AS seotitle,category.keywords AS keywords,category.description AS description,category.template_category AS template_category,category.template_list AS template_list,category.template_show AS template_show,category.content AS content,category.status AS status,category.sort AS sort,model.name AS modelname,model.tablename AS tablename FROM bestop_category category LEFT JOIN bestop_model model ON category.modelid = model.id WHERE ( pid = 7 )  [ RunTime:0.0006s ]
SQL: SHOW COLUMNS FROM bestop_category [ RunTime:0.0010s ]
SQL: SHOW COLUMNS FROM bestop_category [ RunTime:0.0008s ]
SQL: SELECT category.id AS id,category.name AS name,category.ename AS ename,category.catpic AS catpic,category.links AS links,category.pid AS pid,category.modelid AS modelid,category.type AS type,category.seotitle AS seotitle,category.keywords AS keywords,category.description AS description,category.template_category AS template_category,category.template_list AS template_list,category.template_show AS template_show,category.content AS content,category.status AS status,category.sort AS sort,model.name AS modelname,model.tablename AS tablename FROM bestop_category category LEFT JOIN bestop_model model ON category.modelid = model.id WHERE ( pid = 9 )  [ RunTime:0.0005s ]
SQL: SHOW COLUMNS FROM bestop_category [ RunTime:0.0009s ]
SQL: SHOW COLUMNS FROM bestop_category [ RunTime:0.0010s ]
SQL: SELECT category.id AS id,category.name AS name,category.ename AS ename,category.catpic AS catpic,category.links AS links,category.pid AS pid,category.modelid AS modelid,category.type AS type,category.seotitle AS seotitle,category.keywords AS keywords,category.description AS description,category.template_category AS template_category,category.template_list AS template_list,category.template_show AS template_show,category.content AS content,category.status AS status,category.sort AS sort,model.name AS modelname,model.tablename AS tablename FROM bestop_category category LEFT JOIN bestop_model model ON category.modelid = model.id WHERE ( pid = 8 )  [ RunTime:0.0006s ]

[ 2019-08-13T16:57:43+08:00 ] ::1 /index.php?s=/Manage/Zc/get_region_jsdata
INFO: [ app_init ] --START--
INFO: Run Behavior\BuildLiteBehavior [ RunTime:0.000075s ]
INFO: [ app_init ] --END-- [ RunTime:0.000400s ]
SQL: SHOW COLUMNS FROM `bestop_payment` [ RunTime:0.0016s ]
NOTIC: [2] Missing argument 1 for Think\Model::where(), called in C:\wamp64\www\gift\trunk\App\Common\Common\other.php on line 552 and defined C:\wamp64\www\gift\trunk\Include\Library\Think\Model.class.php 第 1785 行.
NOTIC: [8] Undefined variable: where C:\wamp64\www\gift\trunk\Include\Library\Think\Model.class.php 第 1793 行.
NOTIC: [8] Undefined variable: where C:\wamp64\www\gift\trunk\Include\Library\Think\Model.class.php 第 1796 行.
NOTIC: [8] Undefined variable: where C:\wamp64\www\gift\trunk\Include\Library\Think\Model.class.php 第 1804 行.
SQL: SELECT `payment_id`,`payment_name`,`payment_type`,`payment_desc`,`payment_config`,`payment_state` FROM `bestop_payment` ORDER BY `payment_order` asc, `payment_id` asc  [ RunTime:0.0007s ]
SQL: SHOW COLUMNS FROM `bestop_config` [ RunTime:0.0009s ]
SQL: SELECT * FROM `bestop_config` WHERE ( name = 'CFG_MOBILE_AUTO' ) LIMIT 1   [ RunTime:0.0005s ]
INFO: [ app_begin ] --START--
INFO: Run Behavior\ReadHtmlCacheBehavior [ RunTime:0.001035s ]
INFO: [ app_begin ] --END-- [ RunTime:0.001304s ]
SQL: SHOW COLUMNS FROM `bestop_region` [ RunTime:0.0010s ]
SQL: SELECT * FROM `bestop_region` WHERE `parent_id` = 1 AND `region_type` = 1 ORDER BY sort asc,region_id asc  [ RunTime:0.0006s ]
SQL: SELECT * FROM `bestop_region` WHERE `parent_id` = 16 AND `region_type` = 2 ORDER BY sort asc,region_id asc  [ RunTime:0.0008s ]
SQL: SELECT * FROM `bestop_region` WHERE `parent_id` = 220 AND `region_type` = 3 ORDER BY sort asc,region_id asc  [ RunTime:0.0005s ]
SQL: SELECT * FROM `bestop_region` WHERE `parent_id` = 221 AND `region_type` = 3 ORDER BY sort asc,region_id asc  [ RunTime:0.0004s ]
SQL: SELECT * FROM `bestop_region` WHERE `parent_id` = 222 AND `region_type` = 3 ORDER BY sort asc,region_id asc  [ RunTime:0.0005s ]
SQL: SELECT * FROM `bestop_region` WHERE `parent_id` = 223 AND `region_type` = 3 ORDER BY sort asc,region_id asc  [ RunTime:0.0005s ]
SQL: SELECT * FROM `bestop_region` WHERE `parent_id` = 224 AND `region_type` = 3 ORDER BY sort asc,region_id asc  [ RunTime:0.0004s ]
SQL: SELECT * FROM `bestop_region` WHERE `parent_id` = 225 AND `region_type` = 3 ORDER BY sort asc,region_id asc  [ RunTime:0.0004s ]
SQL: SELECT * FROM `bestop_region` WHERE `parent_id` = 226 AND `region_type` = 3 ORDER BY sort asc,region_id asc  [ RunTime:0.0004s ]
SQL: SELECT * FROM `bestop_region` WHERE `parent_id` = 227 AND `region_type` = 3 ORDER BY sort asc,region_id asc  [ RunTime:0.0004s ]
SQL: SELECT * FROM `bestop_region` WHERE `parent_id` = 228 AND `region_type` = 3 ORDER BY sort asc,region_id asc  [ RunTime:0.0004s ]
SQL: SELECT * FROM `bestop_region` WHERE `parent_id` = 229 AND `region_type` = 3 ORDER BY sort asc,region_id asc  [ RunTime:0.0005s ]
SQL: SELECT * FROM `bestop_region` WHERE `parent_id` = 230 AND `region_type` = 3 ORDER BY sort asc,region_id asc  [ RunTime:0.0004s ]
SQL: SELECT * FROM `bestop_region` WHERE `parent_id` = 231 AND `region_type` = 3 ORDER BY sort asc,region_id asc  [ RunTime:0.0004s ]
SQL: SELECT * FROM `bestop_region` WHERE `parent_id` = 232 AND `region_type` = 3 ORDER BY sort asc,region_id asc  [ RunTime:0.0005s ]

