[ 2019-07-31T19:17:59+08:00 ] ::1 /
INFO: [ app_init ] --START--
INFO: Run Behavior\BuildLiteBehavior [ RunTime:0.000051s ]
INFO: [ app_init ] --END-- [ RunTime:0.000247s ]
SQL: SHOW COLUMNS FROM `bestop_payment` [ RunTime:0.0009s ]
NOTIC: [2] Missing argument 1 for Think\Model::where(), called in C:\wamp64\www\gift\trunk\App\Common\Common\other.php on line 552 and defined C:\wamp64\www\gift\trunk\Include\Library\Think\Model.class.php 第 1785 行.
NOTIC: [8] Undefined variable: where C:\wamp64\www\gift\trunk\Include\Library\Think\Model.class.php 第 1793 行.
NOTIC: [8] Undefined variable: where C:\wamp64\www\gift\trunk\Include\Library\Think\Model.class.php 第 1796 行.
NOTIC: [8] Undefined variable: where C:\wamp64\www\gift\trunk\Include\Library\Think\Model.class.php 第 1804 行.
SQL: SELECT `payment_id`,`payment_name`,`payment_type`,`payment_desc`,`payment_config`,`payment_state` FROM `bestop_payment` ORDER BY `payment_order` asc, `payment_id` asc  [ RunTime:0.0004s ]
SQL: SHOW COLUMNS FROM `bestop_config` [ RunTime:0.0008s ]
SQL: SELECT * FROM `bestop_config` WHERE ( name = 'CFG_MOBILE_AUTO' ) LIMIT 1   [ RunTime:0.0004s ]
INFO: [ app_begin ] --START--
INFO: Run Behavior\ReadHtmlCacheBehavior [ RunTime:0.017502s ]
INFO: [ app_begin ] --END-- [ RunTime:0.017669s ]
INFO: [ view_parse ] --START--
INFO: [ template_filter ] --START--
INFO: Run Behavior\ContentReplaceBehavior [ RunTime:0.000362s ]
INFO: [ template_filter ] --END-- [ RunTime:0.000787s ]
INFO: Run Behavior\ParseTemplateBehavior [ RunTime:0.631801s ]
INFO: [ view_parse ] --END-- [ RunTime:0.632165s ]
INFO: [ view_filter ] --START--
INFO: Run Behavior\WriteHtmlCacheBehavior [ RunTime:0.021727s ]
INFO: [ view_filter ] --END-- [ RunTime:0.022100s ]
INFO: [ app_end ] --START--
INFO: Run Behavior\ShowPageTraceBehavior [ RunTime:0.018299s ]
INFO: [ app_end ] --END-- [ RunTime:0.018615s ]

[ 2019-07-31T19:18:16+08:00 ] ::1 /
INFO: [ app_init ] --START--
INFO: Run Behavior\BuildLiteBehavior [ RunTime:0.000104s ]
INFO: [ app_init ] --END-- [ RunTime:0.000498s ]
SQL: SHOW COLUMNS FROM `bestop_payment` [ RunTime:0.0010s ]
NOTIC: [2] Missing argument 1 for Think\Model::where(), called in C:\wamp64\www\gift\trunk\App\Common\Common\other.php on line 552 and defined C:\wamp64\www\gift\trunk\Include\Library\Think\Model.class.php 第 1785 行.
NOTIC: [8] Undefined variable: where C:\wamp64\www\gift\trunk\Include\Library\Think\Model.class.php 第 1793 行.
NOTIC: [8] Undefined variable: where C:\wamp64\www\gift\trunk\Include\Library\Think\Model.class.php 第 1796 行.
NOTIC: [8] Undefined variable: where C:\wamp64\www\gift\trunk\Include\Library\Think\Model.class.php 第 1804 行.
SQL: SELECT `payment_id`,`payment_name`,`payment_type`,`payment_desc`,`payment_config`,`payment_state` FROM `bestop_payment` ORDER BY `payment_order` asc, `payment_id` asc  [ RunTime:0.0006s ]
SQL: SHOW COLUMNS FROM `bestop_config` [ RunTime:0.0012s ]
SQL: SELECT * FROM `bestop_config` WHERE ( name = 'CFG_MOBILE_AUTO' ) LIMIT 1   [ RunTime:0.0009s ]
INFO: [ app_begin ] --START--
INFO: Run Behavior\ReadHtmlCacheBehavior [ RunTime:0.000998s ]
INFO: [ app_begin ] --END-- [ RunTime:0.001202s ]
INFO: [ view_parse ] --START--
INFO: [ template_filter ] --START--
INFO: Run Behavior\ContentReplaceBehavior [ RunTime:0.000121s ]
INFO: [ template_filter ] --END-- [ RunTime:0.000441s ]
INFO: Run Behavior\ParseTemplateBehavior [ RunTime:0.022453s ]
INFO: [ view_parse ] --END-- [ RunTime:0.022771s ]
INFO: [ view_filter ] --START--
INFO: Run Behavior\WriteHtmlCacheBehavior [ RunTime:0.000799s ]
INFO: [ view_filter ] --END-- [ RunTime:0.001028s ]
INFO: [ app_end ] --START--
INFO: Run Behavior\ShowPageTraceBehavior [ RunTime:0.000774s ]
INFO: [ app_end ] --END-- [ RunTime:0.000984s ]

