[ 2019-06-26T21:01:00+08:00 ] 127.0.0.1 /waibao/present/trunk/index.php
INFO: [ app_init ] --START--
INFO: Run Behavior\BuildLiteBehavior [ RunTime:0.000012s ]
INFO: [ app_init ] --END-- [ RunTime:0.000062s ]
SQL: SHOW COLUMNS FROM `bestop_payment` [ RunTime:0.0019s ]
NOTIC: [2] Missing argument 1 for Think\Model::where(), called in /Applications/MAMP/htdocs/waibao/present/trunk/App/Common/Common/other.php on line 552 and defined /Applications/MAMP/htdocs/waibao/present/trunk/Include/Library/Think/Model.class.php 第 1785 行.
NOTIC: [8] Undefined variable: where /Applications/MAMP/htdocs/waibao/present/trunk/Include/Library/Think/Model.class.php 第 1793 行.
NOTIC: [8] Undefined variable: where /Applications/MAMP/htdocs/waibao/present/trunk/Include/Library/Think/Model.class.php 第 1796 行.
NOTIC: [8] Undefined variable: where /Applications/MAMP/htdocs/waibao/present/trunk/Include/Library/Think/Model.class.php 第 1804 行.
SQL: SELECT `payment_id`,`payment_name`,`payment_type`,`payment_desc`,`payment_config`,`payment_state` FROM `bestop_payment` ORDER BY `payment_order` asc, `payment_id` asc  [ RunTime:0.0005s ]
SQL: SHOW COLUMNS FROM `bestop_meta` [ RunTime:0.0041s ]
SQL: SELECT `name`,`value` FROM `bestop_meta`  [ RunTime:0.0005s ]
SQL: SHOW COLUMNS FROM `bestop_config` [ RunTime:0.0028s ]
SQL: SELECT * FROM `bestop_config` WHERE ( name = 'CFG_MOBILE_AUTO' ) LIMIT 1   [ RunTime:0.0006s ]
INFO: [ app_begin ] --START--
INFO: Run Behavior\ReadHtmlCacheBehavior [ RunTime:0.041305s ]
INFO: [ app_begin ] --END-- [ RunTime:0.041401s ]
INFO: [ view_parse ] --START--
INFO: [ template_filter ] --START--
INFO: Run Behavior\ContentReplaceBehavior [ RunTime:0.000040s ]
INFO: [ template_filter ] --END-- [ RunTime:0.000111s ]
INFO: Run Behavior\ParseTemplateBehavior [ RunTime:0.011166s ]
INFO: [ view_parse ] --END-- [ RunTime:0.011241s ]
INFO: [ view_filter ] --START--
INFO: Run Behavior\WriteHtmlCacheBehavior [ RunTime:0.000361s ]
INFO: [ view_filter ] --END-- [ RunTime:0.000413s ]
INFO: [ app_end ] --START--
INFO: Run Behavior\ShowPageTraceBehavior [ RunTime:0.000669s ]
INFO: [ app_end ] --END-- [ RunTime:0.000720s ]

[ 2019-06-26T21:02:50+08:00 ] 127.0.0.1 /waibao/present/trunk/index.php
INFO: [ app_init ] --START--
INFO: Run Behavior\BuildLiteBehavior [ RunTime:0.000012s ]
INFO: [ app_init ] --END-- [ RunTime:0.000067s ]
SQL: SHOW COLUMNS FROM `bestop_payment` [ RunTime:0.0021s ]
NOTIC: [2] Missing argument 1 for Think\Model::where(), called in /Applications/MAMP/htdocs/waibao/present/trunk/App/Common/Common/other.php on line 552 and defined /Applications/MAMP/htdocs/waibao/present/trunk/Include/Library/Think/Model.class.php 第 1785 行.
NOTIC: [8] Undefined variable: where /Applications/MAMP/htdocs/waibao/present/trunk/Include/Library/Think/Model.class.php 第 1793 行.
NOTIC: [8] Undefined variable: where /Applications/MAMP/htdocs/waibao/present/trunk/Include/Library/Think/Model.class.php 第 1796 行.
NOTIC: [8] Undefined variable: where /Applications/MAMP/htdocs/waibao/present/trunk/Include/Library/Think/Model.class.php 第 1804 行.
SQL: SELECT `payment_id`,`payment_name`,`payment_type`,`payment_desc`,`payment_config`,`payment_state` FROM `bestop_payment` ORDER BY `payment_order` asc, `payment_id` asc  [ RunTime:0.0004s ]
SQL: SHOW COLUMNS FROM `bestop_config` [ RunTime:0.0017s ]
SQL: SELECT * FROM `bestop_config` WHERE ( name = 'CFG_MOBILE_AUTO' ) LIMIT 1   [ RunTime:0.0005s ]
INFO: [ app_begin ] --START--
INFO: Run Behavior\ReadHtmlCacheBehavior [ RunTime:0.040438s ]
INFO: [ app_begin ] --END-- [ RunTime:0.040531s ]
INFO: [ view_parse ] --START--
INFO: [ template_filter ] --START--
INFO: Run Behavior\ContentReplaceBehavior [ RunTime:0.000040s ]
INFO: [ template_filter ] --END-- [ RunTime:0.000114s ]
INFO: Run Behavior\ParseTemplateBehavior [ RunTime:0.010378s ]
INFO: [ view_parse ] --END-- [ RunTime:0.010454s ]
INFO: [ view_filter ] --START--
INFO: Run Behavior\WriteHtmlCacheBehavior [ RunTime:0.000356s ]
INFO: [ view_filter ] --END-- [ RunTime:0.000408s ]
INFO: [ app_end ] --START--
INFO: Run Behavior\ShowPageTraceBehavior [ RunTime:0.000646s ]
INFO: [ app_end ] --END-- [ RunTime:0.000701s ]

[ 2019-06-26T21:02:57+08:00 ] 127.0.0.1 /waibao/present/trunk/index.php
INFO: [ app_init ] --START--
INFO: Run Behavior\BuildLiteBehavior [ RunTime:0.000013s ]
INFO: [ app_init ] --END-- [ RunTime:0.000060s ]
SQL: SHOW COLUMNS FROM `bestop_payment` [ RunTime:0.0025s ]
NOTIC: [2] Missing argument 1 for Think\Model::where(), called in /Applications/MAMP/htdocs/waibao/present/trunk/App/Common/Common/other.php on line 552 and defined /Applications/MAMP/htdocs/waibao/present/trunk/Include/Library/Think/Model.class.php 第 1785 行.
NOTIC: [8] Undefined variable: where /Applications/MAMP/htdocs/waibao/present/trunk/Include/Library/Think/Model.class.php 第 1793 行.
NOTIC: [8] Undefined variable: where /Applications/MAMP/htdocs/waibao/present/trunk/Include/Library/Think/Model.class.php 第 1796 行.
NOTIC: [8] Undefined variable: where /Applications/MAMP/htdocs/waibao/present/trunk/Include/Library/Think/Model.class.php 第 1804 行.
SQL: SELECT `payment_id`,`payment_name`,`payment_type`,`payment_desc`,`payment_config`,`payment_state` FROM `bestop_payment` ORDER BY `payment_order` asc, `payment_id` asc  [ RunTime:0.0004s ]
SQL: SHOW COLUMNS FROM `bestop_config` [ RunTime:0.0016s ]
SQL: SELECT * FROM `bestop_config` WHERE ( name = 'CFG_MOBILE_AUTO' ) LIMIT 1   [ RunTime:0.0004s ]
INFO: [ app_begin ] --START--
INFO: Run Behavior\ReadHtmlCacheBehavior [ RunTime:0.000460s ]
INFO: [ app_begin ] --END-- [ RunTime:0.000506s ]
INFO: [ view_parse ] --START--
INFO: [ template_filter ] --START--
INFO: Run Behavior\ContentReplaceBehavior [ RunTime:0.000035s ]
INFO: [ template_filter ] --END-- [ RunTime:0.000097s ]
INFO: Run Behavior\ParseTemplateBehavior [ RunTime:0.046267s ]
INFO: [ view_parse ] --END-- [ RunTime:0.046368s ]
INFO: [ view_filter ] --START--
INFO: Run Behavior\WriteHtmlCacheBehavior [ RunTime:0.000314s ]
INFO: [ view_filter ] --END-- [ RunTime:0.000402s ]
INFO: [ app_end ] --START--
INFO: Run Behavior\ShowPageTraceBehavior [ RunTime:0.000552s ]
INFO: [ app_end ] --END-- [ RunTime:0.000614s ]

[ 2019-06-26T21:04:20+08:00 ] 127.0.0.1 /waibao/present/trunk/
INFO: [ app_init ] --START--
INFO: Run Behavior\BuildLiteBehavior [ RunTime:0.000012s ]
INFO: [ app_init ] --END-- [ RunTime:0.000056s ]
SQL: SHOW COLUMNS FROM `bestop_payment` [ RunTime:0.0016s ]
NOTIC: [2] Missing argument 1 for Think\Model::where(), called in /Applications/MAMP/htdocs/waibao/present/trunk/App/Common/Common/other.php on line 552 and defined /Applications/MAMP/htdocs/waibao/present/trunk/Include/Library/Think/Model.class.php 第 1785 行.
NOTIC: [8] Undefined variable: where /Applications/MAMP/htdocs/waibao/present/trunk/Include/Library/Think/Model.class.php 第 1793 行.
NOTIC: [8] Undefined variable: where /Applications/MAMP/htdocs/waibao/present/trunk/Include/Library/Think/Model.class.php 第 1796 行.
NOTIC: [8] Undefined variable: where /Applications/MAMP/htdocs/waibao/present/trunk/Include/Library/Think/Model.class.php 第 1804 行.
SQL: SELECT `payment_id`,`payment_name`,`payment_type`,`payment_desc`,`payment_config`,`payment_state` FROM `bestop_payment` ORDER BY `payment_order` asc, `payment_id` asc  [ RunTime:0.0004s ]
SQL: SHOW COLUMNS FROM `bestop_config` [ RunTime:0.0015s ]
SQL: SELECT * FROM `bestop_config` WHERE ( name = 'CFG_MOBILE_AUTO' ) LIMIT 1   [ RunTime:0.0004s ]
INFO: [ app_begin ] --START--
INFO: Run Behavior\ReadHtmlCacheBehavior [ RunTime:0.000476s ]
INFO: [ app_begin ] --END-- [ RunTime:0.000520s ]
INFO: [ view_parse ] --START--
INFO: [ template_filter ] --START--
INFO: Run Behavior\ContentReplaceBehavior [ RunTime:0.000073s ]
INFO: [ template_filter ] --END-- [ RunTime:0.000221s ]
INFO: Run Behavior\ParseTemplateBehavior [ RunTime:0.048506s ]
INFO: [ view_parse ] --END-- [ RunTime:0.048607s ]
INFO: [ view_filter ] --START--
INFO: Run Behavior\WriteHtmlCacheBehavior [ RunTime:0.000266s ]
INFO: [ view_filter ] --END-- [ RunTime:0.000342s ]
INFO: [ app_end ] --START--
INFO: Run Behavior\ShowPageTraceBehavior [ RunTime:0.000789s ]
INFO: [ app_end ] --END-- [ RunTime:0.000872s ]

[ 2019-06-26T21:07:16+08:00 ] 127.0.0.1 /waibao/present/trunk/
INFO: [ app_init ] --START--
INFO: Run Behavior\BuildLiteBehavior [ RunTime:0.000012s ]
INFO: [ app_init ] --END-- [ RunTime:0.000067s ]
SQL: SHOW COLUMNS FROM `bestop_payment` [ RunTime:0.0016s ]
NOTIC: [2] Missing argument 1 for Think\Model::where(), called in /Applications/MAMP/htdocs/waibao/present/trunk/App/Common/Common/other.php on line 552 and defined /Applications/MAMP/htdocs/waibao/present/trunk/Include/Library/Think/Model.class.php 第 1785 行.
NOTIC: [8] Undefined variable: where /Applications/MAMP/htdocs/waibao/present/trunk/Include/Library/Think/Model.class.php 第 1793 行.
NOTIC: [8] Undefined variable: where /Applications/MAMP/htdocs/waibao/present/trunk/Include/Library/Think/Model.class.php 第 1796 行.
NOTIC: [8] Undefined variable: where /Applications/MAMP/htdocs/waibao/present/trunk/Include/Library/Think/Model.class.php 第 1804 行.
SQL: SELECT `payment_id`,`payment_name`,`payment_type`,`payment_desc`,`payment_config`,`payment_state` FROM `bestop_payment` ORDER BY `payment_order` asc, `payment_id` asc  [ RunTime:0.0004s ]
SQL: SHOW COLUMNS FROM `bestop_config` [ RunTime:0.0022s ]
SQL: SELECT * FROM `bestop_config` WHERE ( name = 'CFG_MOBILE_AUTO' ) LIMIT 1   [ RunTime:0.0004s ]
INFO: [ app_begin ] --START--
INFO: Run Behavior\ReadHtmlCacheBehavior [ RunTime:0.040203s ]
INFO: [ app_begin ] --END-- [ RunTime:0.040291s ]
INFO: [ view_parse ] --START--
INFO: [ template_filter ] --START--
INFO: Run Behavior\ContentReplaceBehavior [ RunTime:0.000050s ]
INFO: [ template_filter ] --END-- [ RunTime:0.000125s ]
INFO: Run Behavior\ParseTemplateBehavior [ RunTime:0.010226s ]
INFO: [ view_parse ] --END-- [ RunTime:0.010301s ]
INFO: [ view_filter ] --START--
INFO: Run Behavior\WriteHtmlCacheBehavior [ RunTime:0.000344s ]
INFO: [ view_filter ] --END-- [ RunTime:0.000397s ]
INFO: [ app_end ] --START--
INFO: Run Behavior\ShowPageTraceBehavior [ RunTime:0.000676s ]
INFO: [ app_end ] --END-- [ RunTime:0.000735s ]

[ 2019-06-26T21:11:14+08:00 ] 127.0.0.1 /waibao/present/trunk/
INFO: [ app_init ] --START--
INFO: Run Behavior\BuildLiteBehavior [ RunTime:0.000013s ]
INFO: [ app_init ] --END-- [ RunTime:0.000062s ]
SQL: SHOW COLUMNS FROM `bestop_payment` [ RunTime:0.0016s ]
NOTIC: [2] Missing argument 1 for Think\Model::where(), called in /Applications/MAMP/htdocs/waibao/present/trunk/App/Common/Common/other.php on line 552 and defined /Applications/MAMP/htdocs/waibao/present/trunk/Include/Library/Think/Model.class.php 第 1785 行.
NOTIC: [8] Undefined variable: where /Applications/MAMP/htdocs/waibao/present/trunk/Include/Library/Think/Model.class.php 第 1793 行.
NOTIC: [8] Undefined variable: where /Applications/MAMP/htdocs/waibao/present/trunk/Include/Library/Think/Model.class.php 第 1796 行.
NOTIC: [8] Undefined variable: where /Applications/MAMP/htdocs/waibao/present/trunk/Include/Library/Think/Model.class.php 第 1804 行.
SQL: SELECT `payment_id`,`payment_name`,`payment_type`,`payment_desc`,`payment_config`,`payment_state` FROM `bestop_payment` ORDER BY `payment_order` asc, `payment_id` asc  [ RunTime:0.0004s ]
SQL: SHOW COLUMNS FROM `bestop_config` [ RunTime:0.0017s ]
SQL: SELECT * FROM `bestop_config` WHERE ( name = 'CFG_MOBILE_AUTO' ) LIMIT 1   [ RunTime:0.0004s ]
INFO: [ app_begin ] --START--
INFO: Run Behavior\ReadHtmlCacheBehavior [ RunTime:0.000476s ]
INFO: [ app_begin ] --END-- [ RunTime:0.000522s ]
INFO: [ view_parse ] --START--
INFO: [ template_filter ] --START--
INFO: Run Behavior\ContentReplaceBehavior [ RunTime:0.000035s ]
INFO: [ template_filter ] --END-- [ RunTime:0.000097s ]
INFO: Run Behavior\ParseTemplateBehavior [ RunTime:0.047086s ]
INFO: [ view_parse ] --END-- [ RunTime:0.047192s ]
INFO: [ view_filter ] --START--
INFO: Run Behavior\WriteHtmlCacheBehavior [ RunTime:0.000265s ]
INFO: [ view_filter ] --END-- [ RunTime:0.000343s ]
INFO: [ app_end ] --START--
INFO: Run Behavior\ShowPageTraceBehavior [ RunTime:0.000800s ]
INFO: [ app_end ] --END-- [ RunTime:0.000884s ]

[ 2019-06-26T21:16:44+08:00 ] 127.0.0.1 /waibao/present/trunk/index.php?s=/Home/Event/index/id/4
INFO: [ app_init ] --START--
INFO: Run Behavior\BuildLiteBehavior [ RunTime:0.000011s ]
INFO: [ app_init ] --END-- [ RunTime:0.000056s ]
SQL: SHOW COLUMNS FROM `bestop_payment` [ RunTime:0.0028s ]
NOTIC: [2] Missing argument 1 for Think\Model::where(), called in /Applications/MAMP/htdocs/waibao/present/trunk/App/Common/Common/other.php on line 552 and defined /Applications/MAMP/htdocs/waibao/present/trunk/Include/Library/Think/Model.class.php 第 1785 行.
NOTIC: [8] Undefined variable: where /Applications/MAMP/htdocs/waibao/present/trunk/Include/Library/Think/Model.class.php 第 1793 行.
NOTIC: [8] Undefined variable: where /Applications/MAMP/htdocs/waibao/present/trunk/Include/Library/Think/Model.class.php 第 1796 行.
NOTIC: [8] Undefined variable: where /Applications/MAMP/htdocs/waibao/present/trunk/Include/Library/Think/Model.class.php 第 1804 行.
SQL: SELECT `payment_id`,`payment_name`,`payment_type`,`payment_desc`,`payment_config`,`payment_state` FROM `bestop_payment` ORDER BY `payment_order` asc, `payment_id` asc  [ RunTime:0.0004s ]
SQL: SHOW COLUMNS FROM `bestop_meta` [ RunTime:0.0029s ]
SQL: SELECT `name`,`value` FROM `bestop_meta`  [ RunTime:0.0004s ]
SQL: SHOW COLUMNS FROM `bestop_config` [ RunTime:0.0030s ]
SQL: SELECT * FROM `bestop_config` WHERE ( name = 'CFG_MOBILE_AUTO' ) LIMIT 1   [ RunTime:0.0004s ]
INFO: [ app_begin ] --START--
INFO: Run Behavior\ReadHtmlCacheBehavior [ RunTime:0.000509s ]
INFO: [ app_begin ] --END-- [ RunTime:0.000561s ]
SQL: SHOW COLUMNS FROM `bestop_event` [ RunTime:0.0023s ]
SQL: SELECT * FROM `bestop_event` WHERE `id` = 4 LIMIT 1   [ RunTime:0.0004s ]
NOTIC: [8] ob_clean(): failed to delete buffer. No buffer to delete /Applications/MAMP/htdocs/waibao/present/trunk/App/Home/Controller/EventController.class.php 第 37 行.

[ 2019-06-26T21:17:09+08:00 ] 127.0.0.1 /waibao/present/trunk/index.php?s=/Home/Index/index
INFO: [ app_init ] --START--
INFO: Run Behavior\BuildLiteBehavior [ RunTime:0.000012s ]
INFO: [ app_init ] --END-- [ RunTime:0.000058s ]
SQL: SHOW COLUMNS FROM `bestop_payment` [ RunTime:0.0028s ]
NOTIC: [2] Missing argument 1 for Think\Model::where(), called in /Applications/MAMP/htdocs/waibao/present/trunk/App/Common/Common/other.php on line 552 and defined /Applications/MAMP/htdocs/waibao/present/trunk/Include/Library/Think/Model.class.php 第 1785 行.
NOTIC: [8] Undefined variable: where /Applications/MAMP/htdocs/waibao/present/trunk/Include/Library/Think/Model.class.php 第 1793 行.
NOTIC: [8] Undefined variable: where /Applications/MAMP/htdocs/waibao/present/trunk/Include/Library/Think/Model.class.php 第 1796 行.
NOTIC: [8] Undefined variable: where /Applications/MAMP/htdocs/waibao/present/trunk/Include/Library/Think/Model.class.php 第 1804 行.
SQL: SELECT `payment_id`,`payment_name`,`payment_type`,`payment_desc`,`payment_config`,`payment_state` FROM `bestop_payment` ORDER BY `payment_order` asc, `payment_id` asc  [ RunTime:0.0004s ]
SQL: SHOW COLUMNS FROM `bestop_config` [ RunTime:0.0015s ]
SQL: SELECT * FROM `bestop_config` WHERE ( name = 'CFG_MOBILE_AUTO' ) LIMIT 1   [ RunTime:0.0003s ]
INFO: [ app_begin ] --START--
INFO: Run Behavior\ReadHtmlCacheBehavior [ RunTime:0.000462s ]
INFO: [ app_begin ] --END-- [ RunTime:0.000507s ]
INFO: [ view_parse ] --START--
INFO: [ template_filter ] --START--
INFO: Run Behavior\ContentReplaceBehavior [ RunTime:0.000087s ]
INFO: [ template_filter ] --END-- [ RunTime:0.000231s ]
INFO: Run Behavior\ParseTemplateBehavior [ RunTime:0.010684s ]
INFO: [ view_parse ] --END-- [ RunTime:0.010767s ]
INFO: [ view_filter ] --START--
INFO: Run Behavior\WriteHtmlCacheBehavior [ RunTime:0.000206s ]
INFO: [ view_filter ] --END-- [ RunTime:0.000254s ]
INFO: [ app_end ] --START--
INFO: Run Behavior\ShowPageTraceBehavior [ RunTime:0.000461s ]
INFO: [ app_end ] --END-- [ RunTime:0.000506s ]

[ 2019-06-26T21:17:42+08:00 ] 127.0.0.1 /waibao/present/trunk/index.php?s=/Home/Wenjuan/index
INFO: [ app_init ] --START--
INFO: Run Behavior\BuildLiteBehavior [ RunTime:0.000015s ]
INFO: [ app_init ] --END-- [ RunTime:0.000088s ]
SQL: SHOW COLUMNS FROM `bestop_payment` [ RunTime:0.0016s ]
NOTIC: [2] Missing argument 1 for Think\Model::where(), called in /Applications/MAMP/htdocs/waibao/present/trunk/App/Common/Common/other.php on line 552 and defined /Applications/MAMP/htdocs/waibao/present/trunk/Include/Library/Think/Model.class.php 第 1785 行.
NOTIC: [8] Undefined variable: where /Applications/MAMP/htdocs/waibao/present/trunk/Include/Library/Think/Model.class.php 第 1793 行.
NOTIC: [8] Undefined variable: where /Applications/MAMP/htdocs/waibao/present/trunk/Include/Library/Think/Model.class.php 第 1796 行.
NOTIC: [8] Undefined variable: where /Applications/MAMP/htdocs/waibao/present/trunk/Include/Library/Think/Model.class.php 第 1804 行.
SQL: SELECT `payment_id`,`payment_name`,`payment_type`,`payment_desc`,`payment_config`,`payment_state` FROM `bestop_payment` ORDER BY `payment_order` asc, `payment_id` asc  [ RunTime:0.0004s ]
SQL: SHOW COLUMNS FROM `bestop_config` [ RunTime:0.0016s ]
SQL: SELECT * FROM `bestop_config` WHERE ( name = 'CFG_MOBILE_AUTO' ) LIMIT 1   [ RunTime:0.0004s ]
INFO: [ app_begin ] --START--
INFO: Run Behavior\ReadHtmlCacheBehavior [ RunTime:0.000480s ]
INFO: [ app_begin ] --END-- [ RunTime:0.000529s ]
INFO: [ view_parse ] --START--
INFO: [ template_filter ] --START--
INFO: Run Behavior\ContentReplaceBehavior [ RunTime:0.000040s ]
INFO: [ template_filter ] --END-- [ RunTime:0.000095s ]
INFO: Run Behavior\ParseTemplateBehavior [ RunTime:0.011672s ]
INFO: [ view_parse ] --END-- [ RunTime:0.011745s ]
INFO: [ view_filter ] --START--
INFO: Run Behavior\WriteHtmlCacheBehavior [ RunTime:0.000141s ]
INFO: [ view_filter ] --END-- [ RunTime:0.000179s ]

[ 2019-06-26T21:17:45+08:00 ] 127.0.0.1 /waibao/present/trunk/index.php/
INFO: [ app_init ] --START--
INFO: Run Behavior\BuildLiteBehavior [ RunTime:0.000011s ]
INFO: [ app_init ] --END-- [ RunTime:0.000057s ]
SQL: SHOW COLUMNS FROM `bestop_payment` [ RunTime:0.0016s ]
NOTIC: [2] Missing argument 1 for Think\Model::where(), called in /Applications/MAMP/htdocs/waibao/present/trunk/App/Common/Common/other.php on line 552 and defined /Applications/MAMP/htdocs/waibao/present/trunk/Include/Library/Think/Model.class.php 第 1785 行.
NOTIC: [8] Undefined variable: where /Applications/MAMP/htdocs/waibao/present/trunk/Include/Library/Think/Model.class.php 第 1793 行.
NOTIC: [8] Undefined variable: where /Applications/MAMP/htdocs/waibao/present/trunk/Include/Library/Think/Model.class.php 第 1796 行.
NOTIC: [8] Undefined variable: where /Applications/MAMP/htdocs/waibao/present/trunk/Include/Library/Think/Model.class.php 第 1804 行.
SQL: SELECT `payment_id`,`payment_name`,`payment_type`,`payment_desc`,`payment_config`,`payment_state` FROM `bestop_payment` ORDER BY `payment_order` asc, `payment_id` asc  [ RunTime:0.0004s ]
SQL: SHOW COLUMNS FROM `bestop_config` [ RunTime:0.0018s ]
SQL: SELECT * FROM `bestop_config` WHERE ( name = 'CFG_MOBILE_AUTO' ) LIMIT 1   [ RunTime:0.0004s ]
INFO: [ app_begin ] --START--
INFO: Run Behavior\ReadHtmlCacheBehavior [ RunTime:0.000474s ]
INFO: [ app_begin ] --END-- [ RunTime:0.000524s ]
INFO: [ view_parse ] --START--
INFO: [ template_filter ] --START--
INFO: Run Behavior\ContentReplaceBehavior [ RunTime:0.000038s ]
INFO: [ template_filter ] --END-- [ RunTime:0.000102s ]
INFO: Run Behavior\ParseTemplateBehavior [ RunTime:0.049309s ]
INFO: [ view_parse ] --END-- [ RunTime:0.049417s ]
INFO: [ view_filter ] --START--
INFO: Run Behavior\WriteHtmlCacheBehavior [ RunTime:0.000291s ]
INFO: [ view_filter ] --END-- [ RunTime:0.000366s ]
INFO: [ app_end ] --START--
INFO: Run Behavior\ShowPageTraceBehavior [ RunTime:0.000775s ]
INFO: [ app_end ] --END-- [ RunTime:0.000848s ]

[ 2019-06-26T21:18:01+08:00 ] 127.0.0.1 /waibao/present/trunk/index.php/
INFO: [ app_init ] --START--
INFO: Run Behavior\BuildLiteBehavior [ RunTime:0.000012s ]
INFO: [ app_init ] --END-- [ RunTime:0.000060s ]
SQL: SHOW COLUMNS FROM `bestop_payment` [ RunTime:0.0031s ]
NOTIC: [2] Missing argument 1 for Think\Model::where(), called in /Applications/MAMP/htdocs/waibao/present/trunk/App/Common/Common/other.php on line 552 and defined /Applications/MAMP/htdocs/waibao/present/trunk/Include/Library/Think/Model.class.php 第 1785 行.
NOTIC: [8] Undefined variable: where /Applications/MAMP/htdocs/waibao/present/trunk/Include/Library/Think/Model.class.php 第 1793 行.
NOTIC: [8] Undefined variable: where /Applications/MAMP/htdocs/waibao/present/trunk/Include/Library/Think/Model.class.php 第 1796 行.
NOTIC: [8] Undefined variable: where /Applications/MAMP/htdocs/waibao/present/trunk/Include/Library/Think/Model.class.php 第 1804 行.
SQL: SELECT `payment_id`,`payment_name`,`payment_type`,`payment_desc`,`payment_config`,`payment_state` FROM `bestop_payment` ORDER BY `payment_order` asc, `payment_id` asc  [ RunTime:0.0004s ]
SQL: SHOW COLUMNS FROM `bestop_config` [ RunTime:0.0017s ]
SQL: SELECT * FROM `bestop_config` WHERE ( name = 'CFG_MOBILE_AUTO' ) LIMIT 1   [ RunTime:0.0004s ]
INFO: [ app_begin ] --START--
INFO: Run Behavior\ReadHtmlCacheBehavior [ RunTime:0.000469s ]
INFO: [ app_begin ] --END-- [ RunTime:0.000515s ]
INFO: [ view_parse ] --START--
INFO: [ template_filter ] --START--
INFO: Run Behavior\ContentReplaceBehavior [ RunTime:0.000035s ]
INFO: [ template_filter ] --END-- [ RunTime:0.000097s ]
INFO: Run Behavior\ParseTemplateBehavior [ RunTime:0.046767s ]
INFO: [ view_parse ] --END-- [ RunTime:0.046878s ]
INFO: [ view_filter ] --START--
INFO: Run Behavior\WriteHtmlCacheBehavior [ RunTime:0.000277s ]
INFO: [ view_filter ] --END-- [ RunTime:0.000352s ]
INFO: [ app_end ] --START--
INFO: Run Behavior\ShowPageTraceBehavior [ RunTime:0.000776s ]
INFO: [ app_end ] --END-- [ RunTime:0.000852s ]

[ 2019-06-26T21:18:46+08:00 ] 127.0.0.1 /waibao/present/trunk/index.php?s=Home/Wenjuan/index&id=6
INFO: [ app_init ] --START--
INFO: Run Behavior\BuildLiteBehavior [ RunTime:0.000012s ]
INFO: [ app_init ] --END-- [ RunTime:0.000063s ]
SQL: SHOW COLUMNS FROM `bestop_payment` [ RunTime:0.0020s ]
NOTIC: [2] Missing argument 1 for Think\Model::where(), called in /Applications/MAMP/htdocs/waibao/present/trunk/App/Common/Common/other.php on line 552 and defined /Applications/MAMP/htdocs/waibao/present/trunk/Include/Library/Think/Model.class.php 第 1785 行.
NOTIC: [8] Undefined variable: where /Applications/MAMP/htdocs/waibao/present/trunk/Include/Library/Think/Model.class.php 第 1793 行.
NOTIC: [8] Undefined variable: where /Applications/MAMP/htdocs/waibao/present/trunk/Include/Library/Think/Model.class.php 第 1796 行.
NOTIC: [8] Undefined variable: where /Applications/MAMP/htdocs/waibao/present/trunk/Include/Library/Think/Model.class.php 第 1804 行.
SQL: SELECT `payment_id`,`payment_name`,`payment_type`,`payment_desc`,`payment_config`,`payment_state` FROM `bestop_payment` ORDER BY `payment_order` asc, `payment_id` asc  [ RunTime:0.0004s ]
SQL: SHOW COLUMNS FROM `bestop_config` [ RunTime:0.0023s ]
SQL: SELECT * FROM `bestop_config` WHERE ( name = 'CFG_MOBILE_AUTO' ) LIMIT 1   [ RunTime:0.0004s ]
INFO: [ app_begin ] --START--
INFO: Run Behavior\ReadHtmlCacheBehavior [ RunTime:0.041176s ]
INFO: [ app_begin ] --END-- [ RunTime:0.041269s ]
SQL: SHOW COLUMNS FROM `bestop_wenjuan` [ RunTime:0.0024s ]
SQL: SELECT * FROM `bestop_wenjuan` WHERE `id` = 6 LIMIT 1   [ RunTime:0.0004s ]
SQL: SHOW COLUMNS FROM `bestop_wenjuan_question` [ RunTime:0.0047s ]
SQL: SELECT * FROM `bestop_wenjuan_question` WHERE `wenjuan_id` = 6 ORDER BY sort asc,id asc  [ RunTime:0.0006s ]
SQL: SHOW COLUMNS FROM `bestop_question_type` [ RunTime:0.0019s ]
SQL: SELECT * FROM `bestop_question_type` WHERE `id` = '1' LIMIT 1   [ RunTime:0.0004s ]
SQL: SELECT * FROM `bestop_question_type` WHERE `id` = '1' LIMIT 1   [ RunTime:0.0003s ]
SQL: SELECT * FROM `bestop_question_type` WHERE `id` = '3' LIMIT 1   [ RunTime:0.0003s ]
SQL: SELECT * FROM `bestop_question_type` WHERE `id` = '2' LIMIT 1   [ RunTime:0.0003s ]
SQL: SELECT * FROM `bestop_question_type` WHERE `id` = '2' LIMIT 1   [ RunTime:0.0003s ]
SQL: SELECT * FROM `bestop_question_type` WHERE `id` = '5' LIMIT 1   [ RunTime:0.0003s ]
SQL: SELECT * FROM `bestop_question_type` WHERE `id` = '5' LIMIT 1   [ RunTime:0.0003s ]
SQL: SELECT * FROM `bestop_question_type` WHERE `id` = '6' LIMIT 1   [ RunTime:0.0003s ]
SQL: SELECT * FROM `bestop_question_type` WHERE `id` = '9' LIMIT 1   [ RunTime:0.0003s ]
SQL: SELECT * FROM `bestop_question_type` WHERE `id` = '13' LIMIT 1   [ RunTime:0.0003s ]
SQL: SELECT * FROM `bestop_question_type` WHERE `id` = '8' LIMIT 1   [ RunTime:0.0003s ]
SQL: SELECT * FROM `bestop_question_type` WHERE `id` = '5' LIMIT 1   [ RunTime:0.0003s ]
SQL: SELECT * FROM `bestop_question_type` ORDER BY id asc   [ RunTime:0.0003s ]
INFO: [ view_parse ] --START--
INFO: [ template_filter ] --START--
INFO: Run Behavior\ContentReplaceBehavior [ RunTime:0.000093s ]
INFO: [ template_filter ] --END-- [ RunTime:0.000146s ]
NOTIC: [8] Use of undefined constant pic - assumed 'pic' /Applications/MAMP/htdocs/waibao/present/trunk/App/Runtime/Cache/Home/314d52c1f9e88a98930ad1251f494ef3.php 第 30 行.
NOTIC: [8] Array to string conversion /Applications/MAMP/htdocs/waibao/present/trunk/App/Runtime/Cache/Home/314d52c1f9e88a98930ad1251f494ef3.php 第 30 行.
NOTIC: [8] Undefined variable: v /Applications/MAMP/htdocs/waibao/present/trunk/App/Runtime/Cache/Home/314d52c1f9e88a98930ad1251f494ef3.php 第 30 行.
NOTIC: [8] Use of undefined constant name_style - assumed 'name_style' /Applications/MAMP/htdocs/waibao/present/trunk/App/Runtime/Cache/Home/314d52c1f9e88a98930ad1251f494ef3.php 第 34 行.
NOTIC: [8] Array to string conversion /Applications/MAMP/htdocs/waibao/present/trunk/App/Runtime/Cache/Home/314d52c1f9e88a98930ad1251f494ef3.php 第 34 行.
NOTIC: [8] Undefined variable: qa_cnt /Applications/MAMP/htdocs/waibao/present/trunk/App/Runtime/Cache/Home/314d52c1f9e88a98930ad1251f494ef3.php 第 49 行.
NOTIC: [8] Use of undefined constant tips - assumed 'tips' /Applications/MAMP/htdocs/waibao/present/trunk/App/Runtime/Cache/Home/314d52c1f9e88a98930ad1251f494ef3.php 第 57 行.
NOTIC: [8] Array to string conversion /Applications/MAMP/htdocs/waibao/present/trunk/App/Runtime/Cache/Home/314d52c1f9e88a98930ad1251f494ef3.php 第 57 行.
NOTIC: [8] Use of undefined constant one_title_style - assumed 'one_title_style' /Applications/MAMP/htdocs/waibao/present/trunk/App/Runtime/Cache/Home/314d52c1f9e88a98930ad1251f494ef3.php 第 58 行.
NOTIC: [8] Array to string conversion /Applications/MAMP/htdocs/waibao/present/trunk/App/Runtime/Cache/Home/314d52c1f9e88a98930ad1251f494ef3.php 第 58 行.
NOTIC: [8] Use of undefined constant title_style - assumed 'title_style' /Applications/MAMP/htdocs/waibao/present/trunk/App/Runtime/Cache/Home/314d52c1f9e88a98930ad1251f494ef3.php 第 62 行.
NOTIC: [8] Array to string conversion /Applications/MAMP/htdocs/waibao/present/trunk/App/Runtime/Cache/Home/314d52c1f9e88a98930ad1251f494ef3.php 第 62 行.
NOTIC: [8] Use of undefined constant answer_style - assumed 'answer_style' /Applications/MAMP/htdocs/waibao/present/trunk/App/Runtime/Cache/Home/314d52c1f9e88a98930ad1251f494ef3.php 第 63 行.
NOTIC: [8] Array to string conversion /Applications/MAMP/htdocs/waibao/present/trunk/App/Runtime/Cache/Home/314d52c1f9e88a98930ad1251f494ef3.php 第 63 行.
NOTIC: [8] Use of undefined constant tips - assumed 'tips' /Applications/MAMP/htdocs/waibao/present/trunk/App/Runtime/Cache/Home/314d52c1f9e88a98930ad1251f494ef3.php 第 57 行.
NOTIC: [8] Array to string conversion /Applications/MAMP/htdocs/waibao/present/trunk/App/Runtime/Cache/Home/314d52c1f9e88a98930ad1251f494ef3.php 第 57 行.
NOTIC: [8] Use of undefined constant two_title_style - assumed 'two_title_style' /Applications/MAMP/htdocs/waibao/present/trunk/App/Runtime/Cache/Home/314d52c1f9e88a98930ad1251f494ef3.php 第 60 行.
NOTIC: [8] Array to string conversion /Applications/MAMP/htdocs/waibao/present/trunk/App/Runtime/Cache/Home/314d52c1f9e88a98930ad1251f494ef3.php 第 60 行.
NOTIC: [8] Use of undefined constant title_style - assumed 'title_style' /Applications/MAMP/htdocs/waibao/present/trunk/App/Runtime/Cache/Home/314d52c1f9e88a98930ad1251f494ef3.php 第 62 行.
NOTIC: [8] Array to string conversion /Applications/MAMP/htdocs/waibao/present/trunk/App/Runtime/Cache/Home/314d52c1f9e88a98930ad1251f494ef3.php 第 62 行.
NOTIC: [8] Use of undefined constant answer_style - assumed 'answer_style' /Applications/MAMP/htdocs/waibao/present/trunk/App/Runtime/Cache/Home/314d52c1f9e88a98930ad1251f494ef3.php 第 63 行.
NOTIC: [8] Array to string conversion /Applications/MAMP/htdocs/waibao/present/trunk/App/Runtime/Cache/Home/314d52c1f9e88a98930ad1251f494ef3.php 第 63 行.
NOTIC: [8] Use of undefined constant tips - assumed 'tips' /Applications/MAMP/htdocs/waibao/present/trunk/App/Runtime/Cache/Home/314d52c1f9e88a98930ad1251f494ef3.php 第 88 行.
NOTIC: [8] Array to string conversion /Applications/MAMP/htdocs/waibao/present/trunk/App/Runtime/Cache/Home/314d52c1f9e88a98930ad1251f494ef3.php 第 88 行.
NOTIC: [8] Use of undefined constant two_title_style - assumed 'two_title_style' /Applications/MAMP/htdocs/waibao/present/trunk/App/Runtime/Cache/Home/314d52c1f9e88a98930ad1251f494ef3.php 第 91 行.
NOTIC: [8] Array to string conversion /Applications/MAMP/htdocs/waibao/present/trunk/App/Runtime/Cache/Home/314d52c1f9e88a98930ad1251f494ef3.php 第 91 行.
NOTIC: [8] Use of undefined constant title_style - assumed 'title_style' /Applications/MAMP/htdocs/waibao/present/trunk/App/Runtime/Cache/Home/314d52c1f9e88a98930ad1251f494ef3.php 第 94 行.
NOTIC: [8] Array to string conversion /Applications/MAMP/htdocs/waibao/present/trunk/App/Runtime/Cache/Home/314d52c1f9e88a98930ad1251f494ef3.php 第 94 行.
NOTIC: [8] Use of undefined constant answer_style - assumed 'answer_style' /Applications/MAMP/htdocs/waibao/present/trunk/App/Runtime/Cache/Home/314d52c1f9e88a98930ad1251f494ef3.php 第 95 行.
NOTIC: [8] Array to string conversion /Applications/MAMP/htdocs/waibao/present/trunk/App/Runtime/Cache/Home/314d52c1f9e88a98930ad1251f494ef3.php 第 95 行.
NOTIC: [8] Use of undefined constant prev - assumed 'prev' /Applications/MAMP/htdocs/waibao/present/trunk/App/Runtime/Cache/Home/314d52c1f9e88a98930ad1251f494ef3.php 第 96 行.
NOTIC: [8] Array to string conversion /Applications/MAMP/htdocs/waibao/present/trunk/App/Runtime/Cache/Home/314d52c1f9e88a98930ad1251f494ef3.php 第 96 行.
NOTIC: [8] Use of undefined constant next - assumed 'next' /Applications/MAMP/htdocs/waibao/present/trunk/App/Runtime/Cache/Home/314d52c1f9e88a98930ad1251f494ef3.php 第 98 行.
NOTIC: [8] Array to string conversion /Applications/MAMP/htdocs/waibao/present/trunk/App/Runtime/Cache/Home/314d52c1f9e88a98930ad1251f494ef3.php 第 98 行.
NOTIC: [8] Use of undefined constant tips - assumed 'tips' /Applications/MAMP/htdocs/waibao/present/trunk/App/Runtime/Cache/Home/314d52c1f9e88a98930ad1251f494ef3.php 第 72 行.
NOTIC: [8] Array to string conversion /Applications/MAMP/htdocs/waibao/present/trunk/App/Runtime/Cache/Home/314d52c1f9e88a98930ad1251f494ef3.php 第 72 行.
NOTIC: [8] Use of undefined constant two_title_style - assumed 'two_title_style' /Applications/MAMP/htdocs/waibao/present/trunk/App/Runtime/Cache/Home/314d52c1f9e88a98930ad1251f494ef3.php 第 75 行.
NOTIC: [8] Array to string conversion /Applications/MAMP/htdocs/waibao/present/trunk/App/Runtime/Cache/Home/314d52c1f9e88a98930ad1251f494ef3.php 第 75 行.
NOTIC: [8] Use of undefined constant title_style - assumed 'title_style' /Applications/MAMP/htdocs/waibao/present/trunk/App/Runtime/Cache/Home/314d52c1f9e88a98930ad1251f494ef3.php 第 77 行.
NOTIC: [8] Array to string conversion /Applications/MAMP/htdocs/waibao/present/trunk/App/Runtime/Cache/Home/314d52c1f9e88a98930ad1251f494ef3.php 第 77 行.
NOTIC: [8] Use of undefined constant answer_style - assumed 'answer_style' /Applications/MAMP/htdocs/waibao/present/trunk/App/Runtime/Cache/Home/314d52c1f9e88a98930ad1251f494ef3.php 第 78 行.
NOTIC: [8] Array to string conversion /Applications/MAMP/htdocs/waibao/present/trunk/App/Runtime/Cache/Home/314d52c1f9e88a98930ad1251f494ef3.php 第 78 行.
NOTIC: [8] Use of undefined constant tips - assumed 'tips' /Applications/MAMP/htdocs/waibao/present/trunk/App/Runtime/Cache/Home/314d52c1f9e88a98930ad1251f494ef3.php 第 72 行.
NOTIC: [8] Array to string conversion /Applications/MAMP/htdocs/waibao/present/trunk/App/Runtime/Cache/Home/314d52c1f9e88a98930ad1251f494ef3.php 第 72 行.
NOTIC: [8] Use of undefined constant two_title_style - assumed 'two_title_style' /Applications/MAMP/htdocs/waibao/present/trunk/App/Runtime/Cache/Home/314d52c1f9e88a98930ad1251f494ef3.php 第 75 行.
NOTIC: [8] Array to string conversion /Applications/MAMP/htdocs/waibao/present/trunk/App/Runtime/Cache/Home/314d52c1f9e88a98930ad1251f494ef3.php 第 75 行.
NOTIC: [8] Use of undefined constant title_style - assumed 'title_style' /Applications/MAMP/htdocs/waibao/present/trunk/App/Runtime/Cache/Home/314d52c1f9e88a98930ad1251f494ef3.php 第 77 行.
NOTIC: [8] Array to string conversion /Applications/MAMP/htdocs/waibao/present/trunk/App/Runtime/Cache/Home/314d52c1f9e88a98930ad1251f494ef3.php 第 77 行.
NOTIC: [8] Use of undefined constant answer_style - assumed 'answer_style' /Applications/MAMP/htdocs/waibao/present/trunk/App/Runtime/Cache/Home/314d52c1f9e88a98930ad1251f494ef3.php 第 78 行.
NOTIC: [8] Array to string conversion /Applications/MAMP/htdocs/waibao/present/trunk/App/Runtime/Cache/Home/314d52c1f9e88a98930ad1251f494ef3.php 第 78 行.
NOTIC: [8] Use of undefined constant tips - assumed 'tips' /Applications/MAMP/htdocs/waibao/present/trunk/App/Runtime/Cache/Home/314d52c1f9e88a98930ad1251f494ef3.php 第 104 行.
NOTIC: [8] Array to string conversion /Applications/MAMP/htdocs/waibao/present/trunk/App/Runtime/Cache/Home/314d52c1f9e88a98930ad1251f494ef3.php 第 104 行.
NOTIC: [8] Use of undefined constant one_title_style - assumed 'one_title_style' /Applications/MAMP/htdocs/waibao/present/trunk/App/Runtime/Cache/Home/314d52c1f9e88a98930ad1251f494ef3.php 第 105 行.
NOTIC: [8] Array to string conversion /Applications/MAMP/htdocs/waibao/present/trunk/App/Runtime/Cache/Home/314d52c1f9e88a98930ad1251f494ef3.php 第 105 行.
NOTIC: [8] Use of undefined constant title_style - assumed 'title_style' /Applications/MAMP/htdocs/waibao/present/trunk/App/Runtime/Cache/Home/314d52c1f9e88a98930ad1251f494ef3.php 第 109 行.
NOTIC: [8] Array to string conversion /Applications/MAMP/htdocs/waibao/present/trunk/App/Runtime/Cache/Home/314d52c1f9e88a98930ad1251f494ef3.php 第 109 行.
NOTIC: [8] Use of undefined constant answer_style - assumed 'answer_style' /Applications/MAMP/htdocs/waibao/present/trunk/App/Runtime/Cache/Home/314d52c1f9e88a98930ad1251f494ef3.php 第 110 行.
NOTIC: [8] Array to string conversion /Applications/MAMP/htdocs/waibao/present/trunk/App/Runtime/Cache/Home/314d52c1f9e88a98930ad1251f494ef3.php 第 110 行.
NOTIC: [8] Use of undefined constant prev - assumed 'prev' /Applications/MAMP/htdocs/waibao/present/trunk/App/Runtime/Cache/Home/314d52c1f9e88a98930ad1251f494ef3.php 第 111 行.
NOTIC: [8] Array to string conversion /Applications/MAMP/htdocs/waibao/present/trunk/App/Runtime/Cache/Home/314d52c1f9e88a98930ad1251f494ef3.php 第 111 行.
NOTIC: [8] Use of undefined constant next - assumed 'next' /Applications/MAMP/htdocs/waibao/present/trunk/App/Runtime/Cache/Home/314d52c1f9e88a98930ad1251f494ef3.php 第 113 行.
NOTIC: [8] Array to string conversion /Applications/MAMP/htdocs/waibao/present/trunk/App/Runtime/Cache/Home/314d52c1f9e88a98930ad1251f494ef3.php 第 113 行.
NOTIC: [8] Use of undefined constant tips - assumed 'tips' /Applications/MAMP/htdocs/waibao/present/trunk/App/Runtime/Cache/Home/314d52c1f9e88a98930ad1251f494ef3.php 第 104 行.
NOTIC: [8] Array to string conversion /Applications/MAMP/htdocs/waibao/present/trunk/App/Runtime/Cache/Home/314d52c1f9e88a98930ad1251f494ef3.php 第 104 行.
NOTIC: [8] Use of undefined constant two_title_style - assumed 'two_title_style' /Applications/MAMP/htdocs/waibao/present/trunk/App/Runtime/Cache/Home/314d52c1f9e88a98930ad1251f494ef3.php 第 107 行.
NOTIC: [8] Array to string conversion /Applications/MAMP/htdocs/waibao/present/trunk/App/Runtime/Cache/Home/314d52c1f9e88a98930ad1251f494ef3.php 第 107 行.
NOTIC: [8] Use of undefined constant title_style - assumed 'title_style' /Applications/MAMP/htdocs/waibao/present/trunk/App/Runtime/Cache/Home/314d52c1f9e88a98930ad1251f494ef3.php 第 109 行.
NOTIC: [8] Array to string conversion /Applications/MAMP/htdocs/waibao/present/trunk/App/Runtime/Cache/Home/314d52c1f9e88a98930ad1251f494ef3.php 第 109 行.
NOTIC: [8] Use of undefined constant answer_style - assumed 'answer_style' /Applications/MAMP/htdocs/waibao/present/trunk/App/Runtime/Cache/Home/314d52c1f9e88a98930ad1251f494ef3.php 第 110 行.
NOTIC: [8] Array to string conversion /Applications/MAMP/htdocs/waibao/present/trunk/App/Runtime/Cache/Home/314d52c1f9e88a98930ad1251f494ef3.php 第 110 行.
NOTIC: [8] Use of undefined constant prev - assumed 'prev' /Applications/MAMP/htdocs/waibao/present/trunk/App/Runtime/Cache/Home/314d52c1f9e88a98930ad1251f494ef3.php 第 111 行.
NOTIC: [8] Array to string conversion /Applications/MAMP/htdocs/waibao/present/trunk/App/Runtime/Cache/Home/314d52c1f9e88a98930ad1251f494ef3.php 第 111 行.
NOTIC: [8] Use of undefined constant next - assumed 'next' /Applications/MAMP/htdocs/waibao/present/trunk/App/Runtime/Cache/Home/314d52c1f9e88a98930ad1251f494ef3.php 第 113 行.
NOTIC: [8] Array to string conversion /Applications/MAMP/htdocs/waibao/present/trunk/App/Runtime/Cache/Home/314d52c1f9e88a98930ad1251f494ef3.php 第 113 行.
NOTIC: [8] Use of undefined constant tips - assumed 'tips' /Applications/MAMP/htdocs/waibao/present/trunk/App/Runtime/Cache/Home/314d52c1f9e88a98930ad1251f494ef3.php 第 118 行.
NOTIC: [8] Array to string conversion /Applications/MAMP/htdocs/waibao/present/trunk/App/Runtime/Cache/Home/314d52c1f9e88a98930ad1251f494ef3.php 第 118 行.
NOTIC: [8] Use of undefined constant two_title_style - assumed 'two_title_style' /Applications/MAMP/htdocs/waibao/present/trunk/App/Runtime/Cache/Home/314d52c1f9e88a98930ad1251f494ef3.php 第 121 行.
NOTIC: [8] Array to string conversion /Applications/MAMP/htdocs/waibao/present/trunk/App/Runtime/Cache/Home/314d52c1f9e88a98930ad1251f494ef3.php 第 121 行.
NOTIC: [8] Use of undefined constant title_style - assumed 'title_style' /Applications/MAMP/htdocs/waibao/present/trunk/App/Runtime/Cache/Home/314d52c1f9e88a98930ad1251f494ef3.php 第 123 行.
NOTIC: [8] Array to string conversion /Applications/MAMP/htdocs/waibao/present/trunk/App/Runtime/Cache/Home/314d52c1f9e88a98930ad1251f494ef3.php 第 123 行.
NOTIC: [8] Use of undefined constant answer_style - assumed 'answer_style' /Applications/MAMP/htdocs/waibao/present/trunk/App/Runtime/Cache/Home/314d52c1f9e88a98930ad1251f494ef3.php 第 124 行.
NOTIC: [8] Array to string conversion /Applications/MAMP/htdocs/waibao/present/trunk/App/Runtime/Cache/Home/314d52c1f9e88a98930ad1251f494ef3.php 第 124 行.
NOTIC: [8] Use of undefined constant tips - assumed 'tips' /Applications/MAMP/htdocs/waibao/present/trunk/App/Runtime/Cache/Home/314d52c1f9e88a98930ad1251f494ef3.php 第 148 行.
NOTIC: [8] Array to string conversion /Applications/MAMP/htdocs/waibao/present/trunk/App/Runtime/Cache/Home/314d52c1f9e88a98930ad1251f494ef3.php 第 148 行.
NOTIC: [8] Use of undefined constant one_title_style - assumed 'one_title_style' /Applications/MAMP/htdocs/waibao/present/trunk/App/Runtime/Cache/Home/314d52c1f9e88a98930ad1251f494ef3.php 第 149 行.
NOTIC: [8] Array to string conversion /Applications/MAMP/htdocs/waibao/present/trunk/App/Runtime/Cache/Home/314d52c1f9e88a98930ad1251f494ef3.php 第 149 行.
NOTIC: [8] Use of undefined constant title_style - assumed 'title_style' /Applications/MAMP/htdocs/waibao/present/trunk/App/Runtime/Cache/Home/314d52c1f9e88a98930ad1251f494ef3.php 第 153 行.
NOTIC: [8] Array to string conversion /Applications/MAMP/htdocs/waibao/present/trunk/App/Runtime/Cache/Home/314d52c1f9e88a98930ad1251f494ef3.php 第 153 行.
NOTIC: [8] Use of undefined constant answer_style - assumed 'answer_style' /Applications/MAMP/htdocs/waibao/present/trunk/App/Runtime/Cache/Home/314d52c1f9e88a98930ad1251f494ef3.php 第 154 行.
NOTIC: [8] Array to string conversion /Applications/MAMP/htdocs/waibao/present/trunk/App/Runtime/Cache/Home/314d52c1f9e88a98930ad1251f494ef3.php 第 154 行.
NOTIC: [8] Use of undefined constant prev - assumed 'prev' /Applications/MAMP/htdocs/waibao/present/trunk/App/Runtime/Cache/Home/314d52c1f9e88a98930ad1251f494ef3.php 第 156 行.
NOTIC: [8] Array to string conversion /Applications/MAMP/htdocs/waibao/present/trunk/App/Runtime/Cache/Home/314d52c1f9e88a98930ad1251f494ef3.php 第 156 行.
NOTIC: [8] Use of undefined constant next - assumed 'next' /Applications/MAMP/htdocs/waibao/present/trunk/App/Runtime/Cache/Home/314d52c1f9e88a98930ad1251f494ef3.php 第 165 行.
NOTIC: [8] Array to string conversion /Applications/MAMP/htdocs/waibao/present/trunk/App/Runtime/Cache/Home/314d52c1f9e88a98930ad1251f494ef3.php 第 165 行.
NOTIC: [8] Use of undefined constant tips - assumed 'tips' /Applications/MAMP/htdocs/waibao/present/trunk/App/Runtime/Cache/Home/314d52c1f9e88a98930ad1251f494ef3.php 第 131 行.
NOTIC: [8] Array to string conversion /Applications/MAMP/htdocs/waibao/present/trunk/App/Runtime/Cache/Home/314d52c1f9e88a98930ad1251f494ef3.php 第 131 行.
NOTIC: [8] Use of undefined constant two_title_style - assumed 'two_title_style' /Applications/MAMP/htdocs/waibao/present/trunk/App/Runtime/Cache/Home/314d52c1f9e88a98930ad1251f494ef3.php 第 134 行.
NOTIC: [8] Array to string conversion /Applications/MAMP/htdocs/waibao/present/trunk/App/Runtime/Cache/Home/314d52c1f9e88a98930ad1251f494ef3.php 第 134 行.
NOTIC: [8] Use of undefined constant title_style - assumed 'title_style' /Applications/MAMP/htdocs/waibao/present/trunk/App/Runtime/Cache/Home/314d52c1f9e88a98930ad1251f494ef3.php 第 136 行.
NOTIC: [8] Array to string conversion /Applications/MAMP/htdocs/waibao/present/trunk/App/Runtime/Cache/Home/314d52c1f9e88a98930ad1251f494ef3.php 第 136 行.
NOTIC: [8] Use of undefined constant answer_style - assumed 'answer_style' /Applications/MAMP/htdocs/waibao/present/trunk/App/Runtime/Cache/Home/314d52c1f9e88a98930ad1251f494ef3.php 第 137 行.
NOTIC: [8] Array to string conversion /Applications/MAMP/htdocs/waibao/present/trunk/App/Runtime/Cache/Home/314d52c1f9e88a98930ad1251f494ef3.php 第 137 行.
NOTIC: [8] Use of undefined constant prev - assumed 'prev' /Applications/MAMP/htdocs/waibao/present/trunk/App/Runtime/Cache/Home/314d52c1f9e88a98930ad1251f494ef3.php 第 138 行.
NOTIC: [8] Array to string conversion /Applications/MAMP/htdocs/waibao/present/trunk/App/Runtime/Cache/Home/314d52c1f9e88a98930ad1251f494ef3.php 第 138 行.
NOTIC: [8] Use of undefined constant next - assumed 'next' /Applications/MAMP/htdocs/waibao/present/trunk/App/Runtime/Cache/Home/314d52c1f9e88a98930ad1251f494ef3.php 第 143 行.
NOTIC: [8] Array to string conversion /Applications/MAMP/htdocs/waibao/present/trunk/App/Runtime/Cache/Home/314d52c1f9e88a98930ad1251f494ef3.php 第 143 行.
NOTIC: [8] Use of undefined constant tips - assumed 'tips' /Applications/MAMP/htdocs/waibao/present/trunk/App/Runtime/Cache/Home/314d52c1f9e88a98930ad1251f494ef3.php 第 173 行.
NOTIC: [8] Array to string conversion /Applications/MAMP/htdocs/waibao/present/trunk/App/Runtime/Cache/Home/314d52c1f9e88a98930ad1251f494ef3.php 第 173 行.
NOTIC: [8] Use of undefined constant two_title_style - assumed 'two_title_style' /Applications/MAMP/htdocs/waibao/present/trunk/App/Runtime/Cache/Home/314d52c1f9e88a98930ad1251f494ef3.php 第 176 行.
NOTIC: [8] Array to string conversion /Applications/MAMP/htdocs/waibao/present/trunk/App/Runtime/Cache/Home/314d52c1f9e88a98930ad1251f494ef3.php 第 176 行.
NOTIC: [8] Use of undefined constant title_style - assumed 'title_style' /Applications/MAMP/htdocs/waibao/present/trunk/App/Runtime/Cache/Home/314d52c1f9e88a98930ad1251f494ef3.php 第 178 行.
NOTIC: [8] Array to string conversion /Applications/MAMP/htdocs/waibao/present/trunk/App/Runtime/Cache/Home/314d52c1f9e88a98930ad1251f494ef3.php 第 178 行.
NOTIC: [8] Use of undefined constant answer_style - assumed 'answer_style' /Applications/MAMP/htdocs/waibao/present/trunk/App/Runtime/Cache/Home/314d52c1f9e88a98930ad1251f494ef3.php 第 179 行.
NOTIC: [8] Array to string conversion /Applications/MAMP/htdocs/waibao/present/trunk/App/Runtime/Cache/Home/314d52c1f9e88a98930ad1251f494ef3.php 第 179 行.
NOTIC: [8] Use of undefined constant prev - assumed 'prev' /Applications/MAMP/htdocs/waibao/present/trunk/App/Runtime/Cache/Home/314d52c1f9e88a98930ad1251f494ef3.php 第 180 行.
NOTIC: [8] Array to string conversion /Applications/MAMP/htdocs/waibao/present/trunk/App/Runtime/Cache/Home/314d52c1f9e88a98930ad1251f494ef3.php 第 180 行.
NOTIC: [8] Use of undefined constant next - assumed 'next' /Applications/MAMP/htdocs/waibao/present/trunk/App/Runtime/Cache/Home/314d52c1f9e88a98930ad1251f494ef3.php 第 188 行.
NOTIC: [8] Array to string conversion /Applications/MAMP/htdocs/waibao/present/trunk/App/Runtime/Cache/Home/314d52c1f9e88a98930ad1251f494ef3.php 第 188 行.
NOTIC: [8] Use of undefined constant tips - assumed 'tips' /Applications/MAMP/htdocs/waibao/present/trunk/App/Runtime/Cache/Home/314d52c1f9e88a98930ad1251f494ef3.php 第 104 行.
NOTIC: [8] Array to string conversion /Applications/MAMP/htdocs/waibao/present/trunk/App/Runtime/Cache/Home/314d52c1f9e88a98930ad1251f494ef3.php 第 104 行.
NOTIC: [8] Use of undefined constant two_title_style - assumed 'two_title_style' /Applications/MAMP/htdocs/waibao/present/trunk/App/Runtime/Cache/Home/314d52c1f9e88a98930ad1251f494ef3.php 第 107 行.
NOTIC: [8] Array to string conversion /Applications/MAMP/htdocs/waibao/present/trunk/App/Runtime/Cache/Home/314d52c1f9e88a98930ad1251f494ef3.php 第 107 行.
NOTIC: [8] Use of undefined constant title_style - assumed 'title_style' /Applications/MAMP/htdocs/waibao/present/trunk/App/Runtime/Cache/Home/314d52c1f9e88a98930ad1251f494ef3.php 第 109 行.
NOTIC: [8] Array to string conversion /Applications/MAMP/htdocs/waibao/present/trunk/App/Runtime/Cache/Home/314d52c1f9e88a98930ad1251f494ef3.php 第 109 行.
NOTIC: [8] Use of undefined constant answer_style - assumed 'answer_style' /Applications/MAMP/htdocs/waibao/present/trunk/App/Runtime/Cache/Home/314d52c1f9e88a98930ad1251f494ef3.php 第 110 行.
NOTIC: [8] Array to string conversion /Applications/MAMP/htdocs/waibao/present/trunk/App/Runtime/Cache/Home/314d52c1f9e88a98930ad1251f494ef3.php 第 110 行.
NOTIC: [8] Use of undefined constant prev - assumed 'prev' /Applications/MAMP/htdocs/waibao/present/trunk/App/Runtime/Cache/Home/314d52c1f9e88a98930ad1251f494ef3.php 第 111 行.
NOTIC: [8] Array to string conversion /Applications/MAMP/htdocs/waibao/present/trunk/App/Runtime/Cache/Home/314d52c1f9e88a98930ad1251f494ef3.php 第 111 行.
NOTIC: [8] Use of undefined constant next - assumed 'next' /Applications/MAMP/htdocs/waibao/present/trunk/App/Runtime/Cache/Home/314d52c1f9e88a98930ad1251f494ef3.php 第 113 行.
NOTIC: [8] Array to string conversion /Applications/MAMP/htdocs/waibao/present/trunk/App/Runtime/Cache/Home/314d52c1f9e88a98930ad1251f494ef3.php 第 113 行.
NOTIC: [8] Use of undefined constant title_style - assumed 'title_style' /Applications/MAMP/htdocs/waibao/present/trunk/App/Runtime/Cache/Home/314d52c1f9e88a98930ad1251f494ef3.php 第 195 行.
NOTIC: [8] Array to string conversion /Applications/MAMP/htdocs/waibao/present/trunk/App/Runtime/Cache/Home/314d52c1f9e88a98930ad1251f494ef3.php 第 195 行.
INFO: Run Behavior\ParseTemplateBehavior [ RunTime:0.096076s ]
INFO: [ view_parse ] --END-- [ RunTime:0.096128s ]
INFO: [ view_filter ] --START--
INFO: Run Behavior\WriteHtmlCacheBehavior [ RunTime:0.000371s ]
INFO: [ view_filter ] --END-- [ RunTime:0.000420s ]
INFO: [ app_end ] --START--
INFO: Run Behavior\ShowPageTraceBehavior [ RunTime:0.001131s ]
INFO: [ app_end ] --END-- [ RunTime:0.001204s ]

