[ 2019-08-01T21:37:09+08:00 ] ::1 /index.php/Mobile/Index/index.html
INFO: [ app_init ] --START--
INFO: Run Behavior\BuildLiteBehavior [ RunTime:0.000032s ]
INFO: [ app_init ] --END-- [ RunTime:0.000176s ]
SQL: SHOW COLUMNS FROM `bestop_payment` [ RunTime:0.0012s ]
NOTIC: [2] Missing argument 1 for Think\Model::where(), called in C:\wamp64\www\gift\trunk\App\Common\Common\other.php on line 552 and defined C:\wamp64\www\gift\trunk\Include\Library\Think\Model.class.php 第 1785 行.
NOTIC: [8] Undefined variable: where C:\wamp64\www\gift\trunk\Include\Library\Think\Model.class.php 第 1793 行.
NOTIC: [8] Undefined variable: where C:\wamp64\www\gift\trunk\Include\Library\Think\Model.class.php 第 1796 行.
NOTIC: [8] Undefined variable: where C:\wamp64\www\gift\trunk\Include\Library\Think\Model.class.php 第 1804 行.
SQL: SELECT `payment_id`,`payment_name`,`payment_type`,`payment_desc`,`payment_config`,`payment_state` FROM `bestop_payment` ORDER BY `payment_order` asc, `payment_id` asc  [ RunTime:0.0004s ]
SQL: SHOW COLUMNS FROM `bestop_config` [ RunTime:0.0008s ]
SQL: SELECT * FROM `bestop_config` WHERE ( name = 'CFG_MOBILE_AUTO' ) LIMIT 1   [ RunTime:0.0003s ]
INFO: [ app_begin ] --START--
INFO: Run Behavior\ReadHtmlCacheBehavior [ RunTime:0.000747s ]
INFO: [ app_begin ] --END-- [ RunTime:0.000888s ]
NOTIC: [8] Undefined index: user_id C:\wamp64\www\gift\trunk\App\Mobile\Controller\MobileCommonController.class.php 第 14 行.
SQL: SHOW COLUMNS FROM `bestop_member` [ RunTime:0.0010s ]
NOTIC: [8] Undefined index: user_id C:\wamp64\www\gift\trunk\App\Mobile\Controller\MobileCommonController.class.php 第 19 行.
SQL: SELECT `zc_id` FROM `bestop_member` LIMIT 1   [ RunTime:0.0004s ]
NOTIC: [8] Undefined index: user_id C:\wamp64\www\gift\trunk\App\Mobile\Controller\MobileCommonController.class.php 第 25 行.
NOTIC: [8] Undefined index: user_name C:\wamp64\www\gift\trunk\App\Mobile\Controller\MobileCommonController.class.php 第 26 行.
NOTIC: [8] Undefined index: user_phone C:\wamp64\www\gift\trunk\App\Mobile\Controller\MobileCommonController.class.php 第 27 行.
NOTIC: [8] Undefined index: user_ltime C:\wamp64\www\gift\trunk\App\Mobile\Controller\MobileCommonController.class.php 第 29 行.
SQL: SHOW COLUMNS FROM `bestop_product` [ RunTime:0.0008s ]
SQL: SELECT COUNT(*) AS tp_count FROM `bestop_product` WHERE ( status=1  and zc_ids like "%$$$73$$$%" ) LIMIT 1   [ RunTime:0.0003s ]
SQL: SELECT * FROM `bestop_product` WHERE ( status=1  and zc_ids like "%$$$73$$$%" ) ORDER BY psort asc,id desc LIMIT 0,20   [ RunTime:0.0004s ]
SQL: SHOW COLUMNS FROM `bestop_article` [ RunTime:0.0008s ]
SQL: SELECT * FROM `bestop_article` WHERE (  1=1 and status=0  and cid=8 ) ORDER BY asort asc,id desc LIMIT 0,4   [ RunTime:0.0004s ]
INFO: [ view_parse ] --START--
INFO: [ template_filter ] --START--
INFO: Run Behavior\ContentReplaceBehavior [ RunTime:0.000208s ]
INFO: [ template_filter ] --END-- [ RunTime:0.000367s ]
NOTIC: [8] Undefined variable: pe C:\wamp64\www\gift\trunk\App\Runtime\Cache\Mobile\34c65264cf65a40f34bd7a9e468df582.php 第 30 行.
SQL: SHOW COLUMNS FROM `bestop_abc` [ RunTime:0.0008s ]
SQL: SELECT * FROM `bestop_abc` WHERE `id` = 1 LIMIT 1   [ RunTime:0.0004s ]
SQL: SHOW COLUMNS FROM `bestop_abc_detail` [ RunTime:0.0006s ]
SQL: SELECT * FROM `bestop_abc_detail` WHERE `aid` = 1 AND `status` = 1 ORDER BY sort LIMIT 8   [ RunTime:0.0004s ]
INFO: Run Behavior\ParseTemplateBehavior [ RunTime:0.077233s ]
INFO: [ view_parse ] --END-- [ RunTime:0.077382s ]
INFO: [ view_filter ] --START--
INFO: Run Behavior\WriteHtmlCacheBehavior [ RunTime:0.000735s ]
INFO: [ view_filter ] --END-- [ RunTime:0.000898s ]
INFO: [ app_end ] --START--
INFO: Run Behavior\ShowPageTraceBehavior [ RunTime:0.000614s ]
INFO: [ app_end ] --END-- [ RunTime:0.000757s ]

[ 2019-08-01T21:37:09+08:00 ] ::1 /index.php?s=/Mobile/Do/login.html
INFO: [ app_init ] --START--
INFO: Run Behavior\BuildLiteBehavior [ RunTime:0.000037s ]
INFO: [ app_init ] --END-- [ RunTime:0.000197s ]
SQL: SHOW COLUMNS FROM `bestop_payment` [ RunTime:0.0010s ]
NOTIC: [2] Missing argument 1 for Think\Model::where(), called in C:\wamp64\www\gift\trunk\App\Common\Common\other.php on line 552 and defined C:\wamp64\www\gift\trunk\Include\Library\Think\Model.class.php 第 1785 行.
NOTIC: [8] Undefined variable: where C:\wamp64\www\gift\trunk\Include\Library\Think\Model.class.php 第 1793 行.
NOTIC: [8] Undefined variable: where C:\wamp64\www\gift\trunk\Include\Library\Think\Model.class.php 第 1796 行.
NOTIC: [8] Undefined variable: where C:\wamp64\www\gift\trunk\Include\Library\Think\Model.class.php 第 1804 行.
SQL: SELECT `payment_id`,`payment_name`,`payment_type`,`payment_desc`,`payment_config`,`payment_state` FROM `bestop_payment` ORDER BY `payment_order` asc, `payment_id` asc  [ RunTime:0.0004s ]
SQL: SHOW COLUMNS FROM `bestop_config` [ RunTime:0.0007s ]
SQL: SELECT * FROM `bestop_config` WHERE ( name = 'CFG_MOBILE_AUTO' ) LIMIT 1   [ RunTime:0.0003s ]
INFO: [ app_begin ] --START--
INFO: Run Behavior\ReadHtmlCacheBehavior [ RunTime:0.000868s ]
INFO: [ app_begin ] --END-- [ RunTime:0.001028s ]
INFO: [ view_parse ] --START--
INFO: [ template_filter ] --START--
INFO: Run Behavior\ContentReplaceBehavior [ RunTime:0.000146s ]
INFO: [ template_filter ] --END-- [ RunTime:0.000312s ]
INFO: Run Behavior\ParseTemplateBehavior [ RunTime:0.018159s ]
INFO: [ view_parse ] --END-- [ RunTime:0.018332s ]
INFO: [ view_filter ] --START--
INFO: Run Behavior\WriteHtmlCacheBehavior [ RunTime:0.000655s ]
INFO: [ view_filter ] --END-- [ RunTime:0.000803s ]
INFO: [ app_end ] --START--
INFO: Run Behavior\ShowPageTraceBehavior [ RunTime:0.000624s ]
INFO: [ app_end ] --END-- [ RunTime:0.000772s ]

[ 2019-08-01T21:37:35+08:00 ] ::1 /index.php?s=/Mobile/do/login_code.html
INFO: [ app_init ] --START--
INFO: Run Behavior\BuildLiteBehavior [ RunTime:0.000033s ]
INFO: [ app_init ] --END-- [ RunTime:0.000185s ]
SQL: SHOW COLUMNS FROM `bestop_payment` [ RunTime:0.0009s ]
NOTIC: [2] Missing argument 1 for Think\Model::where(), called in C:\wamp64\www\gift\trunk\App\Common\Common\other.php on line 552 and defined C:\wamp64\www\gift\trunk\Include\Library\Think\Model.class.php 第 1785 行.
NOTIC: [8] Undefined variable: where C:\wamp64\www\gift\trunk\Include\Library\Think\Model.class.php 第 1793 行.
NOTIC: [8] Undefined variable: where C:\wamp64\www\gift\trunk\Include\Library\Think\Model.class.php 第 1796 行.
NOTIC: [8] Undefined variable: where C:\wamp64\www\gift\trunk\Include\Library\Think\Model.class.php 第 1804 行.
SQL: SELECT `payment_id`,`payment_name`,`payment_type`,`payment_desc`,`payment_config`,`payment_state` FROM `bestop_payment` ORDER BY `payment_order` asc, `payment_id` asc  [ RunTime:0.0004s ]
SQL: SHOW COLUMNS FROM `bestop_config` [ RunTime:0.0007s ]
SQL: SELECT * FROM `bestop_config` WHERE ( name = 'CFG_MOBILE_AUTO' ) LIMIT 1   [ RunTime:0.0003s ]
INFO: [ app_begin ] --START--
INFO: Run Behavior\ReadHtmlCacheBehavior [ RunTime:0.000723s ]
INFO: [ app_begin ] --END-- [ RunTime:0.000864s ]
INFO: [ view_parse ] --START--
INFO: [ template_filter ] --START--
INFO: Run Behavior\ContentReplaceBehavior [ RunTime:0.000174s ]
INFO: [ template_filter ] --END-- [ RunTime:0.000337s ]
INFO: Run Behavior\ParseTemplateBehavior [ RunTime:0.046656s ]
INFO: [ view_parse ] --END-- [ RunTime:0.046871s ]
INFO: [ view_filter ] --START--
INFO: Run Behavior\WriteHtmlCacheBehavior [ RunTime:0.000635s ]
INFO: [ view_filter ] --END-- [ RunTime:0.000774s ]
INFO: [ app_end ] --START--
INFO: Run Behavior\ShowPageTraceBehavior [ RunTime:0.000671s ]
INFO: [ app_end ] --END-- [ RunTime:0.000811s ]

[ 2019-08-01T21:38:21+08:00 ] ::1 /index.php?s=/Mobile/Do/sendCode.html
INFO: [ app_init ] --START--
INFO: Run Behavior\BuildLiteBehavior [ RunTime:0.000035s ]
INFO: [ app_init ] --END-- [ RunTime:0.000181s ]
SQL: SHOW COLUMNS FROM `bestop_payment` [ RunTime:0.0013s ]
NOTIC: [2] Missing argument 1 for Think\Model::where(), called in C:\wamp64\www\gift\trunk\App\Common\Common\other.php on line 552 and defined C:\wamp64\www\gift\trunk\Include\Library\Think\Model.class.php 第 1785 行.
NOTIC: [8] Undefined variable: where C:\wamp64\www\gift\trunk\Include\Library\Think\Model.class.php 第 1793 行.
NOTIC: [8] Undefined variable: where C:\wamp64\www\gift\trunk\Include\Library\Think\Model.class.php 第 1796 行.
NOTIC: [8] Undefined variable: where C:\wamp64\www\gift\trunk\Include\Library\Think\Model.class.php 第 1804 行.
SQL: SELECT `payment_id`,`payment_name`,`payment_type`,`payment_desc`,`payment_config`,`payment_state` FROM `bestop_payment` ORDER BY `payment_order` asc, `payment_id` asc  [ RunTime:0.0005s ]
SQL: SHOW COLUMNS FROM `bestop_config` [ RunTime:0.0008s ]
SQL: SELECT * FROM `bestop_config` WHERE ( name = 'CFG_MOBILE_AUTO' ) LIMIT 1   [ RunTime:0.0004s ]
INFO: [ app_begin ] --START--
INFO: Run Behavior\ReadHtmlCacheBehavior [ RunTime:0.000720s ]
INFO: [ app_begin ] --END-- [ RunTime:0.000843s ]
SQL: SHOW COLUMNS FROM `bestop_send_code` [ RunTime:0.0012s ]
SQL: INSERT INTO `bestop_send_code` (`phone`,`code`,`type`,`created_at`) VALUES ('15152250928','123456','login','1564666701') [ RunTime:0.0015s ]

[ 2019-08-01T21:38:42+08:00 ] ::1 /index.php?s=/Mobile/do/login.html
INFO: [ app_init ] --START--
INFO: Run Behavior\BuildLiteBehavior [ RunTime:0.000031s ]
INFO: [ app_init ] --END-- [ RunTime:0.000176s ]
SQL: SHOW COLUMNS FROM `bestop_payment` [ RunTime:0.0015s ]
NOTIC: [2] Missing argument 1 for Think\Model::where(), called in C:\wamp64\www\gift\trunk\App\Common\Common\other.php on line 552 and defined C:\wamp64\www\gift\trunk\Include\Library\Think\Model.class.php 第 1785 行.
NOTIC: [8] Undefined variable: where C:\wamp64\www\gift\trunk\Include\Library\Think\Model.class.php 第 1793 行.
NOTIC: [8] Undefined variable: where C:\wamp64\www\gift\trunk\Include\Library\Think\Model.class.php 第 1796 行.
NOTIC: [8] Undefined variable: where C:\wamp64\www\gift\trunk\Include\Library\Think\Model.class.php 第 1804 行.
SQL: SELECT `payment_id`,`payment_name`,`payment_type`,`payment_desc`,`payment_config`,`payment_state` FROM `bestop_payment` ORDER BY `payment_order` asc, `payment_id` asc  [ RunTime:0.0004s ]
SQL: SHOW COLUMNS FROM `bestop_config` [ RunTime:0.0008s ]
SQL: SELECT * FROM `bestop_config` WHERE ( name = 'CFG_MOBILE_AUTO' ) LIMIT 1   [ RunTime:0.0003s ]
INFO: [ app_begin ] --START--
INFO: Run Behavior\ReadHtmlCacheBehavior [ RunTime:0.000737s ]
INFO: [ app_begin ] --END-- [ RunTime:0.000890s ]
INFO: [ view_parse ] --START--
INFO: [ template_filter ] --START--
INFO: Run Behavior\ContentReplaceBehavior [ RunTime:0.000204s ]
INFO: [ template_filter ] --END-- [ RunTime:0.000399s ]
INFO: Run Behavior\ParseTemplateBehavior [ RunTime:0.025455s ]
INFO: [ view_parse ] --END-- [ RunTime:0.025729s ]
INFO: [ view_filter ] --START--
INFO: Run Behavior\WriteHtmlCacheBehavior [ RunTime:0.001120s ]
INFO: [ view_filter ] --END-- [ RunTime:0.001438s ]
INFO: [ app_end ] --START--
INFO: Run Behavior\ShowPageTraceBehavior [ RunTime:0.001055s ]
INFO: [ app_end ] --END-- [ RunTime:0.001351s ]

[ 2019-08-01T21:38:56+08:00 ] ::1 /index.php?s=/Mobile/Do/login.html
INFO: [ app_init ] --START--
INFO: Run Behavior\BuildLiteBehavior [ RunTime:0.000036s ]
INFO: [ app_init ] --END-- [ RunTime:0.000194s ]
SQL: SHOW COLUMNS FROM `bestop_payment` [ RunTime:0.0010s ]
NOTIC: [2] Missing argument 1 for Think\Model::where(), called in C:\wamp64\www\gift\trunk\App\Common\Common\other.php on line 552 and defined C:\wamp64\www\gift\trunk\Include\Library\Think\Model.class.php 第 1785 行.
NOTIC: [8] Undefined variable: where C:\wamp64\www\gift\trunk\Include\Library\Think\Model.class.php 第 1793 行.
NOTIC: [8] Undefined variable: where C:\wamp64\www\gift\trunk\Include\Library\Think\Model.class.php 第 1796 行.
NOTIC: [8] Undefined variable: where C:\wamp64\www\gift\trunk\Include\Library\Think\Model.class.php 第 1804 行.
SQL: SELECT `payment_id`,`payment_name`,`payment_type`,`payment_desc`,`payment_config`,`payment_state` FROM `bestop_payment` ORDER BY `payment_order` asc, `payment_id` asc  [ RunTime:0.0006s ]
SQL: SHOW COLUMNS FROM `bestop_config` [ RunTime:0.0008s ]
SQL: SELECT * FROM `bestop_config` WHERE ( name = 'CFG_MOBILE_AUTO' ) LIMIT 1   [ RunTime:0.0004s ]
INFO: [ app_begin ] --START--
INFO: Run Behavior\ReadHtmlCacheBehavior [ RunTime:0.000753s ]
INFO: [ app_begin ] --END-- [ RunTime:0.000893s ]
SQL: SHOW COLUMNS FROM `bestop_member` [ RunTime:0.0011s ]
SQL: SELECT * FROM `bestop_member` WHERE `phone` = '15152231721' LIMIT 1   [ RunTime:0.0007s ]
SQL: UPDATE `bestop_member` SET `logintime`='1564666736',`loginip`='0.0.0.0' WHERE `id` = 1 [ RunTime:0.0011s ]

[ 2019-08-01T21:38:57+08:00 ] ::1 /index.php?s=/Mobile/User/index.html
INFO: [ app_init ] --START--
INFO: Run Behavior\BuildLiteBehavior [ RunTime:0.000081s ]
INFO: [ app_init ] --END-- [ RunTime:0.000476s ]
SQL: SHOW COLUMNS FROM `bestop_payment` [ RunTime:0.0008s ]
NOTIC: [2] Missing argument 1 for Think\Model::where(), called in C:\wamp64\www\gift\trunk\App\Common\Common\other.php on line 552 and defined C:\wamp64\www\gift\trunk\Include\Library\Think\Model.class.php 第 1785 行.
NOTIC: [8] Undefined variable: where C:\wamp64\www\gift\trunk\Include\Library\Think\Model.class.php 第 1793 行.
NOTIC: [8] Undefined variable: where C:\wamp64\www\gift\trunk\Include\Library\Think\Model.class.php 第 1796 行.
NOTIC: [8] Undefined variable: where C:\wamp64\www\gift\trunk\Include\Library\Think\Model.class.php 第 1804 行.
SQL: SELECT `payment_id`,`payment_name`,`payment_type`,`payment_desc`,`payment_config`,`payment_state` FROM `bestop_payment` ORDER BY `payment_order` asc, `payment_id` asc  [ RunTime:0.0004s ]
SQL: SHOW COLUMNS FROM `bestop_config` [ RunTime:0.0008s ]
SQL: SELECT * FROM `bestop_config` WHERE ( name = 'CFG_MOBILE_AUTO' ) LIMIT 1   [ RunTime:0.0004s ]
INFO: [ app_begin ] --START--
INFO: Run Behavior\ReadHtmlCacheBehavior [ RunTime:0.000777s ]
INFO: [ app_begin ] --END-- [ RunTime:0.000932s ]
SQL: SHOW COLUMNS FROM `bestop_member` [ RunTime:0.0011s ]
SQL: SELECT `zc_id` FROM `bestop_member` WHERE `id` = 1 LIMIT 1   [ RunTime:0.0005s ]
SQL: SELECT * FROM `bestop_member` WHERE `id` = 1 LIMIT 1   [ RunTime:0.0004s ]
SQL: SHOW COLUMNS FROM `bestop_zc` [ RunTime:0.0008s ]
SQL: SELECT * FROM `bestop_zc` WHERE `id` = '73' LIMIT 1   [ RunTime:0.0003s ]
SQL: SHOW COLUMNS FROM `bestop_order` [ RunTime:0.0011s ]
SQL: SELECT COUNT(*) AS tp_count FROM `bestop_order` WHERE `user_id` = 1 AND `order_state` = 'wpay' LIMIT 1   [ RunTime:0.0007s ]
SQL: SELECT COUNT(*) AS tp_count FROM `bestop_order` WHERE `user_id` = 1 AND `order_state` = 'wget' LIMIT 1   [ RunTime:0.0003s ]
SQL: SELECT COUNT(*) AS tp_count FROM `bestop_order` WHERE `user_id` = 1 AND `order_state` = 'success' LIMIT 1   [ RunTime:0.0003s ]
SQL: SELECT COUNT(*) AS tp_count FROM `bestop_order` WHERE ( user_id=1 and order_atime>=1564588800 and order_atime<=1564675199 ) LIMIT 1   [ RunTime:0.0003s ]
SQL: SELECT COUNT(*) AS tp_count FROM `bestop_order` WHERE ( user_id=1 and order_atime>=1564588800 and order_atime<=1567267199 ) LIMIT 1   [ RunTime:0.0003s ]
SQL: SELECT COUNT(*) AS tp_count FROM `bestop_order` WHERE ( user_id=1 and order_atime>=1546272000 and order_atime<=1577807999 ) LIMIT 1   [ RunTime:0.0003s ]
SQL: SHOW COLUMNS FROM `bestop_event` [ RunTime:0.0010s ]
SQL: SELECT * FROM `bestop_event` WHERE (  1=1 and status=1 and (stime<=1564588800 or stime is null or stime="") and (etime>=1564588800 or etime is null or etime="") and  zc_ids like "%$$$73%"  ) ORDER BY addtime desc,id desc LIMIT 10   [ RunTime:0.0006s ]
INFO: [ view_parse ] --START--
INFO: [ template_filter ] --START--
INFO: Run Behavior\ContentReplaceBehavior [ RunTime:0.000195s ]
INFO: [ template_filter ] --END-- [ RunTime:0.000347s ]
NOTIC: [8] Undefined variable: pe C:\wamp64\www\gift\trunk\App\Runtime\Cache\Mobile\5a1f4e18084caacd3cddc5da174b572e.php 第 30 行.
NOTIC: [8] Use of undefined constant wpay - assumed 'wpay' C:\wamp64\www\gift\trunk\App\Runtime\Cache\Mobile\5a1f4e18084caacd3cddc5da174b572e.php 第 79 行.
NOTIC: [8] Use of undefined constant wget - assumed 'wget' C:\wamp64\www\gift\trunk\App\Runtime\Cache\Mobile\5a1f4e18084caacd3cddc5da174b572e.php 第 80 行.
NOTIC: [8] Use of undefined constant success - assumed 'success' C:\wamp64\www\gift\trunk\App\Runtime\Cache\Mobile\5a1f4e18084caacd3cddc5da174b572e.php 第 81 行.
INFO: Run Behavior\ParseTemplateBehavior [ RunTime:0.081500s ]
INFO: [ view_parse ] --END-- [ RunTime:0.081731s ]
INFO: [ view_filter ] --START--
INFO: Run Behavior\WriteHtmlCacheBehavior [ RunTime:0.000741s ]
INFO: [ view_filter ] --END-- [ RunTime:0.000882s ]
INFO: [ app_end ] --START--
INFO: Run Behavior\ShowPageTraceBehavior [ RunTime:0.000714s ]
INFO: [ app_end ] --END-- [ RunTime:0.000898s ]

[ 2019-08-01T21:39:25+08:00 ] ::1 /index.php?s=/Mobile/user/customer.html
INFO: [ app_init ] --START--
INFO: Run Behavior\BuildLiteBehavior [ RunTime:0.000032s ]
INFO: [ app_init ] --END-- [ RunTime:0.000179s ]
SQL: SHOW COLUMNS FROM `bestop_payment` [ RunTime:0.0009s ]
NOTIC: [2] Missing argument 1 for Think\Model::where(), called in C:\wamp64\www\gift\trunk\App\Common\Common\other.php on line 552 and defined C:\wamp64\www\gift\trunk\Include\Library\Think\Model.class.php 第 1785 行.
NOTIC: [8] Undefined variable: where C:\wamp64\www\gift\trunk\Include\Library\Think\Model.class.php 第 1793 行.
NOTIC: [8] Undefined variable: where C:\wamp64\www\gift\trunk\Include\Library\Think\Model.class.php 第 1796 行.
NOTIC: [8] Undefined variable: where C:\wamp64\www\gift\trunk\Include\Library\Think\Model.class.php 第 1804 行.
SQL: SELECT `payment_id`,`payment_name`,`payment_type`,`payment_desc`,`payment_config`,`payment_state` FROM `bestop_payment` ORDER BY `payment_order` asc, `payment_id` asc  [ RunTime:0.0004s ]
SQL: SHOW COLUMNS FROM `bestop_config` [ RunTime:0.0009s ]
SQL: SELECT * FROM `bestop_config` WHERE ( name = 'CFG_MOBILE_AUTO' ) LIMIT 1   [ RunTime:0.0004s ]
INFO: [ app_begin ] --START--
INFO: Run Behavior\ReadHtmlCacheBehavior [ RunTime:0.000968s ]
INFO: [ app_begin ] --END-- [ RunTime:0.001122s ]
SQL: SHOW COLUMNS FROM `bestop_member` [ RunTime:0.0009s ]
SQL: SELECT `zc_id` FROM `bestop_member` WHERE `id` = 1 LIMIT 1   [ RunTime:0.0003s ]
SQL: SHOW COLUMNS FROM `bestop_wenjuan_answer` [ RunTime:0.0009s ]
SQL: SELECT * FROM `bestop_wenjuan_answer` WHERE `user_id` = '1'  [ RunTime:0.0005s ]
INFO: [ view_parse ] --START--
INFO: [ template_filter ] --START--
INFO: Run Behavior\ContentReplaceBehavior [ RunTime:0.000204s ]
INFO: [ template_filter ] --END-- [ RunTime:0.000366s ]
NOTIC: [8] Undefined variable: pe C:\wamp64\www\gift\trunk\App\Runtime\Cache\Mobile\ca54fceda5c9f27714bf07fe75855737.php 第 30 行.
INFO: Run Behavior\ParseTemplateBehavior [ RunTime:0.053633s ]
INFO: [ view_parse ] --END-- [ RunTime:0.053793s ]
INFO: [ view_filter ] --START--
INFO: Run Behavior\WriteHtmlCacheBehavior [ RunTime:0.000614s ]
INFO: [ view_filter ] --END-- [ RunTime:0.000750s ]
INFO: [ app_end ] --START--
INFO: Run Behavior\ShowPageTraceBehavior [ RunTime:0.000859s ]
INFO: [ app_end ] --END-- [ RunTime:0.001024s ]

[ 2019-08-01T21:40:24+08:00 ] ::1 /index.php?s=/Mobile/user/customer.html
INFO: [ app_init ] --START--
INFO: Run Behavior\BuildLiteBehavior [ RunTime:0.000066s ]
INFO: [ app_init ] --END-- [ RunTime:0.000349s ]
SQL: SHOW COLUMNS FROM `bestop_payment` [ RunTime:0.0022s ]
NOTIC: [2] Missing argument 1 for Think\Model::where(), called in C:\wamp64\www\gift\trunk\App\Common\Common\other.php on line 552 and defined C:\wamp64\www\gift\trunk\Include\Library\Think\Model.class.php 第 1785 行.
NOTIC: [8] Undefined variable: where C:\wamp64\www\gift\trunk\Include\Library\Think\Model.class.php 第 1793 行.
NOTIC: [8] Undefined variable: where C:\wamp64\www\gift\trunk\Include\Library\Think\Model.class.php 第 1796 行.
NOTIC: [8] Undefined variable: where C:\wamp64\www\gift\trunk\Include\Library\Think\Model.class.php 第 1804 行.
SQL: SELECT `payment_id`,`payment_name`,`payment_type`,`payment_desc`,`payment_config`,`payment_state` FROM `bestop_payment` ORDER BY `payment_order` asc, `payment_id` asc  [ RunTime:0.0005s ]
SQL: SHOW COLUMNS FROM `bestop_config` [ RunTime:0.0009s ]
SQL: SELECT * FROM `bestop_config` WHERE ( name = 'CFG_MOBILE_AUTO' ) LIMIT 1   [ RunTime:0.0004s ]
INFO: [ app_begin ] --START--
INFO: Run Behavior\ReadHtmlCacheBehavior [ RunTime:0.000752s ]
INFO: [ app_begin ] --END-- [ RunTime:0.000897s ]
SQL: SHOW COLUMNS FROM `bestop_member` [ RunTime:0.0010s ]
SQL: SELECT `zc_id` FROM `bestop_member` WHERE `id` = 1 LIMIT 1   [ RunTime:0.0005s ]
SQL: SHOW COLUMNS FROM `bestop_wenjuan_answer` [ RunTime:0.0013s ]
SQL: SELECT * FROM `bestop_wenjuan_answer` WHERE `user_id` = '1'  [ RunTime:0.0006s ]
INFO: [ view_parse ] --START--
INFO: [ template_filter ] --START--
INFO: Run Behavior\ContentReplaceBehavior [ RunTime:0.000183s ]
INFO: [ template_filter ] --END-- [ RunTime:0.000329s ]
NOTIC: [8] Undefined variable: pe C:\wamp64\www\gift\trunk\App\Runtime\Cache\Mobile\ca54fceda5c9f27714bf07fe75855737.php 第 30 行.
INFO: Run Behavior\ParseTemplateBehavior [ RunTime:0.055006s ]
INFO: [ view_parse ] --END-- [ RunTime:0.055195s ]
INFO: [ view_filter ] --START--
INFO: Run Behavior\WriteHtmlCacheBehavior [ RunTime:0.000624s ]
INFO: [ view_filter ] --END-- [ RunTime:0.000782s ]
INFO: [ app_end ] --START--
INFO: Run Behavior\ShowPageTraceBehavior [ RunTime:0.000992s ]
INFO: [ app_end ] --END-- [ RunTime:0.001220s ]

[ 2019-08-01T21:41:34+08:00 ] ::1 /index.php?s=/Mobile/User/index.html
INFO: [ app_init ] --START--
INFO: Run Behavior\BuildLiteBehavior [ RunTime:0.000060s ]
INFO: [ app_init ] --END-- [ RunTime:0.000307s ]
SQL: SHOW COLUMNS FROM `bestop_payment` [ RunTime:0.0010s ]
NOTIC: [2] Missing argument 1 for Think\Model::where(), called in C:\wamp64\www\gift\trunk\App\Common\Common\other.php on line 552 and defined C:\wamp64\www\gift\trunk\Include\Library\Think\Model.class.php 第 1785 行.
NOTIC: [8] Undefined variable: where C:\wamp64\www\gift\trunk\Include\Library\Think\Model.class.php 第 1793 行.
NOTIC: [8] Undefined variable: where C:\wamp64\www\gift\trunk\Include\Library\Think\Model.class.php 第 1796 行.
NOTIC: [8] Undefined variable: where C:\wamp64\www\gift\trunk\Include\Library\Think\Model.class.php 第 1804 行.
SQL: SELECT `payment_id`,`payment_name`,`payment_type`,`payment_desc`,`payment_config`,`payment_state` FROM `bestop_payment` ORDER BY `payment_order` asc, `payment_id` asc  [ RunTime:0.0004s ]
SQL: SHOW COLUMNS FROM `bestop_config` [ RunTime:0.0008s ]
SQL: SELECT * FROM `bestop_config` WHERE ( name = 'CFG_MOBILE_AUTO' ) LIMIT 1   [ RunTime:0.0004s ]
INFO: [ app_begin ] --START--
INFO: Run Behavior\ReadHtmlCacheBehavior [ RunTime:0.013425s ]
INFO: [ app_begin ] --END-- [ RunTime:0.013691s ]
SQL: SHOW COLUMNS FROM `bestop_member` [ RunTime:0.0010s ]
SQL: SELECT `zc_id` FROM `bestop_member` WHERE `id` = 1 LIMIT 1   [ RunTime:0.0004s ]
SQL: SELECT * FROM `bestop_member` WHERE `id` = 1 LIMIT 1   [ RunTime:0.0005s ]
SQL: SHOW COLUMNS FROM `bestop_zc` [ RunTime:0.0009s ]
SQL: SELECT * FROM `bestop_zc` WHERE `id` = '73' LIMIT 1   [ RunTime:0.0004s ]
SQL: SHOW COLUMNS FROM `bestop_order` [ RunTime:0.0010s ]
SQL: SELECT COUNT(*) AS tp_count FROM `bestop_order` WHERE `user_id` = 1 AND `order_state` = 'wpay' LIMIT 1   [ RunTime:0.0005s ]
SQL: SELECT COUNT(*) AS tp_count FROM `bestop_order` WHERE `user_id` = 1 AND `order_state` = 'wget' LIMIT 1   [ RunTime:0.0004s ]
SQL: SELECT COUNT(*) AS tp_count FROM `bestop_order` WHERE `user_id` = 1 AND `order_state` = 'success' LIMIT 1   [ RunTime:0.0004s ]
SQL: SELECT COUNT(*) AS tp_count FROM `bestop_order` WHERE ( user_id=1 and order_atime>=1564588800 and order_atime<=1564675199 ) LIMIT 1   [ RunTime:0.0003s ]
SQL: SELECT COUNT(*) AS tp_count FROM `bestop_order` WHERE ( user_id=1 and order_atime>=1564588800 and order_atime<=1567267199 ) LIMIT 1   [ RunTime:0.0006s ]
SQL: SELECT COUNT(*) AS tp_count FROM `bestop_order` WHERE ( user_id=1 and order_atime>=1546272000 and order_atime<=1577807999 ) LIMIT 1   [ RunTime:0.0005s ]
SQL: SHOW COLUMNS FROM `bestop_event` [ RunTime:0.0012s ]
SQL: SELECT * FROM `bestop_event` WHERE (  1=1 and status=1 and (stime<=1564588800 or stime is null or stime="") and (etime>=1564588800 or etime is null or etime="") and  zc_ids like "%$$$73%"  ) ORDER BY addtime desc,id desc LIMIT 10   [ RunTime:0.0005s ]
INFO: [ view_parse ] --START--
INFO: [ template_filter ] --START--
INFO: Run Behavior\ContentReplaceBehavior [ RunTime:0.000208s ]
INFO: [ template_filter ] --END-- [ RunTime:0.000374s ]
NOTIC: [8] Undefined variable: pe C:\wamp64\www\gift\trunk\App\Runtime\Cache\Mobile\5a1f4e18084caacd3cddc5da174b572e.php 第 30 行.
NOTIC: [8] Use of undefined constant wpay - assumed 'wpay' C:\wamp64\www\gift\trunk\App\Runtime\Cache\Mobile\5a1f4e18084caacd3cddc5da174b572e.php 第 79 行.
NOTIC: [8] Use of undefined constant wget - assumed 'wget' C:\wamp64\www\gift\trunk\App\Runtime\Cache\Mobile\5a1f4e18084caacd3cddc5da174b572e.php 第 80 行.
NOTIC: [8] Use of undefined constant success - assumed 'success' C:\wamp64\www\gift\trunk\App\Runtime\Cache\Mobile\5a1f4e18084caacd3cddc5da174b572e.php 第 81 行.
INFO: Run Behavior\ParseTemplateBehavior [ RunTime:0.095653s ]
INFO: [ view_parse ] --END-- [ RunTime:0.095878s ]
INFO: [ view_filter ] --START--
INFO: Run Behavior\WriteHtmlCacheBehavior [ RunTime:0.000708s ]
INFO: [ view_filter ] --END-- [ RunTime:0.000862s ]
INFO: [ app_end ] --START--
INFO: Run Behavior\ShowPageTraceBehavior [ RunTime:0.000690s ]
INFO: [ app_end ] --END-- [ RunTime:0.000826s ]

[ 2019-08-01T21:41:35+08:00 ] ::1 /index.php?s=/Mobile/User/index.html
INFO: [ app_init ] --START--
INFO: Run Behavior\BuildLiteBehavior [ RunTime:0.000073s ]
INFO: [ app_init ] --END-- [ RunTime:0.000307s ]
SQL: SHOW COLUMNS FROM `bestop_payment` [ RunTime:0.0011s ]
NOTIC: [2] Missing argument 1 for Think\Model::where(), called in C:\wamp64\www\gift\trunk\App\Common\Common\other.php on line 552 and defined C:\wamp64\www\gift\trunk\Include\Library\Think\Model.class.php 第 1785 行.
NOTIC: [8] Undefined variable: where C:\wamp64\www\gift\trunk\Include\Library\Think\Model.class.php 第 1793 行.
NOTIC: [8] Undefined variable: where C:\wamp64\www\gift\trunk\Include\Library\Think\Model.class.php 第 1796 行.
NOTIC: [8] Undefined variable: where C:\wamp64\www\gift\trunk\Include\Library\Think\Model.class.php 第 1804 行.
SQL: SELECT `payment_id`,`payment_name`,`payment_type`,`payment_desc`,`payment_config`,`payment_state` FROM `bestop_payment` ORDER BY `payment_order` asc, `payment_id` asc  [ RunTime:0.0005s ]
SQL: SHOW COLUMNS FROM `bestop_config` [ RunTime:0.0007s ]
SQL: SELECT * FROM `bestop_config` WHERE ( name = 'CFG_MOBILE_AUTO' ) LIMIT 1   [ RunTime:0.0004s ]
INFO: [ app_begin ] --START--
INFO: Run Behavior\ReadHtmlCacheBehavior [ RunTime:0.001023s ]
INFO: [ app_begin ] --END-- [ RunTime:0.001192s ]
SQL: SHOW COLUMNS FROM `bestop_member` [ RunTime:0.0012s ]
SQL: SELECT `zc_id` FROM `bestop_member` WHERE `id` = 1 LIMIT 1   [ RunTime:0.0004s ]
SQL: SELECT * FROM `bestop_member` WHERE `id` = 1 LIMIT 1   [ RunTime:0.0003s ]
SQL: SHOW COLUMNS FROM `bestop_zc` [ RunTime:0.0006s ]
SQL: SELECT * FROM `bestop_zc` WHERE `id` = '73' LIMIT 1   [ RunTime:0.0003s ]
SQL: SHOW COLUMNS FROM `bestop_order` [ RunTime:0.0009s ]
SQL: SELECT COUNT(*) AS tp_count FROM `bestop_order` WHERE `user_id` = 1 AND `order_state` = 'wpay' LIMIT 1   [ RunTime:0.0004s ]
SQL: SELECT COUNT(*) AS tp_count FROM `bestop_order` WHERE `user_id` = 1 AND `order_state` = 'wget' LIMIT 1   [ RunTime:0.0003s ]
SQL: SELECT COUNT(*) AS tp_count FROM `bestop_order` WHERE `user_id` = 1 AND `order_state` = 'success' LIMIT 1   [ RunTime:0.0003s ]
SQL: SELECT COUNT(*) AS tp_count FROM `bestop_order` WHERE ( user_id=1 and order_atime>=1564588800 and order_atime<=1564675199 ) LIMIT 1   [ RunTime:0.0003s ]
SQL: SELECT COUNT(*) AS tp_count FROM `bestop_order` WHERE ( user_id=1 and order_atime>=1564588800 and order_atime<=1567267199 ) LIMIT 1   [ RunTime:0.0003s ]
SQL: SELECT COUNT(*) AS tp_count FROM `bestop_order` WHERE ( user_id=1 and order_atime>=1546272000 and order_atime<=1577807999 ) LIMIT 1   [ RunTime:0.0003s ]
SQL: SHOW COLUMNS FROM `bestop_event` [ RunTime:0.0007s ]
SQL: SELECT * FROM `bestop_event` WHERE (  1=1 and status=1 and (stime<=1564588800 or stime is null or stime="") and (etime>=1564588800 or etime is null or etime="") and  zc_ids like "%$$$73%"  ) ORDER BY addtime desc,id desc LIMIT 10   [ RunTime:0.0004s ]
INFO: [ view_parse ] --START--
INFO: [ template_filter ] --START--
INFO: Run Behavior\ContentReplaceBehavior [ RunTime:0.000197s ]
INFO: [ template_filter ] --END-- [ RunTime:0.000348s ]
NOTIC: [8] Undefined variable: pe C:\wamp64\www\gift\trunk\App\Runtime\Cache\Mobile\5a1f4e18084caacd3cddc5da174b572e.php 第 30 行.
NOTIC: [8] Use of undefined constant wpay - assumed 'wpay' C:\wamp64\www\gift\trunk\App\Runtime\Cache\Mobile\5a1f4e18084caacd3cddc5da174b572e.php 第 79 行.
NOTIC: [8] Use of undefined constant wget - assumed 'wget' C:\wamp64\www\gift\trunk\App\Runtime\Cache\Mobile\5a1f4e18084caacd3cddc5da174b572e.php 第 80 行.
NOTIC: [8] Use of undefined constant success - assumed 'success' C:\wamp64\www\gift\trunk\App\Runtime\Cache\Mobile\5a1f4e18084caacd3cddc5da174b572e.php 第 81 行.
INFO: Run Behavior\ParseTemplateBehavior [ RunTime:0.073602s ]
INFO: [ view_parse ] --END-- [ RunTime:0.073773s ]
INFO: [ view_filter ] --START--
INFO: Run Behavior\WriteHtmlCacheBehavior [ RunTime:0.000799s ]
INFO: [ view_filter ] --END-- [ RunTime:0.000951s ]
INFO: [ app_end ] --START--
INFO: Run Behavior\ShowPageTraceBehavior [ RunTime:0.000721s ]
INFO: [ app_end ] --END-- [ RunTime:0.000870s ]

[ 2019-08-01T21:41:39+08:00 ] ::1 /index.php?s=/Mobile/User/index.html
INFO: [ app_init ] --START--
INFO: Run Behavior\BuildLiteBehavior [ RunTime:0.000043s ]
INFO: [ app_init ] --END-- [ RunTime:0.000212s ]
SQL: SHOW COLUMNS FROM `bestop_payment` [ RunTime:0.0009s ]
NOTIC: [2] Missing argument 1 for Think\Model::where(), called in C:\wamp64\www\gift\trunk\App\Common\Common\other.php on line 552 and defined C:\wamp64\www\gift\trunk\Include\Library\Think\Model.class.php 第 1785 行.
NOTIC: [8] Undefined variable: where C:\wamp64\www\gift\trunk\Include\Library\Think\Model.class.php 第 1793 行.
NOTIC: [8] Undefined variable: where C:\wamp64\www\gift\trunk\Include\Library\Think\Model.class.php 第 1796 行.
NOTIC: [8] Undefined variable: where C:\wamp64\www\gift\trunk\Include\Library\Think\Model.class.php 第 1804 行.
SQL: SELECT `payment_id`,`payment_name`,`payment_type`,`payment_desc`,`payment_config`,`payment_state` FROM `bestop_payment` ORDER BY `payment_order` asc, `payment_id` asc  [ RunTime:0.0004s ]
SQL: SHOW COLUMNS FROM `bestop_config` [ RunTime:0.0009s ]
SQL: SELECT * FROM `bestop_config` WHERE ( name = 'CFG_MOBILE_AUTO' ) LIMIT 1   [ RunTime:0.0004s ]
INFO: [ app_begin ] --START--
INFO: Run Behavior\ReadHtmlCacheBehavior [ RunTime:0.014360s ]
INFO: [ app_begin ] --END-- [ RunTime:0.014559s ]
SQL: SHOW COLUMNS FROM `bestop_member` [ RunTime:0.0008s ]
SQL: SELECT `zc_id` FROM `bestop_member` WHERE `id` = 1 LIMIT 1   [ RunTime:0.0005s ]
SQL: SELECT * FROM `bestop_member` WHERE `id` = 1 LIMIT 1   [ RunTime:0.0003s ]
SQL: SHOW COLUMNS FROM `bestop_zc` [ RunTime:0.0008s ]
SQL: SELECT * FROM `bestop_zc` WHERE `id` = '73' LIMIT 1   [ RunTime:0.0004s ]
SQL: SHOW COLUMNS FROM `bestop_order` [ RunTime:0.0010s ]
SQL: SELECT COUNT(*) AS tp_count FROM `bestop_order` WHERE `user_id` = 1 AND `order_state` = 'wpay' LIMIT 1   [ RunTime:0.0005s ]
SQL: SELECT COUNT(*) AS tp_count FROM `bestop_order` WHERE `user_id` = 1 AND `order_state` = 'wget' LIMIT 1   [ RunTime:0.0004s ]
SQL: SELECT COUNT(*) AS tp_count FROM `bestop_order` WHERE `user_id` = 1 AND `order_state` = 'success' LIMIT 1   [ RunTime:0.0004s ]
SQL: SELECT COUNT(*) AS tp_count FROM `bestop_order` WHERE ( user_id=1 and order_atime>=1564588800 and order_atime<=1564675199 ) LIMIT 1   [ RunTime:0.0003s ]
SQL: SELECT COUNT(*) AS tp_count FROM `bestop_order` WHERE ( user_id=1 and order_atime>=1564588800 and order_atime<=1567267199 ) LIMIT 1   [ RunTime:0.0003s ]
SQL: SELECT COUNT(*) AS tp_count FROM `bestop_order` WHERE ( user_id=1 and order_atime>=1546272000 and order_atime<=1577807999 ) LIMIT 1   [ RunTime:0.0005s ]
SQL: SHOW COLUMNS FROM `bestop_event` [ RunTime:0.0009s ]
SQL: SELECT * FROM `bestop_event` WHERE (  1=1 and status=1 and (stime<=1564588800 or stime is null or stime="") and (etime>=1564588800 or etime is null or etime="") and  zc_ids like "%$$$73%"  ) ORDER BY addtime desc,id desc LIMIT 10   [ RunTime:0.0005s ]
INFO: [ view_parse ] --START--
INFO: [ template_filter ] --START--
INFO: Run Behavior\ContentReplaceBehavior [ RunTime:0.000216s ]
INFO: [ template_filter ] --END-- [ RunTime:0.000468s ]
NOTIC: [8] Undefined variable: pe C:\wamp64\www\gift\trunk\App\Runtime\Cache\Mobile\5a1f4e18084caacd3cddc5da174b572e.php 第 30 行.
NOTIC: [8] Use of undefined constant wpay - assumed 'wpay' C:\wamp64\www\gift\trunk\App\Runtime\Cache\Mobile\5a1f4e18084caacd3cddc5da174b572e.php 第 79 行.
NOTIC: [8] Use of undefined constant wget - assumed 'wget' C:\wamp64\www\gift\trunk\App\Runtime\Cache\Mobile\5a1f4e18084caacd3cddc5da174b572e.php 第 80 行.
NOTIC: [8] Use of undefined constant success - assumed 'success' C:\wamp64\www\gift\trunk\App\Runtime\Cache\Mobile\5a1f4e18084caacd3cddc5da174b572e.php 第 81 行.
INFO: Run Behavior\ParseTemplateBehavior [ RunTime:0.093819s ]
INFO: [ view_parse ] --END-- [ RunTime:0.094069s ]
INFO: [ view_filter ] --START--
INFO: Run Behavior\WriteHtmlCacheBehavior [ RunTime:0.000893s ]
INFO: [ view_filter ] --END-- [ RunTime:0.001050s ]
INFO: [ app_end ] --START--
INFO: Run Behavior\ShowPageTraceBehavior [ RunTime:0.000649s ]
INFO: [ app_end ] --END-- [ RunTime:0.000801s ]

[ 2019-08-01T21:41:39+08:00 ] ::1 /index.php?s=/Mobile/User/index.html
INFO: [ app_init ] --START--
INFO: Run Behavior\BuildLiteBehavior [ RunTime:0.000047s ]
INFO: [ app_init ] --END-- [ RunTime:0.000273s ]
SQL: SHOW COLUMNS FROM `bestop_payment` [ RunTime:0.0010s ]
NOTIC: [2] Missing argument 1 for Think\Model::where(), called in C:\wamp64\www\gift\trunk\App\Common\Common\other.php on line 552 and defined C:\wamp64\www\gift\trunk\Include\Library\Think\Model.class.php 第 1785 行.
NOTIC: [8] Undefined variable: where C:\wamp64\www\gift\trunk\Include\Library\Think\Model.class.php 第 1793 行.
NOTIC: [8] Undefined variable: where C:\wamp64\www\gift\trunk\Include\Library\Think\Model.class.php 第 1796 行.
NOTIC: [8] Undefined variable: where C:\wamp64\www\gift\trunk\Include\Library\Think\Model.class.php 第 1804 行.
SQL: SELECT `payment_id`,`payment_name`,`payment_type`,`payment_desc`,`payment_config`,`payment_state` FROM `bestop_payment` ORDER BY `payment_order` asc, `payment_id` asc  [ RunTime:0.0005s ]
SQL: SHOW COLUMNS FROM `bestop_config` [ RunTime:0.0007s ]
SQL: SELECT * FROM `bestop_config` WHERE ( name = 'CFG_MOBILE_AUTO' ) LIMIT 1   [ RunTime:0.0003s ]
INFO: [ app_begin ] --START--
INFO: Run Behavior\ReadHtmlCacheBehavior [ RunTime:0.000661s ]
INFO: [ app_begin ] --END-- [ RunTime:0.000802s ]
SQL: SHOW COLUMNS FROM `bestop_member` [ RunTime:0.0009s ]
SQL: SELECT `zc_id` FROM `bestop_member` WHERE `id` = 1 LIMIT 1   [ RunTime:0.0003s ]
SQL: SELECT * FROM `bestop_member` WHERE `id` = 1 LIMIT 1   [ RunTime:0.0003s ]
SQL: SHOW COLUMNS FROM `bestop_zc` [ RunTime:0.0007s ]
SQL: SELECT * FROM `bestop_zc` WHERE `id` = '73' LIMIT 1   [ RunTime:0.0003s ]
SQL: SHOW COLUMNS FROM `bestop_order` [ RunTime:0.0009s ]
SQL: SELECT COUNT(*) AS tp_count FROM `bestop_order` WHERE `user_id` = 1 AND `order_state` = 'wpay' LIMIT 1   [ RunTime:0.0004s ]
SQL: SELECT COUNT(*) AS tp_count FROM `bestop_order` WHERE `user_id` = 1 AND `order_state` = 'wget' LIMIT 1   [ RunTime:0.0003s ]
SQL: SELECT COUNT(*) AS tp_count FROM `bestop_order` WHERE `user_id` = 1 AND `order_state` = 'success' LIMIT 1   [ RunTime:0.0003s ]
SQL: SELECT COUNT(*) AS tp_count FROM `bestop_order` WHERE ( user_id=1 and order_atime>=1564588800 and order_atime<=1564675199 ) LIMIT 1   [ RunTime:0.0003s ]
SQL: SELECT COUNT(*) AS tp_count FROM `bestop_order` WHERE ( user_id=1 and order_atime>=1564588800 and order_atime<=1567267199 ) LIMIT 1   [ RunTime:0.0003s ]
SQL: SELECT COUNT(*) AS tp_count FROM `bestop_order` WHERE ( user_id=1 and order_atime>=1546272000 and order_atime<=1577807999 ) LIMIT 1   [ RunTime:0.0003s ]
SQL: SHOW COLUMNS FROM `bestop_event` [ RunTime:0.0007s ]
SQL: SELECT * FROM `bestop_event` WHERE (  1=1 and status=1 and (stime<=1564588800 or stime is null or stime="") and (etime>=1564588800 or etime is null or etime="") and  zc_ids like "%$$$73%"  ) ORDER BY addtime desc,id desc LIMIT 10   [ RunTime:0.0005s ]
INFO: [ view_parse ] --START--
INFO: [ template_filter ] --START--
INFO: Run Behavior\ContentReplaceBehavior [ RunTime:0.000193s ]
INFO: [ template_filter ] --END-- [ RunTime:0.000383s ]
NOTIC: [8] Undefined variable: pe C:\wamp64\www\gift\trunk\App\Runtime\Cache\Mobile\5a1f4e18084caacd3cddc5da174b572e.php 第 30 行.
NOTIC: [8] Use of undefined constant wpay - assumed 'wpay' C:\wamp64\www\gift\trunk\App\Runtime\Cache\Mobile\5a1f4e18084caacd3cddc5da174b572e.php 第 79 行.
NOTIC: [8] Use of undefined constant wget - assumed 'wget' C:\wamp64\www\gift\trunk\App\Runtime\Cache\Mobile\5a1f4e18084caacd3cddc5da174b572e.php 第 80 行.
NOTIC: [8] Use of undefined constant success - assumed 'success' C:\wamp64\www\gift\trunk\App\Runtime\Cache\Mobile\5a1f4e18084caacd3cddc5da174b572e.php 第 81 行.
INFO: Run Behavior\ParseTemplateBehavior [ RunTime:0.069153s ]
INFO: [ view_parse ] --END-- [ RunTime:0.069323s ]
INFO: [ view_filter ] --START--
INFO: Run Behavior\WriteHtmlCacheBehavior [ RunTime:0.000615s ]
INFO: [ view_filter ] --END-- [ RunTime:0.000760s ]
INFO: [ app_end ] --START--
INFO: Run Behavior\ShowPageTraceBehavior [ RunTime:0.000781s ]
INFO: [ app_end ] --END-- [ RunTime:0.000919s ]

[ 2019-08-01T21:41:58+08:00 ] ::1 /index.php?s=/Mobile/User/index.html
INFO: [ app_init ] --START--
INFO: Run Behavior\BuildLiteBehavior [ RunTime:0.000033s ]
INFO: [ app_init ] --END-- [ RunTime:0.000205s ]
SQL: SHOW COLUMNS FROM `bestop_payment` [ RunTime:0.0007s ]
NOTIC: [2] Missing argument 1 for Think\Model::where(), called in C:\wamp64\www\gift\trunk\App\Common\Common\other.php on line 552 and defined C:\wamp64\www\gift\trunk\Include\Library\Think\Model.class.php 第 1785 行.
NOTIC: [8] Undefined variable: where C:\wamp64\www\gift\trunk\Include\Library\Think\Model.class.php 第 1793 行.
NOTIC: [8] Undefined variable: where C:\wamp64\www\gift\trunk\Include\Library\Think\Model.class.php 第 1796 行.
NOTIC: [8] Undefined variable: where C:\wamp64\www\gift\trunk\Include\Library\Think\Model.class.php 第 1804 行.
SQL: SELECT `payment_id`,`payment_name`,`payment_type`,`payment_desc`,`payment_config`,`payment_state` FROM `bestop_payment` ORDER BY `payment_order` asc, `payment_id` asc  [ RunTime:0.0004s ]
SQL: SHOW COLUMNS FROM `bestop_config` [ RunTime:0.0007s ]
SQL: SELECT * FROM `bestop_config` WHERE ( name = 'CFG_MOBILE_AUTO' ) LIMIT 1   [ RunTime:0.0003s ]
INFO: [ app_begin ] --START--
INFO: Run Behavior\ReadHtmlCacheBehavior [ RunTime:0.000686s ]
INFO: [ app_begin ] --END-- [ RunTime:0.000829s ]
SQL: SHOW COLUMNS FROM `bestop_member` [ RunTime:0.0011s ]
SQL: SELECT `zc_id` FROM `bestop_member` WHERE `id` = 1 LIMIT 1   [ RunTime:0.0003s ]
SQL: SELECT * FROM `bestop_member` WHERE `id` = 1 LIMIT 1   [ RunTime:0.0003s ]
SQL: SHOW COLUMNS FROM `bestop_zc` [ RunTime:0.0007s ]
SQL: SELECT * FROM `bestop_zc` WHERE `id` = '73' LIMIT 1   [ RunTime:0.0003s ]
SQL: SHOW COLUMNS FROM `bestop_order` [ RunTime:0.0009s ]
SQL: SELECT COUNT(*) AS tp_count FROM `bestop_order` WHERE `user_id` = 1 AND `order_state` = 'wpay' LIMIT 1   [ RunTime:0.0004s ]
SQL: SELECT COUNT(*) AS tp_count FROM `bestop_order` WHERE `user_id` = 1 AND `order_state` = 'wget' LIMIT 1   [ RunTime:0.0003s ]
SQL: SELECT COUNT(*) AS tp_count FROM `bestop_order` WHERE `user_id` = 1 AND `order_state` = 'success' LIMIT 1   [ RunTime:0.0003s ]
SQL: SELECT COUNT(*) AS tp_count FROM `bestop_order` WHERE ( user_id=1 and order_atime>=1564588800 and order_atime<=1564675199 ) LIMIT 1   [ RunTime:0.0003s ]
SQL: SELECT COUNT(*) AS tp_count FROM `bestop_order` WHERE ( user_id=1 and order_atime>=1564588800 and order_atime<=1567267199 ) LIMIT 1   [ RunTime:0.0003s ]
SQL: SELECT COUNT(*) AS tp_count FROM `bestop_order` WHERE ( user_id=1 and order_atime>=1546272000 and order_atime<=1577807999 ) LIMIT 1   [ RunTime:0.0004s ]
SQL: SHOW COLUMNS FROM `bestop_event` [ RunTime:0.0007s ]
SQL: SELECT * FROM `bestop_event` WHERE (  1=1 and status=1 and (stime<=1564588800 or stime is null or stime="") and (etime>=1564588800 or etime is null or etime="") and  zc_ids like "%$$$73%"  ) ORDER BY addtime desc,id desc LIMIT 10   [ RunTime:0.0004s ]
INFO: [ view_parse ] --START--
INFO: [ template_filter ] --START--
INFO: Run Behavior\ContentReplaceBehavior [ RunTime:0.000310s ]
INFO: [ template_filter ] --END-- [ RunTime:0.000661s ]
NOTIC: [8] Undefined variable: pe C:\wamp64\www\gift\trunk\App\Runtime\Cache\Mobile\5a1f4e18084caacd3cddc5da174b572e.php 第 30 行.
NOTIC: [8] Use of undefined constant wpay - assumed 'wpay' C:\wamp64\www\gift\trunk\App\Runtime\Cache\Mobile\5a1f4e18084caacd3cddc5da174b572e.php 第 79 行.
NOTIC: [8] Use of undefined constant wget - assumed 'wget' C:\wamp64\www\gift\trunk\App\Runtime\Cache\Mobile\5a1f4e18084caacd3cddc5da174b572e.php 第 80 行.
NOTIC: [8] Use of undefined constant success - assumed 'success' C:\wamp64\www\gift\trunk\App\Runtime\Cache\Mobile\5a1f4e18084caacd3cddc5da174b572e.php 第 81 行.
INFO: Run Behavior\ParseTemplateBehavior [ RunTime:0.093570s ]
INFO: [ view_parse ] --END-- [ RunTime:0.093753s ]
INFO: [ view_filter ] --START--
INFO: Run Behavior\WriteHtmlCacheBehavior [ RunTime:0.000981s ]
INFO: [ view_filter ] --END-- [ RunTime:0.001649s ]
INFO: [ app_end ] --START--
INFO: Run Behavior\ShowPageTraceBehavior [ RunTime:0.000934s ]
INFO: [ app_end ] --END-- [ RunTime:0.001089s ]

[ 2019-08-01T21:41:58+08:00 ] ::1 /index.php?s=/Mobile/User/index.html
INFO: [ app_init ] --START--
INFO: Run Behavior\BuildLiteBehavior [ RunTime:0.000035s ]
INFO: [ app_init ] --END-- [ RunTime:0.000198s ]
SQL: SHOW COLUMNS FROM `bestop_payment` [ RunTime:0.0008s ]
NOTIC: [2] Missing argument 1 for Think\Model::where(), called in C:\wamp64\www\gift\trunk\App\Common\Common\other.php on line 552 and defined C:\wamp64\www\gift\trunk\Include\Library\Think\Model.class.php 第 1785 行.
NOTIC: [8] Undefined variable: where C:\wamp64\www\gift\trunk\Include\Library\Think\Model.class.php 第 1793 行.
NOTIC: [8] Undefined variable: where C:\wamp64\www\gift\trunk\Include\Library\Think\Model.class.php 第 1796 行.
NOTIC: [8] Undefined variable: where C:\wamp64\www\gift\trunk\Include\Library\Think\Model.class.php 第 1804 行.
SQL: SELECT `payment_id`,`payment_name`,`payment_type`,`payment_desc`,`payment_config`,`payment_state` FROM `bestop_payment` ORDER BY `payment_order` asc, `payment_id` asc  [ RunTime:0.0004s ]
SQL: SHOW COLUMNS FROM `bestop_config` [ RunTime:0.0008s ]
SQL: SELECT * FROM `bestop_config` WHERE ( name = 'CFG_MOBILE_AUTO' ) LIMIT 1   [ RunTime:0.0004s ]
INFO: [ app_begin ] --START--
INFO: Run Behavior\ReadHtmlCacheBehavior [ RunTime:0.000982s ]
INFO: [ app_begin ] --END-- [ RunTime:0.001142s ]
SQL: SHOW COLUMNS FROM `bestop_member` [ RunTime:0.0010s ]
SQL: SELECT `zc_id` FROM `bestop_member` WHERE `id` = 1 LIMIT 1   [ RunTime:0.0003s ]
SQL: SELECT * FROM `bestop_member` WHERE `id` = 1 LIMIT 1   [ RunTime:0.0004s ]
SQL: SHOW COLUMNS FROM `bestop_zc` [ RunTime:0.0007s ]
SQL: SELECT * FROM `bestop_zc` WHERE `id` = '73' LIMIT 1   [ RunTime:0.0004s ]
SQL: SHOW COLUMNS FROM `bestop_order` [ RunTime:0.0008s ]
SQL: SELECT COUNT(*) AS tp_count FROM `bestop_order` WHERE `user_id` = 1 AND `order_state` = 'wpay' LIMIT 1   [ RunTime:0.0004s ]
SQL: SELECT COUNT(*) AS tp_count FROM `bestop_order` WHERE `user_id` = 1 AND `order_state` = 'wget' LIMIT 1   [ RunTime:0.0003s ]
SQL: SELECT COUNT(*) AS tp_count FROM `bestop_order` WHERE `user_id` = 1 AND `order_state` = 'success' LIMIT 1   [ RunTime:0.0003s ]
SQL: SELECT COUNT(*) AS tp_count FROM `bestop_order` WHERE ( user_id=1 and order_atime>=1564588800 and order_atime<=1564675199 ) LIMIT 1   [ RunTime:0.0003s ]
SQL: SELECT COUNT(*) AS tp_count FROM `bestop_order` WHERE ( user_id=1 and order_atime>=1564588800 and order_atime<=1567267199 ) LIMIT 1   [ RunTime:0.0003s ]
SQL: SELECT COUNT(*) AS tp_count FROM `bestop_order` WHERE ( user_id=1 and order_atime>=1546272000 and order_atime<=1577807999 ) LIMIT 1   [ RunTime:0.0003s ]
SQL: SHOW COLUMNS FROM `bestop_event` [ RunTime:0.0008s ]
SQL: SELECT * FROM `bestop_event` WHERE (  1=1 and status=1 and (stime<=1564588800 or stime is null or stime="") and (etime>=1564588800 or etime is null or etime="") and  zc_ids like "%$$$73%"  ) ORDER BY addtime desc,id desc LIMIT 10   [ RunTime:0.0004s ]
INFO: [ view_parse ] --START--
INFO: [ template_filter ] --START--
INFO: Run Behavior\ContentReplaceBehavior [ RunTime:0.000220s ]
INFO: [ template_filter ] --END-- [ RunTime:0.000388s ]
NOTIC: [8] Undefined variable: pe C:\wamp64\www\gift\trunk\App\Runtime\Cache\Mobile\5a1f4e18084caacd3cddc5da174b572e.php 第 30 行.
NOTIC: [8] Use of undefined constant wpay - assumed 'wpay' C:\wamp64\www\gift\trunk\App\Runtime\Cache\Mobile\5a1f4e18084caacd3cddc5da174b572e.php 第 79 行.
NOTIC: [8] Use of undefined constant wget - assumed 'wget' C:\wamp64\www\gift\trunk\App\Runtime\Cache\Mobile\5a1f4e18084caacd3cddc5da174b572e.php 第 80 行.
NOTIC: [8] Use of undefined constant success - assumed 'success' C:\wamp64\www\gift\trunk\App\Runtime\Cache\Mobile\5a1f4e18084caacd3cddc5da174b572e.php 第 81 行.
INFO: Run Behavior\ParseTemplateBehavior [ RunTime:0.070233s ]
INFO: [ view_parse ] --END-- [ RunTime:0.070412s ]
INFO: [ view_filter ] --START--
INFO: Run Behavior\WriteHtmlCacheBehavior [ RunTime:0.000769s ]
INFO: [ view_filter ] --END-- [ RunTime:0.000925s ]
INFO: [ app_end ] --START--
INFO: Run Behavior\ShowPageTraceBehavior [ RunTime:0.000727s ]
INFO: [ app_end ] --END-- [ RunTime:0.000889s ]

[ 2019-08-01T21:42:00+08:00 ] ::1 /index.php?s=/Mobile/article/event_detail/id/7.html
INFO: [ app_init ] --START--
INFO: Run Behavior\BuildLiteBehavior [ RunTime:0.000038s ]
INFO: [ app_init ] --END-- [ RunTime:0.000202s ]
SQL: SHOW COLUMNS FROM `bestop_payment` [ RunTime:0.0009s ]
NOTIC: [2] Missing argument 1 for Think\Model::where(), called in C:\wamp64\www\gift\trunk\App\Common\Common\other.php on line 552 and defined C:\wamp64\www\gift\trunk\Include\Library\Think\Model.class.php 第 1785 行.
NOTIC: [8] Undefined variable: where C:\wamp64\www\gift\trunk\Include\Library\Think\Model.class.php 第 1793 行.
NOTIC: [8] Undefined variable: where C:\wamp64\www\gift\trunk\Include\Library\Think\Model.class.php 第 1796 行.
NOTIC: [8] Undefined variable: where C:\wamp64\www\gift\trunk\Include\Library\Think\Model.class.php 第 1804 行.
SQL: SELECT `payment_id`,`payment_name`,`payment_type`,`payment_desc`,`payment_config`,`payment_state` FROM `bestop_payment` ORDER BY `payment_order` asc, `payment_id` asc  [ RunTime:0.0005s ]
SQL: SHOW COLUMNS FROM `bestop_config` [ RunTime:0.0007s ]
SQL: SELECT * FROM `bestop_config` WHERE ( name = 'CFG_MOBILE_AUTO' ) LIMIT 1   [ RunTime:0.0003s ]
INFO: [ app_begin ] --START--
INFO: Run Behavior\ReadHtmlCacheBehavior [ RunTime:0.002357s ]
INFO: [ app_begin ] --END-- [ RunTime:0.002656s ]
SQL: SHOW COLUMNS FROM `bestop_member` [ RunTime:0.0010s ]
SQL: SELECT `zc_id` FROM `bestop_member` WHERE `id` = 1 LIMIT 1   [ RunTime:0.0004s ]
SQL: SHOW COLUMNS FROM `bestop_event` [ RunTime:0.0008s ]
SQL: SELECT * FROM `bestop_event` WHERE `id` = 7 LIMIT 1   [ RunTime:0.0004s ]
INFO: [ view_parse ] --START--
INFO: [ template_filter ] --START--
INFO: Run Behavior\ContentReplaceBehavior [ RunTime:0.000230s ]
INFO: [ template_filter ] --END-- [ RunTime:0.000392s ]
NOTIC: [8] Undefined variable: pe C:\wamp64\www\gift\trunk\App\Runtime\Cache\Mobile\a45db29afda87763b770b6b6db0ac7a4.php 第 30 行.
INFO: Run Behavior\ParseTemplateBehavior [ RunTime:0.053780s ]
INFO: [ view_parse ] --END-- [ RunTime:0.053939s ]
INFO: [ view_filter ] --START--
INFO: Run Behavior\WriteHtmlCacheBehavior [ RunTime:0.002809s ]
INFO: [ view_filter ] --END-- [ RunTime:0.002944s ]
INFO: [ app_end ] --START--
INFO: Run Behavior\ShowPageTraceBehavior [ RunTime:0.000607s ]
INFO: [ app_end ] --END-- [ RunTime:0.000754s ]

[ 2019-08-01T21:42:07+08:00 ] ::1 /index.php?s=/Mobile/article/event_detail/id/7.html
INFO: [ app_init ] --START--
INFO: Run Behavior\BuildLiteBehavior [ RunTime:0.000038s ]
INFO: [ app_init ] --END-- [ RunTime:0.000200s ]
SQL: SHOW COLUMNS FROM `bestop_payment` [ RunTime:0.0010s ]
NOTIC: [2] Missing argument 1 for Think\Model::where(), called in C:\wamp64\www\gift\trunk\App\Common\Common\other.php on line 552 and defined C:\wamp64\www\gift\trunk\Include\Library\Think\Model.class.php 第 1785 行.
NOTIC: [8] Undefined variable: where C:\wamp64\www\gift\trunk\Include\Library\Think\Model.class.php 第 1793 行.
NOTIC: [8] Undefined variable: where C:\wamp64\www\gift\trunk\Include\Library\Think\Model.class.php 第 1796 行.
NOTIC: [8] Undefined variable: where C:\wamp64\www\gift\trunk\Include\Library\Think\Model.class.php 第 1804 行.
SQL: SELECT `payment_id`,`payment_name`,`payment_type`,`payment_desc`,`payment_config`,`payment_state` FROM `bestop_payment` ORDER BY `payment_order` asc, `payment_id` asc  [ RunTime:0.0007s ]
SQL: SHOW COLUMNS FROM `bestop_config` [ RunTime:0.0009s ]
SQL: SELECT * FROM `bestop_config` WHERE ( name = 'CFG_MOBILE_AUTO' ) LIMIT 1   [ RunTime:0.0005s ]
INFO: [ app_begin ] --START--
INFO: Run Behavior\ReadHtmlCacheBehavior [ RunTime:0.000841s ]
INFO: [ app_begin ] --END-- [ RunTime:0.001014s ]
SQL: SHOW COLUMNS FROM `bestop_member` [ RunTime:0.0009s ]
SQL: SELECT `zc_id` FROM `bestop_member` WHERE `id` = 1 LIMIT 1   [ RunTime:0.0003s ]
SQL: SHOW COLUMNS FROM `bestop_event` [ RunTime:0.0011s ]
SQL: SELECT * FROM `bestop_event` WHERE `id` = 7 LIMIT 1   [ RunTime:0.0005s ]
INFO: [ view_parse ] --START--
INFO: [ template_filter ] --START--
INFO: Run Behavior\ContentReplaceBehavior [ RunTime:0.000167s ]
INFO: [ template_filter ] --END-- [ RunTime:0.000326s ]
NOTIC: [8] Undefined variable: pe C:\wamp64\www\gift\trunk\App\Runtime\Cache\Mobile\a45db29afda87763b770b6b6db0ac7a4.php 第 30 行.
INFO: Run Behavior\ParseTemplateBehavior [ RunTime:0.026204s ]
INFO: [ view_parse ] --END-- [ RunTime:0.026368s ]
INFO: [ view_filter ] --START--
INFO: Run Behavior\WriteHtmlCacheBehavior [ RunTime:0.000698s ]
INFO: [ view_filter ] --END-- [ RunTime:0.000836s ]
INFO: [ app_end ] --START--
INFO: Run Behavior\ShowPageTraceBehavior [ RunTime:0.000589s ]
INFO: [ app_end ] --END-- [ RunTime:0.000735s ]

[ 2019-08-01T21:42:21+08:00 ] ::1 /index.php?s=/Mobile/article/event_detail/id/7.html
INFO: [ app_init ] --START--
INFO: Run Behavior\BuildLiteBehavior [ RunTime:0.000070s ]
INFO: [ app_init ] --END-- [ RunTime:0.000374s ]
SQL: SHOW COLUMNS FROM `bestop_payment` [ RunTime:0.0011s ]
NOTIC: [2] Missing argument 1 for Think\Model::where(), called in C:\wamp64\www\gift\trunk\App\Common\Common\other.php on line 552 and defined C:\wamp64\www\gift\trunk\Include\Library\Think\Model.class.php 第 1785 行.
NOTIC: [8] Undefined variable: where C:\wamp64\www\gift\trunk\Include\Library\Think\Model.class.php 第 1793 行.
NOTIC: [8] Undefined variable: where C:\wamp64\www\gift\trunk\Include\Library\Think\Model.class.php 第 1796 行.
NOTIC: [8] Undefined variable: where C:\wamp64\www\gift\trunk\Include\Library\Think\Model.class.php 第 1804 行.
SQL: SELECT `payment_id`,`payment_name`,`payment_type`,`payment_desc`,`payment_config`,`payment_state` FROM `bestop_payment` ORDER BY `payment_order` asc, `payment_id` asc  [ RunTime:0.0004s ]
SQL: SHOW COLUMNS FROM `bestop_config` [ RunTime:0.0008s ]
SQL: SELECT * FROM `bestop_config` WHERE ( name = 'CFG_MOBILE_AUTO' ) LIMIT 1   [ RunTime:0.0003s ]
INFO: [ app_begin ] --START--
INFO: Run Behavior\ReadHtmlCacheBehavior [ RunTime:0.001802s ]
INFO: [ app_begin ] --END-- [ RunTime:0.001971s ]
SQL: SHOW COLUMNS FROM `bestop_member` [ RunTime:0.0009s ]
SQL: SELECT `zc_id` FROM `bestop_member` WHERE `id` = 1 LIMIT 1   [ RunTime:0.0003s ]
SQL: SHOW COLUMNS FROM `bestop_event` [ RunTime:0.0009s ]
SQL: SELECT * FROM `bestop_event` WHERE `id` = 7 LIMIT 1   [ RunTime:0.0005s ]
INFO: [ view_parse ] --START--
INFO: [ template_filter ] --START--
INFO: Run Behavior\ContentReplaceBehavior [ RunTime:0.000155s ]
INFO: [ template_filter ] --END-- [ RunTime:0.000304s ]
NOTIC: [8] Undefined variable: pe C:\wamp64\www\gift\trunk\App\Runtime\Cache\Mobile\a45db29afda87763b770b6b6db0ac7a4.php 第 30 行.
INFO: Run Behavior\ParseTemplateBehavior [ RunTime:0.025146s ]
INFO: [ view_parse ] --END-- [ RunTime:0.025316s ]
INFO: [ view_filter ] --START--
INFO: Run Behavior\WriteHtmlCacheBehavior [ RunTime:0.000633s ]
INFO: [ view_filter ] --END-- [ RunTime:0.000781s ]
INFO: [ app_end ] --START--
INFO: Run Behavior\ShowPageTraceBehavior [ RunTime:0.000561s ]
INFO: [ app_end ] --END-- [ RunTime:0.000702s ]

[ 2019-08-01T21:42:55+08:00 ] ::1 /index.php?s=/Mobile/Article/checkList/e_id/7.html
INFO: [ app_init ] --START--
INFO: Run Behavior\BuildLiteBehavior [ RunTime:0.000033s ]
INFO: [ app_init ] --END-- [ RunTime:0.000177s ]
SQL: SHOW COLUMNS FROM `bestop_payment` [ RunTime:0.0007s ]
NOTIC: [2] Missing argument 1 for Think\Model::where(), called in C:\wamp64\www\gift\trunk\App\Common\Common\other.php on line 552 and defined C:\wamp64\www\gift\trunk\Include\Library\Think\Model.class.php 第 1785 行.
NOTIC: [8] Undefined variable: where C:\wamp64\www\gift\trunk\Include\Library\Think\Model.class.php 第 1793 行.
NOTIC: [8] Undefined variable: where C:\wamp64\www\gift\trunk\Include\Library\Think\Model.class.php 第 1796 行.
NOTIC: [8] Undefined variable: where C:\wamp64\www\gift\trunk\Include\Library\Think\Model.class.php 第 1804 行.
SQL: SELECT `payment_id`,`payment_name`,`payment_type`,`payment_desc`,`payment_config`,`payment_state` FROM `bestop_payment` ORDER BY `payment_order` asc, `payment_id` asc  [ RunTime:0.0004s ]
SQL: SHOW COLUMNS FROM `bestop_config` [ RunTime:0.0007s ]
SQL: SELECT * FROM `bestop_config` WHERE ( name = 'CFG_MOBILE_AUTO' ) LIMIT 1   [ RunTime:0.0003s ]
INFO: [ app_begin ] --START--
INFO: Run Behavior\ReadHtmlCacheBehavior [ RunTime:0.000715s ]
INFO: [ app_begin ] --END-- [ RunTime:0.000867s ]
SQL: SHOW COLUMNS FROM `bestop_member` [ RunTime:0.0009s ]
SQL: SELECT `zc_id` FROM `bestop_member` WHERE `id` = 1 LIMIT 1   [ RunTime:0.0003s ]
SQL: SELECT * FROM `bestop_member` WHERE `id` = 1 LIMIT 1   [ RunTime:0.0003s ]
SQL: SHOW COLUMNS FROM `bestop_event_user` [ RunTime:0.0009s ]
SQL: SELECT * FROM `bestop_event_user` WHERE `e_id` = 7 AND `member_id` = 1  [ RunTime:0.0004s ]
INFO: [ view_parse ] --START--
INFO: [ template_filter ] --START--
INFO: Run Behavior\ContentReplaceBehavior [ RunTime:0.000241s ]
INFO: [ template_filter ] --END-- [ RunTime:0.000393s ]
NOTIC: [8] Undefined variable: pe C:\wamp64\www\gift\trunk\App\Runtime\Cache\Mobile\405de707f1e7802f1b6b7da8058d214b.php 第 30 行.
INFO: Run Behavior\ParseTemplateBehavior [ RunTime:0.065315s ]
INFO: [ view_parse ] --END-- [ RunTime:0.065585s ]
INFO: [ view_filter ] --START--
INFO: Run Behavior\WriteHtmlCacheBehavior [ RunTime:0.001067s ]
INFO: [ view_filter ] --END-- [ RunTime:0.001247s ]
INFO: [ app_end ] --START--
INFO: Run Behavior\ShowPageTraceBehavior [ RunTime:0.001060s ]
INFO: [ app_end ] --END-- [ RunTime:0.001390s ]

[ 2019-08-01T21:43:44+08:00 ] ::1 /index.php?s=/Mobile/Article/appointmentList/e_id/7.html
INFO: [ app_init ] --START--
INFO: Run Behavior\BuildLiteBehavior [ RunTime:0.000075s ]
INFO: [ app_init ] --END-- [ RunTime:0.000433s ]
SQL: SHOW COLUMNS FROM `bestop_payment` [ RunTime:0.0007s ]
NOTIC: [2] Missing argument 1 for Think\Model::where(), called in C:\wamp64\www\gift\trunk\App\Common\Common\other.php on line 552 and defined C:\wamp64\www\gift\trunk\Include\Library\Think\Model.class.php 第 1785 行.
NOTIC: [8] Undefined variable: where C:\wamp64\www\gift\trunk\Include\Library\Think\Model.class.php 第 1793 行.
NOTIC: [8] Undefined variable: where C:\wamp64\www\gift\trunk\Include\Library\Think\Model.class.php 第 1796 行.
NOTIC: [8] Undefined variable: where C:\wamp64\www\gift\trunk\Include\Library\Think\Model.class.php 第 1804 行.
SQL: SELECT `payment_id`,`payment_name`,`payment_type`,`payment_desc`,`payment_config`,`payment_state` FROM `bestop_payment` ORDER BY `payment_order` asc, `payment_id` asc  [ RunTime:0.0003s ]
SQL: SHOW COLUMNS FROM `bestop_config` [ RunTime:0.0006s ]
SQL: SELECT * FROM `bestop_config` WHERE ( name = 'CFG_MOBILE_AUTO' ) LIMIT 1   [ RunTime:0.0003s ]
INFO: [ app_begin ] --START--
INFO: Run Behavior\ReadHtmlCacheBehavior [ RunTime:0.000959s ]
INFO: [ app_begin ] --END-- [ RunTime:0.001114s ]
SQL: SHOW COLUMNS FROM `bestop_member` [ RunTime:0.0009s ]
SQL: SELECT `zc_id` FROM `bestop_member` WHERE `id` = 1 LIMIT 1   [ RunTime:0.0005s ]
SQL: SELECT * FROM `bestop_member` WHERE `id` = 1 LIMIT 1   [ RunTime:0.0004s ]
SQL: SHOW COLUMNS FROM `bestop_appointment` [ RunTime:0.0009s ]
SQL: SELECT * FROM `bestop_appointment` WHERE `e_id` = 7 AND `member_id` = 1  [ RunTime:0.0006s ]
INFO: [ view_parse ] --START--
INFO: [ template_filter ] --START--
INFO: Run Behavior\ContentReplaceBehavior [ RunTime:0.000186s ]
INFO: [ template_filter ] --END-- [ RunTime:0.000341s ]
NOTIC: [8] Undefined variable: pe C:\wamp64\www\gift\trunk\App\Runtime\Cache\Mobile\6c3070d9759d40bd46c317dbd0026962.php 第 30 行.
INFO: Run Behavior\ParseTemplateBehavior [ RunTime:0.070169s ]
INFO: [ view_parse ] --END-- [ RunTime:0.070356s ]
INFO: [ view_filter ] --START--
INFO: Run Behavior\WriteHtmlCacheBehavior [ RunTime:0.000756s ]
INFO: [ view_filter ] --END-- [ RunTime:0.000897s ]
INFO: [ app_end ] --START--
INFO: Run Behavior\ShowPageTraceBehavior [ RunTime:0.003209s ]
INFO: [ app_end ] --END-- [ RunTime:0.003462s ]

[ 2019-08-01T21:44:20+08:00 ] ::1 /index.php?s=/Mobile/Article/addApp/e_id/7.html
INFO: [ app_init ] --START--
INFO: Run Behavior\BuildLiteBehavior [ RunTime:0.000034s ]
INFO: [ app_init ] --END-- [ RunTime:0.000212s ]
SQL: SHOW COLUMNS FROM `bestop_payment` [ RunTime:0.0009s ]
NOTIC: [2] Missing argument 1 for Think\Model::where(), called in C:\wamp64\www\gift\trunk\App\Common\Common\other.php on line 552 and defined C:\wamp64\www\gift\trunk\Include\Library\Think\Model.class.php 第 1785 行.
NOTIC: [8] Undefined variable: where C:\wamp64\www\gift\trunk\Include\Library\Think\Model.class.php 第 1793 行.
NOTIC: [8] Undefined variable: where C:\wamp64\www\gift\trunk\Include\Library\Think\Model.class.php 第 1796 行.
NOTIC: [8] Undefined variable: where C:\wamp64\www\gift\trunk\Include\Library\Think\Model.class.php 第 1804 行.
SQL: SELECT `payment_id`,`payment_name`,`payment_type`,`payment_desc`,`payment_config`,`payment_state` FROM `bestop_payment` ORDER BY `payment_order` asc, `payment_id` asc  [ RunTime:0.0004s ]
SQL: SHOW COLUMNS FROM `bestop_config` [ RunTime:0.0007s ]
SQL: SELECT * FROM `bestop_config` WHERE ( name = 'CFG_MOBILE_AUTO' ) LIMIT 1   [ RunTime:0.0004s ]
INFO: [ app_begin ] --START--
INFO: Run Behavior\ReadHtmlCacheBehavior [ RunTime:0.002997s ]
INFO: [ app_begin ] --END-- [ RunTime:0.003203s ]
SQL: SHOW COLUMNS FROM `bestop_member` [ RunTime:0.0010s ]
SQL: SELECT `zc_id` FROM `bestop_member` WHERE `id` = 1 LIMIT 1   [ RunTime:0.0005s ]
INFO: [ view_parse ] --START--
INFO: [ template_filter ] --START--
INFO: Run Behavior\ContentReplaceBehavior [ RunTime:0.000200s ]
INFO: [ template_filter ] --END-- [ RunTime:0.000367s ]
NOTIC: [8] Undefined variable: pe C:\wamp64\www\gift\trunk\App\Runtime\Cache\Mobile\4637c51dba4f81a97bcc2ce29187b443.php 第 30 行.
INFO: Run Behavior\ParseTemplateBehavior [ RunTime:0.059247s ]
INFO: [ view_parse ] --END-- [ RunTime:0.059411s ]
INFO: [ view_filter ] --START--
INFO: Run Behavior\WriteHtmlCacheBehavior [ RunTime:0.000690s ]
INFO: [ view_filter ] --END-- [ RunTime:0.000859s ]
INFO: [ app_end ] --START--
INFO: Run Behavior\ShowPageTraceBehavior [ RunTime:0.000580s ]
INFO: [ app_end ] --END-- [ RunTime:0.000728s ]

[ 2019-08-01T21:45:20+08:00 ] ::1 /index.php?s=/Mobile/Article/deleteApp.html
INFO: [ app_init ] --START--
INFO: Run Behavior\BuildLiteBehavior [ RunTime:0.000033s ]
INFO: [ app_init ] --END-- [ RunTime:0.000177s ]
SQL: SHOW COLUMNS FROM `bestop_payment` [ RunTime:0.0008s ]
NOTIC: [2] Missing argument 1 for Think\Model::where(), called in C:\wamp64\www\gift\trunk\App\Common\Common\other.php on line 552 and defined C:\wamp64\www\gift\trunk\Include\Library\Think\Model.class.php 第 1785 行.
NOTIC: [8] Undefined variable: where C:\wamp64\www\gift\trunk\Include\Library\Think\Model.class.php 第 1793 行.
NOTIC: [8] Undefined variable: where C:\wamp64\www\gift\trunk\Include\Library\Think\Model.class.php 第 1796 行.
NOTIC: [8] Undefined variable: where C:\wamp64\www\gift\trunk\Include\Library\Think\Model.class.php 第 1804 行.
SQL: SELECT `payment_id`,`payment_name`,`payment_type`,`payment_desc`,`payment_config`,`payment_state` FROM `bestop_payment` ORDER BY `payment_order` asc, `payment_id` asc  [ RunTime:0.0004s ]
SQL: SHOW COLUMNS FROM `bestop_config` [ RunTime:0.0007s ]
SQL: SELECT * FROM `bestop_config` WHERE ( name = 'CFG_MOBILE_AUTO' ) LIMIT 1   [ RunTime:0.0004s ]
INFO: [ app_begin ] --START--
INFO: Run Behavior\ReadHtmlCacheBehavior [ RunTime:0.000716s ]
INFO: [ app_begin ] --END-- [ RunTime:0.000861s ]
SQL: SHOW COLUMNS FROM `bestop_member` [ RunTime:0.0010s ]
SQL: SELECT `zc_id` FROM `bestop_member` WHERE `id` = 1 LIMIT 1   [ RunTime:0.0003s ]
SQL: SHOW COLUMNS FROM `bestop_appointment` [ RunTime:0.0006s ]
SQL: DELETE FROM `bestop_appointment` WHERE ( id in (7,10) ) [ RunTime:0.0030s ]
NOTIC: [2] Missing argument 1 for Mobile\Controller\MobileCommonController::returnSuccess(), called in C:\wamp64\www\gift\trunk\App\Mobile\Controller\ArticleController.class.php on line 161 and defined C:\wamp64\www\gift\trunk\App\Mobile\Controller\MobileCommonController.class.php 第 307 行.
NOTIC: [8] Undefined variable: data C:\wamp64\www\gift\trunk\App\Mobile\Controller\MobileCommonController.class.php 第 310 行.

[ 2019-08-01T21:45:20+08:00 ] ::1 /index.php?s=/Mobile/Article/appointmentList/e_id/7.html
INFO: [ app_init ] --START--
INFO: Run Behavior\BuildLiteBehavior [ RunTime:0.000043s ]
INFO: [ app_init ] --END-- [ RunTime:0.000202s ]
SQL: SHOW COLUMNS FROM `bestop_payment` [ RunTime:0.0009s ]
NOTIC: [2] Missing argument 1 for Think\Model::where(), called in C:\wamp64\www\gift\trunk\App\Common\Common\other.php on line 552 and defined C:\wamp64\www\gift\trunk\Include\Library\Think\Model.class.php 第 1785 行.
NOTIC: [8] Undefined variable: where C:\wamp64\www\gift\trunk\Include\Library\Think\Model.class.php 第 1793 行.
NOTIC: [8] Undefined variable: where C:\wamp64\www\gift\trunk\Include\Library\Think\Model.class.php 第 1796 行.
NOTIC: [8] Undefined variable: where C:\wamp64\www\gift\trunk\Include\Library\Think\Model.class.php 第 1804 行.
SQL: SELECT `payment_id`,`payment_name`,`payment_type`,`payment_desc`,`payment_config`,`payment_state` FROM `bestop_payment` ORDER BY `payment_order` asc, `payment_id` asc  [ RunTime:0.0004s ]
SQL: SHOW COLUMNS FROM `bestop_config` [ RunTime:0.0007s ]
SQL: SELECT * FROM `bestop_config` WHERE ( name = 'CFG_MOBILE_AUTO' ) LIMIT 1   [ RunTime:0.0004s ]
INFO: [ app_begin ] --START--
INFO: Run Behavior\ReadHtmlCacheBehavior [ RunTime:0.001228s ]
INFO: [ app_begin ] --END-- [ RunTime:0.001551s ]
SQL: SHOW COLUMNS FROM `bestop_member` [ RunTime:0.0009s ]
SQL: SELECT `zc_id` FROM `bestop_member` WHERE `id` = 1 LIMIT 1   [ RunTime:0.0004s ]
SQL: SELECT * FROM `bestop_member` WHERE `id` = 1 LIMIT 1   [ RunTime:0.0003s ]
SQL: SHOW COLUMNS FROM `bestop_appointment` [ RunTime:0.0007s ]
SQL: SELECT * FROM `bestop_appointment` WHERE `e_id` = 7 AND `member_id` = 1  [ RunTime:0.0003s ]
INFO: [ view_parse ] --START--
INFO: [ template_filter ] --START--
INFO: Run Behavior\ContentReplaceBehavior [ RunTime:0.000203s ]
INFO: [ template_filter ] --END-- [ RunTime:0.000377s ]
NOTIC: [8] Undefined variable: pe C:\wamp64\www\gift\trunk\App\Runtime\Cache\Mobile\6c3070d9759d40bd46c317dbd0026962.php 第 30 行.
INFO: Run Behavior\ParseTemplateBehavior [ RunTime:0.062800s ]
INFO: [ view_parse ] --END-- [ RunTime:0.063051s ]
INFO: [ view_filter ] --START--
INFO: Run Behavior\WriteHtmlCacheBehavior [ RunTime:0.000836s ]
INFO: [ view_filter ] --END-- [ RunTime:0.000982s ]
INFO: [ app_end ] --START--
INFO: Run Behavior\ShowPageTraceBehavior [ RunTime:0.000681s ]
INFO: [ app_end ] --END-- [ RunTime:0.000847s ]

[ 2019-08-01T21:45:27+08:00 ] ::1 /index.php?s=/Mobile/Article/appointmentList/e_id/7.html
INFO: [ app_init ] --START--
INFO: Run Behavior\BuildLiteBehavior [ RunTime:0.000033s ]
INFO: [ app_init ] --END-- [ RunTime:0.000178s ]
SQL: SHOW COLUMNS FROM `bestop_payment` [ RunTime:0.0007s ]
NOTIC: [2] Missing argument 1 for Think\Model::where(), called in C:\wamp64\www\gift\trunk\App\Common\Common\other.php on line 552 and defined C:\wamp64\www\gift\trunk\Include\Library\Think\Model.class.php 第 1785 行.
NOTIC: [8] Undefined variable: where C:\wamp64\www\gift\trunk\Include\Library\Think\Model.class.php 第 1793 行.
NOTIC: [8] Undefined variable: where C:\wamp64\www\gift\trunk\Include\Library\Think\Model.class.php 第 1796 行.
NOTIC: [8] Undefined variable: where C:\wamp64\www\gift\trunk\Include\Library\Think\Model.class.php 第 1804 行.
SQL: SELECT `payment_id`,`payment_name`,`payment_type`,`payment_desc`,`payment_config`,`payment_state` FROM `bestop_payment` ORDER BY `payment_order` asc, `payment_id` asc  [ RunTime:0.0004s ]
SQL: SHOW COLUMNS FROM `bestop_config` [ RunTime:0.0007s ]
SQL: SELECT * FROM `bestop_config` WHERE ( name = 'CFG_MOBILE_AUTO' ) LIMIT 1   [ RunTime:0.0003s ]
INFO: [ app_begin ] --START--
INFO: Run Behavior\ReadHtmlCacheBehavior [ RunTime:0.000735s ]
INFO: [ app_begin ] --END-- [ RunTime:0.000928s ]
SQL: SHOW COLUMNS FROM `bestop_member` [ RunTime:0.0009s ]
SQL: SELECT `zc_id` FROM `bestop_member` WHERE `id` = 1 LIMIT 1   [ RunTime:0.0004s ]
SQL: SELECT * FROM `bestop_member` WHERE `id` = 1 LIMIT 1   [ RunTime:0.0003s ]
SQL: SHOW COLUMNS FROM `bestop_appointment` [ RunTime:0.0006s ]
SQL: SELECT * FROM `bestop_appointment` WHERE `e_id` = 7 AND `member_id` = 1  [ RunTime:0.0004s ]
INFO: [ view_parse ] --START--
INFO: [ template_filter ] --START--
INFO: Run Behavior\ContentReplaceBehavior [ RunTime:0.000204s ]
INFO: [ template_filter ] --END-- [ RunTime:0.000373s ]
NOTIC: [8] Undefined variable: pe C:\wamp64\www\gift\trunk\App\Runtime\Cache\Mobile\6c3070d9759d40bd46c317dbd0026962.php 第 30 行.
INFO: Run Behavior\ParseTemplateBehavior [ RunTime:0.076871s ]
INFO: [ view_parse ] --END-- [ RunTime:0.077093s ]
INFO: [ view_filter ] --START--
INFO: Run Behavior\WriteHtmlCacheBehavior [ RunTime:0.001963s ]
INFO: [ view_filter ] --END-- [ RunTime:0.002163s ]
INFO: [ app_end ] --START--
INFO: Run Behavior\ShowPageTraceBehavior [ RunTime:0.008401s ]
INFO: [ app_end ] --END-- [ RunTime:0.008696s ]

[ 2019-08-01T21:45:28+08:00 ] ::1 /index.php?s=/Mobile/Article/appointmentList/e_id/7.html
INFO: [ app_init ] --START--
INFO: Run Behavior\BuildLiteBehavior [ RunTime:0.000033s ]
INFO: [ app_init ] --END-- [ RunTime:0.000180s ]
SQL: SHOW COLUMNS FROM `bestop_payment` [ RunTime:0.0007s ]
NOTIC: [2] Missing argument 1 for Think\Model::where(), called in C:\wamp64\www\gift\trunk\App\Common\Common\other.php on line 552 and defined C:\wamp64\www\gift\trunk\Include\Library\Think\Model.class.php 第 1785 行.
NOTIC: [8] Undefined variable: where C:\wamp64\www\gift\trunk\Include\Library\Think\Model.class.php 第 1793 行.
NOTIC: [8] Undefined variable: where C:\wamp64\www\gift\trunk\Include\Library\Think\Model.class.php 第 1796 行.
NOTIC: [8] Undefined variable: where C:\wamp64\www\gift\trunk\Include\Library\Think\Model.class.php 第 1804 行.
SQL: SELECT `payment_id`,`payment_name`,`payment_type`,`payment_desc`,`payment_config`,`payment_state` FROM `bestop_payment` ORDER BY `payment_order` asc, `payment_id` asc  [ RunTime:0.0004s ]
SQL: SHOW COLUMNS FROM `bestop_config` [ RunTime:0.0006s ]
SQL: SELECT * FROM `bestop_config` WHERE ( name = 'CFG_MOBILE_AUTO' ) LIMIT 1   [ RunTime:0.0003s ]
INFO: [ app_begin ] --START--
INFO: Run Behavior\ReadHtmlCacheBehavior [ RunTime:0.000884s ]
INFO: [ app_begin ] --END-- [ RunTime:0.001027s ]
SQL: SHOW COLUMNS FROM `bestop_member` [ RunTime:0.0007s ]
SQL: SELECT `zc_id` FROM `bestop_member` WHERE `id` = 1 LIMIT 1   [ RunTime:0.0002s ]
SQL: SELECT * FROM `bestop_member` WHERE `id` = 1 LIMIT 1   [ RunTime:0.0003s ]
SQL: SHOW COLUMNS FROM `bestop_appointment` [ RunTime:0.0007s ]
SQL: SELECT * FROM `bestop_appointment` WHERE `e_id` = 7 AND `member_id` = 1  [ RunTime:0.0004s ]
INFO: [ view_parse ] --START--
INFO: [ template_filter ] --START--
INFO: Run Behavior\ContentReplaceBehavior [ RunTime:0.000211s ]
INFO: [ template_filter ] --END-- [ RunTime:0.000362s ]
NOTIC: [8] Undefined variable: pe C:\wamp64\www\gift\trunk\App\Runtime\Cache\Mobile\6c3070d9759d40bd46c317dbd0026962.php 第 30 行.
INFO: Run Behavior\ParseTemplateBehavior [ RunTime:0.055213s ]
INFO: [ view_parse ] --END-- [ RunTime:0.055395s ]
INFO: [ view_filter ] --START--
INFO: Run Behavior\WriteHtmlCacheBehavior [ RunTime:0.000591s ]
INFO: [ view_filter ] --END-- [ RunTime:0.000732s ]
INFO: [ app_end ] --START--
INFO: Run Behavior\ShowPageTraceBehavior [ RunTime:0.002213s ]
INFO: [ app_end ] --END-- [ RunTime:0.002703s ]

[ 2019-08-01T21:46:44+08:00 ] ::1 /index.php?s=/Mobile/Check/getWechat/e_id/7
INFO: [ app_init ] --START--
INFO: Run Behavior\BuildLiteBehavior [ RunTime:0.000063s ]
INFO: [ app_init ] --END-- [ RunTime:0.000348s ]
SQL: SHOW COLUMNS FROM `bestop_payment` [ RunTime:0.0007s ]
NOTIC: [2] Missing argument 1 for Think\Model::where(), called in C:\wamp64\www\gift\trunk\App\Common\Common\other.php on line 552 and defined C:\wamp64\www\gift\trunk\Include\Library\Think\Model.class.php 第 1785 行.
NOTIC: [8] Undefined variable: where C:\wamp64\www\gift\trunk\Include\Library\Think\Model.class.php 第 1793 行.
NOTIC: [8] Undefined variable: where C:\wamp64\www\gift\trunk\Include\Library\Think\Model.class.php 第 1796 行.
NOTIC: [8] Undefined variable: where C:\wamp64\www\gift\trunk\Include\Library\Think\Model.class.php 第 1804 行.
SQL: SELECT `payment_id`,`payment_name`,`payment_type`,`payment_desc`,`payment_config`,`payment_state` FROM `bestop_payment` ORDER BY `payment_order` asc, `payment_id` asc  [ RunTime:0.0004s ]
SQL: SHOW COLUMNS FROM `bestop_config` [ RunTime:0.0007s ]
SQL: SELECT * FROM `bestop_config` WHERE ( name = 'CFG_MOBILE_AUTO' ) LIMIT 1   [ RunTime:0.0004s ]
INFO: [ app_begin ] --START--
INFO: Run Behavior\ReadHtmlCacheBehavior [ RunTime:0.000777s ]
INFO: [ app_begin ] --END-- [ RunTime:0.000938s ]
NOTIC: [8] Undefined index: user_id C:\wamp64\www\gift\trunk\App\Mobile\Controller\MobileCommonController.class.php 第 14 行.
SQL: SHOW COLUMNS FROM `bestop_member` [ RunTime:0.0008s ]
NOTIC: [8] Undefined index: user_id C:\wamp64\www\gift\trunk\App\Mobile\Controller\MobileCommonController.class.php 第 19 行.
SQL: SELECT `zc_id` FROM `bestop_member` LIMIT 1   [ RunTime:0.0004s ]
NOTIC: [8] Undefined index: user_id C:\wamp64\www\gift\trunk\App\Mobile\Controller\MobileCommonController.class.php 第 25 行.
NOTIC: [8] Undefined index: user_name C:\wamp64\www\gift\trunk\App\Mobile\Controller\MobileCommonController.class.php 第 26 行.
NOTIC: [8] Undefined index: user_phone C:\wamp64\www\gift\trunk\App\Mobile\Controller\MobileCommonController.class.php 第 27 行.
NOTIC: [8] Undefined index: user_ltime C:\wamp64\www\gift\trunk\App\Mobile\Controller\MobileCommonController.class.php 第 29 行.
SQL: SHOW COLUMNS FROM `bestop_event` [ RunTime:0.0006s ]
SQL: SELECT * FROM `bestop_event` WHERE `id` = '7' LIMIT 1   [ RunTime:0.0003s ]
NOTIC: [8] Undefined index: code C:\wamp64\www\gift\trunk\App\Mobile\Controller\CheckController.class.php 第 17 行.
NOTIC: [8] Undefined index: web_info C:\wamp64\www\gift\trunk\App\Mobile\Controller\CheckController.class.php 第 25 行.

[ 2019-08-01T21:47:30+08:00 ] ::1 /index.php/Mobile/Check/getWechat/e_id/7?code=071IcC6l2FA2fD09vY3l2iGL6l2IcC6m&state=123
INFO: [ app_init ] --START--
INFO: Run Behavior\BuildLiteBehavior [ RunTime:0.000040s ]
INFO: [ app_init ] --END-- [ RunTime:0.000209s ]
SQL: SHOW COLUMNS FROM `bestop_payment` [ RunTime:0.0009s ]
NOTIC: [2] Missing argument 1 for Think\Model::where(), called in C:\wamp64\www\gift\trunk\App\Common\Common\other.php on line 552 and defined C:\wamp64\www\gift\trunk\Include\Library\Think\Model.class.php 第 1785 行.
NOTIC: [8] Undefined variable: where C:\wamp64\www\gift\trunk\Include\Library\Think\Model.class.php 第 1793 行.
NOTIC: [8] Undefined variable: where C:\wamp64\www\gift\trunk\Include\Library\Think\Model.class.php 第 1796 行.
NOTIC: [8] Undefined variable: where C:\wamp64\www\gift\trunk\Include\Library\Think\Model.class.php 第 1804 行.
SQL: SELECT `payment_id`,`payment_name`,`payment_type`,`payment_desc`,`payment_config`,`payment_state` FROM `bestop_payment` ORDER BY `payment_order` asc, `payment_id` asc  [ RunTime:0.0006s ]
SQL: SHOW COLUMNS FROM `bestop_config` [ RunTime:0.0006s ]
SQL: SELECT * FROM `bestop_config` WHERE ( name = 'CFG_MOBILE_AUTO' ) LIMIT 1   [ RunTime:0.0003s ]
INFO: [ app_begin ] --START--
INFO: Run Behavior\ReadHtmlCacheBehavior [ RunTime:0.001255s ]
INFO: [ app_begin ] --END-- [ RunTime:0.001510s ]
NOTIC: [8] Undefined index: user_id C:\wamp64\www\gift\trunk\App\Mobile\Controller\MobileCommonController.class.php 第 14 行.
SQL: SHOW COLUMNS FROM `bestop_member` [ RunTime:0.0013s ]
NOTIC: [8] Undefined index: user_id C:\wamp64\www\gift\trunk\App\Mobile\Controller\MobileCommonController.class.php 第 19 行.
SQL: SELECT `zc_id` FROM `bestop_member` LIMIT 1   [ RunTime:0.0003s ]
NOTIC: [8] Undefined index: user_id C:\wamp64\www\gift\trunk\App\Mobile\Controller\MobileCommonController.class.php 第 25 行.
NOTIC: [8] Undefined index: user_name C:\wamp64\www\gift\trunk\App\Mobile\Controller\MobileCommonController.class.php 第 26 行.
NOTIC: [8] Undefined index: user_phone C:\wamp64\www\gift\trunk\App\Mobile\Controller\MobileCommonController.class.php 第 27 行.
NOTIC: [8] Undefined index: user_ltime C:\wamp64\www\gift\trunk\App\Mobile\Controller\MobileCommonController.class.php 第 29 行.
SQL: SHOW COLUMNS FROM `bestop_event` [ RunTime:0.0007s ]
SQL: SELECT * FROM `bestop_event` WHERE `id` = '7' LIMIT 1   [ RunTime:0.0004s ]
NOTIC: [8] Undefined index: web_info C:\wamp64\www\gift\trunk\App\Mobile\Controller\MobileCommonController.class.php 第 257 行.
SQL: SHOW COLUMNS FROM `bestop_event_user` [ RunTime:0.0009s ]
SQL: SELECT * FROM `bestop_event_user` WHERE `open_id` = 'oK_961CJa7L_vFHRyIgux9VTv-zU' AND `e_id` = 7 LIMIT 1   [ RunTime:0.0004s ]
SQL: SELECT eu.*,bm.name as member FROM bestop_event_user eu LEFT JOIN bestop_member bm ON bm.id=eu.member_id  WHERE eu.open_id = 'oK_961CJa7L_vFHRyIgux9VTv-zU' AND eu.e_id = '7' LIMIT 1   [ RunTime:0.0004s ]
INFO: [ view_parse ] --START--
INFO: [ template_filter ] --START--
INFO: Run Behavior\ContentReplaceBehavior [ RunTime:0.000167s ]
INFO: [ template_filter ] --END-- [ RunTime:0.000329s ]
INFO: Run Behavior\ParseTemplateBehavior [ RunTime:0.040109s ]
INFO: [ view_parse ] --END-- [ RunTime:0.040365s ]
INFO: [ view_filter ] --START--
INFO: Run Behavior\WriteHtmlCacheBehavior [ RunTime:0.000621s ]
INFO: [ view_filter ] --END-- [ RunTime:0.000777s ]
INFO: [ app_end ] --START--
INFO: Run Behavior\ShowPageTraceBehavior [ RunTime:0.001124s ]
INFO: [ app_end ] --END-- [ RunTime:0.001375s ]

[ 2019-08-01T21:47:31+08:00 ] ::1 /index.php/Mobile/Check/getWechat/e_id/favicon.ico
INFO: [ app_init ] --START--
INFO: Run Behavior\BuildLiteBehavior [ RunTime:0.000069s ]
INFO: [ app_init ] --END-- [ RunTime:0.000386s ]
SQL: SHOW COLUMNS FROM `bestop_payment` [ RunTime:0.0010s ]
NOTIC: [2] Missing argument 1 for Think\Model::where(), called in C:\wamp64\www\gift\trunk\App\Common\Common\other.php on line 552 and defined C:\wamp64\www\gift\trunk\Include\Library\Think\Model.class.php 第 1785 行.
NOTIC: [8] Undefined variable: where C:\wamp64\www\gift\trunk\Include\Library\Think\Model.class.php 第 1793 行.
NOTIC: [8] Undefined variable: where C:\wamp64\www\gift\trunk\Include\Library\Think\Model.class.php 第 1796 行.
NOTIC: [8] Undefined variable: where C:\wamp64\www\gift\trunk\Include\Library\Think\Model.class.php 第 1804 行.
SQL: SELECT `payment_id`,`payment_name`,`payment_type`,`payment_desc`,`payment_config`,`payment_state` FROM `bestop_payment` ORDER BY `payment_order` asc, `payment_id` asc  [ RunTime:0.0005s ]

[ 2019-08-01T21:48:12+08:00 ] ::1 /index.php?s=/Mobile/Check/matchPhone.html
INFO: [ app_init ] --START--
INFO: Run Behavior\BuildLiteBehavior [ RunTime:0.000042s ]
INFO: [ app_init ] --END-- [ RunTime:0.000218s ]
SQL: SHOW COLUMNS FROM `bestop_payment` [ RunTime:0.0008s ]
NOTIC: [2] Missing argument 1 for Think\Model::where(), called in C:\wamp64\www\gift\trunk\App\Common\Common\other.php on line 552 and defined C:\wamp64\www\gift\trunk\Include\Library\Think\Model.class.php 第 1785 行.
NOTIC: [8] Undefined variable: where C:\wamp64\www\gift\trunk\Include\Library\Think\Model.class.php 第 1793 行.
NOTIC: [8] Undefined variable: where C:\wamp64\www\gift\trunk\Include\Library\Think\Model.class.php 第 1796 行.
NOTIC: [8] Undefined variable: where C:\wamp64\www\gift\trunk\Include\Library\Think\Model.class.php 第 1804 行.
SQL: SELECT `payment_id`,`payment_name`,`payment_type`,`payment_desc`,`payment_config`,`payment_state` FROM `bestop_payment` ORDER BY `payment_order` asc, `payment_id` asc  [ RunTime:0.0004s ]
SQL: SHOW COLUMNS FROM `bestop_config` [ RunTime:0.0007s ]
SQL: SELECT * FROM `bestop_config` WHERE ( name = 'CFG_MOBILE_AUTO' ) LIMIT 1   [ RunTime:0.0004s ]
INFO: [ app_begin ] --START--
INFO: Run Behavior\ReadHtmlCacheBehavior [ RunTime:0.000933s ]
INFO: [ app_begin ] --END-- [ RunTime:0.001061s ]
NOTIC: [8] Undefined index: user_id C:\wamp64\www\gift\trunk\App\Mobile\Controller\MobileCommonController.class.php 第 14 行.
SQL: SHOW COLUMNS FROM `bestop_member` [ RunTime:0.0008s ]
NOTIC: [8] Undefined index: user_id C:\wamp64\www\gift\trunk\App\Mobile\Controller\MobileCommonController.class.php 第 19 行.
SQL: SELECT `zc_id` FROM `bestop_member` LIMIT 1   [ RunTime:0.0003s ]
NOTIC: [8] Undefined index: user_id C:\wamp64\www\gift\trunk\App\Mobile\Controller\MobileCommonController.class.php 第 25 行.
NOTIC: [8] Undefined index: user_name C:\wamp64\www\gift\trunk\App\Mobile\Controller\MobileCommonController.class.php 第 26 行.
NOTIC: [8] Undefined index: user_phone C:\wamp64\www\gift\trunk\App\Mobile\Controller\MobileCommonController.class.php 第 27 行.
NOTIC: [8] Undefined index: user_ltime C:\wamp64\www\gift\trunk\App\Mobile\Controller\MobileCommonController.class.php 第 29 行.
SQL: SHOW COLUMNS FROM `bestop_appointment` [ RunTime:0.0008s ]
SQL: SELECT * FROM `bestop_appointment` WHERE `e_id` = 7 AND `phone` = '15152250928' LIMIT 1   [ RunTime:0.0004s ]

[ 2019-08-01T21:48:18+08:00 ] ::1 /index.php/Mobile/Check/getWechat/e_id/7?code=071IcC6l2FA2fD09vY3l2iGL6l2IcC6m&state=123
INFO: [ app_init ] --START--
INFO: Run Behavior\BuildLiteBehavior [ RunTime:0.000070s ]
INFO: [ app_init ] --END-- [ RunTime:0.000346s ]
SQL: SHOW COLUMNS FROM `bestop_payment` [ RunTime:0.0010s ]
NOTIC: [2] Missing argument 1 for Think\Model::where(), called in C:\wamp64\www\gift\trunk\App\Common\Common\other.php on line 552 and defined C:\wamp64\www\gift\trunk\Include\Library\Think\Model.class.php 第 1785 行.
NOTIC: [8] Undefined variable: where C:\wamp64\www\gift\trunk\Include\Library\Think\Model.class.php 第 1793 行.
NOTIC: [8] Undefined variable: where C:\wamp64\www\gift\trunk\Include\Library\Think\Model.class.php 第 1796 行.
NOTIC: [8] Undefined variable: where C:\wamp64\www\gift\trunk\Include\Library\Think\Model.class.php 第 1804 行.
SQL: SELECT `payment_id`,`payment_name`,`payment_type`,`payment_desc`,`payment_config`,`payment_state` FROM `bestop_payment` ORDER BY `payment_order` asc, `payment_id` asc  [ RunTime:0.0005s ]
SQL: SHOW COLUMNS FROM `bestop_config` [ RunTime:0.0008s ]
SQL: SELECT * FROM `bestop_config` WHERE ( name = 'CFG_MOBILE_AUTO' ) LIMIT 1   [ RunTime:0.0003s ]
INFO: [ app_begin ] --START--
INFO: Run Behavior\ReadHtmlCacheBehavior [ RunTime:0.000790s ]
INFO: [ app_begin ] --END-- [ RunTime:0.000947s ]
NOTIC: [8] Undefined index: user_id C:\wamp64\www\gift\trunk\App\Mobile\Controller\MobileCommonController.class.php 第 14 行.
SQL: SHOW COLUMNS FROM `bestop_member` [ RunTime:0.0008s ]
NOTIC: [8] Undefined index: user_id C:\wamp64\www\gift\trunk\App\Mobile\Controller\MobileCommonController.class.php 第 19 行.
SQL: SELECT `zc_id` FROM `bestop_member` LIMIT 1   [ RunTime:0.0003s ]
NOTIC: [8] Undefined index: user_id C:\wamp64\www\gift\trunk\App\Mobile\Controller\MobileCommonController.class.php 第 25 行.
NOTIC: [8] Undefined index: user_name C:\wamp64\www\gift\trunk\App\Mobile\Controller\MobileCommonController.class.php 第 26 行.
NOTIC: [8] Undefined index: user_phone C:\wamp64\www\gift\trunk\App\Mobile\Controller\MobileCommonController.class.php 第 27 行.
NOTIC: [8] Undefined index: user_ltime C:\wamp64\www\gift\trunk\App\Mobile\Controller\MobileCommonController.class.php 第 29 行.
SQL: SHOW COLUMNS FROM `bestop_event` [ RunTime:0.0008s ]
SQL: SELECT * FROM `bestop_event` WHERE `id` = '7' LIMIT 1   [ RunTime:0.0006s ]
NOTIC: [8] Undefined index: access_token C:\wamp64\www\gift\trunk\App\Mobile\Controller\MobileCommonController.class.php 第 268 行.
SQL: SHOW COLUMNS FROM `bestop_event_user` [ RunTime:0.0011s ]
SQL: SELECT * FROM `bestop_event_user` WHERE `open_id` = 'oK_961CJa7L_vFHRyIgux9VTv-zU' AND `e_id` = 7 LIMIT 1   [ RunTime:0.0006s ]
SQL: SELECT eu.*,bm.name as member FROM bestop_event_user eu LEFT JOIN bestop_member bm ON bm.id=eu.member_id  WHERE eu.open_id = 'oK_961CJa7L_vFHRyIgux9VTv-zU' AND eu.e_id = '7' LIMIT 1   [ RunTime:0.0005s ]
INFO: [ view_parse ] --START--
INFO: [ template_filter ] --START--
INFO: Run Behavior\ContentReplaceBehavior [ RunTime:0.000221s ]
INFO: [ template_filter ] --END-- [ RunTime:0.000458s ]
INFO: Run Behavior\ParseTemplateBehavior [ RunTime:0.020881s ]
INFO: [ view_parse ] --END-- [ RunTime:0.021114s ]
INFO: [ view_filter ] --START--
INFO: Run Behavior\WriteHtmlCacheBehavior [ RunTime:0.000664s ]
INFO: [ view_filter ] --END-- [ RunTime:0.000807s ]
INFO: [ app_end ] --START--
INFO: Run Behavior\ShowPageTraceBehavior [ RunTime:0.000747s ]
INFO: [ app_end ] --END-- [ RunTime:0.000896s ]

[ 2019-08-01T21:48:18+08:00 ] ::1 /index.php/Mobile/Check/getWechat/e_id/7?code=071IcC6l2FA2fD09vY3l2iGL6l2IcC6m&state=123
INFO: [ app_init ] --START--
INFO: Run Behavior\BuildLiteBehavior [ RunTime:0.000053s ]
INFO: [ app_init ] --END-- [ RunTime:0.000217s ]
SQL: SHOW COLUMNS FROM `bestop_payment` [ RunTime:0.0007s ]
NOTIC: [2] Missing argument 1 for Think\Model::where(), called in C:\wamp64\www\gift\trunk\App\Common\Common\other.php on line 552 and defined C:\wamp64\www\gift\trunk\Include\Library\Think\Model.class.php 第 1785 行.
NOTIC: [8] Undefined variable: where C:\wamp64\www\gift\trunk\Include\Library\Think\Model.class.php 第 1793 行.
NOTIC: [8] Undefined variable: where C:\wamp64\www\gift\trunk\Include\Library\Think\Model.class.php 第 1796 行.
NOTIC: [8] Undefined variable: where C:\wamp64\www\gift\trunk\Include\Library\Think\Model.class.php 第 1804 行.
SQL: SELECT `payment_id`,`payment_name`,`payment_type`,`payment_desc`,`payment_config`,`payment_state` FROM `bestop_payment` ORDER BY `payment_order` asc, `payment_id` asc  [ RunTime:0.0004s ]
SQL: SHOW COLUMNS FROM `bestop_config` [ RunTime:0.0009s ]
SQL: SELECT * FROM `bestop_config` WHERE ( name = 'CFG_MOBILE_AUTO' ) LIMIT 1   [ RunTime:0.0004s ]
INFO: [ app_begin ] --START--
INFO: Run Behavior\ReadHtmlCacheBehavior [ RunTime:0.001224s ]
INFO: [ app_begin ] --END-- [ RunTime:0.001417s ]
NOTIC: [8] Undefined index: user_id C:\wamp64\www\gift\trunk\App\Mobile\Controller\MobileCommonController.class.php 第 14 行.
SQL: SHOW COLUMNS FROM `bestop_member` [ RunTime:0.0008s ]
NOTIC: [8] Undefined index: user_id C:\wamp64\www\gift\trunk\App\Mobile\Controller\MobileCommonController.class.php 第 19 行.
SQL: SELECT `zc_id` FROM `bestop_member` LIMIT 1   [ RunTime:0.0004s ]
NOTIC: [8] Undefined index: user_id C:\wamp64\www\gift\trunk\App\Mobile\Controller\MobileCommonController.class.php 第 25 行.
NOTIC: [8] Undefined index: user_name C:\wamp64\www\gift\trunk\App\Mobile\Controller\MobileCommonController.class.php 第 26 行.
NOTIC: [8] Undefined index: user_phone C:\wamp64\www\gift\trunk\App\Mobile\Controller\MobileCommonController.class.php 第 27 行.
NOTIC: [8] Undefined index: user_ltime C:\wamp64\www\gift\trunk\App\Mobile\Controller\MobileCommonController.class.php 第 29 行.
SQL: SHOW COLUMNS FROM `bestop_event` [ RunTime:0.0009s ]
SQL: SELECT * FROM `bestop_event` WHERE `id` = '7' LIMIT 1   [ RunTime:0.0004s ]
NOTIC: [8] Undefined index: access_token C:\wamp64\www\gift\trunk\App\Mobile\Controller\MobileCommonController.class.php 第 268 行.
SQL: SHOW COLUMNS FROM `bestop_event_user` [ RunTime:0.0011s ]
SQL: SELECT * FROM `bestop_event_user` WHERE `open_id` = 'oK_961CJa7L_vFHRyIgux9VTv-zU' AND `e_id` = 7 LIMIT 1   [ RunTime:0.0004s ]
SQL: SELECT eu.*,bm.name as member FROM bestop_event_user eu LEFT JOIN bestop_member bm ON bm.id=eu.member_id  WHERE eu.open_id = 'oK_961CJa7L_vFHRyIgux9VTv-zU' AND eu.e_id = '7' LIMIT 1   [ RunTime:0.0004s ]
INFO: [ view_parse ] --START--
INFO: [ template_filter ] --START--
INFO: Run Behavior\ContentReplaceBehavior [ RunTime:0.000281s ]
INFO: [ template_filter ] --END-- [ RunTime:0.000614s ]
INFO: Run Behavior\ParseTemplateBehavior [ RunTime:0.019880s ]
INFO: [ view_parse ] --END-- [ RunTime:0.020058s ]
INFO: [ view_filter ] --START--
INFO: Run Behavior\WriteHtmlCacheBehavior [ RunTime:0.000663s ]
INFO: [ view_filter ] --END-- [ RunTime:0.000897s ]
INFO: [ app_end ] --START--
INFO: Run Behavior\ShowPageTraceBehavior [ RunTime:0.001109s ]
INFO: [ app_end ] --END-- [ RunTime:0.001326s ]

[ 2019-08-01T21:48:25+08:00 ] ::1 /index.php?s=/Mobile/Check/matchPhone.html
INFO: [ app_init ] --START--
INFO: Run Behavior\BuildLiteBehavior [ RunTime:0.000039s ]
INFO: [ app_init ] --END-- [ RunTime:0.000229s ]
SQL: SHOW COLUMNS FROM `bestop_payment` [ RunTime:0.0008s ]
NOTIC: [2] Missing argument 1 for Think\Model::where(), called in C:\wamp64\www\gift\trunk\App\Common\Common\other.php on line 552 and defined C:\wamp64\www\gift\trunk\Include\Library\Think\Model.class.php 第 1785 行.
NOTIC: [8] Undefined variable: where C:\wamp64\www\gift\trunk\Include\Library\Think\Model.class.php 第 1793 行.
NOTIC: [8] Undefined variable: where C:\wamp64\www\gift\trunk\Include\Library\Think\Model.class.php 第 1796 行.
NOTIC: [8] Undefined variable: where C:\wamp64\www\gift\trunk\Include\Library\Think\Model.class.php 第 1804 行.
SQL: SELECT `payment_id`,`payment_name`,`payment_type`,`payment_desc`,`payment_config`,`payment_state` FROM `bestop_payment` ORDER BY `payment_order` asc, `payment_id` asc  [ RunTime:0.0004s ]
SQL: SHOW COLUMNS FROM `bestop_config` [ RunTime:0.0008s ]
SQL: SELECT * FROM `bestop_config` WHERE ( name = 'CFG_MOBILE_AUTO' ) LIMIT 1   [ RunTime:0.0005s ]
INFO: [ app_begin ] --START--
INFO: Run Behavior\ReadHtmlCacheBehavior [ RunTime:0.009794s ]
INFO: [ app_begin ] --END-- [ RunTime:0.010002s ]
NOTIC: [8] Undefined index: user_id C:\wamp64\www\gift\trunk\App\Mobile\Controller\MobileCommonController.class.php 第 14 行.
SQL: SHOW COLUMNS FROM `bestop_member` [ RunTime:0.0009s ]
NOTIC: [8] Undefined index: user_id C:\wamp64\www\gift\trunk\App\Mobile\Controller\MobileCommonController.class.php 第 19 行.
SQL: SELECT `zc_id` FROM `bestop_member` LIMIT 1   [ RunTime:0.0004s ]
NOTIC: [8] Undefined index: user_id C:\wamp64\www\gift\trunk\App\Mobile\Controller\MobileCommonController.class.php 第 25 行.
NOTIC: [8] Undefined index: user_name C:\wamp64\www\gift\trunk\App\Mobile\Controller\MobileCommonController.class.php 第 26 行.
NOTIC: [8] Undefined index: user_phone C:\wamp64\www\gift\trunk\App\Mobile\Controller\MobileCommonController.class.php 第 27 行.
NOTIC: [8] Undefined index: user_ltime C:\wamp64\www\gift\trunk\App\Mobile\Controller\MobileCommonController.class.php 第 29 行.
SQL: SHOW COLUMNS FROM `bestop_appointment` [ RunTime:0.0007s ]
SQL: SELECT * FROM `bestop_appointment` WHERE `e_id` = 7 AND `phone` = '15152250928' LIMIT 1   [ RunTime:0.0004s ]

[ 2019-08-01T21:49:20+08:00 ] ::1 /index.php?s=/Mobile/Check/subPhone.html
INFO: [ app_init ] --START--
INFO: Run Behavior\BuildLiteBehavior [ RunTime:0.000055s ]
INFO: [ app_init ] --END-- [ RunTime:0.000254s ]
SQL: SHOW COLUMNS FROM `bestop_payment` [ RunTime:0.0008s ]
NOTIC: [2] Missing argument 1 for Think\Model::where(), called in C:\wamp64\www\gift\trunk\App\Common\Common\other.php on line 552 and defined C:\wamp64\www\gift\trunk\Include\Library\Think\Model.class.php 第 1785 行.
NOTIC: [8] Undefined variable: where C:\wamp64\www\gift\trunk\Include\Library\Think\Model.class.php 第 1793 行.
NOTIC: [8] Undefined variable: where C:\wamp64\www\gift\trunk\Include\Library\Think\Model.class.php 第 1796 行.
NOTIC: [8] Undefined variable: where C:\wamp64\www\gift\trunk\Include\Library\Think\Model.class.php 第 1804 行.
SQL: SELECT `payment_id`,`payment_name`,`payment_type`,`payment_desc`,`payment_config`,`payment_state` FROM `bestop_payment` ORDER BY `payment_order` asc, `payment_id` asc  [ RunTime:0.0004s ]
SQL: SHOW COLUMNS FROM `bestop_config` [ RunTime:0.0008s ]
SQL: SELECT * FROM `bestop_config` WHERE ( name = 'CFG_MOBILE_AUTO' ) LIMIT 1   [ RunTime:0.0004s ]
INFO: [ app_begin ] --START--
INFO: Run Behavior\ReadHtmlCacheBehavior [ RunTime:0.010218s ]
INFO: [ app_begin ] --END-- [ RunTime:0.010342s ]
NOTIC: [8] Undefined index: user_id C:\wamp64\www\gift\trunk\App\Mobile\Controller\MobileCommonController.class.php 第 14 行.
SQL: SHOW COLUMNS FROM `bestop_member` [ RunTime:0.0008s ]
NOTIC: [8] Undefined index: user_id C:\wamp64\www\gift\trunk\App\Mobile\Controller\MobileCommonController.class.php 第 19 行.
SQL: SELECT `zc_id` FROM `bestop_member` LIMIT 1   [ RunTime:0.0003s ]
NOTIC: [8] Undefined index: user_id C:\wamp64\www\gift\trunk\App\Mobile\Controller\MobileCommonController.class.php 第 25 行.
NOTIC: [8] Undefined index: user_name C:\wamp64\www\gift\trunk\App\Mobile\Controller\MobileCommonController.class.php 第 26 行.
NOTIC: [8] Undefined index: user_phone C:\wamp64\www\gift\trunk\App\Mobile\Controller\MobileCommonController.class.php 第 27 行.
NOTIC: [8] Undefined index: user_ltime C:\wamp64\www\gift\trunk\App\Mobile\Controller\MobileCommonController.class.php 第 29 行.
SQL: SELECT * FROM `bestop_member` WHERE `name` = '珊珊' LIMIT 1   [ RunTime:0.0027s ]
SQL: SELECT * FROM `bestop_member` WHERE `name` LIKE '%珊珊%' LIMIT 1   [ RunTime:0.0004s ]
SQL: SHOW COLUMNS FROM `bestop_event_user` [ RunTime:0.0007s ]
SQL: UPDATE `bestop_event_user` SET `phone`='15152250928',`member_id`='1',`sex`='男',`username`='小杨',`apply_at`='1564667360' WHERE `id` = 41 [ RunTime:0.0006s ]
NOTIC: [2] Missing argument 1 for Mobile\Controller\MobileCommonController::returnSuccess(), called in C:\wamp64\www\gift\trunk\App\Mobile\Controller\CheckController.class.php on line 88 and defined C:\wamp64\www\gift\trunk\App\Mobile\Controller\MobileCommonController.class.php 第 307 行.
NOTIC: [8] Undefined variable: data C:\wamp64\www\gift\trunk\App\Mobile\Controller\MobileCommonController.class.php 第 310 行.

[ 2019-08-01T21:49:20+08:00 ] ::1 /index.php/Mobile/Check/getWechat/e_id/7?code=071IcC6l2FA2fD09vY3l2iGL6l2IcC6m&state=123
INFO: [ app_init ] --START--
INFO: Run Behavior\BuildLiteBehavior [ RunTime:0.000033s ]
INFO: [ app_init ] --END-- [ RunTime:0.000184s ]
SQL: SHOW COLUMNS FROM `bestop_payment` [ RunTime:0.0007s ]
NOTIC: [2] Missing argument 1 for Think\Model::where(), called in C:\wamp64\www\gift\trunk\App\Common\Common\other.php on line 552 and defined C:\wamp64\www\gift\trunk\Include\Library\Think\Model.class.php 第 1785 行.
NOTIC: [8] Undefined variable: where C:\wamp64\www\gift\trunk\Include\Library\Think\Model.class.php 第 1793 行.
NOTIC: [8] Undefined variable: where C:\wamp64\www\gift\trunk\Include\Library\Think\Model.class.php 第 1796 行.
NOTIC: [8] Undefined variable: where C:\wamp64\www\gift\trunk\Include\Library\Think\Model.class.php 第 1804 行.
SQL: SELECT `payment_id`,`payment_name`,`payment_type`,`payment_desc`,`payment_config`,`payment_state` FROM `bestop_payment` ORDER BY `payment_order` asc, `payment_id` asc  [ RunTime:0.0003s ]
SQL: SHOW COLUMNS FROM `bestop_config` [ RunTime:0.0009s ]
SQL: SELECT * FROM `bestop_config` WHERE ( name = 'CFG_MOBILE_AUTO' ) LIMIT 1   [ RunTime:0.0005s ]
INFO: [ app_begin ] --START--
INFO: Run Behavior\ReadHtmlCacheBehavior [ RunTime:0.001051s ]
INFO: [ app_begin ] --END-- [ RunTime:0.001366s ]
NOTIC: [8] Undefined index: user_id C:\wamp64\www\gift\trunk\App\Mobile\Controller\MobileCommonController.class.php 第 14 行.
SQL: SHOW COLUMNS FROM `bestop_member` [ RunTime:0.0008s ]
NOTIC: [8] Undefined index: user_id C:\wamp64\www\gift\trunk\App\Mobile\Controller\MobileCommonController.class.php 第 19 行.
SQL: SELECT `zc_id` FROM `bestop_member` LIMIT 1   [ RunTime:0.0003s ]
NOTIC: [8] Undefined index: user_id C:\wamp64\www\gift\trunk\App\Mobile\Controller\MobileCommonController.class.php 第 25 行.
NOTIC: [8] Undefined index: user_name C:\wamp64\www\gift\trunk\App\Mobile\Controller\MobileCommonController.class.php 第 26 行.
NOTIC: [8] Undefined index: user_phone C:\wamp64\www\gift\trunk\App\Mobile\Controller\MobileCommonController.class.php 第 27 行.
NOTIC: [8] Undefined index: user_ltime C:\wamp64\www\gift\trunk\App\Mobile\Controller\MobileCommonController.class.php 第 29 行.
SQL: SHOW COLUMNS FROM `bestop_event` [ RunTime:0.0006s ]
SQL: SELECT * FROM `bestop_event` WHERE `id` = '7' LIMIT 1   [ RunTime:0.0004s ]
NOTIC: [8] Undefined index: access_token C:\wamp64\www\gift\trunk\App\Mobile\Controller\MobileCommonController.class.php 第 268 行.
SQL: SHOW COLUMNS FROM `bestop_event_user` [ RunTime:0.0018s ]
SQL: SELECT * FROM `bestop_event_user` WHERE `open_id` = 'oK_961CJa7L_vFHRyIgux9VTv-zU' AND `e_id` = 7 LIMIT 1   [ RunTime:0.0008s ]
SQL: SELECT eu.*,bm.name as member FROM bestop_event_user eu LEFT JOIN bestop_member bm ON bm.id=eu.member_id  WHERE eu.open_id = 'oK_961CJa7L_vFHRyIgux9VTv-zU' AND eu.e_id = '7' LIMIT 1   [ RunTime:0.0009s ]
INFO: [ view_parse ] --START--
INFO: [ template_filter ] --START--
INFO: Run Behavior\ContentReplaceBehavior [ RunTime:0.000193s ]
INFO: [ template_filter ] --END-- [ RunTime:0.000432s ]
INFO: Run Behavior\ParseTemplateBehavior [ RunTime:0.040756s ]
INFO: [ view_parse ] --END-- [ RunTime:0.041078s ]
INFO: [ view_filter ] --START--
INFO: Run Behavior\WriteHtmlCacheBehavior [ RunTime:0.000794s ]
INFO: [ view_filter ] --END-- [ RunTime:0.001003s ]
INFO: [ app_end ] --START--
INFO: Run Behavior\ShowPageTraceBehavior [ RunTime:0.001149s ]
INFO: [ app_end ] --END-- [ RunTime:0.001349s ]

