[ 2019-08-05T22:30:25+08:00 ] ::1 /index.php?s=/BigScreen/Index/index/e_id/7
INFO: [ app_init ] --START--
INFO: Run Behavior\BuildLiteBehavior [ RunTime:0.000035s ]
INFO: [ app_init ] --END-- [ RunTime:0.000189s ]
SQL: SHOW COLUMNS FROM `bestop_payment` [ RunTime:0.0007s ]
NOTIC: [2] Missing argument 1 for Think\Model::where(), called in C:\wamp64\www\gift\trunk\App\Common\Common\other.php on line 552 and defined C:\wamp64\www\gift\trunk\Include\Library\Think\Model.class.php 第 1785 行.
NOTIC: [8] Undefined variable: where C:\wamp64\www\gift\trunk\Include\Library\Think\Model.class.php 第 1793 行.
NOTIC: [8] Undefined variable: where C:\wamp64\www\gift\trunk\Include\Library\Think\Model.class.php 第 1796 行.
NOTIC: [8] Undefined variable: where C:\wamp64\www\gift\trunk\Include\Library\Think\Model.class.php 第 1804 行.
SQL: SELECT `payment_id`,`payment_name`,`payment_type`,`payment_desc`,`payment_config`,`payment_state` FROM `bestop_payment` ORDER BY `payment_order` asc, `payment_id` asc  [ RunTime:0.0004s ]
SQL: SHOW COLUMNS FROM `bestop_config` [ RunTime:0.0007s ]
SQL: SELECT * FROM `bestop_config` WHERE ( name = 'CFG_MOBILE_AUTO' ) LIMIT 1   [ RunTime:0.0003s ]
INFO: [ app_begin ] --START--
INFO: Run Behavior\ReadHtmlCacheBehavior [ RunTime:0.000971s ]
INFO: [ app_begin ] --END-- [ RunTime:0.001242s ]
SQL: SHOW COLUMNS FROM `bestop_event` [ RunTime:0.0007s ]
SQL: SELECT * FROM `bestop_event` WHERE `id` = '7' LIMIT 1   [ RunTime:0.0003s ]
SQL: SHOW COLUMNS FROM `bestop_event_draw` [ RunTime:0.0028s ]
SQL: SELECT ed.*,a.name,a.image FROM bestop_event_draw ed LEFT JOIN bestop_award a ON a.id=ed.award_id  WHERE ed.e_id = '7'  [ RunTime:0.0086s ]
INFO: [ view_parse ] --START--
INFO: [ template_filter ] --START--
INFO: Run Behavior\ContentReplaceBehavior [ RunTime:0.000366s ]
INFO: [ template_filter ] --END-- [ RunTime:0.000534s ]
INFO: Run Behavior\ParseTemplateBehavior [ RunTime:0.043533s ]
INFO: [ view_parse ] --END-- [ RunTime:0.043777s ]
INFO: [ view_filter ] --START--
INFO: Run Behavior\WriteHtmlCacheBehavior [ RunTime:0.000934s ]
INFO: [ view_filter ] --END-- [ RunTime:0.001095s ]
INFO: [ app_end ] --START--
INFO: Run Behavior\ShowPageTraceBehavior [ RunTime:0.001554s ]
INFO: [ app_end ] --END-- [ RunTime:0.001816s ]

[ 2019-08-05T22:30:25+08:00 ] ::1 /index.php?s=/BigScreen/Index/getEventInfo&e_id=7
INFO: [ app_init ] --START--
INFO: Run Behavior\BuildLiteBehavior [ RunTime:0.000046s ]
INFO: [ app_init ] --END-- [ RunTime:0.000199s ]
SQL: SHOW COLUMNS FROM `bestop_payment` [ RunTime:0.0007s ]
NOTIC: [2] Missing argument 1 for Think\Model::where(), called in C:\wamp64\www\gift\trunk\App\Common\Common\other.php on line 552 and defined C:\wamp64\www\gift\trunk\Include\Library\Think\Model.class.php 第 1785 行.
NOTIC: [8] Undefined variable: where C:\wamp64\www\gift\trunk\Include\Library\Think\Model.class.php 第 1793 行.
NOTIC: [8] Undefined variable: where C:\wamp64\www\gift\trunk\Include\Library\Think\Model.class.php 第 1796 行.
NOTIC: [8] Undefined variable: where C:\wamp64\www\gift\trunk\Include\Library\Think\Model.class.php 第 1804 行.
SQL: SELECT `payment_id`,`payment_name`,`payment_type`,`payment_desc`,`payment_config`,`payment_state` FROM `bestop_payment` ORDER BY `payment_order` asc, `payment_id` asc  [ RunTime:0.0003s ]
SQL: SHOW COLUMNS FROM `bestop_config` [ RunTime:0.0007s ]
SQL: SELECT * FROM `bestop_config` WHERE ( name = 'CFG_MOBILE_AUTO' ) LIMIT 1   [ RunTime:0.0003s ]
INFO: [ app_begin ] --START--
INFO: Run Behavior\ReadHtmlCacheBehavior [ RunTime:0.000698s ]
INFO: [ app_begin ] --END-- [ RunTime:0.000826s ]
SQL: SHOW COLUMNS FROM `bestop_event_user` [ RunTime:0.0008s ]
SQL: SELECT * FROM `bestop_event_user` WHERE `e_id` = 7  [ RunTime:0.0004s ]
SQL: SHOW COLUMNS FROM `bestop_prize` [ RunTime:0.0144s ]
SQL: SELECT COUNT(*) AS tp_count FROM `bestop_prize` WHERE `e_id` = 7 LIMIT 1   [ RunTime:0.0002s ]
INFO: [ app_end ] --START--
INFO: Run Behavior\ShowPageTraceBehavior [ RunTime:0.000972s ]
INFO: [ app_end ] --END-- [ RunTime:0.001118s ]

[ 2019-08-05T22:30:25+08:00 ] ::1 /index.php?s=/BigScreen/Index/getPrizeInfo&e_id=7&draw_id=10
INFO: [ app_init ] --START--
INFO: Run Behavior\BuildLiteBehavior [ RunTime:0.000034s ]
INFO: [ app_init ] --END-- [ RunTime:0.000187s ]
SQL: SHOW COLUMNS FROM `bestop_payment` [ RunTime:0.0007s ]
NOTIC: [2] Missing argument 1 for Think\Model::where(), called in C:\wamp64\www\gift\trunk\App\Common\Common\other.php on line 552 and defined C:\wamp64\www\gift\trunk\Include\Library\Think\Model.class.php 第 1785 行.
NOTIC: [8] Undefined variable: where C:\wamp64\www\gift\trunk\Include\Library\Think\Model.class.php 第 1793 行.
NOTIC: [8] Undefined variable: where C:\wamp64\www\gift\trunk\Include\Library\Think\Model.class.php 第 1796 行.
NOTIC: [8] Undefined variable: where C:\wamp64\www\gift\trunk\Include\Library\Think\Model.class.php 第 1804 行.
SQL: SELECT `payment_id`,`payment_name`,`payment_type`,`payment_desc`,`payment_config`,`payment_state` FROM `bestop_payment` ORDER BY `payment_order` asc, `payment_id` asc  [ RunTime:0.0003s ]
SQL: SHOW COLUMNS FROM `bestop_config` [ RunTime:0.0007s ]
SQL: SELECT * FROM `bestop_config` WHERE ( name = 'CFG_MOBILE_AUTO' ) LIMIT 1   [ RunTime:0.0004s ]
INFO: [ app_begin ] --START--
INFO: Run Behavior\ReadHtmlCacheBehavior [ RunTime:0.000929s ]
INFO: [ app_begin ] --END-- [ RunTime:0.001063s ]
SQL: SHOW COLUMNS FROM `bestop_prize` [ RunTime:0.0011s ]
SQL: SELECT p.*,eu.name,eu.image FROM bestop_prize p LEFT JOIN bestop_event_user eu ON eu.id=p.uid  WHERE p.e_id = '7' AND p.draw_id = '10'  [ RunTime:0.0004s ]
SQL: SELECT COUNT(*) AS tp_count FROM `bestop_prize` WHERE `e_id` = 7 AND `draw_id` = 10 LIMIT 1   [ RunTime:0.0003s ]
INFO: [ app_end ] --START--
INFO: Run Behavior\ShowPageTraceBehavior [ RunTime:0.004973s ]
INFO: [ app_end ] --END-- [ RunTime:0.005158s ]

