[ 2019-08-27T21:24:52+08:00 ] ::1 /index.php?s=/BigScreen/Index/index/e_id/7
INFO: [ app_init ] --START--
INFO: Run Behavior\BuildLiteBehavior [ RunTime:0.000039s ]
INFO: [ app_init ] --END-- [ RunTime:0.000239s ]
SQL: SHOW COLUMNS FROM `bestop_payment` [ RunTime:0.0006s ]
NOTIC: [2] Missing argument 1 for Think\Model::where(), called in C:\wamp64\www\gift\trunk\App\Common\Common\other.php on line 552 and defined C:\wamp64\www\gift\trunk\Include\Library\Think\Model.class.php 第 1785 行.
NOTIC: [8] Undefined variable: where C:\wamp64\www\gift\trunk\Include\Library\Think\Model.class.php 第 1793 行.
NOTIC: [8] Undefined variable: where C:\wamp64\www\gift\trunk\Include\Library\Think\Model.class.php 第 1796 行.
NOTIC: [8] Undefined variable: where C:\wamp64\www\gift\trunk\Include\Library\Think\Model.class.php 第 1804 行.
SQL: SELECT `payment_id`,`payment_name`,`payment_type`,`payment_desc`,`payment_config`,`payment_state` FROM `bestop_payment` ORDER BY `payment_order` asc, `payment_id` asc  [ RunTime:0.0004s ]
SQL: SHOW COLUMNS FROM `bestop_config` [ RunTime:0.0007s ]
SQL: SELECT * FROM `bestop_config` WHERE ( name = 'CFG_MOBILE_AUTO' ) LIMIT 1   [ RunTime:0.0003s ]
INFO: [ app_begin ] --START--
INFO: Run Behavior\ReadHtmlCacheBehavior [ RunTime:0.000933s ]
INFO: [ app_begin ] --END-- [ RunTime:0.001090s ]
SQL: SHOW COLUMNS FROM `bestop_event` [ RunTime:0.0012s ]
SQL: SELECT * FROM `bestop_event` WHERE `id` = '7' LIMIT 1   [ RunTime:0.0005s ]
SQL: SHOW COLUMNS FROM `bestop_event_draw` [ RunTime:0.0029s ]
SQL: SELECT ed.*,a.name,a.image FROM bestop_event_draw ed LEFT JOIN bestop_award a ON a.id=ed.award_id  WHERE ed.e_id = '7'  [ RunTime:0.0072s ]
INFO: [ view_parse ] --START--
INFO: [ template_filter ] --START--
INFO: Run Behavior\ContentReplaceBehavior [ RunTime:0.000770s ]
INFO: [ template_filter ] --END-- [ RunTime:0.001117s ]
INFO: Run Behavior\ParseTemplateBehavior [ RunTime:0.046643s ]
INFO: [ view_parse ] --END-- [ RunTime:0.046834s ]
INFO: [ view_filter ] --START--
INFO: Run Behavior\WriteHtmlCacheBehavior [ RunTime:0.000925s ]
INFO: [ view_filter ] --END-- [ RunTime:0.001317s ]
INFO: [ app_end ] --START--
INFO: Run Behavior\ShowPageTraceBehavior [ RunTime:0.001474s ]
INFO: [ app_end ] --END-- [ RunTime:0.001799s ]

[ 2019-08-27T21:24:52+08:00 ] ::1 /index.php?s=/BigScreen/Index/getEventInfo&e_id=7
INFO: [ app_init ] --START--
INFO: Run Behavior\BuildLiteBehavior [ RunTime:0.000076s ]
INFO: [ app_init ] --END-- [ RunTime:0.000409s ]
SQL: SHOW COLUMNS FROM `bestop_payment` [ RunTime:0.0012s ]
NOTIC: [2] Missing argument 1 for Think\Model::where(), called in C:\wamp64\www\gift\trunk\App\Common\Common\other.php on line 552 and defined C:\wamp64\www\gift\trunk\Include\Library\Think\Model.class.php 第 1785 行.
NOTIC: [8] Undefined variable: where C:\wamp64\www\gift\trunk\Include\Library\Think\Model.class.php 第 1793 行.
NOTIC: [8] Undefined variable: where C:\wamp64\www\gift\trunk\Include\Library\Think\Model.class.php 第 1796 行.
NOTIC: [8] Undefined variable: where C:\wamp64\www\gift\trunk\Include\Library\Think\Model.class.php 第 1804 行.
SQL: SELECT `payment_id`,`payment_name`,`payment_type`,`payment_desc`,`payment_config`,`payment_state` FROM `bestop_payment` ORDER BY `payment_order` asc, `payment_id` asc  [ RunTime:0.0008s ]
SQL: SHOW COLUMNS FROM `bestop_config` [ RunTime:0.0011s ]
SQL: SELECT * FROM `bestop_config` WHERE ( name = 'CFG_MOBILE_AUTO' ) LIMIT 1   [ RunTime:0.0005s ]
INFO: [ app_begin ] --START--
INFO: Run Behavior\ReadHtmlCacheBehavior [ RunTime:0.001633s ]
INFO: [ app_begin ] --END-- [ RunTime:0.001894s ]
SQL: SHOW COLUMNS FROM `bestop_event_user` [ RunTime:0.0010s ]
SQL: SELECT * FROM `bestop_event_user` WHERE `e_id` = 7  [ RunTime:0.0009s ]
SQL: SHOW COLUMNS FROM `bestop_prize` [ RunTime:0.0120s ]
SQL: SELECT COUNT(*) AS tp_count FROM `bestop_prize` WHERE `e_id` = 7 LIMIT 1   [ RunTime:0.0003s ]
INFO: [ app_end ] --START--
INFO: Run Behavior\ShowPageTraceBehavior [ RunTime:0.001484s ]
INFO: [ app_end ] --END-- [ RunTime:0.001696s ]

[ 2019-08-27T21:24:53+08:00 ] ::1 /index.php?s=/BigScreen/Index/getPrizeInfo&e_id=7&draw_id=10
INFO: [ app_init ] --START--
INFO: Run Behavior\BuildLiteBehavior [ RunTime:0.000036s ]
INFO: [ app_init ] --END-- [ RunTime:0.000199s ]
SQL: SHOW COLUMNS FROM `bestop_payment` [ RunTime:0.0009s ]
NOTIC: [2] Missing argument 1 for Think\Model::where(), called in C:\wamp64\www\gift\trunk\App\Common\Common\other.php on line 552 and defined C:\wamp64\www\gift\trunk\Include\Library\Think\Model.class.php 第 1785 行.
NOTIC: [8] Undefined variable: where C:\wamp64\www\gift\trunk\Include\Library\Think\Model.class.php 第 1793 行.
NOTIC: [8] Undefined variable: where C:\wamp64\www\gift\trunk\Include\Library\Think\Model.class.php 第 1796 行.
NOTIC: [8] Undefined variable: where C:\wamp64\www\gift\trunk\Include\Library\Think\Model.class.php 第 1804 行.
SQL: SELECT `payment_id`,`payment_name`,`payment_type`,`payment_desc`,`payment_config`,`payment_state` FROM `bestop_payment` ORDER BY `payment_order` asc, `payment_id` asc  [ RunTime:0.0004s ]
SQL: SHOW COLUMNS FROM `bestop_config` [ RunTime:0.0009s ]
SQL: SELECT * FROM `bestop_config` WHERE ( name = 'CFG_MOBILE_AUTO' ) LIMIT 1   [ RunTime:0.0003s ]
INFO: [ app_begin ] --START--
INFO: Run Behavior\ReadHtmlCacheBehavior [ RunTime:0.001174s ]
INFO: [ app_begin ] --END-- [ RunTime:0.001399s ]
SQL: SHOW COLUMNS FROM `bestop_prize` [ RunTime:0.0012s ]
SQL: SELECT p.*,eu.name,eu.image FROM bestop_prize p LEFT JOIN bestop_event_user eu ON eu.id=p.uid  WHERE p.e_id = '7' AND p.draw_id = '10'  [ RunTime:0.0004s ]
SQL: SELECT COUNT(*) AS tp_count FROM `bestop_prize` WHERE `e_id` = 7 AND `draw_id` = 10 LIMIT 1   [ RunTime:0.0003s ]
INFO: [ app_end ] --START--
INFO: Run Behavior\ShowPageTraceBehavior [ RunTime:0.001105s ]
INFO: [ app_end ] --END-- [ RunTime:0.001265s ]

[ 2019-08-27T21:24:55+08:00 ] ::1 /index.php?s=/BigScreen/Index/index/e_id/7
INFO: [ app_init ] --START--
INFO: Run Behavior\BuildLiteBehavior [ RunTime:0.000036s ]
INFO: [ app_init ] --END-- [ RunTime:0.000208s ]
SQL: SHOW COLUMNS FROM `bestop_payment` [ RunTime:0.0007s ]
NOTIC: [2] Missing argument 1 for Think\Model::where(), called in C:\wamp64\www\gift\trunk\App\Common\Common\other.php on line 552 and defined C:\wamp64\www\gift\trunk\Include\Library\Think\Model.class.php 第 1785 行.
NOTIC: [8] Undefined variable: where C:\wamp64\www\gift\trunk\Include\Library\Think\Model.class.php 第 1793 行.
NOTIC: [8] Undefined variable: where C:\wamp64\www\gift\trunk\Include\Library\Think\Model.class.php 第 1796 行.
NOTIC: [8] Undefined variable: where C:\wamp64\www\gift\trunk\Include\Library\Think\Model.class.php 第 1804 行.
SQL: SELECT `payment_id`,`payment_name`,`payment_type`,`payment_desc`,`payment_config`,`payment_state` FROM `bestop_payment` ORDER BY `payment_order` asc, `payment_id` asc  [ RunTime:0.0004s ]
SQL: SHOW COLUMNS FROM `bestop_config` [ RunTime:0.0007s ]
SQL: SELECT * FROM `bestop_config` WHERE ( name = 'CFG_MOBILE_AUTO' ) LIMIT 1   [ RunTime:0.0004s ]
INFO: [ app_begin ] --START--
INFO: Run Behavior\ReadHtmlCacheBehavior [ RunTime:0.001133s ]
INFO: [ app_begin ] --END-- [ RunTime:0.001386s ]
SQL: SHOW COLUMNS FROM `bestop_event` [ RunTime:0.0010s ]
SQL: SELECT * FROM `bestop_event` WHERE `id` = '7' LIMIT 1   [ RunTime:0.0005s ]
SQL: SHOW COLUMNS FROM `bestop_event_draw` [ RunTime:0.0025s ]
SQL: SELECT ed.*,a.name,a.image FROM bestop_event_draw ed LEFT JOIN bestop_award a ON a.id=ed.award_id  WHERE ed.e_id = '7'  [ RunTime:0.0009s ]
INFO: [ view_parse ] --START--
INFO: [ template_filter ] --START--
INFO: Run Behavior\ContentReplaceBehavior [ RunTime:0.000358s ]
INFO: [ template_filter ] --END-- [ RunTime:0.000555s ]
INFO: Run Behavior\ParseTemplateBehavior [ RunTime:0.034554s ]
INFO: [ view_parse ] --END-- [ RunTime:0.034767s ]
INFO: [ view_filter ] --START--
INFO: Run Behavior\WriteHtmlCacheBehavior [ RunTime:0.000819s ]
INFO: [ view_filter ] --END-- [ RunTime:0.001045s ]
INFO: [ app_end ] --START--
INFO: Run Behavior\ShowPageTraceBehavior [ RunTime:0.001613s ]
INFO: [ app_end ] --END-- [ RunTime:0.001955s ]

[ 2019-08-27T21:24:56+08:00 ] ::1 /index.php?s=/BigScreen/Index/index/e_id/7
INFO: [ app_init ] --START--
INFO: Run Behavior\BuildLiteBehavior [ RunTime:0.000047s ]
INFO: [ app_init ] --END-- [ RunTime:0.000224s ]
SQL: SHOW COLUMNS FROM `bestop_payment` [ RunTime:0.0008s ]
NOTIC: [2] Missing argument 1 for Think\Model::where(), called in C:\wamp64\www\gift\trunk\App\Common\Common\other.php on line 552 and defined C:\wamp64\www\gift\trunk\Include\Library\Think\Model.class.php 第 1785 行.
NOTIC: [8] Undefined variable: where C:\wamp64\www\gift\trunk\Include\Library\Think\Model.class.php 第 1793 行.
NOTIC: [8] Undefined variable: where C:\wamp64\www\gift\trunk\Include\Library\Think\Model.class.php 第 1796 行.
NOTIC: [8] Undefined variable: where C:\wamp64\www\gift\trunk\Include\Library\Think\Model.class.php 第 1804 行.
SQL: SELECT `payment_id`,`payment_name`,`payment_type`,`payment_desc`,`payment_config`,`payment_state` FROM `bestop_payment` ORDER BY `payment_order` asc, `payment_id` asc  [ RunTime:0.0005s ]
SQL: SHOW COLUMNS FROM `bestop_config` [ RunTime:0.0008s ]
SQL: SELECT * FROM `bestop_config` WHERE ( name = 'CFG_MOBILE_AUTO' ) LIMIT 1   [ RunTime:0.0003s ]
INFO: [ app_begin ] --START--
INFO: Run Behavior\ReadHtmlCacheBehavior [ RunTime:0.001578s ]
INFO: [ app_begin ] --END-- [ RunTime:0.001915s ]
SQL: SHOW COLUMNS FROM `bestop_event` [ RunTime:0.0012s ]
SQL: SELECT * FROM `bestop_event` WHERE `id` = '7' LIMIT 1   [ RunTime:0.0005s ]
SQL: SHOW COLUMNS FROM `bestop_event_draw` [ RunTime:0.0018s ]
SQL: SELECT ed.*,a.name,a.image FROM bestop_event_draw ed LEFT JOIN bestop_award a ON a.id=ed.award_id  WHERE ed.e_id = '7'  [ RunTime:0.0010s ]
INFO: [ view_parse ] --START--
INFO: [ template_filter ] --START--
INFO: Run Behavior\ContentReplaceBehavior [ RunTime:0.000369s ]
INFO: [ template_filter ] --END-- [ RunTime:0.000560s ]
INFO: Run Behavior\ParseTemplateBehavior [ RunTime:0.030175s ]
INFO: [ view_parse ] --END-- [ RunTime:0.030382s ]
INFO: [ view_filter ] --START--
INFO: Run Behavior\WriteHtmlCacheBehavior [ RunTime:0.000596s ]
INFO: [ view_filter ] --END-- [ RunTime:0.000756s ]
INFO: [ app_end ] --START--
INFO: Run Behavior\ShowPageTraceBehavior [ RunTime:0.001465s ]
INFO: [ app_end ] --END-- [ RunTime:0.001747s ]

[ 2019-08-27T21:24:56+08:00 ] ::1 /index.php?s=/BigScreen/Index/getEventInfo&e_id=7
INFO: [ app_init ] --START--
INFO: Run Behavior\BuildLiteBehavior [ RunTime:0.000040s ]
INFO: [ app_init ] --END-- [ RunTime:0.000243s ]
SQL: SHOW COLUMNS FROM `bestop_payment` [ RunTime:0.0008s ]
NOTIC: [2] Missing argument 1 for Think\Model::where(), called in C:\wamp64\www\gift\trunk\App\Common\Common\other.php on line 552 and defined C:\wamp64\www\gift\trunk\Include\Library\Think\Model.class.php 第 1785 行.
NOTIC: [8] Undefined variable: where C:\wamp64\www\gift\trunk\Include\Library\Think\Model.class.php 第 1793 行.
NOTIC: [8] Undefined variable: where C:\wamp64\www\gift\trunk\Include\Library\Think\Model.class.php 第 1796 行.
NOTIC: [8] Undefined variable: where C:\wamp64\www\gift\trunk\Include\Library\Think\Model.class.php 第 1804 行.
SQL: SELECT `payment_id`,`payment_name`,`payment_type`,`payment_desc`,`payment_config`,`payment_state` FROM `bestop_payment` ORDER BY `payment_order` asc, `payment_id` asc  [ RunTime:0.0005s ]
SQL: SHOW COLUMNS FROM `bestop_config` [ RunTime:0.0009s ]
SQL: SELECT * FROM `bestop_config` WHERE ( name = 'CFG_MOBILE_AUTO' ) LIMIT 1   [ RunTime:0.0004s ]
INFO: [ app_begin ] --START--
INFO: Run Behavior\ReadHtmlCacheBehavior [ RunTime:0.001003s ]
INFO: [ app_begin ] --END-- [ RunTime:0.001148s ]
SQL: SHOW COLUMNS FROM `bestop_event_user` [ RunTime:0.0010s ]
SQL: SELECT * FROM `bestop_event_user` WHERE `e_id` = 7  [ RunTime:0.0007s ]
SQL: SHOW COLUMNS FROM `bestop_prize` [ RunTime:0.0011s ]
SQL: SELECT COUNT(*) AS tp_count FROM `bestop_prize` WHERE `e_id` = 7 LIMIT 1   [ RunTime:0.0002s ]
INFO: [ app_end ] --START--
INFO: Run Behavior\ShowPageTraceBehavior [ RunTime:0.000902s ]
INFO: [ app_end ] --END-- [ RunTime:0.001040s ]

[ 2019-08-27T21:24:56+08:00 ] ::1 /index.php?s=/BigScreen/Index/getPrizeInfo&e_id=7&draw_id=10
INFO: [ app_init ] --START--
INFO: Run Behavior\BuildLiteBehavior [ RunTime:0.000040s ]
INFO: [ app_init ] --END-- [ RunTime:0.000221s ]
SQL: SHOW COLUMNS FROM `bestop_payment` [ RunTime:0.0011s ]
NOTIC: [2] Missing argument 1 for Think\Model::where(), called in C:\wamp64\www\gift\trunk\App\Common\Common\other.php on line 552 and defined C:\wamp64\www\gift\trunk\Include\Library\Think\Model.class.php 第 1785 行.
NOTIC: [8] Undefined variable: where C:\wamp64\www\gift\trunk\Include\Library\Think\Model.class.php 第 1793 行.
NOTIC: [8] Undefined variable: where C:\wamp64\www\gift\trunk\Include\Library\Think\Model.class.php 第 1796 行.
NOTIC: [8] Undefined variable: where C:\wamp64\www\gift\trunk\Include\Library\Think\Model.class.php 第 1804 行.
SQL: SELECT `payment_id`,`payment_name`,`payment_type`,`payment_desc`,`payment_config`,`payment_state` FROM `bestop_payment` ORDER BY `payment_order` asc, `payment_id` asc  [ RunTime:0.0005s ]
SQL: SHOW COLUMNS FROM `bestop_config` [ RunTime:0.0011s ]
SQL: SELECT * FROM `bestop_config` WHERE ( name = 'CFG_MOBILE_AUTO' ) LIMIT 1   [ RunTime:0.0004s ]
INFO: [ app_begin ] --START--
INFO: Run Behavior\ReadHtmlCacheBehavior [ RunTime:0.000821s ]
INFO: [ app_begin ] --END-- [ RunTime:0.001000s ]
SQL: SHOW COLUMNS FROM `bestop_prize` [ RunTime:0.0010s ]
SQL: SELECT p.*,eu.name,eu.image FROM bestop_prize p LEFT JOIN bestop_event_user eu ON eu.id=p.uid  WHERE p.e_id = '7' AND p.draw_id = '10'  [ RunTime:0.0003s ]
SQL: SELECT COUNT(*) AS tp_count FROM `bestop_prize` WHERE `e_id` = 7 AND `draw_id` = 10 LIMIT 1   [ RunTime:0.0002s ]
INFO: [ app_end ] --START--
INFO: Run Behavior\ShowPageTraceBehavior [ RunTime:0.000928s ]
INFO: [ app_end ] --END-- [ RunTime:0.001071s ]

[ 2019-08-27T21:24:56+08:00 ] ::1 /index.php?s=/BigScreen/Index/index/e_id/7
INFO: [ app_init ] --START--
INFO: Run Behavior\BuildLiteBehavior [ RunTime:0.000110s ]
INFO: [ app_init ] --END-- [ RunTime:0.000537s ]
SQL: SHOW COLUMNS FROM `bestop_payment` [ RunTime:0.0009s ]
NOTIC: [2] Missing argument 1 for Think\Model::where(), called in C:\wamp64\www\gift\trunk\App\Common\Common\other.php on line 552 and defined C:\wamp64\www\gift\trunk\Include\Library\Think\Model.class.php 第 1785 行.
NOTIC: [8] Undefined variable: where C:\wamp64\www\gift\trunk\Include\Library\Think\Model.class.php 第 1793 行.
NOTIC: [8] Undefined variable: where C:\wamp64\www\gift\trunk\Include\Library\Think\Model.class.php 第 1796 行.
NOTIC: [8] Undefined variable: where C:\wamp64\www\gift\trunk\Include\Library\Think\Model.class.php 第 1804 行.
SQL: SELECT `payment_id`,`payment_name`,`payment_type`,`payment_desc`,`payment_config`,`payment_state` FROM `bestop_payment` ORDER BY `payment_order` asc, `payment_id` asc  [ RunTime:0.0004s ]
SQL: SHOW COLUMNS FROM `bestop_config` [ RunTime:0.0009s ]
SQL: SELECT * FROM `bestop_config` WHERE ( name = 'CFG_MOBILE_AUTO' ) LIMIT 1   [ RunTime:0.0005s ]
INFO: [ app_begin ] --START--
INFO: Run Behavior\ReadHtmlCacheBehavior [ RunTime:0.000836s ]
INFO: [ app_begin ] --END-- [ RunTime:0.001017s ]
SQL: SHOW COLUMNS FROM `bestop_event` [ RunTime:0.0008s ]
SQL: SELECT * FROM `bestop_event` WHERE `id` = '7' LIMIT 1   [ RunTime:0.0005s ]
SQL: SHOW COLUMNS FROM `bestop_event_draw` [ RunTime:0.0039s ]
SQL: SELECT ed.*,a.name,a.image FROM bestop_event_draw ed LEFT JOIN bestop_award a ON a.id=ed.award_id  WHERE ed.e_id = '7'  [ RunTime:0.0008s ]
INFO: [ view_parse ] --START--
INFO: [ template_filter ] --START--
INFO: Run Behavior\ContentReplaceBehavior [ RunTime:0.000372s ]
INFO: [ template_filter ] --END-- [ RunTime:0.000553s ]
INFO: Run Behavior\ParseTemplateBehavior [ RunTime:0.039861s ]
INFO: [ view_parse ] --END-- [ RunTime:0.040245s ]
INFO: [ view_filter ] --START--
INFO: Run Behavior\WriteHtmlCacheBehavior [ RunTime:0.001074s ]
INFO: [ view_filter ] --END-- [ RunTime:0.001404s ]
INFO: [ app_end ] --START--
INFO: Run Behavior\ShowPageTraceBehavior [ RunTime:0.001585s ]
INFO: [ app_end ] --END-- [ RunTime:0.001972s ]

[ 2019-08-27T21:24:57+08:00 ] ::1 /index.php?s=/BigScreen/Index/getEventInfo&e_id=7
INFO: [ app_init ] --START--
INFO: Run Behavior\BuildLiteBehavior [ RunTime:0.000072s ]
INFO: [ app_init ] --END-- [ RunTime:0.000372s ]
SQL: SHOW COLUMNS FROM `bestop_payment` [ RunTime:0.0008s ]
NOTIC: [2] Missing argument 1 for Think\Model::where(), called in C:\wamp64\www\gift\trunk\App\Common\Common\other.php on line 552 and defined C:\wamp64\www\gift\trunk\Include\Library\Think\Model.class.php 第 1785 行.
NOTIC: [8] Undefined variable: where C:\wamp64\www\gift\trunk\Include\Library\Think\Model.class.php 第 1793 行.
NOTIC: [8] Undefined variable: where C:\wamp64\www\gift\trunk\Include\Library\Think\Model.class.php 第 1796 行.
NOTIC: [8] Undefined variable: where C:\wamp64\www\gift\trunk\Include\Library\Think\Model.class.php 第 1804 行.
SQL: SELECT `payment_id`,`payment_name`,`payment_type`,`payment_desc`,`payment_config`,`payment_state` FROM `bestop_payment` ORDER BY `payment_order` asc, `payment_id` asc  [ RunTime:0.0007s ]
SQL: SHOW COLUMNS FROM `bestop_config` [ RunTime:0.0007s ]
SQL: SELECT * FROM `bestop_config` WHERE ( name = 'CFG_MOBILE_AUTO' ) LIMIT 1   [ RunTime:0.0004s ]
INFO: [ app_begin ] --START--
INFO: Run Behavior\ReadHtmlCacheBehavior [ RunTime:0.001000s ]
INFO: [ app_begin ] --END-- [ RunTime:0.001149s ]
SQL: SHOW COLUMNS FROM `bestop_event_user` [ RunTime:0.0008s ]
SQL: SELECT * FROM `bestop_event_user` WHERE `e_id` = 7  [ RunTime:0.0004s ]
SQL: SHOW COLUMNS FROM `bestop_prize` [ RunTime:0.0010s ]
SQL: SELECT COUNT(*) AS tp_count FROM `bestop_prize` WHERE `e_id` = 7 LIMIT 1   [ RunTime:0.0002s ]
INFO: [ app_end ] --START--
INFO: Run Behavior\ShowPageTraceBehavior [ RunTime:0.000994s ]
INFO: [ app_end ] --END-- [ RunTime:0.001162s ]

[ 2019-08-27T21:24:57+08:00 ] ::1 /index.php?s=/BigScreen/Index/getPrizeInfo&e_id=7&draw_id=10
INFO: [ app_init ] --START--
INFO: Run Behavior\BuildLiteBehavior [ RunTime:0.000055s ]
INFO: [ app_init ] --END-- [ RunTime:0.000224s ]
SQL: SHOW COLUMNS FROM `bestop_payment` [ RunTime:0.0009s ]
NOTIC: [2] Missing argument 1 for Think\Model::where(), called in C:\wamp64\www\gift\trunk\App\Common\Common\other.php on line 552 and defined C:\wamp64\www\gift\trunk\Include\Library\Think\Model.class.php 第 1785 行.
NOTIC: [8] Undefined variable: where C:\wamp64\www\gift\trunk\Include\Library\Think\Model.class.php 第 1793 行.
NOTIC: [8] Undefined variable: where C:\wamp64\www\gift\trunk\Include\Library\Think\Model.class.php 第 1796 行.
NOTIC: [8] Undefined variable: where C:\wamp64\www\gift\trunk\Include\Library\Think\Model.class.php 第 1804 行.
SQL: SELECT `payment_id`,`payment_name`,`payment_type`,`payment_desc`,`payment_config`,`payment_state` FROM `bestop_payment` ORDER BY `payment_order` asc, `payment_id` asc  [ RunTime:0.0005s ]
SQL: SHOW COLUMNS FROM `bestop_config` [ RunTime:0.0008s ]
SQL: SELECT * FROM `bestop_config` WHERE ( name = 'CFG_MOBILE_AUTO' ) LIMIT 1   [ RunTime:0.0004s ]
INFO: [ app_begin ] --START--
INFO: Run Behavior\ReadHtmlCacheBehavior [ RunTime:0.001090s ]
INFO: [ app_begin ] --END-- [ RunTime:0.001336s ]
SQL: SHOW COLUMNS FROM `bestop_prize` [ RunTime:0.0011s ]
SQL: SELECT p.*,eu.name,eu.image FROM bestop_prize p LEFT JOIN bestop_event_user eu ON eu.id=p.uid  WHERE p.e_id = '7' AND p.draw_id = '10'  [ RunTime:0.0005s ]
SQL: SELECT COUNT(*) AS tp_count FROM `bestop_prize` WHERE `e_id` = 7 AND `draw_id` = 10 LIMIT 1   [ RunTime:0.0003s ]
INFO: [ app_end ] --START--
INFO: Run Behavior\ShowPageTraceBehavior [ RunTime:0.001005s ]
INFO: [ app_end ] --END-- [ RunTime:0.001165s ]

[ 2019-08-27T21:25:06+08:00 ] ::1 /index.php?s=/BigScreen/Index/getLuckyInfo
INFO: [ app_init ] --START--
INFO: Run Behavior\BuildLiteBehavior [ RunTime:0.000067s ]
INFO: [ app_init ] --END-- [ RunTime:0.000440s ]
SQL: SHOW COLUMNS FROM `bestop_payment` [ RunTime:0.0007s ]
NOTIC: [2] Missing argument 1 for Think\Model::where(), called in C:\wamp64\www\gift\trunk\App\Common\Common\other.php on line 552 and defined C:\wamp64\www\gift\trunk\Include\Library\Think\Model.class.php 第 1785 行.
NOTIC: [8] Undefined variable: where C:\wamp64\www\gift\trunk\Include\Library\Think\Model.class.php 第 1793 行.
NOTIC: [8] Undefined variable: where C:\wamp64\www\gift\trunk\Include\Library\Think\Model.class.php 第 1796 行.
NOTIC: [8] Undefined variable: where C:\wamp64\www\gift\trunk\Include\Library\Think\Model.class.php 第 1804 行.
SQL: SELECT `payment_id`,`payment_name`,`payment_type`,`payment_desc`,`payment_config`,`payment_state` FROM `bestop_payment` ORDER BY `payment_order` asc, `payment_id` asc  [ RunTime:0.0004s ]
SQL: SHOW COLUMNS FROM `bestop_config` [ RunTime:0.0009s ]
SQL: SELECT * FROM `bestop_config` WHERE ( name = 'CFG_MOBILE_AUTO' ) LIMIT 1   [ RunTime:0.0005s ]
INFO: [ app_begin ] --START--
INFO: Run Behavior\ReadHtmlCacheBehavior [ RunTime:0.001167s ]
INFO: [ app_begin ] --END-- [ RunTime:0.001436s ]
SQL: SHOW COLUMNS FROM `bestop_prize` [ RunTime:0.0014s ]
SQL: SELECT * FROM `bestop_prize` WHERE `e_id` = 7  [ RunTime:0.0004s ]
SQL: SHOW COLUMNS FROM `bestop_event_user` [ RunTime:0.0010s ]
SQL: SELECT * FROM `bestop_event_user` WHERE `id` NOT IN ('') AND `e_id` = 7  [ RunTime:0.0009s ]
SQL: SELECT * FROM `bestop_event_user` WHERE `id` IN ('22','23','27','28','29') AND `e_id` = 7  [ RunTime:0.0007s ]
SQL: INSERT INTO `bestop_prize` (`draw_id`,`e_id`,`uid`,`created_at`) VALUES ('10','7','22','1566912306'),('10','7','23','1566912306'),('10','7','27','1566912306'),('10','7','28','1566912306'),('10','7','29','1566912306') [ RunTime:0.0015s ]

