[ 2019-07-28T18:10:20+08:00 ] ::1 /index.php?s=/BigScreen/Index/getLuckyInfo
INFO: [ app_init ] --START--
INFO: Run Behavior\BuildLiteBehavior [ RunTime:0.000037s ]
INFO: [ app_init ] --END-- [ RunTime:0.000197s ]
SQL: SHOW COLUMNS FROM `bestop_payment` [ RunTime:0.0010s ]
NOTIC: [2] Missing argument 1 for Think\Model::where(), called in C:\wamp64\www\gift\trunk\App\Common\Common\other.php on line 552 and defined C:\wamp64\www\gift\trunk\Include\Library\Think\Model.class.php 第 1785 行.
NOTIC: [8] Undefined variable: where C:\wamp64\www\gift\trunk\Include\Library\Think\Model.class.php 第 1793 行.
NOTIC: [8] Undefined variable: where C:\wamp64\www\gift\trunk\Include\Library\Think\Model.class.php 第 1796 行.
NOTIC: [8] Undefined variable: where C:\wamp64\www\gift\trunk\Include\Library\Think\Model.class.php 第 1804 行.
SQL: SELECT `payment_id`,`payment_name`,`payment_type`,`payment_desc`,`payment_config`,`payment_state` FROM `bestop_payment` ORDER BY `payment_order` asc, `payment_id` asc  [ RunTime:0.0006s ]
SQL: SHOW COLUMNS FROM `bestop_config` [ RunTime:0.0009s ]
SQL: SELECT * FROM `bestop_config` WHERE ( name = 'CFG_MOBILE_AUTO' ) LIMIT 1   [ RunTime:0.0005s ]
INFO: [ app_begin ] --START--
INFO: Run Behavior\ReadHtmlCacheBehavior [ RunTime:0.001300s ]
INFO: [ app_begin ] --END-- [ RunTime:0.001541s ]
SQL: SHOW COLUMNS FROM `bestop_prize` [ RunTime:0.0009s ]
SQL: SELECT * FROM `bestop_prize` WHERE `e_id` = 7  [ RunTime:0.0005s ]
SQL: SHOW COLUMNS FROM `bestop_event_user` [ RunTime:0.0015s ]
SQL: SELECT * FROM `bestop_event_user` WHERE `id` NOT IN ('17','21','23','25','28','20','26','27','16','18','19','22','24','29') AND `e_id` = 7  [ RunTime:0.0007s ]
SQL: SELECT * FROM `bestop_event_user` WHERE `id` IN ('38') AND `e_id` = 7  [ RunTime:0.0005s ]
SQL: INSERT INTO `bestop_prize` (`draw_id`,`e_id`,`uid`,`created_at`) VALUES ('5','7','38','1564308620') [ RunTime:0.0006s ]

[ 2019-07-28T18:10:36+08:00 ] ::1 /index.php?s=/BigScreen/Index/index/e_id/7
INFO: [ app_init ] --START--
INFO: Run Behavior\BuildLiteBehavior [ RunTime:0.000070s ]
INFO: [ app_init ] --END-- [ RunTime:0.000344s ]
SQL: SHOW COLUMNS FROM `bestop_payment` [ RunTime:0.0008s ]
NOTIC: [2] Missing argument 1 for Think\Model::where(), called in C:\wamp64\www\gift\trunk\App\Common\Common\other.php on line 552 and defined C:\wamp64\www\gift\trunk\Include\Library\Think\Model.class.php 第 1785 行.
NOTIC: [8] Undefined variable: where C:\wamp64\www\gift\trunk\Include\Library\Think\Model.class.php 第 1793 行.
NOTIC: [8] Undefined variable: where C:\wamp64\www\gift\trunk\Include\Library\Think\Model.class.php 第 1796 行.
NOTIC: [8] Undefined variable: where C:\wamp64\www\gift\trunk\Include\Library\Think\Model.class.php 第 1804 行.
SQL: SELECT `payment_id`,`payment_name`,`payment_type`,`payment_desc`,`payment_config`,`payment_state` FROM `bestop_payment` ORDER BY `payment_order` asc, `payment_id` asc  [ RunTime:0.0009s ]
SQL: SHOW COLUMNS FROM `bestop_config` [ RunTime:0.0009s ]
SQL: SELECT * FROM `bestop_config` WHERE ( name = 'CFG_MOBILE_AUTO' ) LIMIT 1   [ RunTime:0.0004s ]
INFO: [ app_begin ] --START--
INFO: Run Behavior\ReadHtmlCacheBehavior [ RunTime:0.000770s ]
INFO: [ app_begin ] --END-- [ RunTime:0.000917s ]
SQL: SHOW COLUMNS FROM `bestop_event` [ RunTime:0.0008s ]
SQL: SELECT * FROM `bestop_event` WHERE `id` = '7' LIMIT 1   [ RunTime:0.0005s ]
SQL: SHOW COLUMNS FROM `bestop_event_draw` [ RunTime:0.0009s ]
SQL: SELECT ed.*,a.name,a.image FROM bestop_event_draw ed LEFT JOIN bestop_award a ON a.id=ed.award_id  WHERE ed.e_id = '7'  [ RunTime:0.0006s ]
INFO: [ view_parse ] --START--
INFO: [ template_filter ] --START--
INFO: Run Behavior\ContentReplaceBehavior [ RunTime:0.000326s ]
INFO: [ template_filter ] --END-- [ RunTime:0.000508s ]
INFO: Run Behavior\ParseTemplateBehavior [ RunTime:0.041951s ]
INFO: [ view_parse ] --END-- [ RunTime:0.042127s ]
INFO: [ view_filter ] --START--
INFO: Run Behavior\WriteHtmlCacheBehavior [ RunTime:0.000765s ]
INFO: [ view_filter ] --END-- [ RunTime:0.000934s ]
INFO: [ app_end ] --START--
INFO: Run Behavior\ShowPageTraceBehavior [ RunTime:0.001223s ]
INFO: [ app_end ] --END-- [ RunTime:0.001525s ]

[ 2019-07-28T18:10:37+08:00 ] ::1 /index.php?s=/BigScreen/Index/getEventInfo&e_id=7
INFO: [ app_init ] --START--
INFO: Run Behavior\BuildLiteBehavior [ RunTime:0.000045s ]
INFO: [ app_init ] --END-- [ RunTime:0.000243s ]
SQL: SHOW COLUMNS FROM `bestop_payment` [ RunTime:0.0011s ]
NOTIC: [2] Missing argument 1 for Think\Model::where(), called in C:\wamp64\www\gift\trunk\App\Common\Common\other.php on line 552 and defined C:\wamp64\www\gift\trunk\Include\Library\Think\Model.class.php 第 1785 行.
NOTIC: [8] Undefined variable: where C:\wamp64\www\gift\trunk\Include\Library\Think\Model.class.php 第 1793 行.
NOTIC: [8] Undefined variable: where C:\wamp64\www\gift\trunk\Include\Library\Think\Model.class.php 第 1796 行.
NOTIC: [8] Undefined variable: where C:\wamp64\www\gift\trunk\Include\Library\Think\Model.class.php 第 1804 行.
SQL: SELECT `payment_id`,`payment_name`,`payment_type`,`payment_desc`,`payment_config`,`payment_state` FROM `bestop_payment` ORDER BY `payment_order` asc, `payment_id` asc  [ RunTime:0.0007s ]
SQL: SHOW COLUMNS FROM `bestop_config` [ RunTime:0.0006s ]
SQL: SELECT * FROM `bestop_config` WHERE ( name = 'CFG_MOBILE_AUTO' ) LIMIT 1   [ RunTime:0.0004s ]
INFO: [ app_begin ] --START--
INFO: Run Behavior\ReadHtmlCacheBehavior [ RunTime:0.001502s ]
INFO: [ app_begin ] --END-- [ RunTime:0.001669s ]
SQL: SHOW COLUMNS FROM `bestop_event_user` [ RunTime:0.0011s ]
SQL: SELECT * FROM `bestop_event_user` WHERE `e_id` = 7  [ RunTime:0.0004s ]
SQL: SHOW COLUMNS FROM `bestop_prize` [ RunTime:0.0006s ]
SQL: SELECT COUNT(*) AS tp_count FROM `bestop_prize` WHERE `e_id` = 7 LIMIT 1   [ RunTime:0.0002s ]
INFO: [ app_end ] --START--
INFO: Run Behavior\ShowPageTraceBehavior [ RunTime:0.001012s ]
INFO: [ app_end ] --END-- [ RunTime:0.001189s ]

[ 2019-07-28T18:10:37+08:00 ] ::1 /index.php?s=/BigScreen/Index/getPrizeInfo&e_id=7&draw_id=5
INFO: [ app_init ] --START--
INFO: Run Behavior\BuildLiteBehavior [ RunTime:0.000036s ]
INFO: [ app_init ] --END-- [ RunTime:0.000196s ]
SQL: SHOW COLUMNS FROM `bestop_payment` [ RunTime:0.0007s ]
NOTIC: [2] Missing argument 1 for Think\Model::where(), called in C:\wamp64\www\gift\trunk\App\Common\Common\other.php on line 552 and defined C:\wamp64\www\gift\trunk\Include\Library\Think\Model.class.php 第 1785 行.
NOTIC: [8] Undefined variable: where C:\wamp64\www\gift\trunk\Include\Library\Think\Model.class.php 第 1793 行.
NOTIC: [8] Undefined variable: where C:\wamp64\www\gift\trunk\Include\Library\Think\Model.class.php 第 1796 行.
NOTIC: [8] Undefined variable: where C:\wamp64\www\gift\trunk\Include\Library\Think\Model.class.php 第 1804 行.
SQL: SELECT `payment_id`,`payment_name`,`payment_type`,`payment_desc`,`payment_config`,`payment_state` FROM `bestop_payment` ORDER BY `payment_order` asc, `payment_id` asc  [ RunTime:0.0004s ]
SQL: SHOW COLUMNS FROM `bestop_config` [ RunTime:0.0006s ]
SQL: SELECT * FROM `bestop_config` WHERE ( name = 'CFG_MOBILE_AUTO' ) LIMIT 1   [ RunTime:0.0003s ]
INFO: [ app_begin ] --START--
INFO: Run Behavior\ReadHtmlCacheBehavior [ RunTime:0.000863s ]
INFO: [ app_begin ] --END-- [ RunTime:0.001002s ]
SQL: SHOW COLUMNS FROM `bestop_prize` [ RunTime:0.0007s ]
SQL: SELECT p.*,eu.name,eu.image FROM bestop_prize p LEFT JOIN bestop_event_user eu ON eu.id=p.uid  WHERE p.e_id = '7' AND p.draw_id = '5'  [ RunTime:0.0009s ]
SQL: SELECT COUNT(*) AS tp_count FROM `bestop_prize` WHERE `e_id` = 7 AND `draw_id` = 5 LIMIT 1   [ RunTime:0.0003s ]
INFO: [ app_end ] --START--
INFO: Run Behavior\ShowPageTraceBehavior [ RunTime:0.000825s ]
INFO: [ app_end ] --END-- [ RunTime:0.001008s ]

[ 2019-07-28T18:11:49+08:00 ] ::1 /index.php?s=/BigScreen/Index/getPrizeInfo&e_id=7&draw_id=5
INFO: [ app_init ] --START--
INFO: Run Behavior\BuildLiteBehavior [ RunTime:0.000067s ]
INFO: [ app_init ] --END-- [ RunTime:0.000374s ]
SQL: SHOW COLUMNS FROM `bestop_payment` [ RunTime:0.0007s ]
NOTIC: [2] Missing argument 1 for Think\Model::where(), called in C:\wamp64\www\gift\trunk\App\Common\Common\other.php on line 552 and defined C:\wamp64\www\gift\trunk\Include\Library\Think\Model.class.php 第 1785 行.
NOTIC: [8] Undefined variable: where C:\wamp64\www\gift\trunk\Include\Library\Think\Model.class.php 第 1793 行.
NOTIC: [8] Undefined variable: where C:\wamp64\www\gift\trunk\Include\Library\Think\Model.class.php 第 1796 行.
NOTIC: [8] Undefined variable: where C:\wamp64\www\gift\trunk\Include\Library\Think\Model.class.php 第 1804 行.
SQL: SELECT `payment_id`,`payment_name`,`payment_type`,`payment_desc`,`payment_config`,`payment_state` FROM `bestop_payment` ORDER BY `payment_order` asc, `payment_id` asc  [ RunTime:0.0004s ]
SQL: SHOW COLUMNS FROM `bestop_config` [ RunTime:0.0007s ]
SQL: SELECT * FROM `bestop_config` WHERE ( name = 'CFG_MOBILE_AUTO' ) LIMIT 1   [ RunTime:0.0003s ]
INFO: [ app_begin ] --START--
INFO: Run Behavior\ReadHtmlCacheBehavior [ RunTime:0.000776s ]
INFO: [ app_begin ] --END-- [ RunTime:0.000924s ]
SQL: SHOW COLUMNS FROM `bestop_prize` [ RunTime:0.0007s ]
SQL: SELECT p.*,eu.name,eu.image FROM bestop_prize p LEFT JOIN bestop_event_user eu ON eu.id=p.uid  WHERE p.e_id = '7' AND p.draw_id = '5'  [ RunTime:0.0009s ]
SQL: SELECT COUNT(*) AS tp_count FROM `bestop_prize` WHERE `e_id` = 7 AND `draw_id` = 5 LIMIT 1   [ RunTime:0.0003s ]
INFO: [ app_end ] --START--
INFO: Run Behavior\ShowPageTraceBehavior [ RunTime:0.000764s ]
INFO: [ app_end ] --END-- [ RunTime:0.000925s ]

[ 2019-07-28T18:12:47+08:00 ] ::1 /index.php?s=/BigScreen/Index/index/e_id/7
INFO: [ app_init ] --START--
INFO: Run Behavior\BuildLiteBehavior [ RunTime:0.000038s ]
INFO: [ app_init ] --END-- [ RunTime:0.000206s ]
SQL: SHOW COLUMNS FROM `bestop_payment` [ RunTime:0.0009s ]
NOTIC: [2] Missing argument 1 for Think\Model::where(), called in C:\wamp64\www\gift\trunk\App\Common\Common\other.php on line 552 and defined C:\wamp64\www\gift\trunk\Include\Library\Think\Model.class.php 第 1785 行.
NOTIC: [8] Undefined variable: where C:\wamp64\www\gift\trunk\Include\Library\Think\Model.class.php 第 1793 行.
NOTIC: [8] Undefined variable: where C:\wamp64\www\gift\trunk\Include\Library\Think\Model.class.php 第 1796 行.
NOTIC: [8] Undefined variable: where C:\wamp64\www\gift\trunk\Include\Library\Think\Model.class.php 第 1804 行.
SQL: SELECT `payment_id`,`payment_name`,`payment_type`,`payment_desc`,`payment_config`,`payment_state` FROM `bestop_payment` ORDER BY `payment_order` asc, `payment_id` asc  [ RunTime:0.0006s ]
SQL: SHOW COLUMNS FROM `bestop_config` [ RunTime:0.0009s ]
SQL: SELECT * FROM `bestop_config` WHERE ( name = 'CFG_MOBILE_AUTO' ) LIMIT 1   [ RunTime:0.0005s ]
INFO: [ app_begin ] --START--
INFO: Run Behavior\ReadHtmlCacheBehavior [ RunTime:0.001368s ]
INFO: [ app_begin ] --END-- [ RunTime:0.001695s ]
SQL: SHOW COLUMNS FROM `bestop_event` [ RunTime:0.0011s ]
SQL: SELECT * FROM `bestop_event` WHERE `id` = '7' LIMIT 1   [ RunTime:0.0006s ]
SQL: SHOW COLUMNS FROM `bestop_event_draw` [ RunTime:0.0008s ]
SQL: SELECT ed.*,a.name,a.image FROM bestop_event_draw ed LEFT JOIN bestop_award a ON a.id=ed.award_id  WHERE ed.e_id = '7'  [ RunTime:0.0006s ]
INFO: [ view_parse ] --START--
INFO: [ template_filter ] --START--
INFO: Run Behavior\ContentReplaceBehavior [ RunTime:0.000362s ]
INFO: [ template_filter ] --END-- [ RunTime:0.000591s ]
INFO: Run Behavior\ParseTemplateBehavior [ RunTime:0.041333s ]
INFO: [ view_parse ] --END-- [ RunTime:0.041529s ]
INFO: [ view_filter ] --START--
INFO: Run Behavior\WriteHtmlCacheBehavior [ RunTime:0.000626s ]
INFO: [ view_filter ] --END-- [ RunTime:0.000773s ]
INFO: [ app_end ] --START--
INFO: Run Behavior\ShowPageTraceBehavior [ RunTime:0.001438s ]
INFO: [ app_end ] --END-- [ RunTime:0.001680s ]

[ 2019-07-28T18:12:47+08:00 ] ::1 /index.php?s=/BigScreen/Index/getEventInfo&e_id=7
INFO: [ app_init ] --START--
INFO: Run Behavior\BuildLiteBehavior [ RunTime:0.000058s ]
INFO: [ app_init ] --END-- [ RunTime:0.000279s ]
SQL: SHOW COLUMNS FROM `bestop_payment` [ RunTime:0.0007s ]
NOTIC: [2] Missing argument 1 for Think\Model::where(), called in C:\wamp64\www\gift\trunk\App\Common\Common\other.php on line 552 and defined C:\wamp64\www\gift\trunk\Include\Library\Think\Model.class.php 第 1785 行.
NOTIC: [8] Undefined variable: where C:\wamp64\www\gift\trunk\Include\Library\Think\Model.class.php 第 1793 行.
NOTIC: [8] Undefined variable: where C:\wamp64\www\gift\trunk\Include\Library\Think\Model.class.php 第 1796 行.
NOTIC: [8] Undefined variable: where C:\wamp64\www\gift\trunk\Include\Library\Think\Model.class.php 第 1804 行.
SQL: SELECT `payment_id`,`payment_name`,`payment_type`,`payment_desc`,`payment_config`,`payment_state` FROM `bestop_payment` ORDER BY `payment_order` asc, `payment_id` asc  [ RunTime:0.0005s ]
SQL: SHOW COLUMNS FROM `bestop_config` [ RunTime:0.0007s ]
SQL: SELECT * FROM `bestop_config` WHERE ( name = 'CFG_MOBILE_AUTO' ) LIMIT 1   [ RunTime:0.0003s ]
INFO: [ app_begin ] --START--
INFO: Run Behavior\ReadHtmlCacheBehavior [ RunTime:0.000731s ]
INFO: [ app_begin ] --END-- [ RunTime:0.000869s ]
SQL: SHOW COLUMNS FROM `bestop_event_user` [ RunTime:0.0006s ]
SQL: SELECT * FROM `bestop_event_user` WHERE `e_id` = 7  [ RunTime:0.0004s ]
SQL: SHOW COLUMNS FROM `bestop_prize` [ RunTime:0.0004s ]
SQL: SELECT COUNT(*) AS tp_count FROM `bestop_prize` WHERE `e_id` = 7 LIMIT 1   [ RunTime:0.0002s ]
INFO: [ app_end ] --START--
INFO: Run Behavior\ShowPageTraceBehavior [ RunTime:0.000848s ]
INFO: [ app_end ] --END-- [ RunTime:0.000988s ]

[ 2019-07-28T18:12:47+08:00 ] ::1 /index.php?s=/BigScreen/Index/getPrizeInfo&e_id=7&draw_id=5
INFO: [ app_init ] --START--
INFO: Run Behavior\BuildLiteBehavior [ RunTime:0.000032s ]
INFO: [ app_init ] --END-- [ RunTime:0.000196s ]
SQL: SHOW COLUMNS FROM `bestop_payment` [ RunTime:0.0007s ]
NOTIC: [2] Missing argument 1 for Think\Model::where(), called in C:\wamp64\www\gift\trunk\App\Common\Common\other.php on line 552 and defined C:\wamp64\www\gift\trunk\Include\Library\Think\Model.class.php 第 1785 行.
NOTIC: [8] Undefined variable: where C:\wamp64\www\gift\trunk\Include\Library\Think\Model.class.php 第 1793 行.
NOTIC: [8] Undefined variable: where C:\wamp64\www\gift\trunk\Include\Library\Think\Model.class.php 第 1796 行.
NOTIC: [8] Undefined variable: where C:\wamp64\www\gift\trunk\Include\Library\Think\Model.class.php 第 1804 行.
SQL: SELECT `payment_id`,`payment_name`,`payment_type`,`payment_desc`,`payment_config`,`payment_state` FROM `bestop_payment` ORDER BY `payment_order` asc, `payment_id` asc  [ RunTime:0.0004s ]
SQL: SHOW COLUMNS FROM `bestop_config` [ RunTime:0.0008s ]
SQL: SELECT * FROM `bestop_config` WHERE ( name = 'CFG_MOBILE_AUTO' ) LIMIT 1   [ RunTime:0.0004s ]
INFO: [ app_begin ] --START--
INFO: Run Behavior\ReadHtmlCacheBehavior [ RunTime:0.000877s ]
INFO: [ app_begin ] --END-- [ RunTime:0.001103s ]
SQL: SHOW COLUMNS FROM `bestop_prize` [ RunTime:0.0008s ]
SQL: SELECT p.*,eu.name,eu.image FROM bestop_prize p LEFT JOIN bestop_event_user eu ON eu.id=p.uid  WHERE p.e_id = '7' AND p.draw_id = '5'  [ RunTime:0.0005s ]
SQL: SELECT COUNT(*) AS tp_count FROM `bestop_prize` WHERE `e_id` = 7 AND `draw_id` = 5 LIMIT 1   [ RunTime:0.0003s ]
INFO: [ app_end ] --START--
INFO: Run Behavior\ShowPageTraceBehavior [ RunTime:0.000720s ]
INFO: [ app_end ] --END-- [ RunTime:0.000848s ]

[ 2019-07-28T18:12:48+08:00 ] ::1 /index.php?s=/BigScreen/Index/index/e_id/7
INFO: [ app_init ] --START--
INFO: Run Behavior\BuildLiteBehavior [ RunTime:0.000071s ]
INFO: [ app_init ] --END-- [ RunTime:0.000392s ]
SQL: SHOW COLUMNS FROM `bestop_payment` [ RunTime:0.0014s ]
NOTIC: [2] Missing argument 1 for Think\Model::where(), called in C:\wamp64\www\gift\trunk\App\Common\Common\other.php on line 552 and defined C:\wamp64\www\gift\trunk\Include\Library\Think\Model.class.php 第 1785 行.
NOTIC: [8] Undefined variable: where C:\wamp64\www\gift\trunk\Include\Library\Think\Model.class.php 第 1793 行.
NOTIC: [8] Undefined variable: where C:\wamp64\www\gift\trunk\Include\Library\Think\Model.class.php 第 1796 行.
NOTIC: [8] Undefined variable: where C:\wamp64\www\gift\trunk\Include\Library\Think\Model.class.php 第 1804 行.
SQL: SELECT `payment_id`,`payment_name`,`payment_type`,`payment_desc`,`payment_config`,`payment_state` FROM `bestop_payment` ORDER BY `payment_order` asc, `payment_id` asc  [ RunTime:0.0004s ]
SQL: SHOW COLUMNS FROM `bestop_config` [ RunTime:0.0007s ]
SQL: SELECT * FROM `bestop_config` WHERE ( name = 'CFG_MOBILE_AUTO' ) LIMIT 1   [ RunTime:0.0003s ]
INFO: [ app_begin ] --START--
INFO: Run Behavior\ReadHtmlCacheBehavior [ RunTime:0.000748s ]
INFO: [ app_begin ] --END-- [ RunTime:0.000917s ]
SQL: SHOW COLUMNS FROM `bestop_event` [ RunTime:0.0008s ]
SQL: SELECT * FROM `bestop_event` WHERE `id` = '7' LIMIT 1   [ RunTime:0.0003s ]
SQL: SHOW COLUMNS FROM `bestop_event_draw` [ RunTime:0.0007s ]
SQL: SELECT ed.*,a.name,a.image FROM bestop_event_draw ed LEFT JOIN bestop_award a ON a.id=ed.award_id  WHERE ed.e_id = '7'  [ RunTime:0.0005s ]
INFO: [ view_parse ] --START--
INFO: [ template_filter ] --START--
INFO: Run Behavior\ContentReplaceBehavior [ RunTime:0.000345s ]
INFO: [ template_filter ] --END-- [ RunTime:0.000521s ]
INFO: Run Behavior\ParseTemplateBehavior [ RunTime:0.034744s ]
INFO: [ view_parse ] --END-- [ RunTime:0.035084s ]
INFO: [ view_filter ] --START--
INFO: Run Behavior\WriteHtmlCacheBehavior [ RunTime:0.000999s ]
INFO: [ view_filter ] --END-- [ RunTime:0.001296s ]
INFO: [ app_end ] --START--
INFO: Run Behavior\ShowPageTraceBehavior [ RunTime:0.001115s ]
INFO: [ app_end ] --END-- [ RunTime:0.001445s ]

[ 2019-07-28T18:12:49+08:00 ] ::1 /index.php?s=/BigScreen/Index/getEventInfo&e_id=7
INFO: [ app_init ] --START--
INFO: Run Behavior\BuildLiteBehavior [ RunTime:0.000035s ]
INFO: [ app_init ] --END-- [ RunTime:0.000179s ]
SQL: SHOW COLUMNS FROM `bestop_payment` [ RunTime:0.0007s ]
NOTIC: [2] Missing argument 1 for Think\Model::where(), called in C:\wamp64\www\gift\trunk\App\Common\Common\other.php on line 552 and defined C:\wamp64\www\gift\trunk\Include\Library\Think\Model.class.php 第 1785 行.
NOTIC: [8] Undefined variable: where C:\wamp64\www\gift\trunk\Include\Library\Think\Model.class.php 第 1793 行.
NOTIC: [8] Undefined variable: where C:\wamp64\www\gift\trunk\Include\Library\Think\Model.class.php 第 1796 行.
NOTIC: [8] Undefined variable: where C:\wamp64\www\gift\trunk\Include\Library\Think\Model.class.php 第 1804 行.
SQL: SELECT `payment_id`,`payment_name`,`payment_type`,`payment_desc`,`payment_config`,`payment_state` FROM `bestop_payment` ORDER BY `payment_order` asc, `payment_id` asc  [ RunTime:0.0004s ]
SQL: SHOW COLUMNS FROM `bestop_config` [ RunTime:0.0006s ]
SQL: SELECT * FROM `bestop_config` WHERE ( name = 'CFG_MOBILE_AUTO' ) LIMIT 1   [ RunTime:0.0003s ]
INFO: [ app_begin ] --START--
INFO: Run Behavior\ReadHtmlCacheBehavior [ RunTime:0.000793s ]
INFO: [ app_begin ] --END-- [ RunTime:0.000949s ]
SQL: SHOW COLUMNS FROM `bestop_event_user` [ RunTime:0.0011s ]
SQL: SELECT * FROM `bestop_event_user` WHERE `e_id` = 7  [ RunTime:0.0004s ]
SQL: SHOW COLUMNS FROM `bestop_prize` [ RunTime:0.0007s ]
SQL: SELECT COUNT(*) AS tp_count FROM `bestop_prize` WHERE `e_id` = 7 LIMIT 1   [ RunTime:0.0003s ]
INFO: [ app_end ] --START--
INFO: Run Behavior\ShowPageTraceBehavior [ RunTime:0.000788s ]
INFO: [ app_end ] --END-- [ RunTime:0.000947s ]

[ 2019-07-28T18:12:49+08:00 ] ::1 /index.php?s=/BigScreen/Index/getPrizeInfo&e_id=7&draw_id=5
INFO: [ app_init ] --START--
INFO: Run Behavior\BuildLiteBehavior [ RunTime:0.000034s ]
INFO: [ app_init ] --END-- [ RunTime:0.000178s ]
SQL: SHOW COLUMNS FROM `bestop_payment` [ RunTime:0.0008s ]
NOTIC: [2] Missing argument 1 for Think\Model::where(), called in C:\wamp64\www\gift\trunk\App\Common\Common\other.php on line 552 and defined C:\wamp64\www\gift\trunk\Include\Library\Think\Model.class.php 第 1785 行.
NOTIC: [8] Undefined variable: where C:\wamp64\www\gift\trunk\Include\Library\Think\Model.class.php 第 1793 行.
NOTIC: [8] Undefined variable: where C:\wamp64\www\gift\trunk\Include\Library\Think\Model.class.php 第 1796 行.
NOTIC: [8] Undefined variable: where C:\wamp64\www\gift\trunk\Include\Library\Think\Model.class.php 第 1804 行.
SQL: SELECT `payment_id`,`payment_name`,`payment_type`,`payment_desc`,`payment_config`,`payment_state` FROM `bestop_payment` ORDER BY `payment_order` asc, `payment_id` asc  [ RunTime:0.0005s ]
SQL: SHOW COLUMNS FROM `bestop_config` [ RunTime:0.0006s ]
SQL: SELECT * FROM `bestop_config` WHERE ( name = 'CFG_MOBILE_AUTO' ) LIMIT 1   [ RunTime:0.0003s ]
INFO: [ app_begin ] --START--
INFO: Run Behavior\ReadHtmlCacheBehavior [ RunTime:0.000718s ]
INFO: [ app_begin ] --END-- [ RunTime:0.000854s ]
SQL: SHOW COLUMNS FROM `bestop_prize` [ RunTime:0.0007s ]
SQL: SELECT p.*,eu.name,eu.image FROM bestop_prize p LEFT JOIN bestop_event_user eu ON eu.id=p.uid  WHERE p.e_id = '7' AND p.draw_id = '5'  [ RunTime:0.0011s ]
SQL: SELECT COUNT(*) AS tp_count FROM `bestop_prize` WHERE `e_id` = 7 AND `draw_id` = 5 LIMIT 1   [ RunTime:0.0004s ]
INFO: [ app_end ] --START--
INFO: Run Behavior\ShowPageTraceBehavior [ RunTime:0.000774s ]
INFO: [ app_end ] --END-- [ RunTime:0.000962s ]

[ 2019-07-28T18:12:52+08:00 ] ::1 /index.php?s=/BigScreen/Index/index/e_id/7
INFO: [ app_init ] --START--
INFO: Run Behavior\BuildLiteBehavior [ RunTime:0.000036s ]
INFO: [ app_init ] --END-- [ RunTime:0.000194s ]
SQL: SHOW COLUMNS FROM `bestop_payment` [ RunTime:0.0009s ]
NOTIC: [2] Missing argument 1 for Think\Model::where(), called in C:\wamp64\www\gift\trunk\App\Common\Common\other.php on line 552 and defined C:\wamp64\www\gift\trunk\Include\Library\Think\Model.class.php 第 1785 行.
NOTIC: [8] Undefined variable: where C:\wamp64\www\gift\trunk\Include\Library\Think\Model.class.php 第 1793 行.
NOTIC: [8] Undefined variable: where C:\wamp64\www\gift\trunk\Include\Library\Think\Model.class.php 第 1796 行.
NOTIC: [8] Undefined variable: where C:\wamp64\www\gift\trunk\Include\Library\Think\Model.class.php 第 1804 行.
SQL: SELECT `payment_id`,`payment_name`,`payment_type`,`payment_desc`,`payment_config`,`payment_state` FROM `bestop_payment` ORDER BY `payment_order` asc, `payment_id` asc  [ RunTime:0.0006s ]
SQL: SHOW COLUMNS FROM `bestop_config` [ RunTime:0.0007s ]
SQL: SELECT * FROM `bestop_config` WHERE ( name = 'CFG_MOBILE_AUTO' ) LIMIT 1   [ RunTime:0.0003s ]
INFO: [ app_begin ] --START--
INFO: Run Behavior\ReadHtmlCacheBehavior [ RunTime:0.000708s ]
INFO: [ app_begin ] --END-- [ RunTime:0.000872s ]
SQL: SHOW COLUMNS FROM `bestop_event` [ RunTime:0.0010s ]
SQL: SELECT * FROM `bestop_event` WHERE `id` = '7' LIMIT 1   [ RunTime:0.0005s ]
SQL: SHOW COLUMNS FROM `bestop_event_draw` [ RunTime:0.0007s ]
SQL: SELECT ed.*,a.name,a.image FROM bestop_event_draw ed LEFT JOIN bestop_award a ON a.id=ed.award_id  WHERE ed.e_id = '7'  [ RunTime:0.0006s ]
INFO: [ view_parse ] --START--
INFO: [ template_filter ] --START--
INFO: Run Behavior\ContentReplaceBehavior [ RunTime:0.000366s ]
INFO: [ template_filter ] --END-- [ RunTime:0.000557s ]
INFO: Run Behavior\ParseTemplateBehavior [ RunTime:0.032262s ]
INFO: [ view_parse ] --END-- [ RunTime:0.032520s ]
INFO: [ view_filter ] --START--
INFO: Run Behavior\WriteHtmlCacheBehavior [ RunTime:0.001015s ]
INFO: [ view_filter ] --END-- [ RunTime:0.001345s ]
INFO: [ app_end ] --START--
INFO: Run Behavior\ShowPageTraceBehavior [ RunTime:0.001355s ]
INFO: [ app_end ] --END-- [ RunTime:0.001689s ]

[ 2019-07-28T18:12:52+08:00 ] ::1 /index.php?s=/BigScreen/Index/index/e_id/7
INFO: [ app_init ] --START--
INFO: Run Behavior\BuildLiteBehavior [ RunTime:0.000070s ]
INFO: [ app_init ] --END-- [ RunTime:0.000415s ]
SQL: SHOW COLUMNS FROM `bestop_payment` [ RunTime:0.0010s ]
NOTIC: [2] Missing argument 1 for Think\Model::where(), called in C:\wamp64\www\gift\trunk\App\Common\Common\other.php on line 552 and defined C:\wamp64\www\gift\trunk\Include\Library\Think\Model.class.php 第 1785 行.
NOTIC: [8] Undefined variable: where C:\wamp64\www\gift\trunk\Include\Library\Think\Model.class.php 第 1793 行.
NOTIC: [8] Undefined variable: where C:\wamp64\www\gift\trunk\Include\Library\Think\Model.class.php 第 1796 行.
NOTIC: [8] Undefined variable: where C:\wamp64\www\gift\trunk\Include\Library\Think\Model.class.php 第 1804 行.
SQL: SELECT `payment_id`,`payment_name`,`payment_type`,`payment_desc`,`payment_config`,`payment_state` FROM `bestop_payment` ORDER BY `payment_order` asc, `payment_id` asc  [ RunTime:0.0006s ]
SQL: SHOW COLUMNS FROM `bestop_config` [ RunTime:0.0008s ]
SQL: SELECT * FROM `bestop_config` WHERE ( name = 'CFG_MOBILE_AUTO' ) LIMIT 1   [ RunTime:0.0004s ]
INFO: [ app_begin ] --START--
INFO: Run Behavior\ReadHtmlCacheBehavior [ RunTime:0.003903s ]
INFO: [ app_begin ] --END-- [ RunTime:0.004279s ]
SQL: SHOW COLUMNS FROM `bestop_event` [ RunTime:0.0009s ]
SQL: SELECT * FROM `bestop_event` WHERE `id` = '7' LIMIT 1   [ RunTime:0.0004s ]
SQL: SHOW COLUMNS FROM `bestop_event_draw` [ RunTime:0.0011s ]
SQL: SELECT ed.*,a.name,a.image FROM bestop_event_draw ed LEFT JOIN bestop_award a ON a.id=ed.award_id  WHERE ed.e_id = '7'  [ RunTime:0.0008s ]
INFO: [ view_parse ] --START--
INFO: [ template_filter ] --START--
INFO: Run Behavior\ContentReplaceBehavior [ RunTime:0.000486s ]
INFO: [ template_filter ] --END-- [ RunTime:0.000809s ]
INFO: Run Behavior\ParseTemplateBehavior [ RunTime:0.035345s ]
INFO: [ view_parse ] --END-- [ RunTime:0.035592s ]
INFO: [ view_filter ] --START--
INFO: Run Behavior\WriteHtmlCacheBehavior [ RunTime:0.000921s ]
INFO: [ view_filter ] --END-- [ RunTime:0.001138s ]
INFO: [ app_end ] --START--
INFO: Run Behavior\ShowPageTraceBehavior [ RunTime:0.002550s ]
INFO: [ app_end ] --END-- [ RunTime:0.002779s ]

[ 2019-07-28T18:12:52+08:00 ] ::1 /index.php?s=/BigScreen/Index/getEventInfo&e_id=7
INFO: [ app_init ] --START--
INFO: Run Behavior\BuildLiteBehavior [ RunTime:0.000065s ]
INFO: [ app_init ] --END-- [ RunTime:0.000734s ]
SQL: SHOW COLUMNS FROM `bestop_payment` [ RunTime:0.0008s ]
NOTIC: [2] Missing argument 1 for Think\Model::where(), called in C:\wamp64\www\gift\trunk\App\Common\Common\other.php on line 552 and defined C:\wamp64\www\gift\trunk\Include\Library\Think\Model.class.php 第 1785 行.
NOTIC: [8] Undefined variable: where C:\wamp64\www\gift\trunk\Include\Library\Think\Model.class.php 第 1793 行.
NOTIC: [8] Undefined variable: where C:\wamp64\www\gift\trunk\Include\Library\Think\Model.class.php 第 1796 行.
NOTIC: [8] Undefined variable: where C:\wamp64\www\gift\trunk\Include\Library\Think\Model.class.php 第 1804 行.
SQL: SELECT `payment_id`,`payment_name`,`payment_type`,`payment_desc`,`payment_config`,`payment_state` FROM `bestop_payment` ORDER BY `payment_order` asc, `payment_id` asc  [ RunTime:0.0005s ]
SQL: SHOW COLUMNS FROM `bestop_config` [ RunTime:0.0007s ]
SQL: SELECT * FROM `bestop_config` WHERE ( name = 'CFG_MOBILE_AUTO' ) LIMIT 1   [ RunTime:0.0004s ]
INFO: [ app_begin ] --START--
INFO: Run Behavior\ReadHtmlCacheBehavior [ RunTime:0.001094s ]
INFO: [ app_begin ] --END-- [ RunTime:0.001284s ]
SQL: SHOW COLUMNS FROM `bestop_event_user` [ RunTime:0.0014s ]
SQL: SELECT * FROM `bestop_event_user` WHERE `e_id` = 7  [ RunTime:0.0006s ]
SQL: SHOW COLUMNS FROM `bestop_prize` [ RunTime:0.0008s ]
SQL: SELECT COUNT(*) AS tp_count FROM `bestop_prize` WHERE `e_id` = 7 LIMIT 1   [ RunTime:0.0006s ]
INFO: [ app_end ] --START--
INFO: Run Behavior\ShowPageTraceBehavior [ RunTime:0.001032s ]
INFO: [ app_end ] --END-- [ RunTime:0.001221s ]

[ 2019-07-28T18:12:52+08:00 ] ::1 /index.php?s=/BigScreen/Index/getPrizeInfo&e_id=7&draw_id=5
INFO: [ app_init ] --START--
INFO: Run Behavior\BuildLiteBehavior [ RunTime:0.000033s ]
INFO: [ app_init ] --END-- [ RunTime:0.000175s ]
SQL: SHOW COLUMNS FROM `bestop_payment` [ RunTime:0.0007s ]
NOTIC: [2] Missing argument 1 for Think\Model::where(), called in C:\wamp64\www\gift\trunk\App\Common\Common\other.php on line 552 and defined C:\wamp64\www\gift\trunk\Include\Library\Think\Model.class.php 第 1785 行.
NOTIC: [8] Undefined variable: where C:\wamp64\www\gift\trunk\Include\Library\Think\Model.class.php 第 1793 行.
NOTIC: [8] Undefined variable: where C:\wamp64\www\gift\trunk\Include\Library\Think\Model.class.php 第 1796 行.
NOTIC: [8] Undefined variable: where C:\wamp64\www\gift\trunk\Include\Library\Think\Model.class.php 第 1804 行.
SQL: SELECT `payment_id`,`payment_name`,`payment_type`,`payment_desc`,`payment_config`,`payment_state` FROM `bestop_payment` ORDER BY `payment_order` asc, `payment_id` asc  [ RunTime:0.0005s ]
SQL: SHOW COLUMNS FROM `bestop_config` [ RunTime:0.0009s ]
SQL: SELECT * FROM `bestop_config` WHERE ( name = 'CFG_MOBILE_AUTO' ) LIMIT 1   [ RunTime:0.0004s ]
INFO: [ app_begin ] --START--
INFO: Run Behavior\ReadHtmlCacheBehavior [ RunTime:0.000769s ]
INFO: [ app_begin ] --END-- [ RunTime:0.000905s ]
SQL: SHOW COLUMNS FROM `bestop_prize` [ RunTime:0.0007s ]
SQL: SELECT p.*,eu.name,eu.image FROM bestop_prize p LEFT JOIN bestop_event_user eu ON eu.id=p.uid  WHERE p.e_id = '7' AND p.draw_id = '5'  [ RunTime:0.0005s ]
SQL: SELECT COUNT(*) AS tp_count FROM `bestop_prize` WHERE `e_id` = 7 AND `draw_id` = 5 LIMIT 1   [ RunTime:0.0003s ]
INFO: [ app_end ] --START--
INFO: Run Behavior\ShowPageTraceBehavior [ RunTime:0.000722s ]
INFO: [ app_end ] --END-- [ RunTime:0.000850s ]

[ 2019-07-28T18:12:53+08:00 ] ::1 /index.php?s=/BigScreen/Index/getEventInfo&e_id=7
INFO: [ app_init ] --START--
INFO: Run Behavior\BuildLiteBehavior [ RunTime:0.000034s ]
INFO: [ app_init ] --END-- [ RunTime:0.000179s ]
SQL: SHOW COLUMNS FROM `bestop_payment` [ RunTime:0.0008s ]
NOTIC: [2] Missing argument 1 for Think\Model::where(), called in C:\wamp64\www\gift\trunk\App\Common\Common\other.php on line 552 and defined C:\wamp64\www\gift\trunk\Include\Library\Think\Model.class.php 第 1785 行.
NOTIC: [8] Undefined variable: where C:\wamp64\www\gift\trunk\Include\Library\Think\Model.class.php 第 1793 行.
NOTIC: [8] Undefined variable: where C:\wamp64\www\gift\trunk\Include\Library\Think\Model.class.php 第 1796 行.
NOTIC: [8] Undefined variable: where C:\wamp64\www\gift\trunk\Include\Library\Think\Model.class.php 第 1804 行.
SQL: SELECT `payment_id`,`payment_name`,`payment_type`,`payment_desc`,`payment_config`,`payment_state` FROM `bestop_payment` ORDER BY `payment_order` asc, `payment_id` asc  [ RunTime:0.0004s ]
SQL: SHOW COLUMNS FROM `bestop_config` [ RunTime:0.0007s ]
SQL: SELECT * FROM `bestop_config` WHERE ( name = 'CFG_MOBILE_AUTO' ) LIMIT 1   [ RunTime:0.0003s ]
INFO: [ app_begin ] --START--
INFO: Run Behavior\ReadHtmlCacheBehavior [ RunTime:0.000957s ]
INFO: [ app_begin ] --END-- [ RunTime:0.001136s ]
SQL: SHOW COLUMNS FROM `bestop_event_user` [ RunTime:0.0011s ]
SQL: SELECT * FROM `bestop_event_user` WHERE `e_id` = 7  [ RunTime:0.0006s ]
SQL: SHOW COLUMNS FROM `bestop_prize` [ RunTime:0.0006s ]
SQL: SELECT COUNT(*) AS tp_count FROM `bestop_prize` WHERE `e_id` = 7 LIMIT 1   [ RunTime:0.0003s ]
INFO: [ app_end ] --START--
INFO: Run Behavior\ShowPageTraceBehavior [ RunTime:0.003212s ]
INFO: [ app_end ] --END-- [ RunTime:0.003348s ]

[ 2019-07-28T18:12:53+08:00 ] ::1 /index.php?s=/BigScreen/Index/getPrizeInfo&e_id=7&draw_id=5
INFO: [ app_init ] --START--
INFO: Run Behavior\BuildLiteBehavior [ RunTime:0.000043s ]
INFO: [ app_init ] --END-- [ RunTime:0.000210s ]
SQL: SHOW COLUMNS FROM `bestop_payment` [ RunTime:0.0008s ]
NOTIC: [2] Missing argument 1 for Think\Model::where(), called in C:\wamp64\www\gift\trunk\App\Common\Common\other.php on line 552 and defined C:\wamp64\www\gift\trunk\Include\Library\Think\Model.class.php 第 1785 行.
NOTIC: [8] Undefined variable: where C:\wamp64\www\gift\trunk\Include\Library\Think\Model.class.php 第 1793 行.
NOTIC: [8] Undefined variable: where C:\wamp64\www\gift\trunk\Include\Library\Think\Model.class.php 第 1796 行.
NOTIC: [8] Undefined variable: where C:\wamp64\www\gift\trunk\Include\Library\Think\Model.class.php 第 1804 行.
SQL: SELECT `payment_id`,`payment_name`,`payment_type`,`payment_desc`,`payment_config`,`payment_state` FROM `bestop_payment` ORDER BY `payment_order` asc, `payment_id` asc  [ RunTime:0.0004s ]
SQL: SHOW COLUMNS FROM `bestop_config` [ RunTime:0.0008s ]
SQL: SELECT * FROM `bestop_config` WHERE ( name = 'CFG_MOBILE_AUTO' ) LIMIT 1   [ RunTime:0.0005s ]
INFO: [ app_begin ] --START--
INFO: Run Behavior\ReadHtmlCacheBehavior [ RunTime:0.000984s ]
INFO: [ app_begin ] --END-- [ RunTime:0.001114s ]
SQL: SHOW COLUMNS FROM `bestop_prize` [ RunTime:0.0007s ]
SQL: SELECT p.*,eu.name,eu.image FROM bestop_prize p LEFT JOIN bestop_event_user eu ON eu.id=p.uid  WHERE p.e_id = '7' AND p.draw_id = '5'  [ RunTime:0.0006s ]
SQL: SELECT COUNT(*) AS tp_count FROM `bestop_prize` WHERE `e_id` = 7 AND `draw_id` = 5 LIMIT 1   [ RunTime:0.0004s ]
INFO: [ app_end ] --START--
INFO: Run Behavior\ShowPageTraceBehavior [ RunTime:0.000956s ]
INFO: [ app_end ] --END-- [ RunTime:0.001093s ]

[ 2019-07-28T18:13:50+08:00 ] ::1 /index.php?s=/BigScreen/Index/index/e_id/7
INFO: [ app_init ] --START--
INFO: Run Behavior\BuildLiteBehavior [ RunTime:0.000041s ]
INFO: [ app_init ] --END-- [ RunTime:0.000184s ]
SQL: SHOW COLUMNS FROM `bestop_payment` [ RunTime:0.0011s ]
NOTIC: [2] Missing argument 1 for Think\Model::where(), called in C:\wamp64\www\gift\trunk\App\Common\Common\other.php on line 552 and defined C:\wamp64\www\gift\trunk\Include\Library\Think\Model.class.php 第 1785 行.
NOTIC: [8] Undefined variable: where C:\wamp64\www\gift\trunk\Include\Library\Think\Model.class.php 第 1793 行.
NOTIC: [8] Undefined variable: where C:\wamp64\www\gift\trunk\Include\Library\Think\Model.class.php 第 1796 行.
NOTIC: [8] Undefined variable: where C:\wamp64\www\gift\trunk\Include\Library\Think\Model.class.php 第 1804 行.
SQL: SELECT `payment_id`,`payment_name`,`payment_type`,`payment_desc`,`payment_config`,`payment_state` FROM `bestop_payment` ORDER BY `payment_order` asc, `payment_id` asc  [ RunTime:0.0005s ]
SQL: SHOW COLUMNS FROM `bestop_config` [ RunTime:0.0009s ]
SQL: SELECT * FROM `bestop_config` WHERE ( name = 'CFG_MOBILE_AUTO' ) LIMIT 1   [ RunTime:0.0004s ]
INFO: [ app_begin ] --START--
INFO: Run Behavior\ReadHtmlCacheBehavior [ RunTime:0.001092s ]
INFO: [ app_begin ] --END-- [ RunTime:0.001341s ]
SQL: SHOW COLUMNS FROM `bestop_event` [ RunTime:0.0009s ]
SQL: SELECT * FROM `bestop_event` WHERE `id` = '7' LIMIT 1   [ RunTime:0.0005s ]
SQL: SHOW COLUMNS FROM `bestop_event_draw` [ RunTime:0.0009s ]
SQL: SELECT ed.*,a.name,a.image FROM bestop_event_draw ed LEFT JOIN bestop_award a ON a.id=ed.award_id  WHERE ed.e_id = '7'  [ RunTime:0.0005s ]
INFO: [ view_parse ] --START--
INFO: [ template_filter ] --START--
INFO: Run Behavior\ContentReplaceBehavior [ RunTime:0.000494s ]
INFO: [ template_filter ] --END-- [ RunTime:0.000829s ]
INFO: Run Behavior\ParseTemplateBehavior [ RunTime:0.033985s ]
INFO: [ view_parse ] --END-- [ RunTime:0.034159s ]
INFO: [ view_filter ] --START--
INFO: Run Behavior\WriteHtmlCacheBehavior [ RunTime:0.000673s ]
INFO: [ view_filter ] --END-- [ RunTime:0.000820s ]
INFO: [ app_end ] --START--
INFO: Run Behavior\ShowPageTraceBehavior [ RunTime:0.000979s ]
INFO: [ app_end ] --END-- [ RunTime:0.001280s ]

[ 2019-07-28T18:13:51+08:00 ] ::1 /index.php?s=/BigScreen/Index/getEventInfo&e_id=7
INFO: [ app_init ] --START--
INFO: Run Behavior\BuildLiteBehavior [ RunTime:0.000050s ]
INFO: [ app_init ] --END-- [ RunTime:0.000305s ]
SQL: SHOW COLUMNS FROM `bestop_payment` [ RunTime:0.0007s ]
NOTIC: [2] Missing argument 1 for Think\Model::where(), called in C:\wamp64\www\gift\trunk\App\Common\Common\other.php on line 552 and defined C:\wamp64\www\gift\trunk\Include\Library\Think\Model.class.php 第 1785 行.
NOTIC: [8] Undefined variable: where C:\wamp64\www\gift\trunk\Include\Library\Think\Model.class.php 第 1793 行.
NOTIC: [8] Undefined variable: where C:\wamp64\www\gift\trunk\Include\Library\Think\Model.class.php 第 1796 行.
NOTIC: [8] Undefined variable: where C:\wamp64\www\gift\trunk\Include\Library\Think\Model.class.php 第 1804 行.
SQL: SELECT `payment_id`,`payment_name`,`payment_type`,`payment_desc`,`payment_config`,`payment_state` FROM `bestop_payment` ORDER BY `payment_order` asc, `payment_id` asc  [ RunTime:0.0004s ]
SQL: SHOW COLUMNS FROM `bestop_config` [ RunTime:0.0006s ]
SQL: SELECT * FROM `bestop_config` WHERE ( name = 'CFG_MOBILE_AUTO' ) LIMIT 1   [ RunTime:0.0004s ]
INFO: [ app_begin ] --START--
INFO: Run Behavior\ReadHtmlCacheBehavior [ RunTime:0.001309s ]
INFO: [ app_begin ] --END-- [ RunTime:0.001550s ]
SQL: SHOW COLUMNS FROM `bestop_event_user` [ RunTime:0.0008s ]
SQL: SELECT * FROM `bestop_event_user` WHERE `e_id` = 7  [ RunTime:0.0004s ]
SQL: SHOW COLUMNS FROM `bestop_prize` [ RunTime:0.0005s ]
SQL: SELECT COUNT(*) AS tp_count FROM `bestop_prize` WHERE `e_id` = 7 LIMIT 1   [ RunTime:0.0003s ]
INFO: [ app_end ] --START--
INFO: Run Behavior\ShowPageTraceBehavior [ RunTime:0.001013s ]
INFO: [ app_end ] --END-- [ RunTime:0.001154s ]

[ 2019-07-28T18:13:51+08:00 ] ::1 /index.php?s=/BigScreen/Index/getPrizeInfo&e_id=7&draw_id=5
INFO: [ app_init ] --START--
INFO: Run Behavior\BuildLiteBehavior [ RunTime:0.000037s ]
INFO: [ app_init ] --END-- [ RunTime:0.000204s ]
SQL: SHOW COLUMNS FROM `bestop_payment` [ RunTime:0.0012s ]
NOTIC: [2] Missing argument 1 for Think\Model::where(), called in C:\wamp64\www\gift\trunk\App\Common\Common\other.php on line 552 and defined C:\wamp64\www\gift\trunk\Include\Library\Think\Model.class.php 第 1785 行.
NOTIC: [8] Undefined variable: where C:\wamp64\www\gift\trunk\Include\Library\Think\Model.class.php 第 1793 行.
NOTIC: [8] Undefined variable: where C:\wamp64\www\gift\trunk\Include\Library\Think\Model.class.php 第 1796 行.
NOTIC: [8] Undefined variable: where C:\wamp64\www\gift\trunk\Include\Library\Think\Model.class.php 第 1804 行.
SQL: SELECT `payment_id`,`payment_name`,`payment_type`,`payment_desc`,`payment_config`,`payment_state` FROM `bestop_payment` ORDER BY `payment_order` asc, `payment_id` asc  [ RunTime:0.0005s ]
SQL: SHOW COLUMNS FROM `bestop_config` [ RunTime:0.0008s ]
SQL: SELECT * FROM `bestop_config` WHERE ( name = 'CFG_MOBILE_AUTO' ) LIMIT 1   [ RunTime:0.0004s ]
INFO: [ app_begin ] --START--
INFO: Run Behavior\ReadHtmlCacheBehavior [ RunTime:0.000740s ]
INFO: [ app_begin ] --END-- [ RunTime:0.000894s ]
SQL: SHOW COLUMNS FROM `bestop_prize` [ RunTime:0.0008s ]
SQL: SELECT p.*,eu.name,eu.image FROM bestop_prize p LEFT JOIN bestop_event_user eu ON eu.id=p.uid  WHERE p.e_id = '7' AND p.draw_id = '5'  [ RunTime:0.0006s ]
SQL: SELECT COUNT(*) AS tp_count FROM `bestop_prize` WHERE `e_id` = 7 AND `draw_id` = 5 LIMIT 1   [ RunTime:0.0003s ]
INFO: [ app_end ] --START--
INFO: Run Behavior\ShowPageTraceBehavior [ RunTime:0.000805s ]
INFO: [ app_end ] --END-- [ RunTime:0.000942s ]

[ 2019-07-28T18:14:24+08:00 ] ::1 /index.php?s=/BigScreen/Index/index/e_id/7
INFO: [ app_init ] --START--
INFO: Run Behavior\BuildLiteBehavior [ RunTime:0.000036s ]
INFO: [ app_init ] --END-- [ RunTime:0.000193s ]
SQL: SHOW COLUMNS FROM `bestop_payment` [ RunTime:0.0010s ]
NOTIC: [2] Missing argument 1 for Think\Model::where(), called in C:\wamp64\www\gift\trunk\App\Common\Common\other.php on line 552 and defined C:\wamp64\www\gift\trunk\Include\Library\Think\Model.class.php 第 1785 行.
NOTIC: [8] Undefined variable: where C:\wamp64\www\gift\trunk\Include\Library\Think\Model.class.php 第 1793 行.
NOTIC: [8] Undefined variable: where C:\wamp64\www\gift\trunk\Include\Library\Think\Model.class.php 第 1796 行.
NOTIC: [8] Undefined variable: where C:\wamp64\www\gift\trunk\Include\Library\Think\Model.class.php 第 1804 行.
SQL: SELECT `payment_id`,`payment_name`,`payment_type`,`payment_desc`,`payment_config`,`payment_state` FROM `bestop_payment` ORDER BY `payment_order` asc, `payment_id` asc  [ RunTime:0.0006s ]
SQL: SHOW COLUMNS FROM `bestop_config` [ RunTime:0.0009s ]
SQL: SELECT * FROM `bestop_config` WHERE ( name = 'CFG_MOBILE_AUTO' ) LIMIT 1   [ RunTime:0.0004s ]
INFO: [ app_begin ] --START--
INFO: Run Behavior\ReadHtmlCacheBehavior [ RunTime:0.000771s ]
INFO: [ app_begin ] --END-- [ RunTime:0.000939s ]
SQL: SHOW COLUMNS FROM `bestop_event` [ RunTime:0.0008s ]
SQL: SELECT * FROM `bestop_event` WHERE `id` = '7' LIMIT 1   [ RunTime:0.0004s ]
SQL: SHOW COLUMNS FROM `bestop_event_draw` [ RunTime:0.0007s ]
SQL: SELECT ed.*,a.name,a.image FROM bestop_event_draw ed LEFT JOIN bestop_award a ON a.id=ed.award_id  WHERE ed.e_id = '7'  [ RunTime:0.0005s ]
INFO: [ view_parse ] --START--
INFO: [ template_filter ] --START--
INFO: Run Behavior\ContentReplaceBehavior [ RunTime:0.000475s ]
INFO: [ template_filter ] --END-- [ RunTime:0.000933s ]
INFO: Run Behavior\ParseTemplateBehavior [ RunTime:0.040847s ]
INFO: [ view_parse ] --END-- [ RunTime:0.041167s ]
INFO: [ view_filter ] --START--
INFO: Run Behavior\WriteHtmlCacheBehavior [ RunTime:0.001085s ]
INFO: [ view_filter ] --END-- [ RunTime:0.001397s ]
INFO: [ app_end ] --START--
INFO: Run Behavior\ShowPageTraceBehavior [ RunTime:0.001552s ]
INFO: [ app_end ] --END-- [ RunTime:0.001951s ]

[ 2019-07-28T18:14:24+08:00 ] ::1 /index.php?s=/BigScreen/Index/getEventInfo&e_id=7
INFO: [ app_init ] --START--
INFO: Run Behavior\BuildLiteBehavior [ RunTime:0.000145s ]
INFO: [ app_init ] --END-- [ RunTime:0.000678s ]
SQL: SHOW COLUMNS FROM `bestop_payment` [ RunTime:0.0010s ]
NOTIC: [2] Missing argument 1 for Think\Model::where(), called in C:\wamp64\www\gift\trunk\App\Common\Common\other.php on line 552 and defined C:\wamp64\www\gift\trunk\Include\Library\Think\Model.class.php 第 1785 行.
NOTIC: [8] Undefined variable: where C:\wamp64\www\gift\trunk\Include\Library\Think\Model.class.php 第 1793 行.
NOTIC: [8] Undefined variable: where C:\wamp64\www\gift\trunk\Include\Library\Think\Model.class.php 第 1796 行.
NOTIC: [8] Undefined variable: where C:\wamp64\www\gift\trunk\Include\Library\Think\Model.class.php 第 1804 行.
SQL: SELECT `payment_id`,`payment_name`,`payment_type`,`payment_desc`,`payment_config`,`payment_state` FROM `bestop_payment` ORDER BY `payment_order` asc, `payment_id` asc  [ RunTime:0.0005s ]
SQL: SHOW COLUMNS FROM `bestop_config` [ RunTime:0.0009s ]
SQL: SELECT * FROM `bestop_config` WHERE ( name = 'CFG_MOBILE_AUTO' ) LIMIT 1   [ RunTime:0.0004s ]
INFO: [ app_begin ] --START--
INFO: Run Behavior\ReadHtmlCacheBehavior [ RunTime:0.000869s ]
INFO: [ app_begin ] --END-- [ RunTime:0.001010s ]
SQL: SHOW COLUMNS FROM `bestop_event_user` [ RunTime:0.0011s ]
SQL: SELECT * FROM `bestop_event_user` WHERE `e_id` = 7  [ RunTime:0.0010s ]
SQL: SHOW COLUMNS FROM `bestop_prize` [ RunTime:0.0008s ]
SQL: SELECT COUNT(*) AS tp_count FROM `bestop_prize` WHERE `e_id` = 7 LIMIT 1   [ RunTime:0.0004s ]
INFO: [ app_end ] --START--
INFO: Run Behavior\ShowPageTraceBehavior [ RunTime:0.001084s ]
INFO: [ app_end ] --END-- [ RunTime:0.001364s ]

[ 2019-07-28T18:14:24+08:00 ] ::1 /index.php?s=/BigScreen/Index/getPrizeInfo&e_id=7&draw_id=5
INFO: [ app_init ] --START--
INFO: Run Behavior\BuildLiteBehavior [ RunTime:0.000035s ]
INFO: [ app_init ] --END-- [ RunTime:0.000181s ]
SQL: SHOW COLUMNS FROM `bestop_payment` [ RunTime:0.0007s ]
NOTIC: [2] Missing argument 1 for Think\Model::where(), called in C:\wamp64\www\gift\trunk\App\Common\Common\other.php on line 552 and defined C:\wamp64\www\gift\trunk\Include\Library\Think\Model.class.php 第 1785 行.
NOTIC: [8] Undefined variable: where C:\wamp64\www\gift\trunk\Include\Library\Think\Model.class.php 第 1793 行.
NOTIC: [8] Undefined variable: where C:\wamp64\www\gift\trunk\Include\Library\Think\Model.class.php 第 1796 行.
NOTIC: [8] Undefined variable: where C:\wamp64\www\gift\trunk\Include\Library\Think\Model.class.php 第 1804 行.
SQL: SELECT `payment_id`,`payment_name`,`payment_type`,`payment_desc`,`payment_config`,`payment_state` FROM `bestop_payment` ORDER BY `payment_order` asc, `payment_id` asc  [ RunTime:0.0003s ]
SQL: SHOW COLUMNS FROM `bestop_config` [ RunTime:0.0008s ]
SQL: SELECT * FROM `bestop_config` WHERE ( name = 'CFG_MOBILE_AUTO' ) LIMIT 1   [ RunTime:0.0003s ]
INFO: [ app_begin ] --START--
INFO: Run Behavior\ReadHtmlCacheBehavior [ RunTime:0.000749s ]
INFO: [ app_begin ] --END-- [ RunTime:0.000879s ]
SQL: SHOW COLUMNS FROM `bestop_prize` [ RunTime:0.0006s ]
SQL: SELECT p.*,eu.name,eu.image FROM bestop_prize p LEFT JOIN bestop_event_user eu ON eu.id=p.uid  WHERE p.e_id = '7' AND p.draw_id = '5'  [ RunTime:0.0004s ]
SQL: SELECT COUNT(*) AS tp_count FROM `bestop_prize` WHERE `e_id` = 7 AND `draw_id` = 5 LIMIT 1   [ RunTime:0.0003s ]
INFO: [ app_end ] --START--
INFO: Run Behavior\ShowPageTraceBehavior [ RunTime:0.000760s ]
INFO: [ app_end ] --END-- [ RunTime:0.000899s ]

