[ 2019-07-29T20:28:38+08:00 ] ::1 /index.php?s=/BigScreen/Index/getEventInfo&e_id=7
INFO: [ app_init ] --START--
INFO: Run Behavior\BuildLiteBehavior [ RunTime:0.000070s ]
INFO: [ app_init ] --END-- [ RunTime:0.000385s ]
SQL: SHOW COLUMNS FROM `bestop_payment` [ RunTime:0.0012s ]
NOTIC: [2] Missing argument 1 for Think\Model::where(), called in C:\wamp64\www\gift\trunk\App\Common\Common\other.php on line 552 and defined C:\wamp64\www\gift\trunk\Include\Library\Think\Model.class.php 第 1785 行.
NOTIC: [8] Undefined variable: where C:\wamp64\www\gift\trunk\Include\Library\Think\Model.class.php 第 1793 行.
NOTIC: [8] Undefined variable: where C:\wamp64\www\gift\trunk\Include\Library\Think\Model.class.php 第 1796 行.
NOTIC: [8] Undefined variable: where C:\wamp64\www\gift\trunk\Include\Library\Think\Model.class.php 第 1804 行.
SQL: SELECT `payment_id`,`payment_name`,`payment_type`,`payment_desc`,`payment_config`,`payment_state` FROM `bestop_payment` ORDER BY `payment_order` asc, `payment_id` asc  [ RunTime:0.0006s ]
SQL: SHOW COLUMNS FROM `bestop_config` [ RunTime:0.0009s ]
SQL: SELECT * FROM `bestop_config` WHERE ( name = 'CFG_MOBILE_AUTO' ) LIMIT 1   [ RunTime:0.0004s ]
INFO: [ app_begin ] --START--
INFO: Run Behavior\ReadHtmlCacheBehavior [ RunTime:0.024297s ]
INFO: [ app_begin ] --END-- [ RunTime:0.024582s ]
SQL: SHOW COLUMNS FROM `bestop_event_user` [ RunTime:0.0011s ]
SQL: SELECT * FROM `bestop_event_user` WHERE `e_id` = 7  [ RunTime:0.0007s ]
SQL: SHOW COLUMNS FROM `bestop_prize` [ RunTime:0.0012s ]
SQL: SELECT COUNT(*) AS tp_count FROM `bestop_prize` WHERE `e_id` = 7 LIMIT 1   [ RunTime:0.0007s ]
INFO: [ app_end ] --START--
INFO: Run Behavior\ShowPageTraceBehavior [ RunTime:0.016305s ]
INFO: [ app_end ] --END-- [ RunTime:0.016585s ]

[ 2019-07-29T20:28:39+08:00 ] ::1 /index.php?s=/BigScreen/Index/getPrizeInfo&e_id=7&draw_id=5
INFO: [ app_init ] --START--
INFO: Run Behavior\BuildLiteBehavior [ RunTime:0.000067s ]
INFO: [ app_init ] --END-- [ RunTime:0.000390s ]
SQL: SHOW COLUMNS FROM `bestop_payment` [ RunTime:0.0012s ]
NOTIC: [2] Missing argument 1 for Think\Model::where(), called in C:\wamp64\www\gift\trunk\App\Common\Common\other.php on line 552 and defined C:\wamp64\www\gift\trunk\Include\Library\Think\Model.class.php 第 1785 行.
NOTIC: [8] Undefined variable: where C:\wamp64\www\gift\trunk\Include\Library\Think\Model.class.php 第 1793 行.
NOTIC: [8] Undefined variable: where C:\wamp64\www\gift\trunk\Include\Library\Think\Model.class.php 第 1796 行.
NOTIC: [8] Undefined variable: where C:\wamp64\www\gift\trunk\Include\Library\Think\Model.class.php 第 1804 行.
SQL: SELECT `payment_id`,`payment_name`,`payment_type`,`payment_desc`,`payment_config`,`payment_state` FROM `bestop_payment` ORDER BY `payment_order` asc, `payment_id` asc  [ RunTime:0.0007s ]
SQL: SHOW COLUMNS FROM `bestop_config` [ RunTime:0.0010s ]
SQL: SELECT * FROM `bestop_config` WHERE ( name = 'CFG_MOBILE_AUTO' ) LIMIT 1   [ RunTime:0.0005s ]
INFO: [ app_begin ] --START--
INFO: Run Behavior\ReadHtmlCacheBehavior [ RunTime:0.001623s ]
INFO: [ app_begin ] --END-- [ RunTime:0.001910s ]
SQL: SHOW COLUMNS FROM `bestop_prize` [ RunTime:0.0011s ]
SQL: SELECT p.*,eu.name,eu.image FROM bestop_prize p LEFT JOIN bestop_event_user eu ON eu.id=p.uid  WHERE p.e_id = '7' AND p.draw_id = '5'  [ RunTime:0.0010s ]
SQL: SELECT COUNT(*) AS tp_count FROM `bestop_prize` WHERE `e_id` = 7 AND `draw_id` = 5 LIMIT 1   [ RunTime:0.0004s ]
INFO: [ app_end ] --START--
INFO: Run Behavior\ShowPageTraceBehavior [ RunTime:0.001071s ]
INFO: [ app_end ] --END-- [ RunTime:0.001347s ]

